
*** Running vivado
    with args -log seven_segment_top.vdi -applog -m64 -product Vivado -messageDb vivado.pb -mode batch -source seven_segment_top.tcl -notrace


****** Vivado v2019.2 (64-bit)
  **** SW Build 2708876 on Wed Nov  6 21:39:14 MST 2019
  **** IP Build 2700528 on Thu Nov  7 00:09:20 MST 2019
    ** Copyright 1986-2019 Xilinx, Inc. All Rights Reserved.

source seven_segment_top.tcl -notrace
Command: link_design -top seven_segment_top -part xc7a35tcpg236-1
Design is defaulting to srcset: sources_1
Design is defaulting to constrset: constrs_1
INFO: [Device 21-403] Loading part xc7a35tcpg236-1
Netlist sorting complete. Time (s): cpu = 00:00:00 ; elapsed = 00:00:00 . Memory (MB): peak = 1754.586 ; gain = 0.000 ; free physical = 6983 ; free virtual = 28139
INFO: [Project 1-479] Netlist was created with Vivado 2019.2
INFO: [Project 1-570] Preparing netlist for logic optimization
Parsing XDC File [/auto/fsg/twillis0/ECEN 220/Labs/proj/proj.srcs/constrs_1/new/master.xdc]
Finished Parsing XDC File [/auto/fsg/twillis0/ECEN 220/Labs/proj/proj.srcs/constrs_1/new/master.xdc]
INFO: [Opt 31-138] Pushed 0 inverter(s) to 0 load pin(s).
Netlist sorting complete. Time (s): cpu = 00:00:00 ; elapsed = 00:00:00 . Memory (MB): peak = 1897.207 ; gain = 0.000 ; free physical = 6895 ; free virtual = 28050
INFO: [Project 1-111] Unisim Transformation Summary:
No Unisim elements were transformed.

5 Infos, 0 Warnings, 0 Critical Warnings and 0 Errors encountered.
link_design completed successfully
link_design: Time (s): cpu = 00:00:03 ; elapsed = 00:00:08 . Memory (MB): peak = 1901.176 ; gain = 392.711 ; free physical = 6895 ; free virtual = 28050
Command: opt_design
Attempting to get a license for feature 'Implementation' and/or device 'xc7a35t'
INFO: [Common 17-349] Got license for feature 'Implementation' and/or device 'xc7a35t'
Running DRC as a precondition to command opt_design

Starting DRC Task
INFO: [DRC 23-27] Running DRC with 8 threads
INFO: [Project 1-461] DRC finished with 0 Errors
INFO: [Project 1-462] Please refer to the DRC report (report_drc) for more information.

Time (s): cpu = 00:00:01 ; elapsed = 00:00:01 . Memory (MB): peak = 2065.332 ; gain = 164.156 ; free physical = 6843 ; free virtual = 28027

Starting Cache Timing Information Task
INFO: [Timing 38-35] Done setting XDC timing constraints.
Ending Cache Timing Information Task | Checksum: 203aa5d24

Time (s): cpu = 00:00:05 ; elapsed = 00:00:07 . Memory (MB): peak = 2419.324 ; gain = 353.992 ; free physical = 6492 ; free virtual = 27669

Starting Logic Optimization Task

Phase 1 Retarget
INFO: [Opt 31-138] Pushed 0 inverter(s) to 0 load pin(s).
INFO: [Opt 31-49] Retargeted 0 cell(s).
Phase 1 Retarget | Checksum: 203aa5d24

Time (s): cpu = 00:00:00.01 ; elapsed = 00:00:00 . Memory (MB): peak = 2576.262 ; gain = 0.000 ; free physical = 6326 ; free virtual = 27501
INFO: [Opt 31-389] Phase Retarget created 0 cells and removed 0 cells

Phase 2 Constant propagation
INFO: [Opt 31-138] Pushed 0 inverter(s) to 0 load pin(s).
Phase 2 Constant propagation | Checksum: 203aa5d24

Time (s): cpu = 00:00:00.01 ; elapsed = 00:00:00 . Memory (MB): peak = 2576.262 ; gain = 0.000 ; free physical = 6326 ; free virtual = 27501
INFO: [Opt 31-389] Phase Constant propagation created 0 cells and removed 0 cells

Phase 3 Sweep
Phase 3 Sweep | Checksum: 203aa5d24

Time (s): cpu = 00:00:00.01 ; elapsed = 00:00:00.01 . Memory (MB): peak = 2576.262 ; gain = 0.000 ; free physical = 6326 ; free virtual = 27501
INFO: [Opt 31-389] Phase Sweep created 0 cells and removed 0 cells

Phase 4 BUFG optimization
INFO: [Opt 31-1112] Starts optimizing BUFG(s) with a common MMCM/DPLL/XPLL driver.
INFO: [Opt 31-1112] Starts optimizing BUFG(s) with a common driver.
INFO: [Opt 31-1092] Phase BUFG optimization transformed 0 BUFG(s) to MBUFG(s).
Phase 4 BUFG optimization | Checksum: 203aa5d24

Time (s): cpu = 00:00:00.01 ; elapsed = 00:00:00.01 . Memory (MB): peak = 2576.262 ; gain = 0.000 ; free physical = 6326 ; free virtual = 27501
INFO: [Opt 31-662] Phase BUFG optimization created 0 cells of which 0 are BUFGs and removed 0 cells.

Phase 5 Shift Register Optimization
INFO: [Opt 31-1064] SRL Remap converted 0 SRLs to 0 registers and converted 0 registers of register chains to 0 SRLs
Phase 5 Shift Register Optimization | Checksum: 203aa5d24

Time (s): cpu = 00:00:00.01 ; elapsed = 00:00:00.01 . Memory (MB): peak = 2576.262 ; gain = 0.000 ; free physical = 6326 ; free virtual = 27501
INFO: [Opt 31-389] Phase Shift Register Optimization created 0 cells and removed 0 cells

Phase 6 Post Processing Netlist
Phase 6 Post Processing Netlist | Checksum: 203aa5d24

Time (s): cpu = 00:00:00.01 ; elapsed = 00:00:00.01 . Memory (MB): peak = 2576.262 ; gain = 0.000 ; free physical = 6326 ; free virtual = 27501
INFO: [Opt 31-389] Phase Post Processing Netlist created 0 cells and removed 0 cells
Opt_design Change Summary
=========================


-------------------------------------------------------------------------------------------------------------------------
|  Phase                        |  #Cells created  |  #Cells Removed  |  #Constrained objects preventing optimizations  |
-------------------------------------------------------------------------------------------------------------------------
|  Retarget                     |               0  |               0  |                                              0  |
|  Constant propagation         |               0  |               0  |                                              0  |
|  Sweep                        |               0  |               0  |                                              0  |
|  BUFG optimization            |               0  |               0  |                                              0  |
|  Shift Register Optimization  |               0  |               0  |                                              0  |
|  Post Processing Netlist      |               0  |               0  |                                              0  |
-------------------------------------------------------------------------------------------------------------------------



Starting Connectivity Check Task

Time (s): cpu = 00:00:00 ; elapsed = 00:00:00 . Memory (MB): peak = 2576.262 ; gain = 0.000 ; free physical = 6326 ; free virtual = 27501
Ending Logic Optimization Task | Checksum: 203aa5d24

Time (s): cpu = 00:00:00.01 ; elapsed = 00:00:00.01 . Memory (MB): peak = 2576.262 ; gain = 0.000 ; free physical = 6326 ; free virtual = 27501

Starting Power Optimization Task
INFO: [Pwropt 34-132] Skipping clock gating for clocks with a period < 2.00 ns.
Ending Power Optimization Task | Checksum: 203aa5d24

Time (s): cpu = 00:00:00.02 ; elapsed = 00:00:00.03 . Memory (MB): peak = 2576.262 ; gain = 0.000 ; free physical = 6325 ; free virtual = 27501

Starting Final Cleanup Task
Ending Final Cleanup Task | Checksum: 203aa5d24

Time (s): cpu = 00:00:00 ; elapsed = 00:00:00 . Memory (MB): peak = 2576.262 ; gain = 0.000 ; free physical = 6325 ; free virtual = 27501

Starting Netlist Obfuscation Task
Netlist sorting complete. Time (s): cpu = 00:00:00 ; elapsed = 00:00:00 . Memory (MB): peak = 2576.262 ; gain = 0.000 ; free physical = 6325 ; free virtual = 27501
Ending Netlist Obfuscation Task | Checksum: 203aa5d24

Time (s): cpu = 00:00:00 ; elapsed = 00:00:00 . Memory (MB): peak = 2576.262 ; gain = 0.000 ; free physical = 6325 ; free virtual = 27501
INFO: [Common 17-83] Releasing license: Implementation
25 Infos, 0 Warnings, 0 Critical Warnings and 0 Errors encountered.
opt_design completed successfully
opt_design: Time (s): cpu = 00:00:07 ; elapsed = 00:00:09 . Memory (MB): peak = 2576.262 ; gain = 675.086 ; free physical = 6325 ; free virtual = 27501
Netlist sorting complete. Time (s): cpu = 00:00:00 ; elapsed = 00:00:00 . Memory (MB): peak = 2576.262 ; gain = 0.000 ; free physical = 6325 ; free virtual = 27501
INFO: [Timing 38-480] Writing timing data to binary archive.
Writing placer database...
Writing XDEF routing.
Writing XDEF routing logical nets.
Writing XDEF routing special nets.
Write XDEF Complete: Time (s): cpu = 00:00:00.05 ; elapsed = 00:00:00.05 . Memory (MB): peak = 2608.277 ; gain = 0.000 ; free physical = 6323 ; free virtual = 27500
INFO: [Common 17-1381] The checkpoint '/auto/fsg/twillis0/ECEN 220/Labs/proj/proj.runs/impl_1/seven_segment_top_opt.dcp' has been generated.
INFO: [runtcl-4] Executing : report_drc -file seven_segment_top_drc_opted.rpt -pb seven_segment_top_drc_opted.pb -rpx seven_segment_top_drc_opted.rpx
Command: report_drc -file seven_segment_top_drc_opted.rpt -pb seven_segment_top_drc_opted.pb -rpx seven_segment_top_drc_opted.rpx
INFO: [IP_Flow 19-234] Refreshing IP repositories
INFO: [IP_Flow 19-1704] No user IP repositories specified
INFO: [IP_Flow 19-2313] Loaded Vivado IP repository '/tools/Xilinx/Vivado/2019.2/data/ip'.
INFO: [DRC 23-27] Running DRC with 8 threads
INFO: [Coretcl 2-168] The results of DRC are in file /auto/fsg/twillis0/ECEN 220/Labs/proj/proj.runs/impl_1/seven_segment_top_drc_opted.rpt.
report_drc completed successfully
Command: place_design
Attempting to get a license for feature 'Implementation' and/or device 'xc7a35t'
INFO: [Common 17-349] Got license for feature 'Implementation' and/or device 'xc7a35t'
INFO: [DRC 23-27] Running DRC with 8 threads
INFO: [Vivado_Tcl 4-198] DRC finished with 0 Errors
INFO: [Vivado_Tcl 4-199] Please refer to the DRC report (report_drc) for more information.
Running DRC as a precondition to command place_design
INFO: [DRC 23-27] Running DRC with 8 threads
INFO: [Vivado_Tcl 4-198] DRC finished with 0 Errors
INFO: [Vivado_Tcl 4-199] Please refer to the DRC report (report_drc) for more information.

Starting Placer Task
INFO: [Place 30-611] Multithreading enabled for place_design using a maximum of 8 CPUs

Phase 1 Placer Initialization

Phase 1.1 Placer Initialization Netlist Sorting
Netlist sorting complete. Time (s): cpu = 00:00:00.01 ; elapsed = 00:00:00 . Memory (MB): peak = 2723.004 ; gain = 0.000 ; free physical = 6318 ; free virtual = 27488
Phase 1.1 Placer Initialization Netlist Sorting | Checksum: 1bd32b6af

Time (s): cpu = 00:00:00.02 ; elapsed = 00:00:00.06 . Memory (MB): peak = 2723.004 ; gain = 0.000 ; free physical = 6318 ; free virtual = 27488
Netlist sorting complete. Time (s): cpu = 00:00:00 ; elapsed = 00:00:00 . Memory (MB): peak = 2723.004 ; gain = 0.000 ; free physical = 6318 ; free virtual = 27488

Phase 1.2 IO Placement/ Clock Placement/ Build Placer Device
INFO: [Timing 38-35] Done setting XDC timing constraints.
Phase 1.2 IO Placement/ Clock Placement/ Build Placer Device | Checksum: 1bd32b6af

Time (s): cpu = 00:00:00.39 ; elapsed = 00:00:00.24 . Memory (MB): peak = 2723.004 ; gain = 0.000 ; free physical = 6302 ; free virtual = 27473

Phase 1.3 Build Placer Netlist Model
Phase 1.3 Build Placer Netlist Model | Checksum: 2969d96fe

Time (s): cpu = 00:00:00.45 ; elapsed = 00:00:00.25 . Memory (MB): peak = 2723.004 ; gain = 0.000 ; free physical = 6301 ; free virtual = 27473

Phase 1.4 Constrain Clocks/Macros
Phase 1.4 Constrain Clocks/Macros | Checksum: 2969d96fe

Time (s): cpu = 00:00:00.45 ; elapsed = 00:00:00.25 . Memory (MB): peak = 2723.004 ; gain = 0.000 ; free physical = 6301 ; free virtual = 27473
Phase 1 Placer Initialization | Checksum: 2969d96fe

Time (s): cpu = 00:00:00.46 ; elapsed = 00:00:00.25 . Memory (MB): peak = 2723.004 ; gain = 0.000 ; free physical = 6300 ; free virtual = 27472

Phase 2 Global Placement

Phase 2.1 Floorplanning
Phase 2.1 Floorplanning | Checksum: 2969d96fe

Time (s): cpu = 00:00:00.46 ; elapsed = 00:00:00.25 . Memory (MB): peak = 2723.004 ; gain = 0.000 ; free physical = 6300 ; free virtual = 27472

Phase 2.2 Global Placement Core
WARNING: [Place 46-29] place_design is not in timing mode. Skip physical synthesis in placer
Phase 2.2 Global Placement Core | Checksum: 1ea89a597

Time (s): cpu = 00:00:02 ; elapsed = 00:00:00.47 . Memory (MB): peak = 2723.004 ; gain = 0.000 ; free physical = 6285 ; free virtual = 27458
Phase 2 Global Placement | Checksum: 1ea89a597

Time (s): cpu = 00:00:02 ; elapsed = 00:00:00.47 . Memory (MB): peak = 2723.004 ; gain = 0.000 ; free physical = 6285 ; free virtual = 27458

Phase 3 Detail Placement

Phase 3.1 Commit Multi Column Macros
Phase 3.1 Commit Multi Column Macros | Checksum: 1ea89a597

Time (s): cpu = 00:00:02 ; elapsed = 00:00:00.47 . Memory (MB): peak = 2723.004 ; gain = 0.000 ; free physical = 6285 ; free virtual = 27458

Phase 3.2 Commit Most Macros & LUTRAMs
Phase 3.2 Commit Most Macros & LUTRAMs | Checksum: 1ff67e961

Time (s): cpu = 00:00:02 ; elapsed = 00:00:00.47 . Memory (MB): peak = 2723.004 ; gain = 0.000 ; free physical = 6285 ; free virtual = 27458

Phase 3.3 Area Swap Optimization
Phase 3.3 Area Swap Optimization | Checksum: 29f25055e

Time (s): cpu = 00:00:02 ; elapsed = 00:00:00.47 . Memory (MB): peak = 2723.004 ; gain = 0.000 ; free physical = 6285 ; free virtual = 27458

Phase 3.4 Pipeline Register Optimization
Phase 3.4 Pipeline Register Optimization | Checksum: 29f25055e

Time (s): cpu = 00:00:02 ; elapsed = 00:00:00.48 . Memory (MB): peak = 2723.004 ; gain = 0.000 ; free physical = 6285 ; free virtual = 27458

Phase 3.5 Small Shape Detail Placement
Phase 3.5 Small Shape Detail Placement | Checksum: 11bb2c9fc

Time (s): cpu = 00:00:03 ; elapsed = 00:00:00.52 . Memory (MB): peak = 2723.004 ; gain = 0.000 ; free physical = 6283 ; free virtual = 27457

Phase 3.6 Re-assign LUT pins
Phase 3.6 Re-assign LUT pins | Checksum: 11bb2c9fc

Time (s): cpu = 00:00:03 ; elapsed = 00:00:00.52 . Memory (MB): peak = 2723.004 ; gain = 0.000 ; free physical = 6283 ; free virtual = 27457

Phase 3.7 Pipeline Register Optimization
Phase 3.7 Pipeline Register Optimization | Checksum: 11bb2c9fc

Time (s): cpu = 00:00:03 ; elapsed = 00:00:00.53 . Memory (MB): peak = 2723.004 ; gain = 0.000 ; free physical = 6283 ; free virtual = 27457
Phase 3 Detail Placement | Checksum: 11bb2c9fc

Time (s): cpu = 00:00:03 ; elapsed = 00:00:00.53 . Memory (MB): peak = 2723.004 ; gain = 0.000 ; free physical = 6283 ; free virtual = 27457

Phase 4 Post Placement Optimization and Clean-Up

Phase 4.1 Post Commit Optimization
Phase 4.1 Post Commit Optimization | Checksum: 11bb2c9fc

Time (s): cpu = 00:00:03 ; elapsed = 00:00:00.53 . Memory (MB): peak = 2723.004 ; gain = 0.000 ; free physical = 6283 ; free virtual = 27457

Phase 4.2 Post Placement Cleanup
Phase 4.2 Post Placement Cleanup | Checksum: 11bb2c9fc

Time (s): cpu = 00:00:03 ; elapsed = 00:00:00.53 . Memory (MB): peak = 2723.004 ; gain = 0.000 ; free physical = 6285 ; free virtual = 27459

Phase 4.3 Placer Reporting
Phase 4.3 Placer Reporting | Checksum: 11bb2c9fc

Time (s): cpu = 00:00:03 ; elapsed = 00:00:00.53 . Memory (MB): peak = 2723.004 ; gain = 0.000 ; free physical = 6285 ; free virtual = 27459

Phase 4.4 Final Placement Cleanup
Netlist sorting complete. Time (s): cpu = 00:00:00 ; elapsed = 00:00:00 . Memory (MB): peak = 2723.004 ; gain = 0.000 ; free physical = 6285 ; free virtual = 27459
Phase 4.4 Final Placement Cleanup | Checksum: 11bb2c9fc

Time (s): cpu = 00:00:03 ; elapsed = 00:00:00.53 . Memory (MB): peak = 2723.004 ; gain = 0.000 ; free physical = 6285 ; free virtual = 27459
Phase 4 Post Placement Optimization and Clean-Up | Checksum: 11bb2c9fc

Time (s): cpu = 00:00:03 ; elapsed = 00:00:00.53 . Memory (MB): peak = 2723.004 ; gain = 0.000 ; free physical = 6285 ; free virtual = 27459
Ending Placer Task | Checksum: 1131034e4

Time (s): cpu = 00:00:03 ; elapsed = 00:00:00.53 . Memory (MB): peak = 2723.004 ; gain = 0.000 ; free physical = 6285 ; free virtual = 27459
INFO: [Common 17-83] Releasing license: Implementation
43 Infos, 1 Warnings, 0 Critical Warnings and 0 Errors encountered.
place_design completed successfully
Netlist sorting complete. Time (s): cpu = 00:00:00 ; elapsed = 00:00:00 . Memory (MB): peak = 2723.004 ; gain = 0.000 ; free physical = 6293 ; free virtual = 27467
INFO: [Timing 38-480] Writing timing data to binary archive.
Writing placer database...
Writing XDEF routing.
Writing XDEF routing logical nets.
Writing XDEF routing special nets.
Write XDEF Complete: Time (s): cpu = 00:00:00.07 ; elapsed = 00:00:00.04 . Memory (MB): peak = 2723.004 ; gain = 0.000 ; free physical = 6294 ; free virtual = 27469
INFO: [Common 17-1381] The checkpoint '/auto/fsg/twillis0/ECEN 220/Labs/proj/proj.runs/impl_1/seven_segment_top_placed.dcp' has been generated.
INFO: [runtcl-4] Executing : report_io -file seven_segment_top_io_placed.rpt
report_io: Time (s): cpu = 00:00:00.05 ; elapsed = 00:00:00.10 . Memory (MB): peak = 2723.004 ; gain = 0.000 ; free physical = 6285 ; free virtual = 27459
INFO: [runtcl-4] Executing : report_utilization -file seven_segment_top_utilization_placed.rpt -pb seven_segment_top_utilization_placed.pb
INFO: [runtcl-4] Executing : report_control_sets -verbose -file seven_segment_top_control_sets_placed.rpt
report_control_sets: Time (s): cpu = 00:00:00.05 ; elapsed = 00:00:00.09 . Memory (MB): peak = 2723.004 ; gain = 0.000 ; free physical = 6290 ; free virtual = 27464
Command: phys_opt_design
Attempting to get a license for feature 'Implementation' and/or device 'xc7a35t'
INFO: [Common 17-349] Got license for feature 'Implementation' and/or device 'xc7a35t'
INFO: [Vivado_Tcl 4-235] No timing constraint found. The netlist was not modified.
INFO: [Common 17-83] Releasing license: Implementation
51 Infos, 1 Warnings, 0 Critical Warnings and 0 Errors encountered.
phys_opt_design completed successfully
Netlist sorting complete. Time (s): cpu = 00:00:00 ; elapsed = 00:00:00 . Memory (MB): peak = 2723.004 ; gain = 0.000 ; free physical = 6262 ; free virtual = 27436
INFO: [Timing 38-480] Writing timing data to binary archive.
Writing placer database...
Writing XDEF routing.
Writing XDEF routing logical nets.
Writing XDEF routing special nets.
Write XDEF Complete: Time (s): cpu = 00:00:00.03 ; elapsed = 00:00:00.03 . Memory (MB): peak = 2723.004 ; gain = 0.000 ; free physical = 6260 ; free virtual = 27436
INFO: [Common 17-1381] The checkpoint '/auto/fsg/twillis0/ECEN 220/Labs/proj/proj.runs/impl_1/seven_segment_top_physopt.dcp' has been generated.
Command: route_design
Attempting to get a license for feature 'Implementation' and/or device 'xc7a35t'
INFO: [Common 17-349] Got license for feature 'Implementation' and/or device 'xc7a35t'
Running DRC as a precondition to command route_design
INFO: [DRC 23-27] Running DRC with 8 threads
INFO: [Vivado_Tcl 4-198] DRC finished with 0 Errors
INFO: [Vivado_Tcl 4-199] Please refer to the DRC report (report_drc) for more information.


Starting Routing Task
INFO: [Route 35-254] Multithreading enabled for route_design using a maximum of 8 CPUs
Checksum: PlaceDB: 33411f25 ConstDB: 0 ShapeSum: dfcf15bf RouteDB: 0

Phase 1 Build RT Design
Phase 1 Build RT Design | Checksum: 46c0583d

Time (s): cpu = 00:00:09 ; elapsed = 00:00:08 . Memory (MB): peak = 2763.266 ; gain = 0.000 ; free physical = 6157 ; free virtual = 27334
Post Restoration Checksum: NetGraph: 2f774e71 NumContArr: 174909cc Constraints: 0 Timing: 0

Phase 2 Router Initialization
INFO: [Route 35-64] No timing constraints were detected. The router will operate in resource-optimization mode.

Phase 2.1 Fix Topology Constraints
Phase 2.1 Fix Topology Constraints | Checksum: 46c0583d

Time (s): cpu = 00:00:09 ; elapsed = 00:00:08 . Memory (MB): peak = 2763.266 ; gain = 0.000 ; free physical = 6124 ; free virtual = 27302

Phase 2.2 Pre Route Cleanup
Phase 2.2 Pre Route Cleanup | Checksum: 46c0583d

Time (s): cpu = 00:00:09 ; elapsed = 00:00:08 . Memory (MB): peak = 2763.266 ; gain = 0.000 ; free physical = 6124 ; free virtual = 27302
 Number of Nodes with overlaps = 0
Phase 2 Router Initialization | Checksum: 11194b38f

Time (s): cpu = 00:00:09 ; elapsed = 00:00:08 . Memory (MB): peak = 2763.266 ; gain = 0.000 ; free physical = 6122 ; free virtual = 27300

Router Utilization Summary
  Global Vertical Routing Utilization    = 0 %
  Global Horizontal Routing Utilization  = 0 %
  Routable Net Status*
  *Does not include unroutable nets such as driverless and loadless.
  Run report_route_status for detailed report.
  Number of Failed Nets               = 13
    (Failed Nets is the sum of unrouted and partially routed nets)
  Number of Unrouted Nets             = 13
  Number of Partially Routed Nets     = 0
  Number of Node Overlaps             = 0


Phase 3 Initial Routing
Phase 3 Initial Routing | Checksum: 104129938

Time (s): cpu = 00:00:10 ; elapsed = 00:00:08 . Memory (MB): peak = 2763.266 ; gain = 0.000 ; free physical = 6120 ; free virtual = 27298

Phase 4 Rip-up And Reroute

Phase 4.1 Global Iteration 0
 Number of Nodes with overlaps = 0
Phase 4.1 Global Iteration 0 | Checksum: f32bfcf4

Time (s): cpu = 00:00:10 ; elapsed = 00:00:08 . Memory (MB): peak = 2763.266 ; gain = 0.000 ; free physical = 6120 ; free virtual = 27298
Phase 4 Rip-up And Reroute | Checksum: f32bfcf4

Time (s): cpu = 00:00:10 ; elapsed = 00:00:08 . Memory (MB): peak = 2763.266 ; gain = 0.000 ; free physical = 6120 ; free virtual = 27298

Phase 5 Delay and Skew Optimization
Phase 5 Delay and Skew Optimization | Checksum: f32bfcf4

Time (s): cpu = 00:00:10 ; elapsed = 00:00:08 . Memory (MB): peak = 2763.266 ; gain = 0.000 ; free physical = 6120 ; free virtual = 27298

Phase 6 Post Hold Fix

Phase 6.1 Hold Fix Iter
Phase 6.1 Hold Fix Iter | Checksum: f32bfcf4

Time (s): cpu = 00:00:10 ; elapsed = 00:00:08 . Memory (MB): peak = 2763.266 ; gain = 0.000 ; free physical = 6120 ; free virtual = 27298
Phase 6 Post Hold Fix | Checksum: f32bfcf4

Time (s): cpu = 00:00:10 ; elapsed = 00:00:08 . Memory (MB): peak = 2763.266 ; gain = 0.000 ; free physical = 6120 ; free virtual = 27298

Phase 7 Route finalize

Router Utilization Summary
  Global Vertical Routing Utilization    = 0.00486327 %
  Global Horizontal Routing Utilization  = 0.0262884 %
  Routable Net Status*
  *Does not include unroutable nets such as driverless and loadless.
  Run report_route_status for detailed report.
  Number of Failed Nets               = 0
    (Failed Nets is the sum of unrouted and partially routed nets)
  Number of Unrouted Nets             = 0
  Number of Partially Routed Nets     = 0
  Number of Node Overlaps             = 0

Congestion Report
North Dir 1x1 Area, Max Cong = 1.8018%, No Congested Regions.
South Dir 1x1 Area, Max Cong = 10.8108%, No Congested Regions.
East Dir 1x1 Area, Max Cong = 10.2941%, No Congested Regions.
West Dir 1x1 Area, Max Cong = 1.47059%, No Congested Regions.

------------------------------
Reporting congestion hotspots
------------------------------
Direction: North
----------------
Congested clusters found at Level 0
Effective congestion level: 0 Aspect Ratio: 1 Sparse Ratio: 0
Direction: South
----------------
Congested clusters found at Level 0
Effective congestion level: 0 Aspect Ratio: 1 Sparse Ratio: 0
Direction: East
----------------
Congested clusters found at Level 0
Effective congestion level: 0 Aspect Ratio: 1 Sparse Ratio: 0
Direction: West
----------------
Congested clusters found at Level 0
Effective congestion level: 0 Aspect Ratio: 1 Sparse Ratio: 0

Phase 7 Route finalize | Checksum: f32bfcf4

Time (s): cpu = 00:00:10 ; elapsed = 00:00:08 . Memory (MB): peak = 2763.277 ; gain = 0.012 ; free physical = 6120 ; free virtual = 27298

Phase 8 Verifying routed nets

 Verification completed successfully
Phase 8 Verifying routed nets | Checksum: f32bfcf4

Time (s): cpu = 00:00:10 ; elapsed = 00:00:08 . Memory (MB): peak = 2765.277 ; gain = 2.012 ; free physical = 6119 ; free virtual = 27297

Phase 9 Depositing Routes
Phase 9 Depositing Routes | Checksum: 2d01ed43

Time (s): cpu = 00:00:10 ; elapsed = 00:00:08 . Memory (MB): peak = 2765.277 ; gain = 2.012 ; free physical = 6119 ; free virtual = 27297
INFO: [Route 35-16] Router Completed Successfully

Time (s): cpu = 00:00:10 ; elapsed = 00:00:08 . Memory (MB): peak = 2765.277 ; gain = 2.012 ; free physical = 6151 ; free virtual = 27329

Routing Is Done.
INFO: [Common 17-83] Releasing license: Implementation
61 Infos, 1 Warnings, 0 Critical Warnings and 0 Errors encountered.
route_design completed successfully
route_design: Time (s): cpu = 00:00:11 ; elapsed = 00:00:09 . Memory (MB): peak = 2765.277 ; gain = 42.273 ; free physical = 6151 ; free virtual = 27329
Netlist sorting complete. Time (s): cpu = 00:00:00 ; elapsed = 00:00:00 . Memory (MB): peak = 2765.277 ; gain = 0.000 ; free physical = 6151 ; free virtual = 27329
INFO: [Timing 38-480] Writing timing data to binary archive.
Writing placer database...
Writing XDEF routing.
Writing XDEF routing logical nets.
Writing XDEF routing special nets.
Write XDEF Complete: Time (s): cpu = 00:00:00.03 ; elapsed = 00:00:00.03 . Memory (MB): peak = 2765.277 ; gain = 0.000 ; free physical = 6149 ; free virtual = 27328
INFO: [Common 17-1381] The checkpoint '/auto/fsg/twillis0/ECEN 220/Labs/proj/proj.runs/impl_1/seven_segment_top_routed.dcp' has been generated.
INFO: [runtcl-4] Executing : report_drc -file seven_segment_top_drc_routed.rpt -pb seven_segment_top_drc_routed.pb -rpx seven_segment_top_drc_routed.rpx
Command: report_drc -file seven_segment_top_drc_routed.rpt -pb seven_segment_top_drc_routed.pb -rpx seven_segment_top_drc_routed.rpx
INFO: [IP_Flow 19-1839] IP Catalog is up to date.
INFO: [DRC 23-27] Running DRC with 8 threads
INFO: [Coretcl 2-168] The results of DRC are in file /auto/fsg/twillis0/ECEN 220/Labs/proj/proj.runs/impl_1/seven_segment_top_drc_routed.rpt.
report_drc completed successfully
INFO: [runtcl-4] Executing : report_methodology -file seven_segment_top_methodology_drc_routed.rpt -pb seven_segment_top_methodology_drc_routed.pb -rpx seven_segment_top_methodology_drc_routed.rpx
Command: report_methodology -file seven_segment_top_methodology_drc_routed.rpt -pb seven_segment_top_methodology_drc_routed.pb -rpx seven_segment_top_methodology_drc_routed.rpx
INFO: [Timing 38-35] Done setting XDC timing constraints.
INFO: [DRC 23-133] Running Methodology with 8 threads
INFO: [Coretcl 2-1520] The results of Report Methodology are in file /auto/fsg/twillis0/ECEN 220/Labs/proj/proj.runs/impl_1/seven_segment_top_methodology_drc_routed.rpt.
report_methodology completed successfully
INFO: [runtcl-4] Executing : report_power -file seven_segment_top_power_routed.rpt -pb seven_segment_top_power_summary_routed.pb -rpx seven_segment_top_power_routed.rpx
Command: report_power -file seven_segment_top_power_routed.rpt -pb seven_segment_top_power_summary_routed.pb -rpx seven_segment_top_power_routed.rpx
INFO: [Timing 38-35] Done setting XDC timing constraints.
WARNING: [Power 33-232] No user defined clocks were found in the design! Power estimation will be inaccurate until this is corrected.
Resolution: Please specify clocks using create_clock/create_generated_clock for sequential elements. For pure combinatorial circuits, please specify a virtual clock, otherwise the vectorless estimation might be inaccurate
Running Vector-less Activity Propagation...

Finished Running Vector-less Activity Propagation
73 Infos, 2 Warnings, 0 Critical Warnings and 0 Errors encountered.
report_power completed successfully
INFO: [runtcl-4] Executing : report_route_status -file seven_segment_top_route_status.rpt -pb seven_segment_top_route_status.pb
INFO: [runtcl-4] Executing : report_timing_summary -max_paths 10 -file seven_segment_top_timing_summary_routed.rpt -pb seven_segment_top_timing_summary_routed.pb -rpx seven_segment_top_timing_summary_routed.rpx -warn_on_violation 
INFO: [Timing 38-91] UpdateTimingParams: Speed grade: -1, Delay Type: min_max.
INFO: [Timing 38-191] Multithreading enabled for timing update using a maximum of 8 CPUs
WARNING: [Timing 38-313] There are no user specified timing constraints. Timing constraints are needed for proper timing analysis.
INFO: [runtcl-4] Executing : report_incremental_reuse -file seven_segment_top_incremental_reuse_routed.rpt
INFO: [Vivado_Tcl 4-1062] Incremental flow is disabled. No incremental reuse Info to report.
INFO: [runtcl-4] Executing : report_clock_utilization -file seven_segment_top_clock_utilization_routed.rpt
INFO: [runtcl-4] Executing : report_bus_skew -warn_on_violation -file seven_segment_top_bus_skew_routed.rpt -pb seven_segment_top_bus_skew_routed.pb -rpx seven_segment_top_bus_skew_routed.rpx
INFO: [Timing 38-91] UpdateTimingParams: Speed grade: -1, Delay Type: min_max.
INFO: [Timing 38-191] Multithreading enabled for timing update using a maximum of 8 CPUs
INFO: [Common 17-206] Exiting Vivado at Tue Oct 11 19:08:50 2022...

*** Running vivado
    with args -log seven_segment_top.vdi -applog -m64 -product Vivado -messageDb vivado.pb -mode batch -source seven_segment_top.tcl -notrace


****** Vivado v2019.2 (64-bit)
  **** SW Build 2708876 on Wed Nov  6 21:39:14 MST 2019
  **** IP Build 2700528 on Thu Nov  7 00:09:20 MST 2019
    ** Copyright 1986-2019 Xilinx, Inc. All Rights Reserved.

source seven_segment_top.tcl -notrace
Command: open_checkpoint seven_segment_top_routed.dcp

Starting open_checkpoint Task

Time (s): cpu = 00:00:00.04 ; elapsed = 00:00:00.07 . Memory (MB): peak = 1457.453 ; gain = 0.000 ; free physical = 5163 ; free virtual = 26420
INFO: [Device 21-403] Loading part xc7a35tcpg236-1
Netlist sorting complete. Time (s): cpu = 00:00:00 ; elapsed = 00:00:00 . Memory (MB): peak = 1754.621 ; gain = 0.000 ; free physical = 4811 ; free virtual = 26065
INFO: [Project 1-479] Netlist was created with Vivado 2019.2
INFO: [Project 1-570] Preparing netlist for logic optimization
INFO: [Timing 38-478] Restoring timing data from binary archive.
INFO: [Timing 38-479] Binary timing data restore complete.
INFO: [Project 1-856] Restoring constraints from binary archive.
INFO: [Project 1-853] Binary constraint restore complete.
Reading XDEF placement.
Reading placer database...
Reading XDEF routing.
Read XDEF File: Time (s): cpu = 00:00:00.07 ; elapsed = 00:00:00.12 . Memory (MB): peak = 2364.770 ; gain = 19.812 ; free physical = 4282 ; free virtual = 25542
Restored from archive | CPU: 0.120000 secs | Memory: 1.091156 MB |
Finished XDEF File Restore: Time (s): cpu = 00:00:00.07 ; elapsed = 00:00:00.12 . Memory (MB): peak = 2364.770 ; gain = 19.812 ; free physical = 4282 ; free virtual = 25542
Netlist sorting complete. Time (s): cpu = 00:00:00 ; elapsed = 00:00:00 . Memory (MB): peak = 2364.770 ; gain = 0.000 ; free physical = 4282 ; free virtual = 25542
INFO: [Project 1-111] Unisim Transformation Summary:
No Unisim elements were transformed.

INFO: [Project 1-604] Checkpoint was created with Vivado v2019.2 (64-bit) build 2708876
open_checkpoint: Time (s): cpu = 00:00:10 ; elapsed = 00:00:16 . Memory (MB): peak = 2364.770 ; gain = 907.316 ; free physical = 4282 ; free virtual = 25542
Command: write_bitstream -force seven_segment_top.bit
Attempting to get a license for feature 'Implementation' and/or device 'xc7a35t'
INFO: [Common 17-349] Got license for feature 'Implementation' and/or device 'xc7a35t'
Running DRC as a precondition to command write_bitstream
INFO: [IP_Flow 19-234] Refreshing IP repositories
INFO: [IP_Flow 19-1704] No user IP repositories specified
INFO: [IP_Flow 19-2313] Loaded Vivado IP repository '/tools/Xilinx/Vivado/2019.2/data/ip'.
INFO: [DRC 23-27] Running DRC with 8 threads
INFO: [Vivado 12-3199] DRC finished with 0 Errors
INFO: [Vivado 12-3200] Please refer to the DRC report (report_drc) for more information.
INFO: [Designutils 20-2272] Running write_bitstream with 8 threads.
Loading data files...
Loading site data...
Loading route data...
Processing options...
Creating bitmap...
Creating bitstream...
Writing bitstream ./seven_segment_top.bit...
INFO: [Vivado 12-1842] Bitgen Completed Successfully.
INFO: [Project 1-118] WebTalk data collection is enabled (User setting is ON. Install Setting is ON.).
sh: 1: cannot create /auto/fsg/twillis0/ECEN: Is a directory
INFO: [Common 17-186] '/auto/fsg/twillis0/ECEN 220/Labs/proj/proj.runs/impl_1/usage_statistics_webtalk.xml' has been successfully sent to Xilinx on Tue Oct 11 19:14:04 2022. For additional details about this file, please refer to the WebTalk help file at /tools/Xilinx/Vivado/2019.2/doc/webtalk_introduction.html.
INFO: [Common 17-83] Releasing license: Implementation
21 Infos, 0 Warnings, 0 Critical Warnings and 0 Errors encountered.
write_bitstream completed successfully
write_bitstream: Time (s): cpu = 00:00:06 ; elapsed = 00:00:10 . Memory (MB): peak = 2791.531 ; gain = 426.762 ; free physical = 4231 ; free virtual = 25500
INFO: [Common 17-206] Exiting Vivado at Tue Oct 11 19:14:04 2022...
