Copyright 1986-2019 Xilinx, Inc. All Rights Reserved.
-----------------------------------------------------------------------------------------------------------------------------------------------------------------------------------------
| Tool Version : Vivado v.2019.2 (lin64) Build 2708876 Wed Nov  6 21:39:14 MST 2019
| Date         : Tue Nov  8 17:45:39 2022
| Host         : DIGITAL-37 running 64-bit Ubuntu 18.04.6 LTS
| Command      : report_timing_summary -max_paths 10 -file tx_top_timing_summary_routed.rpt -pb tx_top_timing_summary_routed.pb -rpx tx_top_timing_summary_routed.rpx -warn_on_violation
| Design       : tx_top
| Device       : 7a35t-cpg236
| Speed File   : -1  PRODUCTION 1.23 2018-06-13
-----------------------------------------------------------------------------------------------------------------------------------------------------------------------------------------

Timing Summary Report

------------------------------------------------------------------------------------------------
| Timer Settings
| --------------
------------------------------------------------------------------------------------------------

  Enable Multi Corner Analysis               :  Yes
  Enable Pessimism Removal                   :  Yes
  Pessimism Removal Resolution               :  Nearest Common Node
  Enable Input Delay Default Clock           :  No
  Enable Preset / Clear Arcs                 :  No
  Disable Flight Delays                      :  No
  Ignore I/O Paths                           :  No
  Timing Early Launch at Borrowing Latches   :  No
  Borrow Time for Max Delay Exceptions       :  Yes
  Merge Timing Exceptions                    :  Yes

  Corner  Analyze    Analyze    
  Name    Max Paths  Min Paths  
  ------  ---------  ---------  
  Slow    Yes        Yes        
  Fast    Yes        Yes        



check_timing report

Table of Contents
-----------------
1. checking no_clock
2. checking constant_clock
3. checking pulse_width_clock
4. checking unconstrained_internal_endpoints
5. checking no_input_delay
6. checking no_output_delay
7. checking multiple_clock
8. checking generated_clocks
9. checking loops
10. checking partial_input_delay
11. checking partial_output_delay
12. checking latch_loops

1. checking no_clock
--------------------
 There are 0 register/latch pins with no clock.


2. checking constant_clock
--------------------------
 There are 0 register/latch pins with constant_clock.


3. checking pulse_width_clock
-----------------------------
 There are 0 register/latch pins which need pulse_width check


4. checking unconstrained_internal_endpoints
--------------------------------------------
 There are 0 pins that are not constrained for maximum delay.

 There are 0 pins that are not constrained for maximum delay due to constant clock.


5. checking no_input_delay
--------------------------
 There are 10 input ports with no input delay specified. (HIGH)

 There are 0 input ports with no input delay but user has a false path constraint.


6. checking no_output_delay
---------------------------
 There are 11 ports with no output delay specified. (HIGH)

 There are 0 ports with no output delay but user has a false path constraint

 There are 0 ports with no output delay but with a timing clock defined on it or propagating through it


7. checking multiple_clock
--------------------------
 There are 0 register/latch pins with multiple clocks.


8. checking generated_clocks
----------------------------
 There are 0 generated clocks that are not connected to a clock source.


9. checking loops
-----------------
 There are 0 combinational loops in the design.


10. checking partial_input_delay
--------------------------------
 There are 0 input ports with partial input delay specified.


11. checking partial_output_delay
---------------------------------
 There are 0 ports with partial output delay specified.


12. checking latch_loops
------------------------
 There are 0 combinational latch loops in the design through latch input



------------------------------------------------------------------------------------------------
| Design Timing Summary
| ---------------------
------------------------------------------------------------------------------------------------

    WNS(ns)      TNS(ns)  TNS Failing Endpoints  TNS Total Endpoints      WHS(ns)      THS(ns)  THS Failing Endpoints  THS Total Endpoints     WPWS(ns)     TPWS(ns)  TPWS Failing Endpoints  TPWS Total Endpoints  
    -------      -------  ---------------------  -------------------      -------      -------  ---------------------  -------------------     --------     --------  ----------------------  --------------------  
      4.697        0.000                      0                   95        0.204        0.000                      0                   95        4.500        0.000                       0                    65  


All user specified timing constraints are met.


------------------------------------------------------------------------------------------------
| Clock Summary
| -------------
------------------------------------------------------------------------------------------------

Clock  Waveform(ns)       Period(ns)      Frequency(MHz)
-----  ------------       ----------      --------------
clk    {0.000 5.000}      10.000          100.000         


------------------------------------------------------------------------------------------------
| Intra Clock Table
| -----------------
------------------------------------------------------------------------------------------------

Clock             WNS(ns)      TNS(ns)  TNS Failing Endpoints  TNS Total Endpoints      WHS(ns)      THS(ns)  THS Failing Endpoints  THS Total Endpoints     WPWS(ns)     TPWS(ns)  TPWS Failing Endpoints  TPWS Total Endpoints  
-----             -------      -------  ---------------------  -------------------      -------      -------  ---------------------  -------------------     --------     --------  ----------------------  --------------------  
clk                 4.697        0.000                      0                   95        0.204        0.000                      0                   95        4.500        0.000                       0                    65  


------------------------------------------------------------------------------------------------
| Inter Clock Table
| -----------------
------------------------------------------------------------------------------------------------

From Clock    To Clock          WNS(ns)      TNS(ns)  TNS Failing Endpoints  TNS Total Endpoints      WHS(ns)      THS(ns)  THS Failing Endpoints  THS Total Endpoints  
----------    --------          -------      -------  ---------------------  -------------------      -------      -------  ---------------------  -------------------  


------------------------------------------------------------------------------------------------
| Other Path Groups Table
| -----------------------
------------------------------------------------------------------------------------------------

Path Group    From Clock    To Clock          WNS(ns)      TNS(ns)  TNS Failing Endpoints  TNS Total Endpoints      WHS(ns)      THS(ns)  THS Failing Endpoints  THS Total Endpoints  
----------    ----------    --------          -------      -------  ---------------------  -------------------      -------      -------  ---------------------  -------------------  


------------------------------------------------------------------------------------------------
| Timing Details
| --------------
------------------------------------------------------------------------------------------------


---------------------------------------------------------------------------------------------------
From Clock:  clk
  To Clock:  clk

Setup :            0  Failing Endpoints,  Worst Slack        4.697ns,  Total Violation        0.000ns
Hold  :            0  Failing Endpoints,  Worst Slack        0.204ns,  Total Violation        0.000ns
PW    :            0  Failing Endpoints,  Worst Slack        4.500ns,  Total Violation        0.000ns
---------------------------------------------------------------------------------------------------


Max Delay Paths
--------------------------------------------------------------------------------------
Slack (MET) :             4.697ns  (required time - arrival time)
  Source:                 debounce_inst/count_reg[4]/C
                            (rising edge-triggered cell FDRE clocked by clk  {rise@0.000ns fall@5.000ns period=10.000ns})
  Destination:            debounce_inst/count_reg[12]/R
                            (rising edge-triggered cell FDRE clocked by clk  {rise@0.000ns fall@5.000ns period=10.000ns})
  Path Group:             clk
  Path Type:              Setup (Max at Slow Process Corner)
  Requirement:            10.000ns  (clk rise@10.000ns - clk rise@0.000ns)
  Data Path Delay:        4.487ns  (logic 0.922ns (20.547%)  route 3.565ns (79.453%))
  Logic Levels:           3  (LUT3=1 LUT4=1 LUT5=1)
  Clock Path Skew:        -0.025ns (DCD - SCD + CPR)
    Destination Clock Delay (DCD):    4.781ns = ( 14.781 - 10.000 ) 
    Source Clock Delay      (SCD):    5.079ns
    Clock Pessimism Removal (CPR):    0.273ns
  Clock Uncertainty:      0.035ns  ((TSJ^2 + TIJ^2)^1/2 + DJ) / 2 + PE
    Total System Jitter     (TSJ):    0.071ns
    Total Input Jitter      (TIJ):    0.000ns
    Discrete Jitter          (DJ):    0.000ns
    Phase Error              (PE):    0.000ns

    Location             Delay type                Incr(ns)  Path(ns)    Netlist Resource(s)
  -------------------------------------------------------------------    -------------------
                         (clock clk rise edge)        0.000     0.000 r  
    W5                                                0.000     0.000 r  clk (IN)
                         net (fo=0)                   0.000     0.000    clk
    W5                   IBUF (Prop_ibuf_I_O)         1.458     1.458 r  clk_IBUF_inst/O
                         net (fo=1, routed)           1.967     3.425    clk_IBUF
    BUFGCTRL_X0Y0        BUFG (Prop_bufg_I_O)         0.096     3.521 r  clk_IBUF_BUFG_inst/O
                         net (fo=64, routed)          1.558     5.079    debounce_inst/CLK
    SLICE_X10Y18         FDRE                                         r  debounce_inst/count_reg[4]/C
  -------------------------------------------------------------------    -------------------
    SLICE_X10Y18         FDRE (Prop_fdre_C_Q)         0.518     5.597 r  debounce_inst/count_reg[4]/Q
                         net (fo=2, routed)           0.812     6.410    debounce_inst/count_reg[4]
    SLICE_X11Y17         LUT5 (Prop_lut5_I3_O)        0.124     6.534 r  debounce_inst/FSM_sequential_cs[1]_i_6/O
                         net (fo=1, routed)           0.810     7.344    debounce_inst/FSM_sequential_cs[1]_i_6_n_0
    SLICE_X11Y19         LUT4 (Prop_lut4_I3_O)        0.124     7.468 r  debounce_inst/FSM_sequential_cs[1]_i_2/O
                         net (fo=3, routed)           1.129     8.597    debounce_inst/timerDone__17
    SLICE_X8Y17          LUT3 (Prop_lut3_I2_O)        0.156     8.753 r  debounce_inst/count[0]_i_1/O
                         net (fo=19, routed)          0.814     9.567    debounce_inst/count[0]_i_1_n_0
    SLICE_X10Y20         FDRE                                         r  debounce_inst/count_reg[12]/R
  -------------------------------------------------------------------    -------------------

                         (clock clk rise edge)       10.000    10.000 r  
    W5                                                0.000    10.000 r  clk (IN)
                         net (fo=0)                   0.000    10.000    clk
    W5                   IBUF (Prop_ibuf_I_O)         1.388    11.388 r  clk_IBUF_inst/O
                         net (fo=1, routed)           1.862    13.250    clk_IBUF
    BUFGCTRL_X0Y0        BUFG (Prop_bufg_I_O)         0.091    13.341 r  clk_IBUF_BUFG_inst/O
                         net (fo=64, routed)          1.440    14.781    debounce_inst/CLK
    SLICE_X10Y20         FDRE                                         r  debounce_inst/count_reg[12]/C
                         clock pessimism              0.273    15.054    
                         clock uncertainty           -0.035    15.019    
    SLICE_X10Y20         FDRE (Setup_fdre_C_R)       -0.755    14.264    debounce_inst/count_reg[12]
  -------------------------------------------------------------------
                         required time                         14.264    
                         arrival time                          -9.567    
  -------------------------------------------------------------------
                         slack                                  4.697    

Slack (MET) :             4.697ns  (required time - arrival time)
  Source:                 debounce_inst/count_reg[4]/C
                            (rising edge-triggered cell FDRE clocked by clk  {rise@0.000ns fall@5.000ns period=10.000ns})
  Destination:            debounce_inst/count_reg[13]/R
                            (rising edge-triggered cell FDRE clocked by clk  {rise@0.000ns fall@5.000ns period=10.000ns})
  Path Group:             clk
  Path Type:              Setup (Max at Slow Process Corner)
  Requirement:            10.000ns  (clk rise@10.000ns - clk rise@0.000ns)
  Data Path Delay:        4.487ns  (logic 0.922ns (20.547%)  route 3.565ns (79.453%))
  Logic Levels:           3  (LUT3=1 LUT4=1 LUT5=1)
  Clock Path Skew:        -0.025ns (DCD - SCD + CPR)
    Destination Clock Delay (DCD):    4.781ns = ( 14.781 - 10.000 ) 
    Source Clock Delay      (SCD):    5.079ns
    Clock Pessimism Removal (CPR):    0.273ns
  Clock Uncertainty:      0.035ns  ((TSJ^2 + TIJ^2)^1/2 + DJ) / 2 + PE
    Total System Jitter     (TSJ):    0.071ns
    Total Input Jitter      (TIJ):    0.000ns
    Discrete Jitter          (DJ):    0.000ns
    Phase Error              (PE):    0.000ns

    Location             Delay type                Incr(ns)  Path(ns)    Netlist Resource(s)
  -------------------------------------------------------------------    -------------------
                         (clock clk rise edge)        0.000     0.000 r  
    W5                                                0.000     0.000 r  clk (IN)
                         net (fo=0)                   0.000     0.000    clk
    W5                   IBUF (Prop_ibuf_I_O)         1.458     1.458 r  clk_IBUF_inst/O
                         net (fo=1, routed)           1.967     3.425    clk_IBUF
    BUFGCTRL_X0Y0        BUFG (Prop_bufg_I_O)         0.096     3.521 r  clk_IBUF_BUFG_inst/O
                         net (fo=64, routed)          1.558     5.079    debounce_inst/CLK
    SLICE_X10Y18         FDRE                                         r  debounce_inst/count_reg[4]/C
  -------------------------------------------------------------------    -------------------
    SLICE_X10Y18         FDRE (Prop_fdre_C_Q)         0.518     5.597 r  debounce_inst/count_reg[4]/Q
                         net (fo=2, routed)           0.812     6.410    debounce_inst/count_reg[4]
    SLICE_X11Y17         LUT5 (Prop_lut5_I3_O)        0.124     6.534 r  debounce_inst/FSM_sequential_cs[1]_i_6/O
                         net (fo=1, routed)           0.810     7.344    debounce_inst/FSM_sequential_cs[1]_i_6_n_0
    SLICE_X11Y19         LUT4 (Prop_lut4_I3_O)        0.124     7.468 r  debounce_inst/FSM_sequential_cs[1]_i_2/O
                         net (fo=3, routed)           1.129     8.597    debounce_inst/timerDone__17
    SLICE_X8Y17          LUT3 (Prop_lut3_I2_O)        0.156     8.753 r  debounce_inst/count[0]_i_1/O
                         net (fo=19, routed)          0.814     9.567    debounce_inst/count[0]_i_1_n_0
    SLICE_X10Y20         FDRE                                         r  debounce_inst/count_reg[13]/R
  -------------------------------------------------------------------    -------------------

                         (clock clk rise edge)       10.000    10.000 r  
    W5                                                0.000    10.000 r  clk (IN)
                         net (fo=0)                   0.000    10.000    clk
    W5                   IBUF (Prop_ibuf_I_O)         1.388    11.388 r  clk_IBUF_inst/O
                         net (fo=1, routed)           1.862    13.250    clk_IBUF
    BUFGCTRL_X0Y0        BUFG (Prop_bufg_I_O)         0.091    13.341 r  clk_IBUF_BUFG_inst/O
                         net (fo=64, routed)          1.440    14.781    debounce_inst/CLK
    SLICE_X10Y20         FDRE                                         r  debounce_inst/count_reg[13]/C
                         clock pessimism              0.273    15.054    
                         clock uncertainty           -0.035    15.019    
    SLICE_X10Y20         FDRE (Setup_fdre_C_R)       -0.755    14.264    debounce_inst/count_reg[13]
  -------------------------------------------------------------------
                         required time                         14.264    
                         arrival time                          -9.567    
  -------------------------------------------------------------------
                         slack                                  4.697    

Slack (MET) :             4.697ns  (required time - arrival time)
  Source:                 debounce_inst/count_reg[4]/C
                            (rising edge-triggered cell FDRE clocked by clk  {rise@0.000ns fall@5.000ns period=10.000ns})
  Destination:            debounce_inst/count_reg[14]/R
                            (rising edge-triggered cell FDRE clocked by clk  {rise@0.000ns fall@5.000ns period=10.000ns})
  Path Group:             clk
  Path Type:              Setup (Max at Slow Process Corner)
  Requirement:            10.000ns  (clk rise@10.000ns - clk rise@0.000ns)
  Data Path Delay:        4.487ns  (logic 0.922ns (20.547%)  route 3.565ns (79.453%))
  Logic Levels:           3  (LUT3=1 LUT4=1 LUT5=1)
  Clock Path Skew:        -0.025ns (DCD - SCD + CPR)
    Destination Clock Delay (DCD):    4.781ns = ( 14.781 - 10.000 ) 
    Source Clock Delay      (SCD):    5.079ns
    Clock Pessimism Removal (CPR):    0.273ns
  Clock Uncertainty:      0.035ns  ((TSJ^2 + TIJ^2)^1/2 + DJ) / 2 + PE
    Total System Jitter     (TSJ):    0.071ns
    Total Input Jitter      (TIJ):    0.000ns
    Discrete Jitter          (DJ):    0.000ns
    Phase Error              (PE):    0.000ns

    Location             Delay type                Incr(ns)  Path(ns)    Netlist Resource(s)
  -------------------------------------------------------------------    -------------------
                         (clock clk rise edge)        0.000     0.000 r  
    W5                                                0.000     0.000 r  clk (IN)
                         net (fo=0)                   0.000     0.000    clk
    W5                   IBUF (Prop_ibuf_I_O)         1.458     1.458 r  clk_IBUF_inst/O
                         net (fo=1, routed)           1.967     3.425    clk_IBUF
    BUFGCTRL_X0Y0        BUFG (Prop_bufg_I_O)         0.096     3.521 r  clk_IBUF_BUFG_inst/O
                         net (fo=64, routed)          1.558     5.079    debounce_inst/CLK
    SLICE_X10Y18         FDRE                                         r  debounce_inst/count_reg[4]/C
  -------------------------------------------------------------------    -------------------
    SLICE_X10Y18         FDRE (Prop_fdre_C_Q)         0.518     5.597 r  debounce_inst/count_reg[4]/Q
                         net (fo=2, routed)           0.812     6.410    debounce_inst/count_reg[4]
    SLICE_X11Y17         LUT5 (Prop_lut5_I3_O)        0.124     6.534 r  debounce_inst/FSM_sequential_cs[1]_i_6/O
                         net (fo=1, routed)           0.810     7.344    debounce_inst/FSM_sequential_cs[1]_i_6_n_0
    SLICE_X11Y19         LUT4 (Prop_lut4_I3_O)        0.124     7.468 r  debounce_inst/FSM_sequential_cs[1]_i_2/O
                         net (fo=3, routed)           1.129     8.597    debounce_inst/timerDone__17
    SLICE_X8Y17          LUT3 (Prop_lut3_I2_O)        0.156     8.753 r  debounce_inst/count[0]_i_1/O
                         net (fo=19, routed)          0.814     9.567    debounce_inst/count[0]_i_1_n_0
    SLICE_X10Y20         FDRE                                         r  debounce_inst/count_reg[14]/R
  -------------------------------------------------------------------    -------------------

                         (clock clk rise edge)       10.000    10.000 r  
    W5                                                0.000    10.000 r  clk (IN)
                         net (fo=0)                   0.000    10.000    clk
    W5                   IBUF (Prop_ibuf_I_O)         1.388    11.388 r  clk_IBUF_inst/O
                         net (fo=1, routed)           1.862    13.250    clk_IBUF
    BUFGCTRL_X0Y0        BUFG (Prop_bufg_I_O)         0.091    13.341 r  clk_IBUF_BUFG_inst/O
                         net (fo=64, routed)          1.440    14.781    debounce_inst/CLK
    SLICE_X10Y20         FDRE                                         r  debounce_inst/count_reg[14]/C
                         clock pessimism              0.273    15.054    
                         clock uncertainty           -0.035    15.019    
    SLICE_X10Y20         FDRE (Setup_fdre_C_R)       -0.755    14.264    debounce_inst/count_reg[14]
  -------------------------------------------------------------------
                         required time                         14.264    
                         arrival time                          -9.567    
  -------------------------------------------------------------------
                         slack                                  4.697    

Slack (MET) :             4.697ns  (required time - arrival time)
  Source:                 debounce_inst/count_reg[4]/C
                            (rising edge-triggered cell FDRE clocked by clk  {rise@0.000ns fall@5.000ns period=10.000ns})
  Destination:            debounce_inst/count_reg[15]/R
                            (rising edge-triggered cell FDRE clocked by clk  {rise@0.000ns fall@5.000ns period=10.000ns})
  Path Group:             clk
  Path Type:              Setup (Max at Slow Process Corner)
  Requirement:            10.000ns  (clk rise@10.000ns - clk rise@0.000ns)
  Data Path Delay:        4.487ns  (logic 0.922ns (20.547%)  route 3.565ns (79.453%))
  Logic Levels:           3  (LUT3=1 LUT4=1 LUT5=1)
  Clock Path Skew:        -0.025ns (DCD - SCD + CPR)
    Destination Clock Delay (DCD):    4.781ns = ( 14.781 - 10.000 ) 
    Source Clock Delay      (SCD):    5.079ns
    Clock Pessimism Removal (CPR):    0.273ns
  Clock Uncertainty:      0.035ns  ((TSJ^2 + TIJ^2)^1/2 + DJ) / 2 + PE
    Total System Jitter     (TSJ):    0.071ns
    Total Input Jitter      (TIJ):    0.000ns
    Discrete Jitter          (DJ):    0.000ns
    Phase Error              (PE):    0.000ns

    Location             Delay type                Incr(ns)  Path(ns)    Netlist Resource(s)
  -------------------------------------------------------------------    -------------------
                         (clock clk rise edge)        0.000     0.000 r  
    W5                                                0.000     0.000 r  clk (IN)
                         net (fo=0)                   0.000     0.000    clk
    W5                   IBUF (Prop_ibuf_I_O)         1.458     1.458 r  clk_IBUF_inst/O
                         net (fo=1, routed)           1.967     3.425    clk_IBUF
    BUFGCTRL_X0Y0        BUFG (Prop_bufg_I_O)         0.096     3.521 r  clk_IBUF_BUFG_inst/O
                         net (fo=64, routed)          1.558     5.079    debounce_inst/CLK
    SLICE_X10Y18         FDRE                                         r  debounce_inst/count_reg[4]/C
  -------------------------------------------------------------------    -------------------
    SLICE_X10Y18         FDRE (Prop_fdre_C_Q)         0.518     5.597 r  debounce_inst/count_reg[4]/Q
                         net (fo=2, routed)           0.812     6.410    debounce_inst/count_reg[4]
    SLICE_X11Y17         LUT5 (Prop_lut5_I3_O)        0.124     6.534 r  debounce_inst/FSM_sequential_cs[1]_i_6/O
                         net (fo=1, routed)           0.810     7.344    debounce_inst/FSM_sequential_cs[1]_i_6_n_0
    SLICE_X11Y19         LUT4 (Prop_lut4_I3_O)        0.124     7.468 r  debounce_inst/FSM_sequential_cs[1]_i_2/O
                         net (fo=3, routed)           1.129     8.597    debounce_inst/timerDone__17
    SLICE_X8Y17          LUT3 (Prop_lut3_I2_O)        0.156     8.753 r  debounce_inst/count[0]_i_1/O
                         net (fo=19, routed)          0.814     9.567    debounce_inst/count[0]_i_1_n_0
    SLICE_X10Y20         FDRE                                         r  debounce_inst/count_reg[15]/R
  -------------------------------------------------------------------    -------------------

                         (clock clk rise edge)       10.000    10.000 r  
    W5                                                0.000    10.000 r  clk (IN)
                         net (fo=0)                   0.000    10.000    clk
    W5                   IBUF (Prop_ibuf_I_O)         1.388    11.388 r  clk_IBUF_inst/O
                         net (fo=1, routed)           1.862    13.250    clk_IBUF
    BUFGCTRL_X0Y0        BUFG (Prop_bufg_I_O)         0.091    13.341 r  clk_IBUF_BUFG_inst/O
                         net (fo=64, routed)          1.440    14.781    debounce_inst/CLK
    SLICE_X10Y20         FDRE                                         r  debounce_inst/count_reg[15]/C
                         clock pessimism              0.273    15.054    
                         clock uncertainty           -0.035    15.019    
    SLICE_X10Y20         FDRE (Setup_fdre_C_R)       -0.755    14.264    debounce_inst/count_reg[15]
  -------------------------------------------------------------------
                         required time                         14.264    
                         arrival time                          -9.567    
  -------------------------------------------------------------------
                         slack                                  4.697    

Slack (MET) :             4.836ns  (required time - arrival time)
  Source:                 debounce_inst/count_reg[4]/C
                            (rising edge-triggered cell FDRE clocked by clk  {rise@0.000ns fall@5.000ns period=10.000ns})
  Destination:            debounce_inst/count_reg[10]/R
                            (rising edge-triggered cell FDRE clocked by clk  {rise@0.000ns fall@5.000ns period=10.000ns})
  Path Group:             clk
  Path Type:              Setup (Max at Slow Process Corner)
  Requirement:            10.000ns  (clk rise@10.000ns - clk rise@0.000ns)
  Data Path Delay:        4.349ns  (logic 0.922ns (21.201%)  route 3.427ns (78.799%))
  Logic Levels:           3  (LUT3=1 LUT4=1 LUT5=1)
  Clock Path Skew:        -0.025ns (DCD - SCD + CPR)
    Destination Clock Delay (DCD):    4.781ns = ( 14.781 - 10.000 ) 
    Source Clock Delay      (SCD):    5.079ns
    Clock Pessimism Removal (CPR):    0.273ns
  Clock Uncertainty:      0.035ns  ((TSJ^2 + TIJ^2)^1/2 + DJ) / 2 + PE
    Total System Jitter     (TSJ):    0.071ns
    Total Input Jitter      (TIJ):    0.000ns
    Discrete Jitter          (DJ):    0.000ns
    Phase Error              (PE):    0.000ns

    Location             Delay type                Incr(ns)  Path(ns)    Netlist Resource(s)
  -------------------------------------------------------------------    -------------------
                         (clock clk rise edge)        0.000     0.000 r  
    W5                                                0.000     0.000 r  clk (IN)
                         net (fo=0)                   0.000     0.000    clk
    W5                   IBUF (Prop_ibuf_I_O)         1.458     1.458 r  clk_IBUF_inst/O
                         net (fo=1, routed)           1.967     3.425    clk_IBUF
    BUFGCTRL_X0Y0        BUFG (Prop_bufg_I_O)         0.096     3.521 r  clk_IBUF_BUFG_inst/O
                         net (fo=64, routed)          1.558     5.079    debounce_inst/CLK
    SLICE_X10Y18         FDRE                                         r  debounce_inst/count_reg[4]/C
  -------------------------------------------------------------------    -------------------
    SLICE_X10Y18         FDRE (Prop_fdre_C_Q)         0.518     5.597 r  debounce_inst/count_reg[4]/Q
                         net (fo=2, routed)           0.812     6.410    debounce_inst/count_reg[4]
    SLICE_X11Y17         LUT5 (Prop_lut5_I3_O)        0.124     6.534 r  debounce_inst/FSM_sequential_cs[1]_i_6/O
                         net (fo=1, routed)           0.810     7.344    debounce_inst/FSM_sequential_cs[1]_i_6_n_0
    SLICE_X11Y19         LUT4 (Prop_lut4_I3_O)        0.124     7.468 r  debounce_inst/FSM_sequential_cs[1]_i_2/O
                         net (fo=3, routed)           1.129     8.597    debounce_inst/timerDone__17
    SLICE_X8Y17          LUT3 (Prop_lut3_I2_O)        0.156     8.753 r  debounce_inst/count[0]_i_1/O
                         net (fo=19, routed)          0.675     9.428    debounce_inst/count[0]_i_1_n_0
    SLICE_X10Y19         FDRE                                         r  debounce_inst/count_reg[10]/R
  -------------------------------------------------------------------    -------------------

                         (clock clk rise edge)       10.000    10.000 r  
    W5                                                0.000    10.000 r  clk (IN)
                         net (fo=0)                   0.000    10.000    clk
    W5                   IBUF (Prop_ibuf_I_O)         1.388    11.388 r  clk_IBUF_inst/O
                         net (fo=1, routed)           1.862    13.250    clk_IBUF
    BUFGCTRL_X0Y0        BUFG (Prop_bufg_I_O)         0.091    13.341 r  clk_IBUF_BUFG_inst/O
                         net (fo=64, routed)          1.440    14.781    debounce_inst/CLK
    SLICE_X10Y19         FDRE                                         r  debounce_inst/count_reg[10]/C
                         clock pessimism              0.273    15.054    
                         clock uncertainty           -0.035    15.019    
    SLICE_X10Y19         FDRE (Setup_fdre_C_R)       -0.755    14.264    debounce_inst/count_reg[10]
  -------------------------------------------------------------------
                         required time                         14.264    
                         arrival time                          -9.428    
  -------------------------------------------------------------------
                         slack                                  4.836    

Slack (MET) :             4.836ns  (required time - arrival time)
  Source:                 debounce_inst/count_reg[4]/C
                            (rising edge-triggered cell FDRE clocked by clk  {rise@0.000ns fall@5.000ns period=10.000ns})
  Destination:            debounce_inst/count_reg[11]/R
                            (rising edge-triggered cell FDRE clocked by clk  {rise@0.000ns fall@5.000ns period=10.000ns})
  Path Group:             clk
  Path Type:              Setup (Max at Slow Process Corner)
  Requirement:            10.000ns  (clk rise@10.000ns - clk rise@0.000ns)
  Data Path Delay:        4.349ns  (logic 0.922ns (21.201%)  route 3.427ns (78.799%))
  Logic Levels:           3  (LUT3=1 LUT4=1 LUT5=1)
  Clock Path Skew:        -0.025ns (DCD - SCD + CPR)
    Destination Clock Delay (DCD):    4.781ns = ( 14.781 - 10.000 ) 
    Source Clock Delay      (SCD):    5.079ns
    Clock Pessimism Removal (CPR):    0.273ns
  Clock Uncertainty:      0.035ns  ((TSJ^2 + TIJ^2)^1/2 + DJ) / 2 + PE
    Total System Jitter     (TSJ):    0.071ns
    Total Input Jitter      (TIJ):    0.000ns
    Discrete Jitter          (DJ):    0.000ns
    Phase Error              (PE):    0.000ns

    Location             Delay type                Incr(ns)  Path(ns)    Netlist Resource(s)
  -------------------------------------------------------------------    -------------------
                         (clock clk rise edge)        0.000     0.000 r  
    W5                                                0.000     0.000 r  clk (IN)
                         net (fo=0)                   0.000     0.000    clk
    W5                   IBUF (Prop_ibuf_I_O)         1.458     1.458 r  clk_IBUF_inst/O
                         net (fo=1, routed)           1.967     3.425    clk_IBUF
    BUFGCTRL_X0Y0        BUFG (Prop_bufg_I_O)         0.096     3.521 r  clk_IBUF_BUFG_inst/O
                         net (fo=64, routed)          1.558     5.079    debounce_inst/CLK
    SLICE_X10Y18         FDRE                                         r  debounce_inst/count_reg[4]/C
  -------------------------------------------------------------------    -------------------
    SLICE_X10Y18         FDRE (Prop_fdre_C_Q)         0.518     5.597 r  debounce_inst/count_reg[4]/Q
                         net (fo=2, routed)           0.812     6.410    debounce_inst/count_reg[4]
    SLICE_X11Y17         LUT5 (Prop_lut5_I3_O)        0.124     6.534 r  debounce_inst/FSM_sequential_cs[1]_i_6/O
                         net (fo=1, routed)           0.810     7.344    debounce_inst/FSM_sequential_cs[1]_i_6_n_0
    SLICE_X11Y19         LUT4 (Prop_lut4_I3_O)        0.124     7.468 r  debounce_inst/FSM_sequential_cs[1]_i_2/O
                         net (fo=3, routed)           1.129     8.597    debounce_inst/timerDone__17
    SLICE_X8Y17          LUT3 (Prop_lut3_I2_O)        0.156     8.753 r  debounce_inst/count[0]_i_1/O
                         net (fo=19, routed)          0.675     9.428    debounce_inst/count[0]_i_1_n_0
    SLICE_X10Y19         FDRE                                         r  debounce_inst/count_reg[11]/R
  -------------------------------------------------------------------    -------------------

                         (clock clk rise edge)       10.000    10.000 r  
    W5                                                0.000    10.000 r  clk (IN)
                         net (fo=0)                   0.000    10.000    clk
    W5                   IBUF (Prop_ibuf_I_O)         1.388    11.388 r  clk_IBUF_inst/O
                         net (fo=1, routed)           1.862    13.250    clk_IBUF
    BUFGCTRL_X0Y0        BUFG (Prop_bufg_I_O)         0.091    13.341 r  clk_IBUF_BUFG_inst/O
                         net (fo=64, routed)          1.440    14.781    debounce_inst/CLK
    SLICE_X10Y19         FDRE                                         r  debounce_inst/count_reg[11]/C
                         clock pessimism              0.273    15.054    
                         clock uncertainty           -0.035    15.019    
    SLICE_X10Y19         FDRE (Setup_fdre_C_R)       -0.755    14.264    debounce_inst/count_reg[11]
  -------------------------------------------------------------------
                         required time                         14.264    
                         arrival time                          -9.428    
  -------------------------------------------------------------------
                         slack                                  4.836    

Slack (MET) :             4.836ns  (required time - arrival time)
  Source:                 debounce_inst/count_reg[4]/C
                            (rising edge-triggered cell FDRE clocked by clk  {rise@0.000ns fall@5.000ns period=10.000ns})
  Destination:            debounce_inst/count_reg[8]/R
                            (rising edge-triggered cell FDRE clocked by clk  {rise@0.000ns fall@5.000ns period=10.000ns})
  Path Group:             clk
  Path Type:              Setup (Max at Slow Process Corner)
  Requirement:            10.000ns  (clk rise@10.000ns - clk rise@0.000ns)
  Data Path Delay:        4.349ns  (logic 0.922ns (21.201%)  route 3.427ns (78.799%))
  Logic Levels:           3  (LUT3=1 LUT4=1 LUT5=1)
  Clock Path Skew:        -0.025ns (DCD - SCD + CPR)
    Destination Clock Delay (DCD):    4.781ns = ( 14.781 - 10.000 ) 
    Source Clock Delay      (SCD):    5.079ns
    Clock Pessimism Removal (CPR):    0.273ns
  Clock Uncertainty:      0.035ns  ((TSJ^2 + TIJ^2)^1/2 + DJ) / 2 + PE
    Total System Jitter     (TSJ):    0.071ns
    Total Input Jitter      (TIJ):    0.000ns
    Discrete Jitter          (DJ):    0.000ns
    Phase Error              (PE):    0.000ns

    Location             Delay type                Incr(ns)  Path(ns)    Netlist Resource(s)
  -------------------------------------------------------------------    -------------------
                         (clock clk rise edge)        0.000     0.000 r  
    W5                                                0.000     0.000 r  clk (IN)
                         net (fo=0)                   0.000     0.000    clk
    W5                   IBUF (Prop_ibuf_I_O)         1.458     1.458 r  clk_IBUF_inst/O
                         net (fo=1, routed)           1.967     3.425    clk_IBUF
    BUFGCTRL_X0Y0        BUFG (Prop_bufg_I_O)         0.096     3.521 r  clk_IBUF_BUFG_inst/O
                         net (fo=64, routed)          1.558     5.079    debounce_inst/CLK
    SLICE_X10Y18         FDRE                                         r  debounce_inst/count_reg[4]/C
  -------------------------------------------------------------------    -------------------
    SLICE_X10Y18         FDRE (Prop_fdre_C_Q)         0.518     5.597 r  debounce_inst/count_reg[4]/Q
                         net (fo=2, routed)           0.812     6.410    debounce_inst/count_reg[4]
    SLICE_X11Y17         LUT5 (Prop_lut5_I3_O)        0.124     6.534 r  debounce_inst/FSM_sequential_cs[1]_i_6/O
                         net (fo=1, routed)           0.810     7.344    debounce_inst/FSM_sequential_cs[1]_i_6_n_0
    SLICE_X11Y19         LUT4 (Prop_lut4_I3_O)        0.124     7.468 r  debounce_inst/FSM_sequential_cs[1]_i_2/O
                         net (fo=3, routed)           1.129     8.597    debounce_inst/timerDone__17
    SLICE_X8Y17          LUT3 (Prop_lut3_I2_O)        0.156     8.753 r  debounce_inst/count[0]_i_1/O
                         net (fo=19, routed)          0.675     9.428    debounce_inst/count[0]_i_1_n_0
    SLICE_X10Y19         FDRE                                         r  debounce_inst/count_reg[8]/R
  -------------------------------------------------------------------    -------------------

                         (clock clk rise edge)       10.000    10.000 r  
    W5                                                0.000    10.000 r  clk (IN)
                         net (fo=0)                   0.000    10.000    clk
    W5                   IBUF (Prop_ibuf_I_O)         1.388    11.388 r  clk_IBUF_inst/O
                         net (fo=1, routed)           1.862    13.250    clk_IBUF
    BUFGCTRL_X0Y0        BUFG (Prop_bufg_I_O)         0.091    13.341 r  clk_IBUF_BUFG_inst/O
                         net (fo=64, routed)          1.440    14.781    debounce_inst/CLK
    SLICE_X10Y19         FDRE                                         r  debounce_inst/count_reg[8]/C
                         clock pessimism              0.273    15.054    
                         clock uncertainty           -0.035    15.019    
    SLICE_X10Y19         FDRE (Setup_fdre_C_R)       -0.755    14.264    debounce_inst/count_reg[8]
  -------------------------------------------------------------------
                         required time                         14.264    
                         arrival time                          -9.428    
  -------------------------------------------------------------------
                         slack                                  4.836    

Slack (MET) :             4.836ns  (required time - arrival time)
  Source:                 debounce_inst/count_reg[4]/C
                            (rising edge-triggered cell FDRE clocked by clk  {rise@0.000ns fall@5.000ns period=10.000ns})
  Destination:            debounce_inst/count_reg[9]/R
                            (rising edge-triggered cell FDRE clocked by clk  {rise@0.000ns fall@5.000ns period=10.000ns})
  Path Group:             clk
  Path Type:              Setup (Max at Slow Process Corner)
  Requirement:            10.000ns  (clk rise@10.000ns - clk rise@0.000ns)
  Data Path Delay:        4.349ns  (logic 0.922ns (21.201%)  route 3.427ns (78.799%))
  Logic Levels:           3  (LUT3=1 LUT4=1 LUT5=1)
  Clock Path Skew:        -0.025ns (DCD - SCD + CPR)
    Destination Clock Delay (DCD):    4.781ns = ( 14.781 - 10.000 ) 
    Source Clock Delay      (SCD):    5.079ns
    Clock Pessimism Removal (CPR):    0.273ns
  Clock Uncertainty:      0.035ns  ((TSJ^2 + TIJ^2)^1/2 + DJ) / 2 + PE
    Total System Jitter     (TSJ):    0.071ns
    Total Input Jitter      (TIJ):    0.000ns
    Discrete Jitter          (DJ):    0.000ns
    Phase Error              (PE):    0.000ns

    Location             Delay type                Incr(ns)  Path(ns)    Netlist Resource(s)
  -------------------------------------------------------------------    -------------------
                         (clock clk rise edge)        0.000     0.000 r  
    W5                                                0.000     0.000 r  clk (IN)
                         net (fo=0)                   0.000     0.000    clk
    W5                   IBUF (Prop_ibuf_I_O)         1.458     1.458 r  clk_IBUF_inst/O
                         net (fo=1, routed)           1.967     3.425    clk_IBUF
    BUFGCTRL_X0Y0        BUFG (Prop_bufg_I_O)         0.096     3.521 r  clk_IBUF_BUFG_inst/O
                         net (fo=64, routed)          1.558     5.079    debounce_inst/CLK
    SLICE_X10Y18         FDRE                                         r  debounce_inst/count_reg[4]/C
  -------------------------------------------------------------------    -------------------
    SLICE_X10Y18         FDRE (Prop_fdre_C_Q)         0.518     5.597 r  debounce_inst/count_reg[4]/Q
                         net (fo=2, routed)           0.812     6.410    debounce_inst/count_reg[4]
    SLICE_X11Y17         LUT5 (Prop_lut5_I3_O)        0.124     6.534 r  debounce_inst/FSM_sequential_cs[1]_i_6/O
                         net (fo=1, routed)           0.810     7.344    debounce_inst/FSM_sequential_cs[1]_i_6_n_0
    SLICE_X11Y19         LUT4 (Prop_lut4_I3_O)        0.124     7.468 r  debounce_inst/FSM_sequential_cs[1]_i_2/O
                         net (fo=3, routed)           1.129     8.597    debounce_inst/timerDone__17
    SLICE_X8Y17          LUT3 (Prop_lut3_I2_O)        0.156     8.753 r  debounce_inst/count[0]_i_1/O
                         net (fo=19, routed)          0.675     9.428    debounce_inst/count[0]_i_1_n_0
    SLICE_X10Y19         FDRE                                         r  debounce_inst/count_reg[9]/R
  -------------------------------------------------------------------    -------------------

                         (clock clk rise edge)       10.000    10.000 r  
    W5                                                0.000    10.000 r  clk (IN)
                         net (fo=0)                   0.000    10.000    clk
    W5                   IBUF (Prop_ibuf_I_O)         1.388    11.388 r  clk_IBUF_inst/O
                         net (fo=1, routed)           1.862    13.250    clk_IBUF
    BUFGCTRL_X0Y0        BUFG (Prop_bufg_I_O)         0.091    13.341 r  clk_IBUF_BUFG_inst/O
                         net (fo=64, routed)          1.440    14.781    debounce_inst/CLK
    SLICE_X10Y19         FDRE                                         r  debounce_inst/count_reg[9]/C
                         clock pessimism              0.273    15.054    
                         clock uncertainty           -0.035    15.019    
    SLICE_X10Y19         FDRE (Setup_fdre_C_R)       -0.755    14.264    debounce_inst/count_reg[9]
  -------------------------------------------------------------------
                         required time                         14.264    
                         arrival time                          -9.428    
  -------------------------------------------------------------------
                         slack                                  4.836    

Slack (MET) :             4.967ns  (required time - arrival time)
  Source:                 debounce_inst/count_reg[4]/C
                            (rising edge-triggered cell FDRE clocked by clk  {rise@0.000ns fall@5.000ns period=10.000ns})
  Destination:            debounce_inst/count_reg[16]/R
                            (rising edge-triggered cell FDRE clocked by clk  {rise@0.000ns fall@5.000ns period=10.000ns})
  Path Group:             clk
  Path Type:              Setup (Max at Slow Process Corner)
  Requirement:            10.000ns  (clk rise@10.000ns - clk rise@0.000ns)
  Data Path Delay:        4.217ns  (logic 0.922ns (21.863%)  route 3.295ns (78.137%))
  Logic Levels:           3  (LUT3=1 LUT4=1 LUT5=1)
  Clock Path Skew:        -0.026ns (DCD - SCD + CPR)
    Destination Clock Delay (DCD):    4.780ns = ( 14.780 - 10.000 ) 
    Source Clock Delay      (SCD):    5.079ns
    Clock Pessimism Removal (CPR):    0.273ns
  Clock Uncertainty:      0.035ns  ((TSJ^2 + TIJ^2)^1/2 + DJ) / 2 + PE
    Total System Jitter     (TSJ):    0.071ns
    Total Input Jitter      (TIJ):    0.000ns
    Discrete Jitter          (DJ):    0.000ns
    Phase Error              (PE):    0.000ns

    Location             Delay type                Incr(ns)  Path(ns)    Netlist Resource(s)
  -------------------------------------------------------------------    -------------------
                         (clock clk rise edge)        0.000     0.000 r  
    W5                                                0.000     0.000 r  clk (IN)
                         net (fo=0)                   0.000     0.000    clk
    W5                   IBUF (Prop_ibuf_I_O)         1.458     1.458 r  clk_IBUF_inst/O
                         net (fo=1, routed)           1.967     3.425    clk_IBUF
    BUFGCTRL_X0Y0        BUFG (Prop_bufg_I_O)         0.096     3.521 r  clk_IBUF_BUFG_inst/O
                         net (fo=64, routed)          1.558     5.079    debounce_inst/CLK
    SLICE_X10Y18         FDRE                                         r  debounce_inst/count_reg[4]/C
  -------------------------------------------------------------------    -------------------
    SLICE_X10Y18         FDRE (Prop_fdre_C_Q)         0.518     5.597 r  debounce_inst/count_reg[4]/Q
                         net (fo=2, routed)           0.812     6.410    debounce_inst/count_reg[4]
    SLICE_X11Y17         LUT5 (Prop_lut5_I3_O)        0.124     6.534 r  debounce_inst/FSM_sequential_cs[1]_i_6/O
                         net (fo=1, routed)           0.810     7.344    debounce_inst/FSM_sequential_cs[1]_i_6_n_0
    SLICE_X11Y19         LUT4 (Prop_lut4_I3_O)        0.124     7.468 r  debounce_inst/FSM_sequential_cs[1]_i_2/O
                         net (fo=3, routed)           1.129     8.597    debounce_inst/timerDone__17
    SLICE_X8Y17          LUT3 (Prop_lut3_I2_O)        0.156     8.753 r  debounce_inst/count[0]_i_1/O
                         net (fo=19, routed)          0.543     9.296    debounce_inst/count[0]_i_1_n_0
    SLICE_X10Y21         FDRE                                         r  debounce_inst/count_reg[16]/R
  -------------------------------------------------------------------    -------------------

                         (clock clk rise edge)       10.000    10.000 r  
    W5                                                0.000    10.000 r  clk (IN)
                         net (fo=0)                   0.000    10.000    clk
    W5                   IBUF (Prop_ibuf_I_O)         1.388    11.388 r  clk_IBUF_inst/O
                         net (fo=1, routed)           1.862    13.250    clk_IBUF
    BUFGCTRL_X0Y0        BUFG (Prop_bufg_I_O)         0.091    13.341 r  clk_IBUF_BUFG_inst/O
                         net (fo=64, routed)          1.439    14.780    debounce_inst/CLK
    SLICE_X10Y21         FDRE                                         r  debounce_inst/count_reg[16]/C
                         clock pessimism              0.273    15.053    
                         clock uncertainty           -0.035    15.018    
    SLICE_X10Y21         FDRE (Setup_fdre_C_R)       -0.755    14.263    debounce_inst/count_reg[16]
  -------------------------------------------------------------------
                         required time                         14.263    
                         arrival time                          -9.296    
  -------------------------------------------------------------------
                         slack                                  4.967    

Slack (MET) :             4.967ns  (required time - arrival time)
  Source:                 debounce_inst/count_reg[4]/C
                            (rising edge-triggered cell FDRE clocked by clk  {rise@0.000ns fall@5.000ns period=10.000ns})
  Destination:            debounce_inst/count_reg[17]/R
                            (rising edge-triggered cell FDRE clocked by clk  {rise@0.000ns fall@5.000ns period=10.000ns})
  Path Group:             clk
  Path Type:              Setup (Max at Slow Process Corner)
  Requirement:            10.000ns  (clk rise@10.000ns - clk rise@0.000ns)
  Data Path Delay:        4.217ns  (logic 0.922ns (21.863%)  route 3.295ns (78.137%))
  Logic Levels:           3  (LUT3=1 LUT4=1 LUT5=1)
  Clock Path Skew:        -0.026ns (DCD - SCD + CPR)
    Destination Clock Delay (DCD):    4.780ns = ( 14.780 - 10.000 ) 
    Source Clock Delay      (SCD):    5.079ns
    Clock Pessimism Removal (CPR):    0.273ns
  Clock Uncertainty:      0.035ns  ((TSJ^2 + TIJ^2)^1/2 + DJ) / 2 + PE
    Total System Jitter     (TSJ):    0.071ns
    Total Input Jitter      (TIJ):    0.000ns
    Discrete Jitter          (DJ):    0.000ns
    Phase Error              (PE):    0.000ns

    Location             Delay type                Incr(ns)  Path(ns)    Netlist Resource(s)
  -------------------------------------------------------------------    -------------------
                         (clock clk rise edge)        0.000     0.000 r  
    W5                                                0.000     0.000 r  clk (IN)
                         net (fo=0)                   0.000     0.000    clk
    W5                   IBUF (Prop_ibuf_I_O)         1.458     1.458 r  clk_IBUF_inst/O
                         net (fo=1, routed)           1.967     3.425    clk_IBUF
    BUFGCTRL_X0Y0        BUFG (Prop_bufg_I_O)         0.096     3.521 r  clk_IBUF_BUFG_inst/O
                         net (fo=64, routed)          1.558     5.079    debounce_inst/CLK
    SLICE_X10Y18         FDRE                                         r  debounce_inst/count_reg[4]/C
  -------------------------------------------------------------------    -------------------
    SLICE_X10Y18         FDRE (Prop_fdre_C_Q)         0.518     5.597 r  debounce_inst/count_reg[4]/Q
                         net (fo=2, routed)           0.812     6.410    debounce_inst/count_reg[4]
    SLICE_X11Y17         LUT5 (Prop_lut5_I3_O)        0.124     6.534 r  debounce_inst/FSM_sequential_cs[1]_i_6/O
                         net (fo=1, routed)           0.810     7.344    debounce_inst/FSM_sequential_cs[1]_i_6_n_0
    SLICE_X11Y19         LUT4 (Prop_lut4_I3_O)        0.124     7.468 r  debounce_inst/FSM_sequential_cs[1]_i_2/O
                         net (fo=3, routed)           1.129     8.597    debounce_inst/timerDone__17
    SLICE_X8Y17          LUT3 (Prop_lut3_I2_O)        0.156     8.753 r  debounce_inst/count[0]_i_1/O
                         net (fo=19, routed)          0.543     9.296    debounce_inst/count[0]_i_1_n_0
    SLICE_X10Y21         FDRE                                         r  debounce_inst/count_reg[17]/R
  -------------------------------------------------------------------    -------------------

                         (clock clk rise edge)       10.000    10.000 r  
    W5                                                0.000    10.000 r  clk (IN)
                         net (fo=0)                   0.000    10.000    clk
    W5                   IBUF (Prop_ibuf_I_O)         1.388    11.388 r  clk_IBUF_inst/O
                         net (fo=1, routed)           1.862    13.250    clk_IBUF
    BUFGCTRL_X0Y0        BUFG (Prop_bufg_I_O)         0.091    13.341 r  clk_IBUF_BUFG_inst/O
                         net (fo=64, routed)          1.439    14.780    debounce_inst/CLK
    SLICE_X10Y21         FDRE                                         r  debounce_inst/count_reg[17]/C
                         clock pessimism              0.273    15.053    
                         clock uncertainty           -0.035    15.018    
    SLICE_X10Y21         FDRE (Setup_fdre_C_R)       -0.755    14.263    debounce_inst/count_reg[17]
  -------------------------------------------------------------------
                         required time                         14.263    
                         arrival time                          -9.296    
  -------------------------------------------------------------------
                         slack                                  4.967    





Min Delay Paths
--------------------------------------------------------------------------------------
Slack (MET) :             0.204ns  (arrival time - required time)
  Source:                 btnc_r_reg/C
                            (rising edge-triggered cell FDRE clocked by clk  {rise@0.000ns fall@5.000ns period=10.000ns})
  Destination:            btnc_r2_reg/D
                            (rising edge-triggered cell FDRE clocked by clk  {rise@0.000ns fall@5.000ns period=10.000ns})
  Path Group:             clk
  Path Type:              Hold (Min at Fast Process Corner)
  Requirement:            0.000ns  (clk rise@0.000ns - clk rise@0.000ns)
  Data Path Delay:        0.276ns  (logic 0.164ns (59.419%)  route 0.112ns (40.581%))
  Logic Levels:           0  
  Clock Path Skew:        0.013ns (DCD - SCD - CPR)
    Destination Clock Delay (DCD):    1.956ns
    Source Clock Delay      (SCD):    1.445ns
    Clock Pessimism Removal (CPR):    0.498ns

    Location             Delay type                Incr(ns)  Path(ns)    Netlist Resource(s)
  -------------------------------------------------------------------    -------------------
                         (clock clk rise edge)        0.000     0.000 r  
    W5                                                0.000     0.000 r  clk (IN)
                         net (fo=0)                   0.000     0.000    clk
    W5                   IBUF (Prop_ibuf_I_O)         0.226     0.226 r  clk_IBUF_inst/O
                         net (fo=1, routed)           0.631     0.858    clk_IBUF
    BUFGCTRL_X0Y0        BUFG (Prop_bufg_I_O)         0.026     0.884 r  clk_IBUF_BUFG_inst/O
                         net (fo=64, routed)          0.562     1.445    clk_IBUF_BUFG
    SLICE_X8Y15          FDRE                                         r  btnc_r_reg/C
  -------------------------------------------------------------------    -------------------
    SLICE_X8Y15          FDRE (Prop_fdre_C_Q)         0.164     1.609 r  btnc_r_reg/Q
                         net (fo=1, routed)           0.112     1.721    btnc_r
    SLICE_X8Y16          FDRE                                         r  btnc_r2_reg/D
  -------------------------------------------------------------------    -------------------

                         (clock clk rise edge)        0.000     0.000 r  
    W5                                                0.000     0.000 r  clk (IN)
                         net (fo=0)                   0.000     0.000    clk
    W5                   IBUF (Prop_ibuf_I_O)         0.414     0.414 r  clk_IBUF_inst/O
                         net (fo=1, routed)           0.685     1.099    clk_IBUF
    BUFGCTRL_X0Y0        BUFG (Prop_bufg_I_O)         0.029     1.128 r  clk_IBUF_BUFG_inst/O
                         net (fo=64, routed)          0.829     1.956    clk_IBUF_BUFG
    SLICE_X8Y16          FDRE                                         r  btnc_r2_reg/C
                         clock pessimism             -0.498     1.458    
    SLICE_X8Y16          FDRE (Hold_fdre_C_D)         0.059     1.517    btnc_r2_reg
  -------------------------------------------------------------------
                         required time                         -1.517    
                         arrival time                           1.721    
  -------------------------------------------------------------------
                         slack                                  0.204    

Slack (MET) :             0.212ns  (arrival time - required time)
  Source:                 debounce_inst/FSM_sequential_cs_reg[1]/C
                            (rising edge-triggered cell FDRE clocked by clk  {rise@0.000ns fall@5.000ns period=10.000ns})
  Destination:            tx_inst/FSM_onehot_cs_reg[0]/D
                            (rising edge-triggered cell FDSE clocked by clk  {rise@0.000ns fall@5.000ns period=10.000ns})
  Path Group:             clk
  Path Type:              Hold (Min at Fast Process Corner)
  Requirement:            0.000ns  (clk rise@0.000ns - clk rise@0.000ns)
  Data Path Delay:        0.333ns  (logic 0.246ns (73.912%)  route 0.087ns (26.088%))
  Logic Levels:           1  (LUT3=1)
  Clock Path Skew:        0.000ns (DCD - SCD - CPR)
    Destination Clock Delay (DCD):    1.955ns
    Source Clock Delay      (SCD):    1.443ns
    Clock Pessimism Removal (CPR):    0.512ns

    Location             Delay type                Incr(ns)  Path(ns)    Netlist Resource(s)
  -------------------------------------------------------------------    -------------------
                         (clock clk rise edge)        0.000     0.000 r  
    W5                                                0.000     0.000 r  clk (IN)
                         net (fo=0)                   0.000     0.000    clk
    W5                   IBUF (Prop_ibuf_I_O)         0.226     0.226 r  clk_IBUF_inst/O
                         net (fo=1, routed)           0.631     0.858    clk_IBUF
    BUFGCTRL_X0Y0        BUFG (Prop_bufg_I_O)         0.026     0.884 r  clk_IBUF_BUFG_inst/O
                         net (fo=64, routed)          0.560     1.443    debounce_inst/CLK
    SLICE_X8Y17          FDRE                                         r  debounce_inst/FSM_sequential_cs_reg[1]/C
  -------------------------------------------------------------------    -------------------
    SLICE_X8Y17          FDRE (Prop_fdre_C_Q)         0.148     1.591 f  debounce_inst/FSM_sequential_cs_reg[1]/Q
                         net (fo=5, routed)           0.087     1.678    tx_inst/Q[0]
    SLICE_X8Y17          LUT3 (Prop_lut3_I1_O)        0.098     1.776 r  tx_inst/FSM_onehot_cs[0]_i_1/O
                         net (fo=1, routed)           0.000     1.776    tx_inst/FSM_onehot_cs[0]_i_1_n_0
    SLICE_X8Y17          FDSE                                         r  tx_inst/FSM_onehot_cs_reg[0]/D
  -------------------------------------------------------------------    -------------------

                         (clock clk rise edge)        0.000     0.000 r  
    W5                                                0.000     0.000 r  clk (IN)
                         net (fo=0)                   0.000     0.000    clk
    W5                   IBUF (Prop_ibuf_I_O)         0.414     0.414 r  clk_IBUF_inst/O
                         net (fo=1, routed)           0.685     1.099    clk_IBUF
    BUFGCTRL_X0Y0        BUFG (Prop_bufg_I_O)         0.029     1.128 r  clk_IBUF_BUFG_inst/O
                         net (fo=64, routed)          0.828     1.955    tx_inst/CLK
    SLICE_X8Y17          FDSE                                         r  tx_inst/FSM_onehot_cs_reg[0]/C
                         clock pessimism             -0.512     1.443    
    SLICE_X8Y17          FDSE (Hold_fdse_C_D)         0.121     1.564    tx_inst/FSM_onehot_cs_reg[0]
  -------------------------------------------------------------------
                         required time                         -1.564    
                         arrival time                           1.776    
  -------------------------------------------------------------------
                         slack                                  0.212    

Slack (MET) :             0.239ns  (arrival time - required time)
  Source:                 tx_inst/FSM_onehot_cs_reg[2]/C
                            (rising edge-triggered cell FDRE clocked by clk  {rise@0.000ns fall@5.000ns period=10.000ns})
  Destination:            tx_inst/FSM_onehot_cs_reg[2]/D
                            (rising edge-triggered cell FDRE clocked by clk  {rise@0.000ns fall@5.000ns period=10.000ns})
  Path Group:             clk
  Path Type:              Hold (Min at Fast Process Corner)
  Requirement:            0.000ns  (clk rise@0.000ns - clk rise@0.000ns)
  Data Path Delay:        0.331ns  (logic 0.186ns (56.171%)  route 0.145ns (43.829%))
  Logic Levels:           1  (LUT6=1)
  Clock Path Skew:        0.000ns (DCD - SCD - CPR)
    Destination Clock Delay (DCD):    1.955ns
    Source Clock Delay      (SCD):    1.443ns
    Clock Pessimism Removal (CPR):    0.512ns

    Location             Delay type                Incr(ns)  Path(ns)    Netlist Resource(s)
  -------------------------------------------------------------------    -------------------
                         (clock clk rise edge)        0.000     0.000 r  
    W5                                                0.000     0.000 r  clk (IN)
                         net (fo=0)                   0.000     0.000    clk
    W5                   IBUF (Prop_ibuf_I_O)         0.226     0.226 r  clk_IBUF_inst/O
                         net (fo=1, routed)           0.631     0.858    clk_IBUF
    BUFGCTRL_X0Y0        BUFG (Prop_bufg_I_O)         0.026     0.884 r  clk_IBUF_BUFG_inst/O
                         net (fo=64, routed)          0.560     1.443    tx_inst/CLK
    SLICE_X11Y17         FDRE                                         r  tx_inst/FSM_onehot_cs_reg[2]/C
  -------------------------------------------------------------------    -------------------
    SLICE_X11Y17         FDRE (Prop_fdre_C_Q)         0.141     1.584 r  tx_inst/FSM_onehot_cs_reg[2]/Q
                         net (fo=5, routed)           0.145     1.729    tx_inst/dataBit
    SLICE_X11Y17         LUT6 (Prop_lut6_I5_O)        0.045     1.774 r  tx_inst/FSM_onehot_cs[2]_i_1/O
                         net (fo=1, routed)           0.000     1.774    tx_inst/FSM_onehot_cs[2]_i_1_n_0
    SLICE_X11Y17         FDRE                                         r  tx_inst/FSM_onehot_cs_reg[2]/D
  -------------------------------------------------------------------    -------------------

                         (clock clk rise edge)        0.000     0.000 r  
    W5                                                0.000     0.000 r  clk (IN)
                         net (fo=0)                   0.000     0.000    clk
    W5                   IBUF (Prop_ibuf_I_O)         0.414     0.414 r  clk_IBUF_inst/O
                         net (fo=1, routed)           0.685     1.099    clk_IBUF
    BUFGCTRL_X0Y0        BUFG (Prop_bufg_I_O)         0.029     1.128 r  clk_IBUF_BUFG_inst/O
                         net (fo=64, routed)          0.828     1.955    tx_inst/CLK
    SLICE_X11Y17         FDRE                                         r  tx_inst/FSM_onehot_cs_reg[2]/C
                         clock pessimism             -0.512     1.443    
    SLICE_X11Y17         FDRE (Hold_fdre_C_D)         0.092     1.535    tx_inst/FSM_onehot_cs_reg[2]
  -------------------------------------------------------------------
                         required time                         -1.535    
                         arrival time                           1.774    
  -------------------------------------------------------------------
                         slack                                  0.239    

Slack (MET) :             0.245ns  (arrival time - required time)
  Source:                 tx_inst/bitnum_reg[1]/C
                            (rising edge-triggered cell FDRE clocked by clk  {rise@0.000ns fall@5.000ns period=10.000ns})
  Destination:            tx_inst/FSM_onehot_cs_reg[3]/D
                            (rising edge-triggered cell FDRE clocked by clk  {rise@0.000ns fall@5.000ns period=10.000ns})
  Path Group:             clk
  Path Type:              Hold (Min at Fast Process Corner)
  Requirement:            0.000ns  (clk rise@0.000ns - clk rise@0.000ns)
  Data Path Delay:        0.370ns  (logic 0.186ns (50.239%)  route 0.184ns (49.761%))
  Logic Levels:           1  (LUT6=1)
  Clock Path Skew:        0.034ns (DCD - SCD - CPR)
    Destination Clock Delay (DCD):    1.955ns
    Source Clock Delay      (SCD):    1.443ns
    Clock Pessimism Removal (CPR):    0.478ns

    Location             Delay type                Incr(ns)  Path(ns)    Netlist Resource(s)
  -------------------------------------------------------------------    -------------------
                         (clock clk rise edge)        0.000     0.000 r  
    W5                                                0.000     0.000 r  clk (IN)
                         net (fo=0)                   0.000     0.000    clk
    W5                   IBUF (Prop_ibuf_I_O)         0.226     0.226 r  clk_IBUF_inst/O
                         net (fo=1, routed)           0.631     0.858    clk_IBUF
    BUFGCTRL_X0Y0        BUFG (Prop_bufg_I_O)         0.026     0.884 r  clk_IBUF_BUFG_inst/O
                         net (fo=64, routed)          0.560     1.443    tx_inst/CLK
    SLICE_X9Y17          FDRE                                         r  tx_inst/bitnum_reg[1]/C
  -------------------------------------------------------------------    -------------------
    SLICE_X9Y17          FDRE (Prop_fdre_C_Q)         0.141     1.584 r  tx_inst/bitnum_reg[1]/Q
                         net (fo=7, routed)           0.184     1.768    tx_inst/bitnum_reg_n_0_[1]
    SLICE_X11Y17         LUT6 (Prop_lut6_I0_O)        0.045     1.813 r  tx_inst/FSM_onehot_cs[3]_i_1/O
                         net (fo=1, routed)           0.000     1.813    tx_inst/FSM_onehot_cs[3]_i_1_n_0
    SLICE_X11Y17         FDRE                                         r  tx_inst/FSM_onehot_cs_reg[3]/D
  -------------------------------------------------------------------    -------------------

                         (clock clk rise edge)        0.000     0.000 r  
    W5                                                0.000     0.000 r  clk (IN)
                         net (fo=0)                   0.000     0.000    clk
    W5                   IBUF (Prop_ibuf_I_O)         0.414     0.414 r  clk_IBUF_inst/O
                         net (fo=1, routed)           0.685     1.099    clk_IBUF
    BUFGCTRL_X0Y0        BUFG (Prop_bufg_I_O)         0.029     1.128 r  clk_IBUF_BUFG_inst/O
                         net (fo=64, routed)          0.828     1.955    tx_inst/CLK
    SLICE_X11Y17         FDRE                                         r  tx_inst/FSM_onehot_cs_reg[3]/C
                         clock pessimism             -0.478     1.477    
    SLICE_X11Y17         FDRE (Hold_fdre_C_D)         0.091     1.568    tx_inst/FSM_onehot_cs_reg[3]
  -------------------------------------------------------------------
                         required time                         -1.568    
                         arrival time                           1.813    
  -------------------------------------------------------------------
                         slack                                  0.245    

Slack (MET) :             0.254ns  (arrival time - required time)
  Source:                 SSC/count_val_reg[10]/C
                            (rising edge-triggered cell FDRE clocked by clk  {rise@0.000ns fall@5.000ns period=10.000ns})
  Destination:            SSC/count_val_reg[10]/D
                            (rising edge-triggered cell FDRE clocked by clk  {rise@0.000ns fall@5.000ns period=10.000ns})
  Path Group:             clk
  Path Type:              Hold (Min at Fast Process Corner)
  Requirement:            0.000ns  (clk rise@0.000ns - clk rise@0.000ns)
  Data Path Delay:        0.388ns  (logic 0.274ns (70.550%)  route 0.114ns (29.450%))
  Logic Levels:           1  (CARRY4=1)
  Clock Path Skew:        0.000ns (DCD - SCD - CPR)
    Destination Clock Delay (DCD):    1.957ns
    Source Clock Delay      (SCD):    1.445ns
    Clock Pessimism Removal (CPR):    0.512ns

    Location             Delay type                Incr(ns)  Path(ns)    Netlist Resource(s)
  -------------------------------------------------------------------    -------------------
                         (clock clk rise edge)        0.000     0.000 r  
    W5                                                0.000     0.000 r  clk (IN)
                         net (fo=0)                   0.000     0.000    clk
    W5                   IBUF (Prop_ibuf_I_O)         0.226     0.226 r  clk_IBUF_inst/O
                         net (fo=1, routed)           0.631     0.858    clk_IBUF
    BUFGCTRL_X0Y0        BUFG (Prop_bufg_I_O)         0.026     0.884 r  clk_IBUF_BUFG_inst/O
                         net (fo=64, routed)          0.562     1.445    SSC/CLK
    SLICE_X12Y15         FDRE                                         r  SSC/count_val_reg[10]/C
  -------------------------------------------------------------------    -------------------
    SLICE_X12Y15         FDRE (Prop_fdre_C_Q)         0.164     1.609 r  SSC/count_val_reg[10]/Q
                         net (fo=1, routed)           0.114     1.724    SSC/count_val_reg_n_0_[10]
    SLICE_X12Y15         CARRY4 (Prop_carry4_S[2]_O[2])
                                                      0.110     1.834 r  SSC/count_val_reg[8]_i_1/O[2]
                         net (fo=1, routed)           0.000     1.834    SSC/count_val_reg[8]_i_1_n_5
    SLICE_X12Y15         FDRE                                         r  SSC/count_val_reg[10]/D
  -------------------------------------------------------------------    -------------------

                         (clock clk rise edge)        0.000     0.000 r  
    W5                                                0.000     0.000 r  clk (IN)
                         net (fo=0)                   0.000     0.000    clk
    W5                   IBUF (Prop_ibuf_I_O)         0.414     0.414 r  clk_IBUF_inst/O
                         net (fo=1, routed)           0.685     1.099    clk_IBUF
    BUFGCTRL_X0Y0        BUFG (Prop_bufg_I_O)         0.029     1.128 r  clk_IBUF_BUFG_inst/O
                         net (fo=64, routed)          0.830     1.957    SSC/CLK
    SLICE_X12Y15         FDRE                                         r  SSC/count_val_reg[10]/C
                         clock pessimism             -0.512     1.445    
    SLICE_X12Y15         FDRE (Hold_fdre_C_D)         0.134     1.579    SSC/count_val_reg[10]
  -------------------------------------------------------------------
                         required time                         -1.579    
                         arrival time                           1.834    
  -------------------------------------------------------------------
                         slack                                  0.254    

Slack (MET) :             0.254ns  (arrival time - required time)
  Source:                 SSC/count_val_reg[14]/C
                            (rising edge-triggered cell FDRE clocked by clk  {rise@0.000ns fall@5.000ns period=10.000ns})
  Destination:            SSC/count_val_reg[14]/D
                            (rising edge-triggered cell FDRE clocked by clk  {rise@0.000ns fall@5.000ns period=10.000ns})
  Path Group:             clk
  Path Type:              Hold (Min at Fast Process Corner)
  Requirement:            0.000ns  (clk rise@0.000ns - clk rise@0.000ns)
  Data Path Delay:        0.388ns  (logic 0.274ns (70.550%)  route 0.114ns (29.450%))
  Logic Levels:           1  (CARRY4=1)
  Clock Path Skew:        0.000ns (DCD - SCD - CPR)
    Destination Clock Delay (DCD):    1.956ns
    Source Clock Delay      (SCD):    1.444ns
    Clock Pessimism Removal (CPR):    0.512ns

    Location             Delay type                Incr(ns)  Path(ns)    Netlist Resource(s)
  -------------------------------------------------------------------    -------------------
                         (clock clk rise edge)        0.000     0.000 r  
    W5                                                0.000     0.000 r  clk (IN)
                         net (fo=0)                   0.000     0.000    clk
    W5                   IBUF (Prop_ibuf_I_O)         0.226     0.226 r  clk_IBUF_inst/O
                         net (fo=1, routed)           0.631     0.858    clk_IBUF
    BUFGCTRL_X0Y0        BUFG (Prop_bufg_I_O)         0.026     0.884 r  clk_IBUF_BUFG_inst/O
                         net (fo=64, routed)          0.561     1.444    SSC/CLK
    SLICE_X12Y16         FDRE                                         r  SSC/count_val_reg[14]/C
  -------------------------------------------------------------------    -------------------
    SLICE_X12Y16         FDRE (Prop_fdre_C_Q)         0.164     1.608 r  SSC/count_val_reg[14]/Q
                         net (fo=1, routed)           0.114     1.723    SSC/count_val_reg_n_0_[14]
    SLICE_X12Y16         CARRY4 (Prop_carry4_S[2]_O[2])
                                                      0.110     1.833 r  SSC/count_val_reg[12]_i_1/O[2]
                         net (fo=1, routed)           0.000     1.833    SSC/count_val_reg[12]_i_1_n_5
    SLICE_X12Y16         FDRE                                         r  SSC/count_val_reg[14]/D
  -------------------------------------------------------------------    -------------------

                         (clock clk rise edge)        0.000     0.000 r  
    W5                                                0.000     0.000 r  clk (IN)
                         net (fo=0)                   0.000     0.000    clk
    W5                   IBUF (Prop_ibuf_I_O)         0.414     0.414 r  clk_IBUF_inst/O
                         net (fo=1, routed)           0.685     1.099    clk_IBUF
    BUFGCTRL_X0Y0        BUFG (Prop_bufg_I_O)         0.029     1.128 r  clk_IBUF_BUFG_inst/O
                         net (fo=64, routed)          0.829     1.956    SSC/CLK
    SLICE_X12Y16         FDRE                                         r  SSC/count_val_reg[14]/C
                         clock pessimism             -0.512     1.444    
    SLICE_X12Y16         FDRE (Hold_fdre_C_D)         0.134     1.578    SSC/count_val_reg[14]
  -------------------------------------------------------------------
                         required time                         -1.578    
                         arrival time                           1.833    
  -------------------------------------------------------------------
                         slack                                  0.254    

Slack (MET) :             0.254ns  (arrival time - required time)
  Source:                 SSC/count_val_reg[2]/C
                            (rising edge-triggered cell FDRE clocked by clk  {rise@0.000ns fall@5.000ns period=10.000ns})
  Destination:            SSC/count_val_reg[2]/D
                            (rising edge-triggered cell FDRE clocked by clk  {rise@0.000ns fall@5.000ns period=10.000ns})
  Path Group:             clk
  Path Type:              Hold (Min at Fast Process Corner)
  Requirement:            0.000ns  (clk rise@0.000ns - clk rise@0.000ns)
  Data Path Delay:        0.388ns  (logic 0.274ns (70.550%)  route 0.114ns (29.450%))
  Logic Levels:           1  (CARRY4=1)
  Clock Path Skew:        0.000ns (DCD - SCD - CPR)
    Destination Clock Delay (DCD):    1.958ns
    Source Clock Delay      (SCD):    1.445ns
    Clock Pessimism Removal (CPR):    0.513ns

    Location             Delay type                Incr(ns)  Path(ns)    Netlist Resource(s)
  -------------------------------------------------------------------    -------------------
                         (clock clk rise edge)        0.000     0.000 r  
    W5                                                0.000     0.000 r  clk (IN)
                         net (fo=0)                   0.000     0.000    clk
    W5                   IBUF (Prop_ibuf_I_O)         0.226     0.226 r  clk_IBUF_inst/O
                         net (fo=1, routed)           0.631     0.858    clk_IBUF
    BUFGCTRL_X0Y0        BUFG (Prop_bufg_I_O)         0.026     0.884 r  clk_IBUF_BUFG_inst/O
                         net (fo=64, routed)          0.562     1.445    SSC/CLK
    SLICE_X12Y13         FDRE                                         r  SSC/count_val_reg[2]/C
  -------------------------------------------------------------------    -------------------
    SLICE_X12Y13         FDRE (Prop_fdre_C_Q)         0.164     1.609 r  SSC/count_val_reg[2]/Q
                         net (fo=1, routed)           0.114     1.724    SSC/count_val_reg_n_0_[2]
    SLICE_X12Y13         CARRY4 (Prop_carry4_S[2]_O[2])
                                                      0.110     1.834 r  SSC/count_val_reg[0]_i_1/O[2]
                         net (fo=1, routed)           0.000     1.834    SSC/count_val_reg[0]_i_1_n_5
    SLICE_X12Y13         FDRE                                         r  SSC/count_val_reg[2]/D
  -------------------------------------------------------------------    -------------------

                         (clock clk rise edge)        0.000     0.000 r  
    W5                                                0.000     0.000 r  clk (IN)
                         net (fo=0)                   0.000     0.000    clk
    W5                   IBUF (Prop_ibuf_I_O)         0.414     0.414 r  clk_IBUF_inst/O
                         net (fo=1, routed)           0.685     1.099    clk_IBUF
    BUFGCTRL_X0Y0        BUFG (Prop_bufg_I_O)         0.029     1.128 r  clk_IBUF_BUFG_inst/O
                         net (fo=64, routed)          0.831     1.958    SSC/CLK
    SLICE_X12Y13         FDRE                                         r  SSC/count_val_reg[2]/C
                         clock pessimism             -0.513     1.445    
    SLICE_X12Y13         FDRE (Hold_fdre_C_D)         0.134     1.579    SSC/count_val_reg[2]
  -------------------------------------------------------------------
                         required time                         -1.579    
                         arrival time                           1.834    
  -------------------------------------------------------------------
                         slack                                  0.254    

Slack (MET) :             0.254ns  (arrival time - required time)
  Source:                 SSC/count_val_reg[6]/C
                            (rising edge-triggered cell FDRE clocked by clk  {rise@0.000ns fall@5.000ns period=10.000ns})
  Destination:            SSC/count_val_reg[6]/D
                            (rising edge-triggered cell FDRE clocked by clk  {rise@0.000ns fall@5.000ns period=10.000ns})
  Path Group:             clk
  Path Type:              Hold (Min at Fast Process Corner)
  Requirement:            0.000ns  (clk rise@0.000ns - clk rise@0.000ns)
  Data Path Delay:        0.388ns  (logic 0.274ns (70.550%)  route 0.114ns (29.450%))
  Logic Levels:           1  (CARRY4=1)
  Clock Path Skew:        0.000ns (DCD - SCD - CPR)
    Destination Clock Delay (DCD):    1.958ns
    Source Clock Delay      (SCD):    1.445ns
    Clock Pessimism Removal (CPR):    0.513ns

    Location             Delay type                Incr(ns)  Path(ns)    Netlist Resource(s)
  -------------------------------------------------------------------    -------------------
                         (clock clk rise edge)        0.000     0.000 r  
    W5                                                0.000     0.000 r  clk (IN)
                         net (fo=0)                   0.000     0.000    clk
    W5                   IBUF (Prop_ibuf_I_O)         0.226     0.226 r  clk_IBUF_inst/O
                         net (fo=1, routed)           0.631     0.858    clk_IBUF
    BUFGCTRL_X0Y0        BUFG (Prop_bufg_I_O)         0.026     0.884 r  clk_IBUF_BUFG_inst/O
                         net (fo=64, routed)          0.562     1.445    SSC/CLK
    SLICE_X12Y14         FDRE                                         r  SSC/count_val_reg[6]/C
  -------------------------------------------------------------------    -------------------
    SLICE_X12Y14         FDRE (Prop_fdre_C_Q)         0.164     1.609 r  SSC/count_val_reg[6]/Q
                         net (fo=1, routed)           0.114     1.724    SSC/count_val_reg_n_0_[6]
    SLICE_X12Y14         CARRY4 (Prop_carry4_S[2]_O[2])
                                                      0.110     1.834 r  SSC/count_val_reg[4]_i_1/O[2]
                         net (fo=1, routed)           0.000     1.834    SSC/count_val_reg[4]_i_1_n_5
    SLICE_X12Y14         FDRE                                         r  SSC/count_val_reg[6]/D
  -------------------------------------------------------------------    -------------------

                         (clock clk rise edge)        0.000     0.000 r  
    W5                                                0.000     0.000 r  clk (IN)
                         net (fo=0)                   0.000     0.000    clk
    W5                   IBUF (Prop_ibuf_I_O)         0.414     0.414 r  clk_IBUF_inst/O
                         net (fo=1, routed)           0.685     1.099    clk_IBUF
    BUFGCTRL_X0Y0        BUFG (Prop_bufg_I_O)         0.029     1.128 r  clk_IBUF_BUFG_inst/O
                         net (fo=64, routed)          0.831     1.958    SSC/CLK
    SLICE_X12Y14         FDRE                                         r  SSC/count_val_reg[6]/C
                         clock pessimism             -0.513     1.445    
    SLICE_X12Y14         FDRE (Hold_fdre_C_D)         0.134     1.579    SSC/count_val_reg[6]
  -------------------------------------------------------------------
                         required time                         -1.579    
                         arrival time                           1.834    
  -------------------------------------------------------------------
                         slack                                  0.254    

Slack (MET) :             0.265ns  (arrival time - required time)
  Source:                 debounce_inst/count_reg[2]/C
                            (rising edge-triggered cell FDRE clocked by clk  {rise@0.000ns fall@5.000ns period=10.000ns})
  Destination:            debounce_inst/count_reg[2]/D
                            (rising edge-triggered cell FDRE clocked by clk  {rise@0.000ns fall@5.000ns period=10.000ns})
  Path Group:             clk
  Path Type:              Hold (Min at Fast Process Corner)
  Requirement:            0.000ns  (clk rise@0.000ns - clk rise@0.000ns)
  Data Path Delay:        0.399ns  (logic 0.274ns (68.589%)  route 0.125ns (31.411%))
  Logic Levels:           1  (CARRY4=1)
  Clock Path Skew:        0.000ns (DCD - SCD - CPR)
    Destination Clock Delay (DCD):    1.955ns
    Source Clock Delay      (SCD):    1.443ns
    Clock Pessimism Removal (CPR):    0.512ns

    Location             Delay type                Incr(ns)  Path(ns)    Netlist Resource(s)
  -------------------------------------------------------------------    -------------------
                         (clock clk rise edge)        0.000     0.000 r  
    W5                                                0.000     0.000 r  clk (IN)
                         net (fo=0)                   0.000     0.000    clk
    W5                   IBUF (Prop_ibuf_I_O)         0.226     0.226 r  clk_IBUF_inst/O
                         net (fo=1, routed)           0.631     0.858    clk_IBUF
    BUFGCTRL_X0Y0        BUFG (Prop_bufg_I_O)         0.026     0.884 r  clk_IBUF_BUFG_inst/O
                         net (fo=64, routed)          0.560     1.443    debounce_inst/CLK
    SLICE_X10Y17         FDRE                                         r  debounce_inst/count_reg[2]/C
  -------------------------------------------------------------------    -------------------
    SLICE_X10Y17         FDRE (Prop_fdre_C_Q)         0.164     1.607 r  debounce_inst/count_reg[2]/Q
                         net (fo=2, routed)           0.125     1.733    debounce_inst/count_reg[2]
    SLICE_X10Y17         CARRY4 (Prop_carry4_S[2]_O[2])
                                                      0.110     1.843 r  debounce_inst/count_reg[0]_i_2/O[2]
                         net (fo=1, routed)           0.000     1.843    debounce_inst/count_reg[0]_i_2_n_5
    SLICE_X10Y17         FDRE                                         r  debounce_inst/count_reg[2]/D
  -------------------------------------------------------------------    -------------------

                         (clock clk rise edge)        0.000     0.000 r  
    W5                                                0.000     0.000 r  clk (IN)
                         net (fo=0)                   0.000     0.000    clk
    W5                   IBUF (Prop_ibuf_I_O)         0.414     0.414 r  clk_IBUF_inst/O
                         net (fo=1, routed)           0.685     1.099    clk_IBUF
    BUFGCTRL_X0Y0        BUFG (Prop_bufg_I_O)         0.029     1.128 r  clk_IBUF_BUFG_inst/O
                         net (fo=64, routed)          0.828     1.955    debounce_inst/CLK
    SLICE_X10Y17         FDRE                                         r  debounce_inst/count_reg[2]/C
                         clock pessimism             -0.512     1.443    
    SLICE_X10Y17         FDRE (Hold_fdre_C_D)         0.134     1.577    debounce_inst/count_reg[2]
  -------------------------------------------------------------------
                         required time                         -1.577    
                         arrival time                           1.843    
  -------------------------------------------------------------------
                         slack                                  0.265    

Slack (MET) :             0.265ns  (arrival time - required time)
  Source:                 tx_inst/Bcounter_reg[6]/C
                            (rising edge-triggered cell FDRE clocked by clk  {rise@0.000ns fall@5.000ns period=10.000ns})
  Destination:            tx_inst/Bcounter_reg[6]/D
                            (rising edge-triggered cell FDRE clocked by clk  {rise@0.000ns fall@5.000ns period=10.000ns})
  Path Group:             clk
  Path Type:              Hold (Min at Fast Process Corner)
  Requirement:            0.000ns  (clk rise@0.000ns - clk rise@0.000ns)
  Data Path Delay:        0.399ns  (logic 0.274ns (68.589%)  route 0.125ns (31.411%))
  Logic Levels:           1  (CARRY4=1)
  Clock Path Skew:        0.000ns (DCD - SCD - CPR)
    Destination Clock Delay (DCD):    1.952ns
    Source Clock Delay      (SCD):    1.440ns
    Clock Pessimism Removal (CPR):    0.512ns

    Location             Delay type                Incr(ns)  Path(ns)    Netlist Resource(s)
  -------------------------------------------------------------------    -------------------
                         (clock clk rise edge)        0.000     0.000 r  
    W5                                                0.000     0.000 r  clk (IN)
                         net (fo=0)                   0.000     0.000    clk
    W5                   IBUF (Prop_ibuf_I_O)         0.226     0.226 r  clk_IBUF_inst/O
                         net (fo=1, routed)           0.631     0.858    clk_IBUF
    BUFGCTRL_X0Y0        BUFG (Prop_bufg_I_O)         0.026     0.884 r  clk_IBUF_BUFG_inst/O
                         net (fo=64, routed)          0.557     1.440    tx_inst/CLK
    SLICE_X8Y20          FDRE                                         r  tx_inst/Bcounter_reg[6]/C
  -------------------------------------------------------------------    -------------------
    SLICE_X8Y20          FDRE (Prop_fdre_C_Q)         0.164     1.604 r  tx_inst/Bcounter_reg[6]/Q
                         net (fo=2, routed)           0.125     1.730    tx_inst/Bcounter_reg[6]
    SLICE_X8Y20          CARRY4 (Prop_carry4_S[2]_O[2])
                                                      0.110     1.840 r  tx_inst/Bcounter_reg[4]_i_1/O[2]
                         net (fo=1, routed)           0.000     1.840    tx_inst/Bcounter_reg[4]_i_1_n_5
    SLICE_X8Y20          FDRE                                         r  tx_inst/Bcounter_reg[6]/D
  -------------------------------------------------------------------    -------------------

                         (clock clk rise edge)        0.000     0.000 r  
    W5                                                0.000     0.000 r  clk (IN)
                         net (fo=0)                   0.000     0.000    clk
    W5                   IBUF (Prop_ibuf_I_O)         0.414     0.414 r  clk_IBUF_inst/O
                         net (fo=1, routed)           0.685     1.099    clk_IBUF
    BUFGCTRL_X0Y0        BUFG (Prop_bufg_I_O)         0.029     1.128 r  clk_IBUF_BUFG_inst/O
                         net (fo=64, routed)          0.825     1.952    tx_inst/CLK
    SLICE_X8Y20          FDRE                                         r  tx_inst/Bcounter_reg[6]/C
                         clock pessimism             -0.512     1.440    
    SLICE_X8Y20          FDRE (Hold_fdre_C_D)         0.134     1.574    tx_inst/Bcounter_reg[6]
  -------------------------------------------------------------------
                         required time                         -1.574    
                         arrival time                           1.840    
  -------------------------------------------------------------------
                         slack                                  0.265    





Pulse Width Checks
--------------------------------------------------------------------------------------
Clock Name:         clk
Waveform(ns):       { 0.000 5.000 }
Period(ns):         10.000
Sources:            { clk }

Check Type        Corner  Lib Pin  Reference Pin  Required(ns)  Actual(ns)  Slack(ns)  Location       Pin
Min Period        n/a     BUFG/I   n/a            2.155         10.000      7.845      BUFGCTRL_X0Y0  clk_IBUF_BUFG_inst/I
Min Period        n/a     FDRE/C   n/a            1.000         10.000      9.000      SLICE_X12Y13   SSC/count_val_reg[0]/C
Min Period        n/a     FDRE/C   n/a            1.000         10.000      9.000      SLICE_X12Y15   SSC/count_val_reg[10]/C
Min Period        n/a     FDRE/C   n/a            1.000         10.000      9.000      SLICE_X12Y15   SSC/count_val_reg[11]/C
Min Period        n/a     FDRE/C   n/a            1.000         10.000      9.000      SLICE_X12Y16   SSC/count_val_reg[12]/C
Min Period        n/a     FDRE/C   n/a            1.000         10.000      9.000      SLICE_X12Y16   SSC/count_val_reg[13]/C
Min Period        n/a     FDRE/C   n/a            1.000         10.000      9.000      SLICE_X12Y16   SSC/count_val_reg[14]/C
Min Period        n/a     FDRE/C   n/a            1.000         10.000      9.000      SLICE_X12Y16   SSC/count_val_reg[15]/C
Min Period        n/a     FDRE/C   n/a            1.000         10.000      9.000      SLICE_X12Y17   SSC/count_val_reg[16]/C
Min Period        n/a     FDRE/C   n/a            1.000         10.000      9.000      SLICE_X12Y13   SSC/count_val_reg[1]/C
Low Pulse Width   Slow    FDRE/C   n/a            0.500         5.000       4.500      SLICE_X12Y13   SSC/count_val_reg[0]/C
Low Pulse Width   Slow    FDRE/C   n/a            0.500         5.000       4.500      SLICE_X12Y13   SSC/count_val_reg[1]/C
Low Pulse Width   Slow    FDRE/C   n/a            0.500         5.000       4.500      SLICE_X12Y13   SSC/count_val_reg[2]/C
Low Pulse Width   Slow    FDRE/C   n/a            0.500         5.000       4.500      SLICE_X12Y13   SSC/count_val_reg[3]/C
Low Pulse Width   Slow    FDRE/C   n/a            0.500         5.000       4.500      SLICE_X12Y14   SSC/count_val_reg[4]/C
Low Pulse Width   Slow    FDRE/C   n/a            0.500         5.000       4.500      SLICE_X12Y14   SSC/count_val_reg[5]/C
Low Pulse Width   Slow    FDRE/C   n/a            0.500         5.000       4.500      SLICE_X12Y14   SSC/count_val_reg[6]/C
Low Pulse Width   Slow    FDRE/C   n/a            0.500         5.000       4.500      SLICE_X12Y14   SSC/count_val_reg[7]/C
Low Pulse Width   Fast    FDRE/C   n/a            0.500         5.000       4.500      SLICE_X12Y13   SSC/count_val_reg[0]/C
Low Pulse Width   Fast    FDRE/C   n/a            0.500         5.000       4.500      SLICE_X12Y15   SSC/count_val_reg[10]/C
High Pulse Width  Fast    FDRE/C   n/a            0.500         5.000       4.500      SLICE_X12Y16   SSC/count_val_reg[12]/C
High Pulse Width  Fast    FDRE/C   n/a            0.500         5.000       4.500      SLICE_X12Y16   SSC/count_val_reg[13]/C
High Pulse Width  Fast    FDRE/C   n/a            0.500         5.000       4.500      SLICE_X12Y16   SSC/count_val_reg[14]/C
High Pulse Width  Fast    FDRE/C   n/a            0.500         5.000       4.500      SLICE_X12Y16   SSC/count_val_reg[15]/C
High Pulse Width  Fast    FDRE/C   n/a            0.500         5.000       4.500      SLICE_X8Y16    btnc_r2_reg/C
High Pulse Width  Slow    FDRE/C   n/a            0.500         5.000       4.500      SLICE_X10Y19   debounce_inst/count_reg[10]/C
High Pulse Width  Slow    FDRE/C   n/a            0.500         5.000       4.500      SLICE_X10Y19   debounce_inst/count_reg[11]/C
High Pulse Width  Slow    FDRE/C   n/a            0.500         5.000       4.500      SLICE_X10Y20   debounce_inst/count_reg[12]/C
High Pulse Width  Slow    FDRE/C   n/a            0.500         5.000       4.500      SLICE_X10Y20   debounce_inst/count_reg[13]/C
High Pulse Width  Slow    FDRE/C   n/a            0.500         5.000       4.500      SLICE_X10Y20   debounce_inst/count_reg[14]/C



