
*** Running vivado
    with args -log seven_segment_top.vds -m64 -product Vivado -mode batch -messageDb vivado.pb -notrace -source seven_segment_top.tcl


****** Vivado v2019.2 (64-bit)
  **** SW Build 2708876 on Wed Nov  6 21:39:14 MST 2019
  **** IP Build 2700528 on Thu Nov  7 00:09:20 MST 2019
    ** Copyright 1986-2019 Xilinx, Inc. All Rights Reserved.

source seven_segment_top.tcl -notrace
Command: synth_design -top seven_segment_top -part xc7a35tcpg236-1
Starting synth_design
Attempting to get a license for feature 'Synthesis' and/or device 'xc7a35t'
INFO: [Common 17-349] Got license for feature 'Synthesis' and/or device 'xc7a35t'
INFO: [Device 21-403] Loading part xc7a35tcpg236-1
INFO: Launching helper process for spawning children vivado processes
INFO: Helper process launched with PID 8534 
---------------------------------------------------------------------------------
Starting RTL Elaboration : Time (s): cpu = 00:00:02 ; elapsed = 00:00:03 . Memory (MB): peak = 1955.367 ; gain = 201.719 ; free physical = 6722 ; free virtual = 27867
---------------------------------------------------------------------------------
INFO: [Synth 8-6157] synthesizing module 'seven_segment_top' [/auto/fsg/twillis0/ECEN 220/Labs/proj/proj.srcs/sources_1/new/seven_segment_top.sv:23]
INFO: [Synth 8-6157] synthesizing module 'seven_segment' [/auto/fsg/twillis0/ECEN 220/Labs/lab5/proj/proj.srcs/sources_1/new/seven_segment.sv:23]
INFO: [Synth 8-6155] done synthesizing module 'seven_segment' (1#1) [/auto/fsg/twillis0/ECEN 220/Labs/lab5/proj/proj.srcs/sources_1/new/seven_segment.sv:23]
INFO: [Synth 8-6155] done synthesizing module 'seven_segment_top' (2#1) [/auto/fsg/twillis0/ECEN 220/Labs/proj/proj.srcs/sources_1/new/seven_segment_top.sv:23]
WARNING: [Synth 8-3917] design seven_segment_top has port anode[3] driven by constant 1
WARNING: [Synth 8-3917] design seven_segment_top has port anode[2] driven by constant 1
WARNING: [Synth 8-3917] design seven_segment_top has port anode[1] driven by constant 1
WARNING: [Synth 8-3917] design seven_segment_top has port anode[0] driven by constant 0
---------------------------------------------------------------------------------
Finished RTL Elaboration : Time (s): cpu = 00:00:03 ; elapsed = 00:00:04 . Memory (MB): peak = 2016.117 ; gain = 262.469 ; free physical = 6753 ; free virtual = 27900
---------------------------------------------------------------------------------

Report Check Netlist: 
+------+------------------+-------+---------+-------+------------------+
|      |Item              |Errors |Warnings |Status |Description       |
+------+------------------+-------+---------+-------+------------------+
|1     |multi_driven_nets |      0|        0|Passed |Multi driven nets |
+------+------------------+-------+---------+-------+------------------+
---------------------------------------------------------------------------------
Start Handling Custom Attributes
---------------------------------------------------------------------------------
---------------------------------------------------------------------------------
Finished Handling Custom Attributes : Time (s): cpu = 00:00:03 ; elapsed = 00:00:05 . Memory (MB): peak = 2022.055 ; gain = 268.406 ; free physical = 6750 ; free virtual = 27896
---------------------------------------------------------------------------------
---------------------------------------------------------------------------------
Finished RTL Optimization Phase 1 : Time (s): cpu = 00:00:03 ; elapsed = 00:00:05 . Memory (MB): peak = 2022.055 ; gain = 268.406 ; free physical = 6750 ; free virtual = 27896
---------------------------------------------------------------------------------
Netlist sorting complete. Time (s): cpu = 00:00:00 ; elapsed = 00:00:00 . Memory (MB): peak = 2022.055 ; gain = 0.000 ; free physical = 6743 ; free virtual = 27890
INFO: [Project 1-570] Preparing netlist for logic optimization

Processing XDC Constraints
Initializing timing engine
Parsing XDC File [/auto/fsg/twillis0/ECEN 220/Labs/proj/proj.srcs/constrs_1/new/master.xdc]
Finished Parsing XDC File [/auto/fsg/twillis0/ECEN 220/Labs/proj/proj.srcs/constrs_1/new/master.xdc]
INFO: [Project 1-236] Implementation specific constraints were found while reading constraint file [/auto/fsg/twillis0/ECEN 220/Labs/proj/proj.srcs/constrs_1/new/master.xdc]. These constraints will be ignored for synthesis but will be used in implementation. Impacted constraints are listed in the file [.Xil/seven_segment_top_propImpl.xdc].
Resolution: To avoid this warning, move constraints listed in [.Xil/seven_segment_top_propImpl.xdc] to another XDC file and exclude this new file from synthesis with the used_in_synthesis property (File Properties dialog in GUI) and re-run elaboration/synthesis.
Completed Processing XDC Constraints

Netlist sorting complete. Time (s): cpu = 00:00:00 ; elapsed = 00:00:00 . Memory (MB): peak = 2178.867 ; gain = 0.000 ; free physical = 6652 ; free virtual = 27813
INFO: [Project 1-111] Unisim Transformation Summary:
No Unisim elements were transformed.

Constraint Validation Runtime : Time (s): cpu = 00:00:00 ; elapsed = 00:00:00 . Memory (MB): peak = 2178.867 ; gain = 0.000 ; free physical = 6652 ; free virtual = 27813
---------------------------------------------------------------------------------
Finished Constraint Validation : Time (s): cpu = 00:00:07 ; elapsed = 00:00:09 . Memory (MB): peak = 2178.867 ; gain = 425.219 ; free physical = 6709 ; free virtual = 27871
---------------------------------------------------------------------------------
---------------------------------------------------------------------------------
Start Loading Part and Timing Information
---------------------------------------------------------------------------------
Loading part: xc7a35tcpg236-1
---------------------------------------------------------------------------------
Finished Loading Part and Timing Information : Time (s): cpu = 00:00:07 ; elapsed = 00:00:09 . Memory (MB): peak = 2178.867 ; gain = 425.219 ; free physical = 6709 ; free virtual = 27871
---------------------------------------------------------------------------------
---------------------------------------------------------------------------------
Start Applying 'set_property' XDC Constraints
---------------------------------------------------------------------------------
---------------------------------------------------------------------------------
Finished applying 'set_property' XDC Constraints : Time (s): cpu = 00:00:07 ; elapsed = 00:00:09 . Memory (MB): peak = 2178.867 ; gain = 425.219 ; free physical = 6709 ; free virtual = 27871
---------------------------------------------------------------------------------
---------------------------------------------------------------------------------
Finished RTL Optimization Phase 2 : Time (s): cpu = 00:00:07 ; elapsed = 00:00:10 . Memory (MB): peak = 2178.867 ; gain = 425.219 ; free physical = 6702 ; free virtual = 27865
---------------------------------------------------------------------------------

Report RTL Partitions: 
+-+--------------+------------+----------+
| |RTL Partition |Replication |Instances |
+-+--------------+------------+----------+
+-+--------------+------------+----------+
---------------------------------------------------------------------------------
Start RTL Component Statistics 
---------------------------------------------------------------------------------
Detailed RTL Component Info : 
+---Muxes : 
	  15 Input      1 Bit        Muxes := 1     
---------------------------------------------------------------------------------
Finished RTL Component Statistics 
---------------------------------------------------------------------------------
---------------------------------------------------------------------------------
Start RTL Hierarchical Component Statistics 
---------------------------------------------------------------------------------
Hierarchical RTL Component report 
Module seven_segment 
Detailed RTL Component Info : 
+---Muxes : 
	  15 Input      1 Bit        Muxes := 1     
---------------------------------------------------------------------------------
Finished RTL Hierarchical Component Statistics
---------------------------------------------------------------------------------
---------------------------------------------------------------------------------
Start Part Resource Summary
---------------------------------------------------------------------------------
Part Resources:
DSPs: 90 (col length:60)
BRAMs: 100 (col length: RAMB18 60 RAMB36 30)
---------------------------------------------------------------------------------
Finished Part Resource Summary
---------------------------------------------------------------------------------
---------------------------------------------------------------------------------
Start Cross Boundary and Area Optimization
---------------------------------------------------------------------------------
Warning: Parallel synthesis criteria is not met 
WARNING: [Synth 8-3917] design seven_segment_top has port anode[3] driven by constant 1
WARNING: [Synth 8-3917] design seven_segment_top has port anode[2] driven by constant 1
WARNING: [Synth 8-3917] design seven_segment_top has port anode[1] driven by constant 1
WARNING: [Synth 8-3917] design seven_segment_top has port anode[0] driven by constant 0
---------------------------------------------------------------------------------
Finished Cross Boundary and Area Optimization : Time (s): cpu = 00:00:07 ; elapsed = 00:00:10 . Memory (MB): peak = 2178.867 ; gain = 425.219 ; free physical = 6687 ; free virtual = 27854
---------------------------------------------------------------------------------

Report RTL Partitions: 
+-+--------------+------------+----------+
| |RTL Partition |Replication |Instances |
+-+--------------+------------+----------+
+-+--------------+------------+----------+
---------------------------------------------------------------------------------
Start Applying XDC Timing Constraints
---------------------------------------------------------------------------------
---------------------------------------------------------------------------------
Finished Applying XDC Timing Constraints : Time (s): cpu = 00:00:11 ; elapsed = 00:00:15 . Memory (MB): peak = 2178.867 ; gain = 425.219 ; free physical = 6560 ; free virtual = 27733
---------------------------------------------------------------------------------
---------------------------------------------------------------------------------
Start Timing Optimization
---------------------------------------------------------------------------------
---------------------------------------------------------------------------------
Finished Timing Optimization : Time (s): cpu = 00:00:11 ; elapsed = 00:00:15 . Memory (MB): peak = 2178.867 ; gain = 425.219 ; free physical = 6560 ; free virtual = 27733
---------------------------------------------------------------------------------

Report RTL Partitions: 
+-+--------------+------------+----------+
| |RTL Partition |Replication |Instances |
+-+--------------+------------+----------+
+-+--------------+------------+----------+
---------------------------------------------------------------------------------
Start Technology Mapping
---------------------------------------------------------------------------------
---------------------------------------------------------------------------------
Finished Technology Mapping : Time (s): cpu = 00:00:11 ; elapsed = 00:00:15 . Memory (MB): peak = 2178.867 ; gain = 425.219 ; free physical = 6559 ; free virtual = 27732
---------------------------------------------------------------------------------

Report RTL Partitions: 
+-+--------------+------------+----------+
| |RTL Partition |Replication |Instances |
+-+--------------+------------+----------+
+-+--------------+------------+----------+
---------------------------------------------------------------------------------
Start IO Insertion
---------------------------------------------------------------------------------
---------------------------------------------------------------------------------
Start Flattening Before IO Insertion
---------------------------------------------------------------------------------
---------------------------------------------------------------------------------
Finished Flattening Before IO Insertion
---------------------------------------------------------------------------------
---------------------------------------------------------------------------------
Start Final Netlist Cleanup
---------------------------------------------------------------------------------
---------------------------------------------------------------------------------
Finished Final Netlist Cleanup
---------------------------------------------------------------------------------
---------------------------------------------------------------------------------
Finished IO Insertion : Time (s): cpu = 00:00:14 ; elapsed = 00:00:17 . Memory (MB): peak = 2178.867 ; gain = 425.219 ; free physical = 6558 ; free virtual = 27732
---------------------------------------------------------------------------------
---------------------------------------------------------------------------------
Start Renaming Generated Instances
---------------------------------------------------------------------------------
---------------------------------------------------------------------------------
Finished Renaming Generated Instances : Time (s): cpu = 00:00:14 ; elapsed = 00:00:17 . Memory (MB): peak = 2178.867 ; gain = 425.219 ; free physical = 6558 ; free virtual = 27732
---------------------------------------------------------------------------------

Report RTL Partitions: 
+-+--------------+------------+----------+
| |RTL Partition |Replication |Instances |
+-+--------------+------------+----------+
+-+--------------+------------+----------+

Report Check Netlist: 
+------+------------------+-------+---------+-------+------------------+
|      |Item              |Errors |Warnings |Status |Description       |
+------+------------------+-------+---------+-------+------------------+
|1     |multi_driven_nets |      0|        0|Passed |Multi driven nets |
+------+------------------+-------+---------+-------+------------------+
---------------------------------------------------------------------------------
Start Rebuilding User Hierarchy
---------------------------------------------------------------------------------
---------------------------------------------------------------------------------
Finished Rebuilding User Hierarchy : Time (s): cpu = 00:00:14 ; elapsed = 00:00:17 . Memory (MB): peak = 2178.867 ; gain = 425.219 ; free physical = 6558 ; free virtual = 27732
---------------------------------------------------------------------------------
---------------------------------------------------------------------------------
Start Renaming Generated Ports
---------------------------------------------------------------------------------
---------------------------------------------------------------------------------
Finished Renaming Generated Ports : Time (s): cpu = 00:00:14 ; elapsed = 00:00:17 . Memory (MB): peak = 2178.867 ; gain = 425.219 ; free physical = 6558 ; free virtual = 27732
---------------------------------------------------------------------------------
---------------------------------------------------------------------------------
Start Handling Custom Attributes
---------------------------------------------------------------------------------
---------------------------------------------------------------------------------
Finished Handling Custom Attributes : Time (s): cpu = 00:00:14 ; elapsed = 00:00:17 . Memory (MB): peak = 2178.867 ; gain = 425.219 ; free physical = 6558 ; free virtual = 27732
---------------------------------------------------------------------------------
---------------------------------------------------------------------------------
Start Renaming Generated Nets
---------------------------------------------------------------------------------
---------------------------------------------------------------------------------
Finished Renaming Generated Nets : Time (s): cpu = 00:00:14 ; elapsed = 00:00:17 . Memory (MB): peak = 2178.867 ; gain = 425.219 ; free physical = 6558 ; free virtual = 27732
---------------------------------------------------------------------------------
---------------------------------------------------------------------------------
Start Writing Synthesis Report
---------------------------------------------------------------------------------

Report BlackBoxes: 
+-+--------------+----------+
| |BlackBox name |Instances |
+-+--------------+----------+
+-+--------------+----------+

Report Cell Usage: 
+------+-----+------+
|      |Cell |Count |
+------+-----+------+
|1     |LUT1 |     1|
|2     |LUT4 |     7|
|3     |IBUF |     5|
|4     |OBUF |    12|
+------+-----+------+

Report Instance Areas: 
+------+---------+--------------+------+
|      |Instance |Module        |Cells |
+------+---------+--------------+------+
|1     |top      |              |    25|
|2     |  M0     |seven_segment |     7|
+------+---------+--------------+------+
---------------------------------------------------------------------------------
Finished Writing Synthesis Report : Time (s): cpu = 00:00:14 ; elapsed = 00:00:17 . Memory (MB): peak = 2178.867 ; gain = 425.219 ; free physical = 6558 ; free virtual = 27732
---------------------------------------------------------------------------------
Synthesis finished with 0 errors, 0 critical warnings and 4 warnings.
Synthesis Optimization Runtime : Time (s): cpu = 00:00:13 ; elapsed = 00:00:16 . Memory (MB): peak = 2178.867 ; gain = 268.406 ; free physical = 6613 ; free virtual = 27786
Synthesis Optimization Complete : Time (s): cpu = 00:00:14 ; elapsed = 00:00:17 . Memory (MB): peak = 2178.867 ; gain = 425.219 ; free physical = 6613 ; free virtual = 27786
INFO: [Project 1-571] Translating synthesized netlist
Netlist sorting complete. Time (s): cpu = 00:00:00 ; elapsed = 00:00:00 . Memory (MB): peak = 2178.867 ; gain = 0.000 ; free physical = 6676 ; free virtual = 27852
INFO: [Project 1-570] Preparing netlist for logic optimization
INFO: [Opt 31-138] Pushed 0 inverter(s) to 0 load pin(s).
Netlist sorting complete. Time (s): cpu = 00:00:00 ; elapsed = 00:00:00 . Memory (MB): peak = 2178.867 ; gain = 0.000 ; free physical = 6623 ; free virtual = 27800
INFO: [Project 1-111] Unisim Transformation Summary:
No Unisim elements were transformed.

INFO: [Common 17-83] Releasing license: Synthesis
14 Infos, 8 Warnings, 0 Critical Warnings and 0 Errors encountered.
synth_design completed successfully
synth_design: Time (s): cpu = 00:00:18 ; elapsed = 00:00:24 . Memory (MB): peak = 2178.867 ; gain = 674.402 ; free physical = 6755 ; free virtual = 27932
Netlist sorting complete. Time (s): cpu = 00:00:00 ; elapsed = 00:00:00 . Memory (MB): peak = 2178.867 ; gain = 0.000 ; free physical = 6755 ; free virtual = 27932
INFO: [Common 17-1381] The checkpoint '/auto/fsg/twillis0/ECEN 220/Labs/proj/proj.runs/synth_1/seven_segment_top.dcp' has been generated.
INFO: [runtcl-4] Executing : report_utilization -file seven_segment_top_utilization_synth.rpt -pb seven_segment_top_utilization_synth.pb
INFO: [Common 17-206] Exiting Vivado at Tue Oct 11 19:07:49 2022...
