Copyright 1986-2019 Xilinx, Inc. All Rights Reserved.
------------------------------------------------------------------------------------
| Tool Version : Vivado v.2019.2 (lin64) Build 2708876 Wed Nov  6 21:39:14 MST 2019
| Date         : Tue Nov 29 17:21:10 2022
| Host         : DIGITAL-23 running 64-bit Ubuntu 18.04.6 LTS
| Command      : report_control_sets -verbose -file rx_top_control_sets_placed.rpt
| Design       : rx_top
| Device       : xc7a35t
------------------------------------------------------------------------------------

Control Set Information

Table of Contents
-----------------
1. Summary
2. Histogram
3. Flip-Flop Distribution
4. Detailed Control Set Information

1. Summary
----------

+----------------------------------------------------------+-------+
|                          Status                          | Count |
+----------------------------------------------------------+-------+
| Total control sets                                       |     8 |
|    Minimum number of control sets                        |     8 |
|    Addition due to synthesis replication                 |     0 |
|    Addition due to physical synthesis replication        |     0 |
| Unused register locations in slices containing registers |    34 |
+----------------------------------------------------------+-------+
* Control sets can be merged at opt_design using control_set_merge or merge_equivalent_drivers
** Run report_qor_suggestions for automated merging and remapping suggestions


2. Histogram
------------

+--------------------+-------+
|       Fanout       | Count |
+--------------------+-------+
| Total control sets |     8 |
| >= 0 to < 4        |     2 |
| >= 4 to < 6        |     0 |
| >= 6 to < 8        |     0 |
| >= 8 to < 10       |     3 |
| >= 10 to < 12      |     0 |
| >= 12 to < 14      |     1 |
| >= 14 to < 16      |     0 |
| >= 16              |     2 |
+--------------------+-------+
* Control sets can be remapped at either synth_design or opt_design


3. Flip-Flop Distribution
-------------------------

+--------------+-----------------------+------------------------+-----------------+--------------+
| Clock Enable | Synchronous Set/Reset | Asynchronous Set/Reset | Total Registers | Total Slices |
+--------------+-----------------------+------------------------+-----------------+--------------+
| No           | No                    | No                     |               2 |            2 |
| No           | No                    | Yes                    |               0 |            0 |
| No           | Yes                   | No                     |              43 |           14 |
| Yes          | No                    | No                     |               9 |            3 |
| Yes          | No                    | Yes                    |               0 |            0 |
| Yes          | Yes                   | No                     |              56 |           21 |
+--------------+-----------------------+------------------------+-----------------+--------------+


4. Detailed Control Set Information
-----------------------------------

+--------------------------------+-----------------+----------------------------+------------------+----------------+
|          Clock Signal          |  Enable Signal  |      Set/Reset Signal      | Slice Load Count | Bel Load Count |
+--------------------------------+-----------------+----------------------------+------------------+----------------+
|  rx_inst/inputs_reg_i_1_n_0    |                 |                            |                1 |              1 |
|  rx_inst/parityErr_reg_i_2_n_0 |                 |                            |                1 |              1 |
|  rx_inst/Dout_reg[7]_i_1_n_0   |                 | btnu_IBUF                  |                3 |              8 |
|  clk_IBUF_BUFG                 | rx_inst/bitNum0 | rx_inst/bitNum[8]_i_1_n_0  |                3 |              9 |
|  clk_IBUF_BUFG                 | rx_inst/shift   |                            |                3 |              9 |
|  clk_IBUF_BUFG                 |                 | rx_inst/counter[0]_i_1_n_0 |                4 |             13 |
|  clk_IBUF_BUFG                 |                 | btnu_IBUF                  |                7 |             22 |
|  clk_IBUF_BUFG                 | rx_inst/E[0]    | btnu_IBUF                  |               18 |             47 |
+--------------------------------+-----------------+----------------------------+------------------+----------------+


