
*** Running vivado
    with args -log stopwatch_top.vds -m64 -product Vivado -mode batch -messageDb vivado.pb -notrace -source stopwatch_top.tcl


****** Vivado v2019.2 (64-bit)
  **** SW Build 2708876 on Wed Nov  6 21:39:14 MST 2019
  **** IP Build 2700528 on Thu Nov  7 00:09:20 MST 2019
    ** Copyright 1986-2019 Xilinx, Inc. All Rights Reserved.

source stopwatch_top.tcl -notrace
Command: synth_design -top stopwatch_top -part xc7a35tcpg236-1
Starting synth_design
Attempting to get a license for feature 'Synthesis' and/or device 'xc7a35t'
INFO: [Common 17-349] Got license for feature 'Synthesis' and/or device 'xc7a35t'
INFO: [Device 21-403] Loading part xc7a35tcpg236-1
INFO: Launching helper process for spawning children vivado processes
INFO: Helper process launched with PID 23213 
---------------------------------------------------------------------------------
Starting RTL Elaboration : Time (s): cpu = 00:00:02 ; elapsed = 00:00:03 . Memory (MB): peak = 1955.371 ; gain = 201.719 ; free physical = 6184 ; free virtual = 25936
---------------------------------------------------------------------------------
INFO: [Synth 8-6157] synthesizing module 'stopwatch_top' [/auto/fsg/twillis0/ECEN 220/Labs/lab7/lab7.srcs/sources_1/new/stopwatch_top.sv:23]
INFO: [Synth 8-6157] synthesizing module 'SevenSegmentControl' [/auto/fsg/twillis0/ECEN 220/Labs/lab7/SevenSegmentControl.sv:13]
	Parameter COUNT_BITS bound to: 17 - type: integer 
INFO: [Synth 8-6155] done synthesizing module 'SevenSegmentControl' (1#1) [/auto/fsg/twillis0/ECEN 220/Labs/lab7/SevenSegmentControl.sv:13]
INFO: [Synth 8-6157] synthesizing module 'stopwatch' [/auto/fsg/twillis0/ECEN 220/Labs/lab7/lab7.srcs/sources_1/new/stopwatch.sv:24]
INFO: [Synth 8-6157] synthesizing module 'mod_counter' [/auto/fsg/twillis0/ECEN 220/Labs/lab7/lab7.srcs/sources_1/new/mod_counter.sv:24]
	Parameter MOD_VALUE bound to: 1000000 - type: integer 
	Parameter width bound to: 20 - type: integer 
INFO: [Synth 8-6155] done synthesizing module 'mod_counter' (2#1) [/auto/fsg/twillis0/ECEN 220/Labs/lab7/lab7.srcs/sources_1/new/mod_counter.sv:24]
INFO: [Synth 8-6157] synthesizing module 'mod_counter__parameterized0' [/auto/fsg/twillis0/ECEN 220/Labs/lab7/lab7.srcs/sources_1/new/mod_counter.sv:24]
	Parameter MOD_VALUE bound to: 10 - type: integer 
	Parameter width bound to: 4 - type: integer 
INFO: [Synth 8-6155] done synthesizing module 'mod_counter__parameterized0' (2#1) [/auto/fsg/twillis0/ECEN 220/Labs/lab7/lab7.srcs/sources_1/new/mod_counter.sv:24]
INFO: [Synth 8-6157] synthesizing module 'mod_counter__parameterized1' [/auto/fsg/twillis0/ECEN 220/Labs/lab7/lab7.srcs/sources_1/new/mod_counter.sv:24]
	Parameter MOD_VALUE bound to: 6 - type: integer 
	Parameter width bound to: 4 - type: integer 
INFO: [Synth 8-6155] done synthesizing module 'mod_counter__parameterized1' (2#1) [/auto/fsg/twillis0/ECEN 220/Labs/lab7/lab7.srcs/sources_1/new/mod_counter.sv:24]
INFO: [Synth 8-6155] done synthesizing module 'stopwatch' (3#1) [/auto/fsg/twillis0/ECEN 220/Labs/lab7/lab7.srcs/sources_1/new/stopwatch.sv:24]
INFO: [Synth 8-6155] done synthesizing module 'stopwatch_top' (4#1) [/auto/fsg/twillis0/ECEN 220/Labs/lab7/lab7.srcs/sources_1/new/stopwatch_top.sv:23]
---------------------------------------------------------------------------------
Finished RTL Elaboration : Time (s): cpu = 00:00:03 ; elapsed = 00:00:04 . Memory (MB): peak = 2016.121 ; gain = 262.469 ; free physical = 6215 ; free virtual = 25968
---------------------------------------------------------------------------------

Report Check Netlist: 
+------+------------------+-------+---------+-------+------------------+
|      |Item              |Errors |Warnings |Status |Description       |
+------+------------------+-------+---------+-------+------------------+
|1     |multi_driven_nets |      0|        0|Passed |Multi driven nets |
+------+------------------+-------+---------+-------+------------------+
---------------------------------------------------------------------------------
Start Handling Custom Attributes
---------------------------------------------------------------------------------
---------------------------------------------------------------------------------
Finished Handling Custom Attributes : Time (s): cpu = 00:00:03 ; elapsed = 00:00:04 . Memory (MB): peak = 2022.059 ; gain = 268.406 ; free physical = 6212 ; free virtual = 25964
---------------------------------------------------------------------------------
---------------------------------------------------------------------------------
Finished RTL Optimization Phase 1 : Time (s): cpu = 00:00:03 ; elapsed = 00:00:04 . Memory (MB): peak = 2022.059 ; gain = 268.406 ; free physical = 6212 ; free virtual = 25964
---------------------------------------------------------------------------------
Netlist sorting complete. Time (s): cpu = 00:00:00 ; elapsed = 00:00:00 . Memory (MB): peak = 2022.059 ; gain = 0.000 ; free physical = 6205 ; free virtual = 25958
INFO: [Project 1-570] Preparing netlist for logic optimization

Processing XDC Constraints
Initializing timing engine
Parsing XDC File [/auto/fsg/twillis0/ECEN 220/Labs/lab7/lab7.srcs/constrs_1/new/master.xdc]
Finished Parsing XDC File [/auto/fsg/twillis0/ECEN 220/Labs/lab7/lab7.srcs/constrs_1/new/master.xdc]
INFO: [Project 1-236] Implementation specific constraints were found while reading constraint file [/auto/fsg/twillis0/ECEN 220/Labs/lab7/lab7.srcs/constrs_1/new/master.xdc]. These constraints will be ignored for synthesis but will be used in implementation. Impacted constraints are listed in the file [.Xil/stopwatch_top_propImpl.xdc].
Resolution: To avoid this warning, move constraints listed in [.Xil/stopwatch_top_propImpl.xdc] to another XDC file and exclude this new file from synthesis with the used_in_synthesis property (File Properties dialog in GUI) and re-run elaboration/synthesis.
Completed Processing XDC Constraints

Netlist sorting complete. Time (s): cpu = 00:00:00 ; elapsed = 00:00:00 . Memory (MB): peak = 2187.840 ; gain = 0.000 ; free physical = 6120 ; free virtual = 25873
INFO: [Project 1-111] Unisim Transformation Summary:
No Unisim elements were transformed.

Constraint Validation Runtime : Time (s): cpu = 00:00:00 ; elapsed = 00:00:00.01 . Memory (MB): peak = 2187.840 ; gain = 0.000 ; free physical = 6120 ; free virtual = 25873
---------------------------------------------------------------------------------
Finished Constraint Validation : Time (s): cpu = 00:00:07 ; elapsed = 00:00:09 . Memory (MB): peak = 2187.840 ; gain = 434.188 ; free physical = 6188 ; free virtual = 25941
---------------------------------------------------------------------------------
---------------------------------------------------------------------------------
Start Loading Part and Timing Information
---------------------------------------------------------------------------------
Loading part: xc7a35tcpg236-1
---------------------------------------------------------------------------------
Finished Loading Part and Timing Information : Time (s): cpu = 00:00:07 ; elapsed = 00:00:09 . Memory (MB): peak = 2187.840 ; gain = 434.188 ; free physical = 6188 ; free virtual = 25941
---------------------------------------------------------------------------------
---------------------------------------------------------------------------------
Start Applying 'set_property' XDC Constraints
---------------------------------------------------------------------------------
---------------------------------------------------------------------------------
Finished applying 'set_property' XDC Constraints : Time (s): cpu = 00:00:07 ; elapsed = 00:00:09 . Memory (MB): peak = 2187.840 ; gain = 434.188 ; free physical = 6188 ; free virtual = 25941
---------------------------------------------------------------------------------
---------------------------------------------------------------------------------
Finished RTL Optimization Phase 2 : Time (s): cpu = 00:00:07 ; elapsed = 00:00:09 . Memory (MB): peak = 2187.840 ; gain = 434.188 ; free physical = 6178 ; free virtual = 25931
---------------------------------------------------------------------------------

Report RTL Partitions: 
+-+--------------+------------+----------+
| |RTL Partition |Replication |Instances |
+-+--------------+------------+----------+
+-+--------------+------------+----------+
---------------------------------------------------------------------------------
Start RTL Component Statistics 
---------------------------------------------------------------------------------
Detailed RTL Component Info : 
+---Adders : 
	   2 Input      4 Bit       Adders := 4     
+---Registers : 
	                4 Bit    Registers := 4     
+---Muxes : 
	   4 Input      4 Bit        Muxes := 2     
	   2 Input      4 Bit        Muxes := 1     
	   4 Input      1 Bit        Muxes := 1     
	   2 Input      1 Bit        Muxes := 5     
---------------------------------------------------------------------------------
Finished RTL Component Statistics 
---------------------------------------------------------------------------------
---------------------------------------------------------------------------------
Start RTL Hierarchical Component Statistics 
---------------------------------------------------------------------------------
Hierarchical RTL Component report 
Module SevenSegmentControl 
Detailed RTL Component Info : 
+---Muxes : 
	   4 Input      4 Bit        Muxes := 2     
	   2 Input      4 Bit        Muxes := 1     
	   4 Input      1 Bit        Muxes := 1     
Module mod_counter 
Detailed RTL Component Info : 
+---Muxes : 
	   2 Input      1 Bit        Muxes := 1     
Module mod_counter__parameterized0 
Detailed RTL Component Info : 
+---Adders : 
	   2 Input      4 Bit       Adders := 1     
+---Registers : 
	                4 Bit    Registers := 1     
+---Muxes : 
	   2 Input      1 Bit        Muxes := 1     
Module mod_counter__parameterized1 
Detailed RTL Component Info : 
+---Adders : 
	   2 Input      4 Bit       Adders := 1     
+---Registers : 
	                4 Bit    Registers := 1     
+---Muxes : 
	   2 Input      1 Bit        Muxes := 1     
---------------------------------------------------------------------------------
Finished RTL Hierarchical Component Statistics
---------------------------------------------------------------------------------
---------------------------------------------------------------------------------
Start Part Resource Summary
---------------------------------------------------------------------------------
Part Resources:
DSPs: 90 (col length:60)
BRAMs: 100 (col length: RAMB18 60 RAMB36 30)
---------------------------------------------------------------------------------
Finished Part Resource Summary
---------------------------------------------------------------------------------
---------------------------------------------------------------------------------
Start Cross Boundary and Area Optimization
---------------------------------------------------------------------------------
Warning: Parallel synthesis criteria is not met 
---------------------------------------------------------------------------------
Finished Cross Boundary and Area Optimization : Time (s): cpu = 00:00:08 ; elapsed = 00:00:10 . Memory (MB): peak = 2187.840 ; gain = 434.188 ; free physical = 6168 ; free virtual = 25924
---------------------------------------------------------------------------------

Report RTL Partitions: 
+-+--------------+------------+----------+
| |RTL Partition |Replication |Instances |
+-+--------------+------------+----------+
+-+--------------+------------+----------+
---------------------------------------------------------------------------------
Start Applying XDC Timing Constraints
---------------------------------------------------------------------------------
---------------------------------------------------------------------------------
Finished Applying XDC Timing Constraints : Time (s): cpu = 00:00:11 ; elapsed = 00:00:14 . Memory (MB): peak = 2187.840 ; gain = 434.188 ; free physical = 6046 ; free virtual = 25802
---------------------------------------------------------------------------------
---------------------------------------------------------------------------------
Start Timing Optimization
---------------------------------------------------------------------------------
---------------------------------------------------------------------------------
Finished Timing Optimization : Time (s): cpu = 00:00:11 ; elapsed = 00:00:15 . Memory (MB): peak = 2187.840 ; gain = 434.188 ; free physical = 6044 ; free virtual = 25800
---------------------------------------------------------------------------------

Report RTL Partitions: 
+-+--------------+------------+----------+
| |RTL Partition |Replication |Instances |
+-+--------------+------------+----------+
+-+--------------+------------+----------+
---------------------------------------------------------------------------------
Start Technology Mapping
---------------------------------------------------------------------------------
---------------------------------------------------------------------------------
Finished Technology Mapping : Time (s): cpu = 00:00:11 ; elapsed = 00:00:15 . Memory (MB): peak = 2187.840 ; gain = 434.188 ; free physical = 6043 ; free virtual = 25799
---------------------------------------------------------------------------------

Report RTL Partitions: 
+-+--------------+------------+----------+
| |RTL Partition |Replication |Instances |
+-+--------------+------------+----------+
+-+--------------+------------+----------+
---------------------------------------------------------------------------------
Start IO Insertion
---------------------------------------------------------------------------------
---------------------------------------------------------------------------------
Start Flattening Before IO Insertion
---------------------------------------------------------------------------------
---------------------------------------------------------------------------------
Finished Flattening Before IO Insertion
---------------------------------------------------------------------------------
---------------------------------------------------------------------------------
Start Final Netlist Cleanup
---------------------------------------------------------------------------------
---------------------------------------------------------------------------------
Finished Final Netlist Cleanup
---------------------------------------------------------------------------------
---------------------------------------------------------------------------------
Finished IO Insertion : Time (s): cpu = 00:00:14 ; elapsed = 00:00:17 . Memory (MB): peak = 2187.840 ; gain = 434.188 ; free physical = 6043 ; free virtual = 25799
---------------------------------------------------------------------------------
---------------------------------------------------------------------------------
Start Renaming Generated Instances
---------------------------------------------------------------------------------
---------------------------------------------------------------------------------
Finished Renaming Generated Instances : Time (s): cpu = 00:00:14 ; elapsed = 00:00:17 . Memory (MB): peak = 2187.840 ; gain = 434.188 ; free physical = 6043 ; free virtual = 25799
---------------------------------------------------------------------------------

Report RTL Partitions: 
+-+--------------+------------+----------+
| |RTL Partition |Replication |Instances |
+-+--------------+------------+----------+
+-+--------------+------------+----------+

Report Check Netlist: 
+------+------------------+-------+---------+-------+------------------+
|      |Item              |Errors |Warnings |Status |Description       |
+------+------------------+-------+---------+-------+------------------+
|1     |multi_driven_nets |      0|        0|Passed |Multi driven nets |
+------+------------------+-------+---------+-------+------------------+
---------------------------------------------------------------------------------
Start Rebuilding User Hierarchy
---------------------------------------------------------------------------------
---------------------------------------------------------------------------------
Finished Rebuilding User Hierarchy : Time (s): cpu = 00:00:14 ; elapsed = 00:00:17 . Memory (MB): peak = 2187.840 ; gain = 434.188 ; free physical = 6043 ; free virtual = 25799
---------------------------------------------------------------------------------
---------------------------------------------------------------------------------
Start Renaming Generated Ports
---------------------------------------------------------------------------------
---------------------------------------------------------------------------------
Finished Renaming Generated Ports : Time (s): cpu = 00:00:14 ; elapsed = 00:00:17 . Memory (MB): peak = 2187.840 ; gain = 434.188 ; free physical = 6043 ; free virtual = 25799
---------------------------------------------------------------------------------
---------------------------------------------------------------------------------
Start Handling Custom Attributes
---------------------------------------------------------------------------------
---------------------------------------------------------------------------------
Finished Handling Custom Attributes : Time (s): cpu = 00:00:14 ; elapsed = 00:00:17 . Memory (MB): peak = 2187.840 ; gain = 434.188 ; free physical = 6043 ; free virtual = 25799
---------------------------------------------------------------------------------
---------------------------------------------------------------------------------
Start Renaming Generated Nets
---------------------------------------------------------------------------------
---------------------------------------------------------------------------------
Finished Renaming Generated Nets : Time (s): cpu = 00:00:14 ; elapsed = 00:00:17 . Memory (MB): peak = 2187.840 ; gain = 434.188 ; free physical = 6043 ; free virtual = 25799
---------------------------------------------------------------------------------
---------------------------------------------------------------------------------
Start Writing Synthesis Report
---------------------------------------------------------------------------------

Report BlackBoxes: 
+-+--------------+----------+
| |BlackBox name |Instances |
+-+--------------+----------+
+-+--------------+----------+

Report Cell Usage: 
+------+-------+------+
|      |Cell   |Count |
+------+-------+------+
|1     |BUFG   |     1|
|2     |CARRY4 |    10|
|3     |LUT1   |     6|
|4     |LUT2   |     9|
|5     |LUT3   |     4|
|6     |LUT4   |    22|
|7     |LUT5   |     2|
|8     |LUT6   |     8|
|9     |FDRE   |    53|
|10    |IBUF   |     3|
|11    |OBUF   |    12|
+------+-------+------+

Report Instance Areas: 
+------+---------+------------------------------+------+
|      |Instance |Module                        |Cells |
+------+---------+------------------------------+------+
|1     |top      |                              |   130|
|2     |  m0     |stopwatch                     |    87|
|3     |    m0   |mod_counter__parameterized0   |    12|
|4     |    m1   |mod_counter__parameterized0_0 |    22|
|5     |    m2   |mod_counter__parameterized0_1 |    10|
|6     |    m3   |mod_counter__parameterized1   |    10|
|7     |    n0   |mod_counter                   |    33|
|8     |  n0     |SevenSegmentControl           |    27|
+------+---------+------------------------------+------+
---------------------------------------------------------------------------------
Finished Writing Synthesis Report : Time (s): cpu = 00:00:14 ; elapsed = 00:00:17 . Memory (MB): peak = 2187.840 ; gain = 434.188 ; free physical = 6043 ; free virtual = 25799
---------------------------------------------------------------------------------
Synthesis finished with 0 errors, 0 critical warnings and 0 warnings.
Synthesis Optimization Runtime : Time (s): cpu = 00:00:13 ; elapsed = 00:00:16 . Memory (MB): peak = 2187.840 ; gain = 268.406 ; free physical = 6095 ; free virtual = 25851
Synthesis Optimization Complete : Time (s): cpu = 00:00:14 ; elapsed = 00:00:17 . Memory (MB): peak = 2187.840 ; gain = 434.188 ; free physical = 6095 ; free virtual = 25851
INFO: [Project 1-571] Translating synthesized netlist
Netlist sorting complete. Time (s): cpu = 00:00:00 ; elapsed = 00:00:00 . Memory (MB): peak = 2187.840 ; gain = 0.000 ; free physical = 6161 ; free virtual = 25917
INFO: [Netlist 29-17] Analyzing 10 Unisim elements for replacement
INFO: [Netlist 29-28] Unisim Transformation completed in 0 CPU seconds
INFO: [Project 1-570] Preparing netlist for logic optimization
INFO: [Opt 31-138] Pushed 0 inverter(s) to 0 load pin(s).
Netlist sorting complete. Time (s): cpu = 00:00:00 ; elapsed = 00:00:00 . Memory (MB): peak = 2187.840 ; gain = 0.000 ; free physical = 6108 ; free virtual = 25864
INFO: [Project 1-111] Unisim Transformation Summary:
No Unisim elements were transformed.

INFO: [Common 17-83] Releasing license: Synthesis
24 Infos, 0 Warnings, 0 Critical Warnings and 0 Errors encountered.
synth_design completed successfully
synth_design: Time (s): cpu = 00:00:18 ; elapsed = 00:00:24 . Memory (MB): peak = 2187.840 ; gain = 683.371 ; free physical = 6241 ; free virtual = 25997
Netlist sorting complete. Time (s): cpu = 00:00:00 ; elapsed = 00:00:00 . Memory (MB): peak = 2187.840 ; gain = 0.000 ; free physical = 6241 ; free virtual = 25997
WARNING: [Constraints 18-5210] No constraints selected for write.
Resolution: This message can indicate that there are no constraints for the design, or it can indicate that the used_in flags are set such that the constraints are ignored. This later case is used when running synth_design to not write synthesis constraints to the resulting checkpoint. Instead, project constraints are read when the synthesized design is opened.
INFO: [Common 17-1381] The checkpoint '/auto/fsg/twillis0/ECEN 220/Labs/lab7/lab7.runs/synth_1/stopwatch_top.dcp' has been generated.
INFO: [runtcl-4] Executing : report_utilization -file stopwatch_top_utilization_synth.rpt -pb stopwatch_top_utilization_synth.pb
INFO: [Common 17-206] Exiting Vivado at Tue Oct 25 18:39:30 2022...
