
*** Running vivado
    with args -log rx_top.vds -m64 -product Vivado -mode batch -messageDb vivado.pb -notrace -source rx_top.tcl


****** Vivado v2019.2 (64-bit)
  **** SW Build 2708876 on Wed Nov  6 21:39:14 MST 2019
  **** IP Build 2700528 on Thu Nov  7 00:09:20 MST 2019
    ** Copyright 1986-2019 Xilinx, Inc. All Rights Reserved.

source rx_top.tcl -notrace
Command: synth_design -top rx_top -part xc7a35tcpg236-1
Starting synth_design
Attempting to get a license for feature 'Synthesis' and/or device 'xc7a35t'
INFO: [Common 17-349] Got license for feature 'Synthesis' and/or device 'xc7a35t'
INFO: [Device 21-403] Loading part xc7a35tcpg236-1
INFO: Launching helper process for spawning children vivado processes
INFO: Helper process launched with PID 13165 
---------------------------------------------------------------------------------
Starting RTL Elaboration : Time (s): cpu = 00:00:02 ; elapsed = 00:00:03 . Memory (MB): peak = 1955.309 ; gain = 201.688 ; free physical = 7194 ; free virtual = 26941
---------------------------------------------------------------------------------
INFO: [Synth 8-6157] synthesizing module 'rx_top' [/auto/fsg/twillis0/ECEN 220/Labs/lab11/lab11.srcs/sources_1/new/rx_top.sv:13]
INFO: [Synth 8-6157] synthesizing module 'rx' [/auto/fsg/twillis0/ECEN 220/Labs/lab11/lab11.srcs/sources_1/new/rx.sv:24]
INFO: [Synth 8-155] case statement is not full and has no default [/auto/fsg/twillis0/ECEN 220/Labs/lab11/lab11.srcs/sources_1/new/rx.sv:99]
WARNING: [Synth 8-87] always_comb on 'Dout_reg' did not result in combinational logic [/auto/fsg/twillis0/ECEN 220/Labs/lab11/lab11.srcs/sources_1/new/rx.sv:95]
WARNING: [Synth 8-87] always_comb on 'inputs_reg' did not result in combinational logic [/auto/fsg/twillis0/ECEN 220/Labs/lab11/lab11.srcs/sources_1/new/rx.sv:119]
WARNING: [Synth 8-87] always_comb on 'parityErr_reg' did not result in combinational logic [/auto/fsg/twillis0/ECEN 220/Labs/lab11/lab11.srcs/sources_1/new/rx.sv:123]
INFO: [Synth 8-6155] done synthesizing module 'rx' (1#1) [/auto/fsg/twillis0/ECEN 220/Labs/lab11/lab11.srcs/sources_1/new/rx.sv:24]
INFO: [Synth 8-6157] synthesizing module 'SevenSegmentControl' [/auto/fsg/twillis0/Downloads/SevenSegmentControl.sv:13]
	Parameter COUNT_BITS bound to: 17 - type: integer 
INFO: [Synth 8-6155] done synthesizing module 'SevenSegmentControl' (2#1) [/auto/fsg/twillis0/Downloads/SevenSegmentControl.sv:13]
INFO: [Synth 8-6155] done synthesizing module 'rx_top' (3#1) [/auto/fsg/twillis0/ECEN 220/Labs/lab11/lab11.srcs/sources_1/new/rx_top.sv:13]
---------------------------------------------------------------------------------
Finished RTL Elaboration : Time (s): cpu = 00:00:03 ; elapsed = 00:00:04 . Memory (MB): peak = 2016.059 ; gain = 262.438 ; free physical = 7223 ; free virtual = 26972
---------------------------------------------------------------------------------

Report Check Netlist: 
+------+------------------+-------+---------+-------+------------------+
|      |Item              |Errors |Warnings |Status |Description       |
+------+------------------+-------+---------+-------+------------------+
|1     |multi_driven_nets |      0|        0|Passed |Multi driven nets |
+------+------------------+-------+---------+-------+------------------+
---------------------------------------------------------------------------------
Start Handling Custom Attributes
---------------------------------------------------------------------------------
---------------------------------------------------------------------------------
Finished Handling Custom Attributes : Time (s): cpu = 00:00:03 ; elapsed = 00:00:05 . Memory (MB): peak = 2021.996 ; gain = 268.375 ; free physical = 7220 ; free virtual = 26969
---------------------------------------------------------------------------------
---------------------------------------------------------------------------------
Finished RTL Optimization Phase 1 : Time (s): cpu = 00:00:03 ; elapsed = 00:00:05 . Memory (MB): peak = 2021.996 ; gain = 268.375 ; free physical = 7220 ; free virtual = 26969
---------------------------------------------------------------------------------
Netlist sorting complete. Time (s): cpu = 00:00:00.01 ; elapsed = 00:00:00 . Memory (MB): peak = 2021.996 ; gain = 0.000 ; free physical = 7213 ; free virtual = 26962
INFO: [Project 1-570] Preparing netlist for logic optimization

Processing XDC Constraints
Initializing timing engine
Parsing XDC File [/auto/fsg/twillis0/ECEN 220/Labs/lab11/lab11.srcs/constrs_1/new/master.xdc]
Finished Parsing XDC File [/auto/fsg/twillis0/ECEN 220/Labs/lab11/lab11.srcs/constrs_1/new/master.xdc]
INFO: [Project 1-236] Implementation specific constraints were found while reading constraint file [/auto/fsg/twillis0/ECEN 220/Labs/lab11/lab11.srcs/constrs_1/new/master.xdc]. These constraints will be ignored for synthesis but will be used in implementation. Impacted constraints are listed in the file [.Xil/rx_top_propImpl.xdc].
Resolution: To avoid this warning, move constraints listed in [.Xil/rx_top_propImpl.xdc] to another XDC file and exclude this new file from synthesis with the used_in_synthesis property (File Properties dialog in GUI) and re-run elaboration/synthesis.
Completed Processing XDC Constraints

Netlist sorting complete. Time (s): cpu = 00:00:00 ; elapsed = 00:00:00 . Memory (MB): peak = 2186.777 ; gain = 0.000 ; free physical = 7128 ; free virtual = 26878
INFO: [Project 1-111] Unisim Transformation Summary:
No Unisim elements were transformed.

Constraint Validation Runtime : Time (s): cpu = 00:00:00 ; elapsed = 00:00:00.01 . Memory (MB): peak = 2186.777 ; gain = 0.000 ; free physical = 7128 ; free virtual = 26878
---------------------------------------------------------------------------------
Finished Constraint Validation : Time (s): cpu = 00:00:07 ; elapsed = 00:00:09 . Memory (MB): peak = 2186.777 ; gain = 433.156 ; free physical = 7193 ; free virtual = 26943
---------------------------------------------------------------------------------
---------------------------------------------------------------------------------
Start Loading Part and Timing Information
---------------------------------------------------------------------------------
Loading part: xc7a35tcpg236-1
---------------------------------------------------------------------------------
Finished Loading Part and Timing Information : Time (s): cpu = 00:00:07 ; elapsed = 00:00:09 . Memory (MB): peak = 2186.777 ; gain = 433.156 ; free physical = 7192 ; free virtual = 26943
---------------------------------------------------------------------------------
---------------------------------------------------------------------------------
Start Applying 'set_property' XDC Constraints
---------------------------------------------------------------------------------
---------------------------------------------------------------------------------
Finished applying 'set_property' XDC Constraints : Time (s): cpu = 00:00:07 ; elapsed = 00:00:09 . Memory (MB): peak = 2186.777 ; gain = 433.156 ; free physical = 7192 ; free virtual = 26943
---------------------------------------------------------------------------------
INFO: [Synth 8-802] inferred FSM for state register 'cs_reg' in module 'rx'
---------------------------------------------------------------------------------------------------
                   State |                     New Encoding |                Previous Encoding 
---------------------------------------------------------------------------------------------------
                    IDLE |                             0001 |                              000
                   START |                             0010 |                              001
                    BITS |                             0100 |                              010
                    RECV |                             1000 |                              011
---------------------------------------------------------------------------------------------------
INFO: [Synth 8-3354] encoded FSM with state register 'cs_reg' using encoding 'one-hot' in module 'rx'
WARNING: [Synth 8-327] inferring latch for variable 'parityErr_reg' [/auto/fsg/twillis0/ECEN 220/Labs/lab11/lab11.srcs/sources_1/new/rx.sv:123]
WARNING: [Synth 8-327] inferring latch for variable 'Dout_reg' [/auto/fsg/twillis0/ECEN 220/Labs/lab11/lab11.srcs/sources_1/new/rx.sv:95]
WARNING: [Synth 8-327] inferring latch for variable 'inputs_reg' [/auto/fsg/twillis0/ECEN 220/Labs/lab11/lab11.srcs/sources_1/new/rx.sv:119]
---------------------------------------------------------------------------------
Finished RTL Optimization Phase 2 : Time (s): cpu = 00:00:07 ; elapsed = 00:00:09 . Memory (MB): peak = 2186.777 ; gain = 433.156 ; free physical = 7185 ; free virtual = 26936
---------------------------------------------------------------------------------

Report RTL Partitions: 
+-+--------------+------------+----------+
| |RTL Partition |Replication |Instances |
+-+--------------+------------+----------+
+-+--------------+------------+----------+
---------------------------------------------------------------------------------
Start RTL Component Statistics 
---------------------------------------------------------------------------------
Detailed RTL Component Info : 
+---Adders : 
	   2 Input      9 Bit       Adders := 1     
+---XORs : 
	                8 Bit    Wide XORs := 1     
+---Registers : 
	               16 Bit    Registers := 1     
	                9 Bit    Registers := 2     
	                8 Bit    Registers := 2     
	                1 Bit    Registers := 1     
+---Muxes : 
	   4 Input      4 Bit        Muxes := 3     
	   2 Input      4 Bit        Muxes := 6     
	   2 Input      1 Bit        Muxes := 2     
	   4 Input      1 Bit        Muxes := 4     
---------------------------------------------------------------------------------
Finished RTL Component Statistics 
---------------------------------------------------------------------------------
---------------------------------------------------------------------------------
Start RTL Hierarchical Component Statistics 
---------------------------------------------------------------------------------
Hierarchical RTL Component report 
Module rx_top 
Detailed RTL Component Info : 
+---Registers : 
	               16 Bit    Registers := 1     
	                8 Bit    Registers := 2     
	                1 Bit    Registers := 1     
Module rx 
Detailed RTL Component Info : 
+---Adders : 
	   2 Input      9 Bit       Adders := 1     
+---XORs : 
	                8 Bit    Wide XORs := 1     
+---Registers : 
	                9 Bit    Registers := 2     
+---Muxes : 
	   4 Input      4 Bit        Muxes := 1     
	   2 Input      4 Bit        Muxes := 5     
	   2 Input      1 Bit        Muxes := 2     
	   4 Input      1 Bit        Muxes := 3     
Module SevenSegmentControl 
Detailed RTL Component Info : 
+---Muxes : 
	   4 Input      4 Bit        Muxes := 2     
	   2 Input      4 Bit        Muxes := 1     
	   4 Input      1 Bit        Muxes := 1     
---------------------------------------------------------------------------------
Finished RTL Hierarchical Component Statistics
---------------------------------------------------------------------------------
---------------------------------------------------------------------------------
Start Part Resource Summary
---------------------------------------------------------------------------------
Part Resources:
DSPs: 90 (col length:60)
BRAMs: 100 (col length: RAMB18 60 RAMB36 30)
---------------------------------------------------------------------------------
Finished Part Resource Summary
---------------------------------------------------------------------------------
---------------------------------------------------------------------------------
Start Cross Boundary and Area Optimization
---------------------------------------------------------------------------------
Warning: Parallel synthesis criteria is not met 
---------------------------------------------------------------------------------
Finished Cross Boundary and Area Optimization : Time (s): cpu = 00:00:08 ; elapsed = 00:00:10 . Memory (MB): peak = 2186.777 ; gain = 433.156 ; free physical = 7171 ; free virtual = 26927
---------------------------------------------------------------------------------

Report RTL Partitions: 
+-+--------------+------------+----------+
| |RTL Partition |Replication |Instances |
+-+--------------+------------+----------+
+-+--------------+------------+----------+
---------------------------------------------------------------------------------
Start Applying XDC Timing Constraints
---------------------------------------------------------------------------------
---------------------------------------------------------------------------------
Finished Applying XDC Timing Constraints : Time (s): cpu = 00:00:12 ; elapsed = 00:00:15 . Memory (MB): peak = 2186.777 ; gain = 433.156 ; free physical = 7053 ; free virtual = 26809
---------------------------------------------------------------------------------
---------------------------------------------------------------------------------
Start Timing Optimization
---------------------------------------------------------------------------------
---------------------------------------------------------------------------------
Finished Timing Optimization : Time (s): cpu = 00:00:12 ; elapsed = 00:00:15 . Memory (MB): peak = 2186.777 ; gain = 433.156 ; free physical = 7050 ; free virtual = 26806
---------------------------------------------------------------------------------

Report RTL Partitions: 
+-+--------------+------------+----------+
| |RTL Partition |Replication |Instances |
+-+--------------+------------+----------+
+-+--------------+------------+----------+
---------------------------------------------------------------------------------
Start Technology Mapping
---------------------------------------------------------------------------------
---------------------------------------------------------------------------------
Finished Technology Mapping : Time (s): cpu = 00:00:12 ; elapsed = 00:00:15 . Memory (MB): peak = 2186.777 ; gain = 433.156 ; free physical = 7049 ; free virtual = 26805
---------------------------------------------------------------------------------

Report RTL Partitions: 
+-+--------------+------------+----------+
| |RTL Partition |Replication |Instances |
+-+--------------+------------+----------+
+-+--------------+------------+----------+
---------------------------------------------------------------------------------
Start IO Insertion
---------------------------------------------------------------------------------
---------------------------------------------------------------------------------
Start Flattening Before IO Insertion
---------------------------------------------------------------------------------
---------------------------------------------------------------------------------
Finished Flattening Before IO Insertion
---------------------------------------------------------------------------------
---------------------------------------------------------------------------------
Start Final Netlist Cleanup
---------------------------------------------------------------------------------
---------------------------------------------------------------------------------
Finished Final Netlist Cleanup
---------------------------------------------------------------------------------
---------------------------------------------------------------------------------
Finished IO Insertion : Time (s): cpu = 00:00:14 ; elapsed = 00:00:17 . Memory (MB): peak = 2186.777 ; gain = 433.156 ; free physical = 7046 ; free virtual = 26802
---------------------------------------------------------------------------------
---------------------------------------------------------------------------------
Start Renaming Generated Instances
---------------------------------------------------------------------------------
---------------------------------------------------------------------------------
Finished Renaming Generated Instances : Time (s): cpu = 00:00:14 ; elapsed = 00:00:17 . Memory (MB): peak = 2186.777 ; gain = 433.156 ; free physical = 7046 ; free virtual = 26802
---------------------------------------------------------------------------------

Report RTL Partitions: 
+-+--------------+------------+----------+
| |RTL Partition |Replication |Instances |
+-+--------------+------------+----------+
+-+--------------+------------+----------+

Report Check Netlist: 
+------+------------------+-------+---------+-------+------------------+
|      |Item              |Errors |Warnings |Status |Description       |
+------+------------------+-------+---------+-------+------------------+
|1     |multi_driven_nets |      0|        0|Passed |Multi driven nets |
+------+------------------+-------+---------+-------+------------------+
---------------------------------------------------------------------------------
Start Rebuilding User Hierarchy
---------------------------------------------------------------------------------
---------------------------------------------------------------------------------
Finished Rebuilding User Hierarchy : Time (s): cpu = 00:00:14 ; elapsed = 00:00:17 . Memory (MB): peak = 2186.777 ; gain = 433.156 ; free physical = 7046 ; free virtual = 26802
---------------------------------------------------------------------------------
---------------------------------------------------------------------------------
Start Renaming Generated Ports
---------------------------------------------------------------------------------
---------------------------------------------------------------------------------
Finished Renaming Generated Ports : Time (s): cpu = 00:00:14 ; elapsed = 00:00:17 . Memory (MB): peak = 2186.777 ; gain = 433.156 ; free physical = 7046 ; free virtual = 26802
---------------------------------------------------------------------------------
---------------------------------------------------------------------------------
Start Handling Custom Attributes
---------------------------------------------------------------------------------
---------------------------------------------------------------------------------
Finished Handling Custom Attributes : Time (s): cpu = 00:00:14 ; elapsed = 00:00:17 . Memory (MB): peak = 2186.777 ; gain = 433.156 ; free physical = 7046 ; free virtual = 26802
---------------------------------------------------------------------------------
---------------------------------------------------------------------------------
Start Renaming Generated Nets
---------------------------------------------------------------------------------
---------------------------------------------------------------------------------
Finished Renaming Generated Nets : Time (s): cpu = 00:00:14 ; elapsed = 00:00:17 . Memory (MB): peak = 2186.777 ; gain = 433.156 ; free physical = 7046 ; free virtual = 26802
---------------------------------------------------------------------------------
---------------------------------------------------------------------------------
Start Writing Synthesis Report
---------------------------------------------------------------------------------

Report BlackBoxes: 
+-+--------------+----------+
| |BlackBox name |Instances |
+-+--------------+----------+
+-+--------------+----------+

Report Cell Usage: 
+------+-------+------+
|      |Cell   |Count |
+------+-------+------+
|1     |BUFG   |     1|
|2     |CARRY4 |     9|
|3     |LUT1   |     3|
|4     |LUT2   |    11|
|5     |LUT3   |     6|
|6     |LUT4   |    19|
|7     |LUT5   |     3|
|8     |LUT6   |    15|
|9     |FDRE   |    84|
|10    |FDSE   |     1|
|11    |LD     |     2|
|12    |LDC    |     8|
|13    |IBUF   |     3|
|14    |OBUF   |    28|
+------+-------+------+

Report Instance Areas: 
+------+----------+--------------------+------+
|      |Instance  |Module              |Cells |
+------+----------+--------------------+------+
|1     |top       |                    |   193|
|2     |  SSC     |SevenSegmentControl |    38|
|3     |  rx_inst |rx                  |    90|
+------+----------+--------------------+------+
---------------------------------------------------------------------------------
Finished Writing Synthesis Report : Time (s): cpu = 00:00:14 ; elapsed = 00:00:17 . Memory (MB): peak = 2186.777 ; gain = 433.156 ; free physical = 7046 ; free virtual = 26802
---------------------------------------------------------------------------------
Synthesis finished with 0 errors, 0 critical warnings and 3 warnings.
Synthesis Optimization Runtime : Time (s): cpu = 00:00:13 ; elapsed = 00:00:16 . Memory (MB): peak = 2186.777 ; gain = 268.375 ; free physical = 7098 ; free virtual = 26854
Synthesis Optimization Complete : Time (s): cpu = 00:00:14 ; elapsed = 00:00:17 . Memory (MB): peak = 2186.777 ; gain = 433.156 ; free physical = 7099 ; free virtual = 26855
INFO: [Project 1-571] Translating synthesized netlist
Netlist sorting complete. Time (s): cpu = 00:00:00 ; elapsed = 00:00:00.01 . Memory (MB): peak = 2186.777 ; gain = 0.000 ; free physical = 7157 ; free virtual = 26913
INFO: [Netlist 29-17] Analyzing 19 Unisim elements for replacement
INFO: [Netlist 29-28] Unisim Transformation completed in 0 CPU seconds
INFO: [Project 1-570] Preparing netlist for logic optimization
INFO: [Opt 31-138] Pushed 0 inverter(s) to 0 load pin(s).
Netlist sorting complete. Time (s): cpu = 00:00:00 ; elapsed = 00:00:00 . Memory (MB): peak = 2186.777 ; gain = 0.000 ; free physical = 7103 ; free virtual = 26859
INFO: [Project 1-111] Unisim Transformation Summary:
  A total of 10 instances were transformed.
  LD => LDCE: 2 instances
  LDC => LDCE: 8 instances

INFO: [Common 17-83] Releasing license: Synthesis
21 Infos, 6 Warnings, 0 Critical Warnings and 0 Errors encountered.
synth_design completed successfully
synth_design: Time (s): cpu = 00:00:19 ; elapsed = 00:00:24 . Memory (MB): peak = 2186.777 ; gain = 682.309 ; free physical = 7234 ; free virtual = 26991
Netlist sorting complete. Time (s): cpu = 00:00:00 ; elapsed = 00:00:00 . Memory (MB): peak = 2186.777 ; gain = 0.000 ; free physical = 7234 ; free virtual = 26991
WARNING: [Constraints 18-5210] No constraints selected for write.
Resolution: This message can indicate that there are no constraints for the design, or it can indicate that the used_in flags are set such that the constraints are ignored. This later case is used when running synth_design to not write synthesis constraints to the resulting checkpoint. Instead, project constraints are read when the synthesized design is opened.
INFO: [Common 17-1381] The checkpoint '/auto/fsg/twillis0/ECEN 220/Labs/lab11/lab11.runs/synth_1/rx_top.dcp' has been generated.
INFO: [runtcl-4] Executing : report_utilization -file rx_top_utilization_synth.rpt -pb rx_top_utilization_synth.pb
INFO: [Common 17-206] Exiting Vivado at Tue Nov 29 17:20:37 2022...
