
*** Running vivado
    with args -log stopwatch_top.vdi -applog -m64 -product Vivado -messageDb vivado.pb -mode batch -source stopwatch_top.tcl -notrace


****** Vivado v2019.2 (64-bit)
  **** SW Build 2708876 on Wed Nov  6 21:39:14 MST 2019
  **** IP Build 2700528 on Thu Nov  7 00:09:20 MST 2019
    ** Copyright 1986-2019 Xilinx, Inc. All Rights Reserved.

source stopwatch_top.tcl -notrace
Command: link_design -top stopwatch_top -part xc7a35tcpg236-1
Design is defaulting to srcset: sources_1
Design is defaulting to constrset: constrs_1
INFO: [Device 21-403] Loading part xc7a35tcpg236-1
Netlist sorting complete. Time (s): cpu = 00:00:00 ; elapsed = 00:00:00 . Memory (MB): peak = 1754.559 ; gain = 0.000 ; free physical = 6483 ; free virtual = 26221
INFO: [Netlist 29-17] Analyzing 10 Unisim elements for replacement
INFO: [Netlist 29-28] Unisim Transformation completed in 0 CPU seconds
INFO: [Project 1-479] Netlist was created with Vivado 2019.2
INFO: [Project 1-570] Preparing netlist for logic optimization
Parsing XDC File [/auto/fsg/twillis0/ECEN 220/Labs/lab7/lab7.srcs/constrs_1/new/master.xdc]
Finished Parsing XDC File [/auto/fsg/twillis0/ECEN 220/Labs/lab7/lab7.srcs/constrs_1/new/master.xdc]
INFO: [Opt 31-138] Pushed 0 inverter(s) to 0 load pin(s).
Netlist sorting complete. Time (s): cpu = 00:00:00 ; elapsed = 00:00:00 . Memory (MB): peak = 1904.148 ; gain = 0.000 ; free physical = 6385 ; free virtual = 26123
INFO: [Project 1-111] Unisim Transformation Summary:
No Unisim elements were transformed.

7 Infos, 0 Warnings, 0 Critical Warnings and 0 Errors encountered.
link_design completed successfully
link_design: Time (s): cpu = 00:00:03 ; elapsed = 00:00:08 . Memory (MB): peak = 1910.086 ; gain = 401.617 ; free physical = 6385 ; free virtual = 26123
Command: opt_design
Attempting to get a license for feature 'Implementation' and/or device 'xc7a35t'
INFO: [Common 17-349] Got license for feature 'Implementation' and/or device 'xc7a35t'
Running DRC as a precondition to command opt_design

Starting DRC Task
INFO: [DRC 23-27] Running DRC with 8 threads
INFO: [Project 1-461] DRC finished with 0 Errors
INFO: [Project 1-462] Please refer to the DRC report (report_drc) for more information.

Time (s): cpu = 00:00:01 ; elapsed = 00:00:01 . Memory (MB): peak = 2068.336 ; gain = 158.250 ; free physical = 6379 ; free virtual = 26118

Starting Cache Timing Information Task
INFO: [Timing 38-35] Done setting XDC timing constraints.
Ending Cache Timing Information Task | Checksum: 1b6c5ee12

Time (s): cpu = 00:00:05 ; elapsed = 00:00:06 . Memory (MB): peak = 2440.328 ; gain = 371.992 ; free physical = 6009 ; free virtual = 25748

Starting Logic Optimization Task

Phase 1 Retarget
INFO: [Opt 31-138] Pushed 0 inverter(s) to 0 load pin(s).
INFO: [Opt 31-49] Retargeted 0 cell(s).
Phase 1 Retarget | Checksum: 1b6c5ee12

Time (s): cpu = 00:00:00.01 ; elapsed = 00:00:00.01 . Memory (MB): peak = 2597.266 ; gain = 0.000 ; free physical = 5851 ; free virtual = 25590
INFO: [Opt 31-389] Phase Retarget created 0 cells and removed 0 cells

Phase 2 Constant propagation
INFO: [Opt 31-138] Pushed 0 inverter(s) to 0 load pin(s).
Phase 2 Constant propagation | Checksum: 1b6c5ee12

Time (s): cpu = 00:00:00.01 ; elapsed = 00:00:00.01 . Memory (MB): peak = 2597.266 ; gain = 0.000 ; free physical = 5851 ; free virtual = 25590
INFO: [Opt 31-389] Phase Constant propagation created 0 cells and removed 0 cells

Phase 3 Sweep
Phase 3 Sweep | Checksum: 1be75ece3

Time (s): cpu = 00:00:00.01 ; elapsed = 00:00:00.01 . Memory (MB): peak = 2597.266 ; gain = 0.000 ; free physical = 5851 ; free virtual = 25590
INFO: [Opt 31-389] Phase Sweep created 0 cells and removed 0 cells

Phase 4 BUFG optimization
INFO: [Opt 31-1112] Starts optimizing BUFG(s) with a common MMCM/DPLL/XPLL driver.
INFO: [Opt 31-1112] Starts optimizing BUFG(s) with a common driver.
INFO: [Opt 31-1092] Phase BUFG optimization transformed 0 BUFG(s) to MBUFG(s).
Phase 4 BUFG optimization | Checksum: 1be75ece3

Time (s): cpu = 00:00:00.01 ; elapsed = 00:00:00.01 . Memory (MB): peak = 2597.266 ; gain = 0.000 ; free physical = 5851 ; free virtual = 25590
INFO: [Opt 31-662] Phase BUFG optimization created 0 cells of which 0 are BUFGs and removed 0 cells.

Phase 5 Shift Register Optimization
INFO: [Opt 31-1064] SRL Remap converted 0 SRLs to 0 registers and converted 0 registers of register chains to 0 SRLs
Phase 5 Shift Register Optimization | Checksum: 1be75ece3

Time (s): cpu = 00:00:00.01 ; elapsed = 00:00:00.02 . Memory (MB): peak = 2597.266 ; gain = 0.000 ; free physical = 5851 ; free virtual = 25590
INFO: [Opt 31-389] Phase Shift Register Optimization created 0 cells and removed 0 cells

Phase 6 Post Processing Netlist
Phase 6 Post Processing Netlist | Checksum: 1be75ece3

Time (s): cpu = 00:00:00.01 ; elapsed = 00:00:00.02 . Memory (MB): peak = 2597.266 ; gain = 0.000 ; free physical = 5851 ; free virtual = 25590
INFO: [Opt 31-389] Phase Post Processing Netlist created 0 cells and removed 0 cells
Opt_design Change Summary
=========================


-------------------------------------------------------------------------------------------------------------------------
|  Phase                        |  #Cells created  |  #Cells Removed  |  #Constrained objects preventing optimizations  |
-------------------------------------------------------------------------------------------------------------------------
|  Retarget                     |               0  |               0  |                                              0  |
|  Constant propagation         |               0  |               0  |                                              0  |
|  Sweep                        |               0  |               0  |                                              0  |
|  BUFG optimization            |               0  |               0  |                                              0  |
|  Shift Register Optimization  |               0  |               0  |                                              0  |
|  Post Processing Netlist      |               0  |               0  |                                              0  |
-------------------------------------------------------------------------------------------------------------------------



Starting Connectivity Check Task

Time (s): cpu = 00:00:00 ; elapsed = 00:00:00 . Memory (MB): peak = 2597.266 ; gain = 0.000 ; free physical = 5851 ; free virtual = 25590
Ending Logic Optimization Task | Checksum: ed4b8153

Time (s): cpu = 00:00:00.02 ; elapsed = 00:00:00.02 . Memory (MB): peak = 2597.266 ; gain = 0.000 ; free physical = 5851 ; free virtual = 25590

Starting Power Optimization Task
INFO: [Pwropt 34-132] Skipping clock gating for clocks with a period < 2.00 ns.
Ending Power Optimization Task | Checksum: ed4b8153

Time (s): cpu = 00:00:00.01 ; elapsed = 00:00:00.02 . Memory (MB): peak = 2597.266 ; gain = 0.000 ; free physical = 5850 ; free virtual = 25589

Starting Final Cleanup Task
Ending Final Cleanup Task | Checksum: ed4b8153

Time (s): cpu = 00:00:00 ; elapsed = 00:00:00 . Memory (MB): peak = 2597.266 ; gain = 0.000 ; free physical = 5850 ; free virtual = 25589

Starting Netlist Obfuscation Task
Netlist sorting complete. Time (s): cpu = 00:00:00 ; elapsed = 00:00:00 . Memory (MB): peak = 2597.266 ; gain = 0.000 ; free physical = 5850 ; free virtual = 25589
Ending Netlist Obfuscation Task | Checksum: ed4b8153

Time (s): cpu = 00:00:00 ; elapsed = 00:00:00 . Memory (MB): peak = 2597.266 ; gain = 0.000 ; free physical = 5850 ; free virtual = 25589
INFO: [Common 17-83] Releasing license: Implementation
27 Infos, 0 Warnings, 0 Critical Warnings and 0 Errors encountered.
opt_design completed successfully
opt_design: Time (s): cpu = 00:00:07 ; elapsed = 00:00:09 . Memory (MB): peak = 2597.266 ; gain = 687.180 ; free physical = 5850 ; free virtual = 25589
Netlist sorting complete. Time (s): cpu = 00:00:00 ; elapsed = 00:00:00 . Memory (MB): peak = 2597.266 ; gain = 0.000 ; free physical = 5850 ; free virtual = 25589
INFO: [Timing 38-480] Writing timing data to binary archive.
Writing placer database...
Writing XDEF routing.
Writing XDEF routing logical nets.
Writing XDEF routing special nets.
Write XDEF Complete: Time (s): cpu = 00:00:00.03 ; elapsed = 00:00:00.03 . Memory (MB): peak = 2629.281 ; gain = 0.000 ; free physical = 5846 ; free virtual = 25585
INFO: [Common 17-1381] The checkpoint '/auto/fsg/twillis0/ECEN 220/Labs/lab7/lab7.runs/impl_1/stopwatch_top_opt.dcp' has been generated.
INFO: [runtcl-4] Executing : report_drc -file stopwatch_top_drc_opted.rpt -pb stopwatch_top_drc_opted.pb -rpx stopwatch_top_drc_opted.rpx
Command: report_drc -file stopwatch_top_drc_opted.rpt -pb stopwatch_top_drc_opted.pb -rpx stopwatch_top_drc_opted.rpx
INFO: [IP_Flow 19-234] Refreshing IP repositories
INFO: [IP_Flow 19-1704] No user IP repositories specified
INFO: [IP_Flow 19-2313] Loaded Vivado IP repository '/tools/Xilinx/Vivado/2019.2/data/ip'.
INFO: [DRC 23-27] Running DRC with 8 threads
INFO: [Coretcl 2-168] The results of DRC are in file /auto/fsg/twillis0/ECEN 220/Labs/lab7/lab7.runs/impl_1/stopwatch_top_drc_opted.rpt.
report_drc completed successfully
Command: place_design
Attempting to get a license for feature 'Implementation' and/or device 'xc7a35t'
INFO: [Common 17-349] Got license for feature 'Implementation' and/or device 'xc7a35t'
INFO: [DRC 23-27] Running DRC with 8 threads
INFO: [Vivado_Tcl 4-198] DRC finished with 0 Errors
INFO: [Vivado_Tcl 4-199] Please refer to the DRC report (report_drc) for more information.
Running DRC as a precondition to command place_design
INFO: [DRC 23-27] Running DRC with 8 threads
INFO: [Vivado_Tcl 4-198] DRC finished with 0 Errors
INFO: [Vivado_Tcl 4-199] Please refer to the DRC report (report_drc) for more information.

Starting Placer Task
INFO: [Place 30-611] Multithreading enabled for place_design using a maximum of 8 CPUs

Phase 1 Placer Initialization

Phase 1.1 Placer Initialization Netlist Sorting
Netlist sorting complete. Time (s): cpu = 00:00:00 ; elapsed = 00:00:00 . Memory (MB): peak = 2727.164 ; gain = 0.000 ; free physical = 5828 ; free virtual = 25567
Phase 1.1 Placer Initialization Netlist Sorting | Checksum: d06f65c1

Time (s): cpu = 00:00:00 ; elapsed = 00:00:00.02 . Memory (MB): peak = 2727.164 ; gain = 0.000 ; free physical = 5828 ; free virtual = 25567
Netlist sorting complete. Time (s): cpu = 00:00:00 ; elapsed = 00:00:00 . Memory (MB): peak = 2727.164 ; gain = 0.000 ; free physical = 5828 ; free virtual = 25567

Phase 1.2 IO Placement/ Clock Placement/ Build Placer Device
INFO: [Timing 38-35] Done setting XDC timing constraints.
Phase 1.2 IO Placement/ Clock Placement/ Build Placer Device | Checksum: 55d5325a

Time (s): cpu = 00:00:00.46 ; elapsed = 00:00:00.19 . Memory (MB): peak = 2727.164 ; gain = 0.000 ; free physical = 5812 ; free virtual = 25551

Phase 1.3 Build Placer Netlist Model
Phase 1.3 Build Placer Netlist Model | Checksum: c552be78

Time (s): cpu = 00:00:00.65 ; elapsed = 00:00:00.22 . Memory (MB): peak = 2727.164 ; gain = 0.000 ; free physical = 5826 ; free virtual = 25565

Phase 1.4 Constrain Clocks/Macros
Phase 1.4 Constrain Clocks/Macros | Checksum: c552be78

Time (s): cpu = 00:00:00.65 ; elapsed = 00:00:00.22 . Memory (MB): peak = 2727.164 ; gain = 0.000 ; free physical = 5826 ; free virtual = 25565
Phase 1 Placer Initialization | Checksum: c552be78

Time (s): cpu = 00:00:00.66 ; elapsed = 00:00:00.22 . Memory (MB): peak = 2727.164 ; gain = 0.000 ; free physical = 5826 ; free virtual = 25565

Phase 2 Global Placement

Phase 2.1 Floorplanning
Phase 2.1 Floorplanning | Checksum: a2858ca0

Time (s): cpu = 00:00:00.99 ; elapsed = 00:00:00.27 . Memory (MB): peak = 2727.164 ; gain = 0.000 ; free physical = 5819 ; free virtual = 25558

Phase 2.2 Global Placement Core

Phase 2.2.1 Physical Synthesis In Placer
INFO: [Physopt 32-1018] Found 4 candidate LUT instances to create LUTNM shape
INFO: [Physopt 32-775] End 1 Pass. Optimized 2 nets or cells. Created 0 new cell, deleted 2 existing cells and moved 0 existing cell
INFO: [Physopt 32-65] No nets found for high-fanout optimization.
INFO: [Physopt 32-232] Optimized 0 net. Created 0 new instance.
INFO: [Physopt 32-775] End 1 Pass. Optimized 0 net or cell. Created 0 new cell, deleted 0 existing cell and moved 0 existing cell
INFO: [Physopt 32-670] No setup violation found.  DSP Register Optimization was not performed.
INFO: [Physopt 32-670] No setup violation found.  Shift Register to Pipeline Optimization was not performed.
INFO: [Physopt 32-670] No setup violation found.  Shift Register Optimization was not performed.
INFO: [Physopt 32-670] No setup violation found.  BRAM Register Optimization was not performed.
INFO: [Physopt 32-949] No candidate nets found for HD net replication
INFO: [Physopt 32-775] End 1 Pass. Optimized 0 net or cell. Created 0 new cell, deleted 0 existing cell and moved 0 existing cell
Netlist sorting complete. Time (s): cpu = 00:00:00 ; elapsed = 00:00:00 . Memory (MB): peak = 2727.164 ; gain = 0.000 ; free physical = 5816 ; free virtual = 25555

Summary of Physical Synthesis Optimizations
============================================


-----------------------------------------------------------------------------------------------------------------------------------------------------------
|  Optimization                                     |  Added Cells  |  Removed Cells  |  Optimized Cells/Nets  |  Dont Touch  |  Iterations  |  Elapsed   |
-----------------------------------------------------------------------------------------------------------------------------------------------------------
|  LUT Combining                                    |            0  |              2  |                     2  |           0  |           1  |  00:00:00  |
|  Very High Fanout                                 |            0  |              0  |                     0  |           0  |           1  |  00:00:00  |
|  DSP Register                                     |            0  |              0  |                     0  |           0  |           0  |  00:00:00  |
|  Shift Register to Pipeline                       |            0  |              0  |                     0  |           0  |           0  |  00:00:00  |
|  Shift Register                                   |            0  |              0  |                     0  |           0  |           0  |  00:00:00  |
|  BRAM Register                                    |            0  |              0  |                     0  |           0  |           0  |  00:00:00  |
|  Dynamic/Static Region Interface Net Replication  |            0  |              0  |                     0  |           0  |           1  |  00:00:00  |
|  Total                                            |            0  |              2  |                     2  |           0  |           3  |  00:00:00  |
-----------------------------------------------------------------------------------------------------------------------------------------------------------


Phase 2.2.1 Physical Synthesis In Placer | Checksum: 164d8952d

Time (s): cpu = 00:00:03 ; elapsed = 00:00:00.72 . Memory (MB): peak = 2727.164 ; gain = 0.000 ; free physical = 5816 ; free virtual = 25554
Phase 2.2 Global Placement Core | Checksum: 131e895c1

Time (s): cpu = 00:00:03 ; elapsed = 00:00:00.73 . Memory (MB): peak = 2727.164 ; gain = 0.000 ; free physical = 5816 ; free virtual = 25554
Phase 2 Global Placement | Checksum: 131e895c1

Time (s): cpu = 00:00:03 ; elapsed = 00:00:00.74 . Memory (MB): peak = 2727.164 ; gain = 0.000 ; free physical = 5816 ; free virtual = 25554

Phase 3 Detail Placement

Phase 3.1 Commit Multi Column Macros
Phase 3.1 Commit Multi Column Macros | Checksum: 112ce427e

Time (s): cpu = 00:00:03 ; elapsed = 00:00:00.75 . Memory (MB): peak = 2727.164 ; gain = 0.000 ; free physical = 5815 ; free virtual = 25554

Phase 3.2 Commit Most Macros & LUTRAMs
Phase 3.2 Commit Most Macros & LUTRAMs | Checksum: d3f34330

Time (s): cpu = 00:00:03 ; elapsed = 00:00:00.76 . Memory (MB): peak = 2727.164 ; gain = 0.000 ; free physical = 5815 ; free virtual = 25553

Phase 3.3 Area Swap Optimization
Phase 3.3 Area Swap Optimization | Checksum: f1c46069

Time (s): cpu = 00:00:03 ; elapsed = 00:00:00.76 . Memory (MB): peak = 2727.164 ; gain = 0.000 ; free physical = 5815 ; free virtual = 25553

Phase 3.4 Pipeline Register Optimization
Phase 3.4 Pipeline Register Optimization | Checksum: f1c46069

Time (s): cpu = 00:00:04 ; elapsed = 00:00:00.77 . Memory (MB): peak = 2727.164 ; gain = 0.000 ; free physical = 5815 ; free virtual = 25553

Phase 3.5 Small Shape Detail Placement
Phase 3.5 Small Shape Detail Placement | Checksum: 18c8ede30

Time (s): cpu = 00:00:04 ; elapsed = 00:00:00.82 . Memory (MB): peak = 2727.164 ; gain = 0.000 ; free physical = 5813 ; free virtual = 25552

Phase 3.6 Re-assign LUT pins
Phase 3.6 Re-assign LUT pins | Checksum: 1e2542659

Time (s): cpu = 00:00:04 ; elapsed = 00:00:00.82 . Memory (MB): peak = 2727.164 ; gain = 0.000 ; free physical = 5813 ; free virtual = 25552

Phase 3.7 Pipeline Register Optimization
Phase 3.7 Pipeline Register Optimization | Checksum: 1e2542659

Time (s): cpu = 00:00:04 ; elapsed = 00:00:00.82 . Memory (MB): peak = 2727.164 ; gain = 0.000 ; free physical = 5813 ; free virtual = 25552
Phase 3 Detail Placement | Checksum: 1e2542659

Time (s): cpu = 00:00:04 ; elapsed = 00:00:00.82 . Memory (MB): peak = 2727.164 ; gain = 0.000 ; free physical = 5813 ; free virtual = 25552

Phase 4 Post Placement Optimization and Clean-Up

Phase 4.1 Post Commit Optimization
INFO: [Timing 38-35] Done setting XDC timing constraints.

Phase 4.1.1 Post Placement Optimization
Post Placement Optimization Initialization | Checksum: 1d0dbe55a

Phase 4.1.1.1 BUFG Insertion
INFO: [Place 46-56] BUFG insertion identified 0 candidate nets. Inserted BUFG: 0, Replicated BUFG Driver: 0, Skipped due to Placement/Routing Conflicts: 0, Skipped due to Timing Degradation: 0, Skipped due to Illegal Netlist: 0.
Phase 4.1.1.1 BUFG Insertion | Checksum: 1d0dbe55a

Time (s): cpu = 00:00:04 ; elapsed = 00:00:00.85 . Memory (MB): peak = 2727.164 ; gain = 0.000 ; free physical = 5813 ; free virtual = 25552
INFO: [Place 30-746] Post Placement Timing Summary WNS=4.973. For the most accurate timing information please run report_timing.
Phase 4.1.1 Post Placement Optimization | Checksum: 1a8d26ca3

Time (s): cpu = 00:00:04 ; elapsed = 00:00:00.86 . Memory (MB): peak = 2727.164 ; gain = 0.000 ; free physical = 5813 ; free virtual = 25552
Phase 4.1 Post Commit Optimization | Checksum: 1a8d26ca3

Time (s): cpu = 00:00:04 ; elapsed = 00:00:00.86 . Memory (MB): peak = 2727.164 ; gain = 0.000 ; free physical = 5813 ; free virtual = 25552

Phase 4.2 Post Placement Cleanup
Phase 4.2 Post Placement Cleanup | Checksum: 1a8d26ca3

Time (s): cpu = 00:00:04 ; elapsed = 00:00:00.86 . Memory (MB): peak = 2727.164 ; gain = 0.000 ; free physical = 5814 ; free virtual = 25553

Phase 4.3 Placer Reporting
Phase 4.3 Placer Reporting | Checksum: 1a8d26ca3

Time (s): cpu = 00:00:04 ; elapsed = 00:00:00.86 . Memory (MB): peak = 2727.164 ; gain = 0.000 ; free physical = 5814 ; free virtual = 25553

Phase 4.4 Final Placement Cleanup
Netlist sorting complete. Time (s): cpu = 00:00:00 ; elapsed = 00:00:00 . Memory (MB): peak = 2727.164 ; gain = 0.000 ; free physical = 5814 ; free virtual = 25553
Phase 4.4 Final Placement Cleanup | Checksum: 1fab077da

Time (s): cpu = 00:00:04 ; elapsed = 00:00:00.86 . Memory (MB): peak = 2727.164 ; gain = 0.000 ; free physical = 5814 ; free virtual = 25553
Phase 4 Post Placement Optimization and Clean-Up | Checksum: 1fab077da

Time (s): cpu = 00:00:04 ; elapsed = 00:00:00.86 . Memory (MB): peak = 2727.164 ; gain = 0.000 ; free physical = 5814 ; free virtual = 25553
Ending Placer Task | Checksum: 155dc3752

Time (s): cpu = 00:00:04 ; elapsed = 00:00:00.86 . Memory (MB): peak = 2727.164 ; gain = 0.000 ; free physical = 5814 ; free virtual = 25553
INFO: [Common 17-83] Releasing license: Implementation
59 Infos, 0 Warnings, 0 Critical Warnings and 0 Errors encountered.
place_design completed successfully
Netlist sorting complete. Time (s): cpu = 00:00:00 ; elapsed = 00:00:00 . Memory (MB): peak = 2727.164 ; gain = 0.000 ; free physical = 5823 ; free virtual = 25561
INFO: [Timing 38-480] Writing timing data to binary archive.
Writing placer database...
Writing XDEF routing.
Writing XDEF routing logical nets.
Writing XDEF routing special nets.
Write XDEF Complete: Time (s): cpu = 00:00:00.04 ; elapsed = 00:00:00.03 . Memory (MB): peak = 2727.164 ; gain = 0.000 ; free physical = 5821 ; free virtual = 25561
INFO: [Common 17-1381] The checkpoint '/auto/fsg/twillis0/ECEN 220/Labs/lab7/lab7.runs/impl_1/stopwatch_top_placed.dcp' has been generated.
INFO: [runtcl-4] Executing : report_io -file stopwatch_top_io_placed.rpt
report_io: Time (s): cpu = 00:00:00.09 ; elapsed = 00:00:00.13 . Memory (MB): peak = 2727.164 ; gain = 0.000 ; free physical = 5817 ; free virtual = 25556
INFO: [runtcl-4] Executing : report_utilization -file stopwatch_top_utilization_placed.rpt -pb stopwatch_top_utilization_placed.pb
INFO: [runtcl-4] Executing : report_control_sets -verbose -file stopwatch_top_control_sets_placed.rpt
report_control_sets: Time (s): cpu = 00:00:00.04 ; elapsed = 00:00:00.07 . Memory (MB): peak = 2727.164 ; gain = 0.000 ; free physical = 5823 ; free virtual = 25561
Command: phys_opt_design
Attempting to get a license for feature 'Implementation' and/or device 'xc7a35t'
INFO: [Common 17-349] Got license for feature 'Implementation' and/or device 'xc7a35t'
INFO: [Vivado_Tcl 4-383] Design worst setup slack (WNS) is greater than or equal to 0.250 ns. Skipping all physical synthesis optimizations.
INFO: [Vivado_Tcl 4-232] No setup violation found. The netlist was not modified.
INFO: [Common 17-83] Releasing license: Implementation
68 Infos, 0 Warnings, 0 Critical Warnings and 0 Errors encountered.
phys_opt_design completed successfully
Netlist sorting complete. Time (s): cpu = 00:00:00 ; elapsed = 00:00:00 . Memory (MB): peak = 2727.164 ; gain = 0.000 ; free physical = 5792 ; free virtual = 25530
INFO: [Timing 38-480] Writing timing data to binary archive.
Writing placer database...
Writing XDEF routing.
Writing XDEF routing logical nets.
Writing XDEF routing special nets.
Write XDEF Complete: Time (s): cpu = 00:00:00.04 ; elapsed = 00:00:00.03 . Memory (MB): peak = 2727.164 ; gain = 0.000 ; free physical = 5789 ; free virtual = 25529
INFO: [Common 17-1381] The checkpoint '/auto/fsg/twillis0/ECEN 220/Labs/lab7/lab7.runs/impl_1/stopwatch_top_physopt.dcp' has been generated.
Command: route_design
Attempting to get a license for feature 'Implementation' and/or device 'xc7a35t'
INFO: [Common 17-349] Got license for feature 'Implementation' and/or device 'xc7a35t'
Running DRC as a precondition to command route_design
INFO: [DRC 23-27] Running DRC with 8 threads
INFO: [Vivado_Tcl 4-198] DRC finished with 0 Errors
INFO: [Vivado_Tcl 4-199] Please refer to the DRC report (report_drc) for more information.


Starting Routing Task
INFO: [Route 35-254] Multithreading enabled for route_design using a maximum of 8 CPUs
Checksum: PlaceDB: 6811014d ConstDB: 0 ShapeSum: edcb3605 RouteDB: 0

Phase 1 Build RT Design
Phase 1 Build RT Design | Checksum: 127bb7ff1

Time (s): cpu = 00:00:09 ; elapsed = 00:00:08 . Memory (MB): peak = 2785.270 ; gain = 0.000 ; free physical = 5682 ; free virtual = 25421
Post Restoration Checksum: NetGraph: 5cfda5a3 NumContArr: cabdda4e Constraints: 0 Timing: 0

Phase 2 Router Initialization

Phase 2.1 Create Timer
Phase 2.1 Create Timer | Checksum: 127bb7ff1

Time (s): cpu = 00:00:09 ; elapsed = 00:00:08 . Memory (MB): peak = 2785.270 ; gain = 0.000 ; free physical = 5683 ; free virtual = 25422

Phase 2.2 Fix Topology Constraints
Phase 2.2 Fix Topology Constraints | Checksum: 127bb7ff1

Time (s): cpu = 00:00:09 ; elapsed = 00:00:08 . Memory (MB): peak = 2785.270 ; gain = 0.000 ; free physical = 5650 ; free virtual = 25389

Phase 2.3 Pre Route Cleanup
Phase 2.3 Pre Route Cleanup | Checksum: 127bb7ff1

Time (s): cpu = 00:00:09 ; elapsed = 00:00:08 . Memory (MB): peak = 2785.270 ; gain = 0.000 ; free physical = 5650 ; free virtual = 25389
 Number of Nodes with overlaps = 0

Phase 2.4 Update Timing
Phase 2.4 Update Timing | Checksum: 108616f4a

Time (s): cpu = 00:00:09 ; elapsed = 00:00:08 . Memory (MB): peak = 2785.277 ; gain = 0.008 ; free physical = 5643 ; free virtual = 25382
INFO: [Route 35-416] Intermediate Timing Summary | WNS=4.976  | TNS=0.000  | WHS=-0.065 | THS=-0.292 |

Phase 2 Router Initialization | Checksum: 1242130e6

Time (s): cpu = 00:00:09 ; elapsed = 00:00:08 . Memory (MB): peak = 2785.277 ; gain = 0.008 ; free physical = 5643 ; free virtual = 25382

Router Utilization Summary
  Global Vertical Routing Utilization    = 0 %
  Global Horizontal Routing Utilization  = 0 %
  Routable Net Status*
  *Does not include unroutable nets such as driverless and loadless.
  Run report_route_status for detailed report.
  Number of Failed Nets               = 97
    (Failed Nets is the sum of unrouted and partially routed nets)
  Number of Unrouted Nets             = 97
  Number of Partially Routed Nets     = 0
  Number of Node Overlaps             = 0


Phase 3 Initial Routing
Phase 3 Initial Routing | Checksum: 22f08e301

Time (s): cpu = 00:00:10 ; elapsed = 00:00:08 . Memory (MB): peak = 2789.281 ; gain = 4.012 ; free physical = 5642 ; free virtual = 25382

Phase 4 Rip-up And Reroute

Phase 4.1 Global Iteration 0
 Number of Nodes with overlaps = 4
 Number of Nodes with overlaps = 0
INFO: [Route 35-416] Intermediate Timing Summary | WNS=5.041  | TNS=0.000  | WHS=N/A    | THS=N/A    |

Phase 4.1 Global Iteration 0 | Checksum: 13f9a4428

Time (s): cpu = 00:00:10 ; elapsed = 00:00:08 . Memory (MB): peak = 2789.281 ; gain = 4.012 ; free physical = 5643 ; free virtual = 25382

Phase 4.2 Global Iteration 1
 Number of Nodes with overlaps = 0
INFO: [Route 35-416] Intermediate Timing Summary | WNS=5.041  | TNS=0.000  | WHS=N/A    | THS=N/A    |

Phase 4.2 Global Iteration 1 | Checksum: 117a8ba2c

Time (s): cpu = 00:00:10 ; elapsed = 00:00:08 . Memory (MB): peak = 2789.281 ; gain = 4.012 ; free physical = 5643 ; free virtual = 25382
Phase 4 Rip-up And Reroute | Checksum: 117a8ba2c

Time (s): cpu = 00:00:10 ; elapsed = 00:00:08 . Memory (MB): peak = 2789.281 ; gain = 4.012 ; free physical = 5643 ; free virtual = 25382

Phase 5 Delay and Skew Optimization

Phase 5.1 Delay CleanUp
Phase 5.1 Delay CleanUp | Checksum: 117a8ba2c

Time (s): cpu = 00:00:10 ; elapsed = 00:00:08 . Memory (MB): peak = 2789.281 ; gain = 4.012 ; free physical = 5643 ; free virtual = 25382

Phase 5.2 Clock Skew Optimization
Phase 5.2 Clock Skew Optimization | Checksum: 117a8ba2c

Time (s): cpu = 00:00:10 ; elapsed = 00:00:08 . Memory (MB): peak = 2789.281 ; gain = 4.012 ; free physical = 5643 ; free virtual = 25382
Phase 5 Delay and Skew Optimization | Checksum: 117a8ba2c

Time (s): cpu = 00:00:10 ; elapsed = 00:00:08 . Memory (MB): peak = 2789.281 ; gain = 4.012 ; free physical = 5643 ; free virtual = 25382

Phase 6 Post Hold Fix

Phase 6.1 Hold Fix Iter

Phase 6.1.1 Update Timing
Phase 6.1.1 Update Timing | Checksum: 117998701

Time (s): cpu = 00:00:10 ; elapsed = 00:00:08 . Memory (MB): peak = 2789.281 ; gain = 4.012 ; free physical = 5643 ; free virtual = 25382
INFO: [Route 35-416] Intermediate Timing Summary | WNS=5.120  | TNS=0.000  | WHS=0.249  | THS=0.000  |

Phase 6.1 Hold Fix Iter | Checksum: 6a03d80a

Time (s): cpu = 00:00:10 ; elapsed = 00:00:08 . Memory (MB): peak = 2789.281 ; gain = 4.012 ; free physical = 5643 ; free virtual = 25382
Phase 6 Post Hold Fix | Checksum: 6a03d80a

Time (s): cpu = 00:00:10 ; elapsed = 00:00:08 . Memory (MB): peak = 2789.281 ; gain = 4.012 ; free physical = 5643 ; free virtual = 25382

Phase 7 Route finalize

Router Utilization Summary
  Global Vertical Routing Utilization    = 0.0138723 %
  Global Horizontal Routing Utilization  = 0.0204321 %
  Routable Net Status*
  *Does not include unroutable nets such as driverless and loadless.
  Run report_route_status for detailed report.
  Number of Failed Nets               = 0
    (Failed Nets is the sum of unrouted and partially routed nets)
  Number of Unrouted Nets             = 0
  Number of Partially Routed Nets     = 0
  Number of Node Overlaps             = 0

Phase 7 Route finalize | Checksum: 12b061d06

Time (s): cpu = 00:00:10 ; elapsed = 00:00:08 . Memory (MB): peak = 2789.281 ; gain = 4.012 ; free physical = 5643 ; free virtual = 25382

Phase 8 Verifying routed nets

 Verification completed successfully
Phase 8 Verifying routed nets | Checksum: 12b061d06

Time (s): cpu = 00:00:10 ; elapsed = 00:00:08 . Memory (MB): peak = 2789.281 ; gain = 4.012 ; free physical = 5642 ; free virtual = 25381

Phase 9 Depositing Routes
Phase 9 Depositing Routes | Checksum: 1ae837410

Time (s): cpu = 00:00:10 ; elapsed = 00:00:08 . Memory (MB): peak = 2789.281 ; gain = 4.012 ; free physical = 5642 ; free virtual = 25381

Phase 10 Post Router Timing
INFO: [Route 35-57] Estimated Timing Summary | WNS=5.120  | TNS=0.000  | WHS=0.249  | THS=0.000  |

INFO: [Route 35-327] The final timing numbers are based on the router estimated timing analysis. For a complete and accurate timing signoff, please run report_timing_summary.
Phase 10 Post Router Timing | Checksum: 1ae837410

Time (s): cpu = 00:00:10 ; elapsed = 00:00:08 . Memory (MB): peak = 2789.281 ; gain = 4.012 ; free physical = 5642 ; free virtual = 25381
INFO: [Route 35-16] Router Completed Successfully

Time (s): cpu = 00:00:10 ; elapsed = 00:00:08 . Memory (MB): peak = 2789.281 ; gain = 4.012 ; free physical = 5675 ; free virtual = 25414

Routing Is Done.
INFO: [Common 17-83] Releasing license: Implementation
83 Infos, 0 Warnings, 0 Critical Warnings and 0 Errors encountered.
route_design completed successfully
route_design: Time (s): cpu = 00:00:11 ; elapsed = 00:00:09 . Memory (MB): peak = 2789.281 ; gain = 62.117 ; free physical = 5675 ; free virtual = 25414
Netlist sorting complete. Time (s): cpu = 00:00:00 ; elapsed = 00:00:00 . Memory (MB): peak = 2789.281 ; gain = 0.000 ; free physical = 5675 ; free virtual = 25414
INFO: [Timing 38-480] Writing timing data to binary archive.
Writing placer database...
Writing XDEF routing.
Writing XDEF routing logical nets.
Writing XDEF routing special nets.
Write XDEF Complete: Time (s): cpu = 00:00:00.11 ; elapsed = 00:00:00.05 . Memory (MB): peak = 2789.281 ; gain = 0.000 ; free physical = 5673 ; free virtual = 25413
INFO: [Common 17-1381] The checkpoint '/auto/fsg/twillis0/ECEN 220/Labs/lab7/lab7.runs/impl_1/stopwatch_top_routed.dcp' has been generated.
INFO: [runtcl-4] Executing : report_drc -file stopwatch_top_drc_routed.rpt -pb stopwatch_top_drc_routed.pb -rpx stopwatch_top_drc_routed.rpx
Command: report_drc -file stopwatch_top_drc_routed.rpt -pb stopwatch_top_drc_routed.pb -rpx stopwatch_top_drc_routed.rpx
INFO: [IP_Flow 19-1839] IP Catalog is up to date.
INFO: [DRC 23-27] Running DRC with 8 threads
INFO: [Coretcl 2-168] The results of DRC are in file /auto/fsg/twillis0/ECEN 220/Labs/lab7/lab7.runs/impl_1/stopwatch_top_drc_routed.rpt.
report_drc completed successfully
INFO: [runtcl-4] Executing : report_methodology -file stopwatch_top_methodology_drc_routed.rpt -pb stopwatch_top_methodology_drc_routed.pb -rpx stopwatch_top_methodology_drc_routed.rpx
Command: report_methodology -file stopwatch_top_methodology_drc_routed.rpt -pb stopwatch_top_methodology_drc_routed.pb -rpx stopwatch_top_methodology_drc_routed.rpx
INFO: [Timing 38-35] Done setting XDC timing constraints.
INFO: [DRC 23-133] Running Methodology with 8 threads
INFO: [Coretcl 2-1520] The results of Report Methodology are in file /auto/fsg/twillis0/ECEN 220/Labs/lab7/lab7.runs/impl_1/stopwatch_top_methodology_drc_routed.rpt.
report_methodology completed successfully
INFO: [runtcl-4] Executing : report_power -file stopwatch_top_power_routed.rpt -pb stopwatch_top_power_summary_routed.pb -rpx stopwatch_top_power_routed.rpx
Command: report_power -file stopwatch_top_power_routed.rpt -pb stopwatch_top_power_summary_routed.pb -rpx stopwatch_top_power_routed.rpx
INFO: [Timing 38-35] Done setting XDC timing constraints.
Running Vector-less Activity Propagation...

Finished Running Vector-less Activity Propagation
95 Infos, 0 Warnings, 0 Critical Warnings and 0 Errors encountered.
report_power completed successfully
INFO: [runtcl-4] Executing : report_route_status -file stopwatch_top_route_status.rpt -pb stopwatch_top_route_status.pb
INFO: [runtcl-4] Executing : report_timing_summary -max_paths 10 -file stopwatch_top_timing_summary_routed.rpt -pb stopwatch_top_timing_summary_routed.pb -rpx stopwatch_top_timing_summary_routed.rpx -warn_on_violation 
INFO: [Timing 38-91] UpdateTimingParams: Speed grade: -1, Delay Type: min_max.
INFO: [Timing 38-191] Multithreading enabled for timing update using a maximum of 8 CPUs
INFO: [runtcl-4] Executing : report_incremental_reuse -file stopwatch_top_incremental_reuse_routed.rpt
INFO: [Vivado_Tcl 4-1062] Incremental flow is disabled. No incremental reuse Info to report.
INFO: [runtcl-4] Executing : report_clock_utilization -file stopwatch_top_clock_utilization_routed.rpt
INFO: [runtcl-4] Executing : report_bus_skew -warn_on_violation -file stopwatch_top_bus_skew_routed.rpt -pb stopwatch_top_bus_skew_routed.pb -rpx stopwatch_top_bus_skew_routed.rpx
INFO: [Timing 38-91] UpdateTimingParams: Speed grade: -1, Delay Type: min_max.
INFO: [Timing 38-191] Multithreading enabled for timing update using a maximum of 8 CPUs
Command: write_bitstream -force stopwatch_top.bit
Attempting to get a license for feature 'Implementation' and/or device 'xc7a35t'
INFO: [Common 17-349] Got license for feature 'Implementation' and/or device 'xc7a35t'
Running DRC as a precondition to command write_bitstream
INFO: [IP_Flow 19-1839] IP Catalog is up to date.
INFO: [DRC 23-27] Running DRC with 8 threads
INFO: [Vivado 12-3199] DRC finished with 0 Errors
INFO: [Vivado 12-3200] Please refer to the DRC report (report_drc) for more information.
INFO: [Designutils 20-2272] Running write_bitstream with 8 threads.
Loading data files...
Loading site data...
Loading route data...
Processing options...
Creating bitmap...
Creating bitstream...
Writing bitstream ./stopwatch_top.bit...
INFO: [Vivado 12-1842] Bitgen Completed Successfully.
INFO: [Project 1-118] WebTalk data collection is enabled (User setting is ON. Install Setting is ON.).
sh: 1: cannot create /auto/fsg/twillis0/ECEN: Is a directory
INFO: [Common 17-186] '/auto/fsg/twillis0/ECEN 220/Labs/lab7/lab7.runs/impl_1/usage_statistics_webtalk.xml' has been successfully sent to Xilinx on Tue Oct 25 18:40:25 2022. For additional details about this file, please refer to the WebTalk help file at /tools/Xilinx/Vivado/2019.2/doc/webtalk_introduction.html.
INFO: [Common 17-83] Releasing license: Implementation
115 Infos, 0 Warnings, 0 Critical Warnings and 0 Errors encountered.
write_bitstream completed successfully
write_bitstream: Time (s): cpu = 00:00:07 ; elapsed = 00:00:10 . Memory (MB): peak = 3132.902 ; gain = 191.340 ; free physical = 5647 ; free virtual = 25389
INFO: [Common 17-206] Exiting Vivado at Tue Oct 25 18:40:25 2022...
