Copyright 1986-2019 Xilinx, Inc. All Rights Reserved.
--------------------------------------------------------------------------------------------------------------------------------------------------------------------------------------------------------------
| Tool Version : Vivado v.2019.2 (lin64) Build 2708876 Wed Nov  6 21:39:14 MST 2019
| Date         : Tue Oct 25 18:40:15 2022
| Host         : DIGITAL-59 running 64-bit Ubuntu 18.04.6 LTS
| Command      : report_timing_summary -max_paths 10 -file stopwatch_top_timing_summary_routed.rpt -pb stopwatch_top_timing_summary_routed.pb -rpx stopwatch_top_timing_summary_routed.rpx -warn_on_violation
| Design       : stopwatch_top
| Device       : 7a35t-cpg236
| Speed File   : -1  PRODUCTION 1.23 2018-06-13
--------------------------------------------------------------------------------------------------------------------------------------------------------------------------------------------------------------

Timing Summary Report

------------------------------------------------------------------------------------------------
| Timer Settings
| --------------
------------------------------------------------------------------------------------------------

  Enable Multi Corner Analysis               :  Yes
  Enable Pessimism Removal                   :  Yes
  Pessimism Removal Resolution               :  Nearest Common Node
  Enable Input Delay Default Clock           :  No
  Enable Preset / Clear Arcs                 :  No
  Disable Flight Delays                      :  No
  Ignore I/O Paths                           :  No
  Timing Early Launch at Borrowing Latches   :  No
  Borrow Time for Max Delay Exceptions       :  Yes
  Merge Timing Exceptions                    :  Yes

  Corner  Analyze    Analyze    
  Name    Max Paths  Min Paths  
  ------  ---------  ---------  
  Slow    Yes        Yes        
  Fast    Yes        Yes        



check_timing report

Table of Contents
-----------------
1. checking no_clock
2. checking constant_clock
3. checking pulse_width_clock
4. checking unconstrained_internal_endpoints
5. checking no_input_delay
6. checking no_output_delay
7. checking multiple_clock
8. checking generated_clocks
9. checking loops
10. checking partial_input_delay
11. checking partial_output_delay
12. checking latch_loops

1. checking no_clock
--------------------
 There are 0 register/latch pins with no clock.


2. checking constant_clock
--------------------------
 There are 0 register/latch pins with constant_clock.


3. checking pulse_width_clock
-----------------------------
 There are 0 register/latch pins which need pulse_width check


4. checking unconstrained_internal_endpoints
--------------------------------------------
 There are 0 pins that are not constrained for maximum delay.

 There are 0 pins that are not constrained for maximum delay due to constant clock.


5. checking no_input_delay
--------------------------
 There are 2 input ports with no input delay specified. (HIGH)

 There are 0 input ports with no input delay but user has a false path constraint.


6. checking no_output_delay
---------------------------
 There are 12 ports with no output delay specified. (HIGH)

 There are 0 ports with no output delay but user has a false path constraint

 There are 0 ports with no output delay but with a timing clock defined on it or propagating through it


7. checking multiple_clock
--------------------------
 There are 0 register/latch pins with multiple clocks.


8. checking generated_clocks
----------------------------
 There are 0 generated clocks that are not connected to a clock source.


9. checking loops
-----------------
 There are 0 combinational loops in the design.


10. checking partial_input_delay
--------------------------------
 There are 0 input ports with partial input delay specified.


11. checking partial_output_delay
---------------------------------
 There are 0 ports with partial output delay specified.


12. checking latch_loops
------------------------
 There are 0 combinational latch loops in the design through latch input



------------------------------------------------------------------------------------------------
| Design Timing Summary
| ---------------------
------------------------------------------------------------------------------------------------

    WNS(ns)      TNS(ns)  TNS Failing Endpoints  TNS Total Endpoints      WHS(ns)      THS(ns)  THS Failing Endpoints  THS Total Endpoints     WPWS(ns)     TPWS(ns)  TPWS Failing Endpoints  TPWS Total Endpoints  
    -------      -------  ---------------------  -------------------      -------      -------  ---------------------  -------------------     --------     --------  ----------------------  --------------------  
      5.121        0.000                      0                  105        0.261        0.000                      0                  105        4.500        0.000                       0                    54  


All user specified timing constraints are met.


------------------------------------------------------------------------------------------------
| Clock Summary
| -------------
------------------------------------------------------------------------------------------------

Clock  Waveform(ns)       Period(ns)      Frequency(MHz)
-----  ------------       ----------      --------------
clk    {0.000 5.000}      10.000          100.000         


------------------------------------------------------------------------------------------------
| Intra Clock Table
| -----------------
------------------------------------------------------------------------------------------------

Clock             WNS(ns)      TNS(ns)  TNS Failing Endpoints  TNS Total Endpoints      WHS(ns)      THS(ns)  THS Failing Endpoints  THS Total Endpoints     WPWS(ns)     TPWS(ns)  TPWS Failing Endpoints  TPWS Total Endpoints  
-----             -------      -------  ---------------------  -------------------      -------      -------  ---------------------  -------------------     --------     --------  ----------------------  --------------------  
clk                 5.121        0.000                      0                  105        0.261        0.000                      0                  105        4.500        0.000                       0                    54  


------------------------------------------------------------------------------------------------
| Inter Clock Table
| -----------------
------------------------------------------------------------------------------------------------

From Clock    To Clock          WNS(ns)      TNS(ns)  TNS Failing Endpoints  TNS Total Endpoints      WHS(ns)      THS(ns)  THS Failing Endpoints  THS Total Endpoints  
----------    --------          -------      -------  ---------------------  -------------------      -------      -------  ---------------------  -------------------  


------------------------------------------------------------------------------------------------
| Other Path Groups Table
| -----------------------
------------------------------------------------------------------------------------------------

Path Group    From Clock    To Clock          WNS(ns)      TNS(ns)  TNS Failing Endpoints  TNS Total Endpoints      WHS(ns)      THS(ns)  THS Failing Endpoints  THS Total Endpoints  
----------    ----------    --------          -------      -------  ---------------------  -------------------      -------      -------  ---------------------  -------------------  


------------------------------------------------------------------------------------------------
| Timing Details
| --------------
------------------------------------------------------------------------------------------------


---------------------------------------------------------------------------------------------------
From Clock:  clk
  To Clock:  clk

Setup :            0  Failing Endpoints,  Worst Slack        5.121ns,  Total Violation        0.000ns
Hold  :            0  Failing Endpoints,  Worst Slack        0.261ns,  Total Violation        0.000ns
PW    :            0  Failing Endpoints,  Worst Slack        4.500ns,  Total Violation        0.000ns
---------------------------------------------------------------------------------------------------


Max Delay Paths
--------------------------------------------------------------------------------------
Slack (MET) :             5.121ns  (required time - arrival time)
  Source:                 m0/n0/count_reg[3]/C
                            (rising edge-triggered cell FDRE clocked by clk  {rise@0.000ns fall@5.000ns period=10.000ns})
  Destination:            m0/m1/count_reg[0]/R
                            (rising edge-triggered cell FDRE clocked by clk  {rise@0.000ns fall@5.000ns period=10.000ns})
  Path Group:             clk
  Path Type:              Setup (Max at Slow Process Corner)
  Requirement:            10.000ns  (clk rise@10.000ns - clk rise@0.000ns)
  Data Path Delay:        4.175ns  (logic 0.824ns (19.737%)  route 3.351ns (80.263%))
  Logic Levels:           3  (LUT4=2 LUT6=1)
  Clock Path Skew:        -0.037ns (DCD - SCD + CPR)
    Destination Clock Delay (DCD):    4.849ns = ( 14.849 - 10.000 ) 
    Source Clock Delay      (SCD):    5.146ns
    Clock Pessimism Removal (CPR):    0.260ns
  Clock Uncertainty:      0.035ns  ((TSJ^2 + TIJ^2)^1/2 + DJ) / 2 + PE
    Total System Jitter     (TSJ):    0.071ns
    Total Input Jitter      (TIJ):    0.000ns
    Discrete Jitter          (DJ):    0.000ns
    Phase Error              (PE):    0.000ns

    Location             Delay type                Incr(ns)  Path(ns)    Netlist Resource(s)
  -------------------------------------------------------------------    -------------------
                         (clock clk rise edge)        0.000     0.000 r  
    W5                                                0.000     0.000 r  clk (IN)
                         net (fo=0)                   0.000     0.000    clk
    W5                   IBUF (Prop_ibuf_I_O)         1.458     1.458 r  clk_IBUF_inst/O
                         net (fo=1, routed)           1.967     3.425    clk_IBUF
    BUFGCTRL_X0Y0        BUFG (Prop_bufg_I_O)         0.096     3.521 r  clk_IBUF_BUFG_inst/O
                         net (fo=53, routed)          1.625     5.146    m0/n0/CLK
    SLICE_X61Y19         FDRE                                         r  m0/n0/count_reg[3]/C
  -------------------------------------------------------------------    -------------------
    SLICE_X61Y19         FDRE (Prop_fdre_C_Q)         0.456     5.602 r  m0/n0/count_reg[3]/Q
                         net (fo=2, routed)           0.692     6.295    m0/n0/count_reg_n_4_[3]
    SLICE_X60Y19         LUT4 (Prop_lut4_I1_O)        0.124     6.419 f  m0/n0/count[3]_i_6/O
                         net (fo=1, routed)           0.955     7.373    m0/n0/count[3]_i_6_n_4
    SLICE_X60Y22         LUT6 (Prop_lut6_I3_O)        0.124     7.497 r  m0/n0/count[3]_i_2__2/O
                         net (fo=12, routed)          0.902     8.399    m0/m1/i_0
    SLICE_X63Y18         LUT4 (Prop_lut4_I2_O)        0.120     8.519 r  m0/m1/count[3]_i_1__0/O
                         net (fo=4, routed)           0.802     9.321    m0/m1/count[3]_i_1__0_n_4
    SLICE_X62Y19         FDRE                                         r  m0/m1/count_reg[0]/R
  -------------------------------------------------------------------    -------------------

                         (clock clk rise edge)       10.000    10.000 r  
    W5                                                0.000    10.000 r  clk (IN)
                         net (fo=0)                   0.000    10.000    clk
    W5                   IBUF (Prop_ibuf_I_O)         1.388    11.388 r  clk_IBUF_inst/O
                         net (fo=1, routed)           1.862    13.250    clk_IBUF
    BUFGCTRL_X0Y0        BUFG (Prop_bufg_I_O)         0.091    13.341 r  clk_IBUF_BUFG_inst/O
                         net (fo=53, routed)          1.508    14.849    m0/m1/CLK
    SLICE_X62Y19         FDRE                                         r  m0/m1/count_reg[0]/C
                         clock pessimism              0.260    15.109    
                         clock uncertainty           -0.035    15.074    
    SLICE_X62Y19         FDRE (Setup_fdre_C_R)       -0.632    14.442    m0/m1/count_reg[0]
  -------------------------------------------------------------------
                         required time                         14.442    
                         arrival time                          -9.321    
  -------------------------------------------------------------------
                         slack                                  5.121    

Slack (MET) :             5.131ns  (required time - arrival time)
  Source:                 m0/n0/count_reg[3]/C
                            (rising edge-triggered cell FDRE clocked by clk  {rise@0.000ns fall@5.000ns period=10.000ns})
  Destination:            m0/m1/count_reg[1]/R
                            (rising edge-triggered cell FDRE clocked by clk  {rise@0.000ns fall@5.000ns period=10.000ns})
  Path Group:             clk
  Path Type:              Setup (Max at Slow Process Corner)
  Requirement:            10.000ns  (clk rise@10.000ns - clk rise@0.000ns)
  Data Path Delay:        4.069ns  (logic 0.824ns (20.248%)  route 3.245ns (79.752%))
  Logic Levels:           3  (LUT4=2 LUT6=1)
  Clock Path Skew:        -0.037ns (DCD - SCD + CPR)
    Destination Clock Delay (DCD):    4.849ns = ( 14.849 - 10.000 ) 
    Source Clock Delay      (SCD):    5.146ns
    Clock Pessimism Removal (CPR):    0.260ns
  Clock Uncertainty:      0.035ns  ((TSJ^2 + TIJ^2)^1/2 + DJ) / 2 + PE
    Total System Jitter     (TSJ):    0.071ns
    Total Input Jitter      (TIJ):    0.000ns
    Discrete Jitter          (DJ):    0.000ns
    Phase Error              (PE):    0.000ns

    Location             Delay type                Incr(ns)  Path(ns)    Netlist Resource(s)
  -------------------------------------------------------------------    -------------------
                         (clock clk rise edge)        0.000     0.000 r  
    W5                                                0.000     0.000 r  clk (IN)
                         net (fo=0)                   0.000     0.000    clk
    W5                   IBUF (Prop_ibuf_I_O)         1.458     1.458 r  clk_IBUF_inst/O
                         net (fo=1, routed)           1.967     3.425    clk_IBUF
    BUFGCTRL_X0Y0        BUFG (Prop_bufg_I_O)         0.096     3.521 r  clk_IBUF_BUFG_inst/O
                         net (fo=53, routed)          1.625     5.146    m0/n0/CLK
    SLICE_X61Y19         FDRE                                         r  m0/n0/count_reg[3]/C
  -------------------------------------------------------------------    -------------------
    SLICE_X61Y19         FDRE (Prop_fdre_C_Q)         0.456     5.602 r  m0/n0/count_reg[3]/Q
                         net (fo=2, routed)           0.692     6.295    m0/n0/count_reg_n_4_[3]
    SLICE_X60Y19         LUT4 (Prop_lut4_I1_O)        0.124     6.419 f  m0/n0/count[3]_i_6/O
                         net (fo=1, routed)           0.955     7.373    m0/n0/count[3]_i_6_n_4
    SLICE_X60Y22         LUT6 (Prop_lut6_I3_O)        0.124     7.497 r  m0/n0/count[3]_i_2__2/O
                         net (fo=12, routed)          0.902     8.399    m0/m1/i_0
    SLICE_X63Y18         LUT4 (Prop_lut4_I2_O)        0.120     8.519 r  m0/m1/count[3]_i_1__0/O
                         net (fo=4, routed)           0.696     9.216    m0/m1/count[3]_i_1__0_n_4
    SLICE_X64Y19         FDRE                                         r  m0/m1/count_reg[1]/R
  -------------------------------------------------------------------    -------------------

                         (clock clk rise edge)       10.000    10.000 r  
    W5                                                0.000    10.000 r  clk (IN)
                         net (fo=0)                   0.000    10.000    clk
    W5                   IBUF (Prop_ibuf_I_O)         1.388    11.388 r  clk_IBUF_inst/O
                         net (fo=1, routed)           1.862    13.250    clk_IBUF
    BUFGCTRL_X0Y0        BUFG (Prop_bufg_I_O)         0.091    13.341 r  clk_IBUF_BUFG_inst/O
                         net (fo=53, routed)          1.508    14.849    m0/m1/CLK
    SLICE_X64Y19         FDRE                                         r  m0/m1/count_reg[1]/C
                         clock pessimism              0.260    15.109    
                         clock uncertainty           -0.035    15.074    
    SLICE_X64Y19         FDRE (Setup_fdre_C_R)       -0.727    14.347    m0/m1/count_reg[1]
  -------------------------------------------------------------------
                         required time                         14.347    
                         arrival time                          -9.216    
  -------------------------------------------------------------------
                         slack                                  5.131    

Slack (MET) :             5.131ns  (required time - arrival time)
  Source:                 m0/n0/count_reg[3]/C
                            (rising edge-triggered cell FDRE clocked by clk  {rise@0.000ns fall@5.000ns period=10.000ns})
  Destination:            m0/m1/count_reg[2]/R
                            (rising edge-triggered cell FDRE clocked by clk  {rise@0.000ns fall@5.000ns period=10.000ns})
  Path Group:             clk
  Path Type:              Setup (Max at Slow Process Corner)
  Requirement:            10.000ns  (clk rise@10.000ns - clk rise@0.000ns)
  Data Path Delay:        4.069ns  (logic 0.824ns (20.248%)  route 3.245ns (79.752%))
  Logic Levels:           3  (LUT4=2 LUT6=1)
  Clock Path Skew:        -0.037ns (DCD - SCD + CPR)
    Destination Clock Delay (DCD):    4.849ns = ( 14.849 - 10.000 ) 
    Source Clock Delay      (SCD):    5.146ns
    Clock Pessimism Removal (CPR):    0.260ns
  Clock Uncertainty:      0.035ns  ((TSJ^2 + TIJ^2)^1/2 + DJ) / 2 + PE
    Total System Jitter     (TSJ):    0.071ns
    Total Input Jitter      (TIJ):    0.000ns
    Discrete Jitter          (DJ):    0.000ns
    Phase Error              (PE):    0.000ns

    Location             Delay type                Incr(ns)  Path(ns)    Netlist Resource(s)
  -------------------------------------------------------------------    -------------------
                         (clock clk rise edge)        0.000     0.000 r  
    W5                                                0.000     0.000 r  clk (IN)
                         net (fo=0)                   0.000     0.000    clk
    W5                   IBUF (Prop_ibuf_I_O)         1.458     1.458 r  clk_IBUF_inst/O
                         net (fo=1, routed)           1.967     3.425    clk_IBUF
    BUFGCTRL_X0Y0        BUFG (Prop_bufg_I_O)         0.096     3.521 r  clk_IBUF_BUFG_inst/O
                         net (fo=53, routed)          1.625     5.146    m0/n0/CLK
    SLICE_X61Y19         FDRE                                         r  m0/n0/count_reg[3]/C
  -------------------------------------------------------------------    -------------------
    SLICE_X61Y19         FDRE (Prop_fdre_C_Q)         0.456     5.602 r  m0/n0/count_reg[3]/Q
                         net (fo=2, routed)           0.692     6.295    m0/n0/count_reg_n_4_[3]
    SLICE_X60Y19         LUT4 (Prop_lut4_I1_O)        0.124     6.419 f  m0/n0/count[3]_i_6/O
                         net (fo=1, routed)           0.955     7.373    m0/n0/count[3]_i_6_n_4
    SLICE_X60Y22         LUT6 (Prop_lut6_I3_O)        0.124     7.497 r  m0/n0/count[3]_i_2__2/O
                         net (fo=12, routed)          0.902     8.399    m0/m1/i_0
    SLICE_X63Y18         LUT4 (Prop_lut4_I2_O)        0.120     8.519 r  m0/m1/count[3]_i_1__0/O
                         net (fo=4, routed)           0.696     9.216    m0/m1/count[3]_i_1__0_n_4
    SLICE_X64Y19         FDRE                                         r  m0/m1/count_reg[2]/R
  -------------------------------------------------------------------    -------------------

                         (clock clk rise edge)       10.000    10.000 r  
    W5                                                0.000    10.000 r  clk (IN)
                         net (fo=0)                   0.000    10.000    clk
    W5                   IBUF (Prop_ibuf_I_O)         1.388    11.388 r  clk_IBUF_inst/O
                         net (fo=1, routed)           1.862    13.250    clk_IBUF
    BUFGCTRL_X0Y0        BUFG (Prop_bufg_I_O)         0.091    13.341 r  clk_IBUF_BUFG_inst/O
                         net (fo=53, routed)          1.508    14.849    m0/m1/CLK
    SLICE_X64Y19         FDRE                                         r  m0/m1/count_reg[2]/C
                         clock pessimism              0.260    15.109    
                         clock uncertainty           -0.035    15.074    
    SLICE_X64Y19         FDRE (Setup_fdre_C_R)       -0.727    14.347    m0/m1/count_reg[2]
  -------------------------------------------------------------------
                         required time                         14.347    
                         arrival time                          -9.216    
  -------------------------------------------------------------------
                         slack                                  5.131    

Slack (MET) :             5.131ns  (required time - arrival time)
  Source:                 m0/n0/count_reg[3]/C
                            (rising edge-triggered cell FDRE clocked by clk  {rise@0.000ns fall@5.000ns period=10.000ns})
  Destination:            m0/m1/count_reg[3]/R
                            (rising edge-triggered cell FDRE clocked by clk  {rise@0.000ns fall@5.000ns period=10.000ns})
  Path Group:             clk
  Path Type:              Setup (Max at Slow Process Corner)
  Requirement:            10.000ns  (clk rise@10.000ns - clk rise@0.000ns)
  Data Path Delay:        4.069ns  (logic 0.824ns (20.248%)  route 3.245ns (79.752%))
  Logic Levels:           3  (LUT4=2 LUT6=1)
  Clock Path Skew:        -0.037ns (DCD - SCD + CPR)
    Destination Clock Delay (DCD):    4.849ns = ( 14.849 - 10.000 ) 
    Source Clock Delay      (SCD):    5.146ns
    Clock Pessimism Removal (CPR):    0.260ns
  Clock Uncertainty:      0.035ns  ((TSJ^2 + TIJ^2)^1/2 + DJ) / 2 + PE
    Total System Jitter     (TSJ):    0.071ns
    Total Input Jitter      (TIJ):    0.000ns
    Discrete Jitter          (DJ):    0.000ns
    Phase Error              (PE):    0.000ns

    Location             Delay type                Incr(ns)  Path(ns)    Netlist Resource(s)
  -------------------------------------------------------------------    -------------------
                         (clock clk rise edge)        0.000     0.000 r  
    W5                                                0.000     0.000 r  clk (IN)
                         net (fo=0)                   0.000     0.000    clk
    W5                   IBUF (Prop_ibuf_I_O)         1.458     1.458 r  clk_IBUF_inst/O
                         net (fo=1, routed)           1.967     3.425    clk_IBUF
    BUFGCTRL_X0Y0        BUFG (Prop_bufg_I_O)         0.096     3.521 r  clk_IBUF_BUFG_inst/O
                         net (fo=53, routed)          1.625     5.146    m0/n0/CLK
    SLICE_X61Y19         FDRE                                         r  m0/n0/count_reg[3]/C
  -------------------------------------------------------------------    -------------------
    SLICE_X61Y19         FDRE (Prop_fdre_C_Q)         0.456     5.602 r  m0/n0/count_reg[3]/Q
                         net (fo=2, routed)           0.692     6.295    m0/n0/count_reg_n_4_[3]
    SLICE_X60Y19         LUT4 (Prop_lut4_I1_O)        0.124     6.419 f  m0/n0/count[3]_i_6/O
                         net (fo=1, routed)           0.955     7.373    m0/n0/count[3]_i_6_n_4
    SLICE_X60Y22         LUT6 (Prop_lut6_I3_O)        0.124     7.497 r  m0/n0/count[3]_i_2__2/O
                         net (fo=12, routed)          0.902     8.399    m0/m1/i_0
    SLICE_X63Y18         LUT4 (Prop_lut4_I2_O)        0.120     8.519 r  m0/m1/count[3]_i_1__0/O
                         net (fo=4, routed)           0.696     9.216    m0/m1/count[3]_i_1__0_n_4
    SLICE_X64Y19         FDRE                                         r  m0/m1/count_reg[3]/R
  -------------------------------------------------------------------    -------------------

                         (clock clk rise edge)       10.000    10.000 r  
    W5                                                0.000    10.000 r  clk (IN)
                         net (fo=0)                   0.000    10.000    clk
    W5                   IBUF (Prop_ibuf_I_O)         1.388    11.388 r  clk_IBUF_inst/O
                         net (fo=1, routed)           1.862    13.250    clk_IBUF
    BUFGCTRL_X0Y0        BUFG (Prop_bufg_I_O)         0.091    13.341 r  clk_IBUF_BUFG_inst/O
                         net (fo=53, routed)          1.508    14.849    m0/m1/CLK
    SLICE_X64Y19         FDRE                                         r  m0/m1/count_reg[3]/C
                         clock pessimism              0.260    15.109    
                         clock uncertainty           -0.035    15.074    
    SLICE_X64Y19         FDRE (Setup_fdre_C_R)       -0.727    14.347    m0/m1/count_reg[3]
  -------------------------------------------------------------------
                         required time                         14.347    
                         arrival time                          -9.216    
  -------------------------------------------------------------------
                         slack                                  5.131    

Slack (MET) :             5.177ns  (required time - arrival time)
  Source:                 m0/n0/count_reg[3]/C
                            (rising edge-triggered cell FDRE clocked by clk  {rise@0.000ns fall@5.000ns period=10.000ns})
  Destination:            m0/n0/count_reg[12]/R
                            (rising edge-triggered cell FDRE clocked by clk  {rise@0.000ns fall@5.000ns period=10.000ns})
  Path Group:             clk
  Path Type:              Setup (Max at Slow Process Corner)
  Requirement:            10.000ns  (clk rise@10.000ns - clk rise@0.000ns)
  Data Path Delay:        4.332ns  (logic 0.828ns (19.115%)  route 3.504ns (80.885%))
  Logic Levels:           3  (LUT2=1 LUT4=1 LUT6=1)
  Clock Path Skew:        -0.027ns (DCD - SCD + CPR)
    Destination Clock Delay (DCD):    4.845ns = ( 14.845 - 10.000 ) 
    Source Clock Delay      (SCD):    5.146ns
    Clock Pessimism Removal (CPR):    0.274ns
  Clock Uncertainty:      0.035ns  ((TSJ^2 + TIJ^2)^1/2 + DJ) / 2 + PE
    Total System Jitter     (TSJ):    0.071ns
    Total Input Jitter      (TIJ):    0.000ns
    Discrete Jitter          (DJ):    0.000ns
    Phase Error              (PE):    0.000ns

    Location             Delay type                Incr(ns)  Path(ns)    Netlist Resource(s)
  -------------------------------------------------------------------    -------------------
                         (clock clk rise edge)        0.000     0.000 r  
    W5                                                0.000     0.000 r  clk (IN)
                         net (fo=0)                   0.000     0.000    clk
    W5                   IBUF (Prop_ibuf_I_O)         1.458     1.458 r  clk_IBUF_inst/O
                         net (fo=1, routed)           1.967     3.425    clk_IBUF
    BUFGCTRL_X0Y0        BUFG (Prop_bufg_I_O)         0.096     3.521 r  clk_IBUF_BUFG_inst/O
                         net (fo=53, routed)          1.625     5.146    m0/n0/CLK
    SLICE_X61Y19         FDRE                                         r  m0/n0/count_reg[3]/C
  -------------------------------------------------------------------    -------------------
    SLICE_X61Y19         FDRE (Prop_fdre_C_Q)         0.456     5.602 r  m0/n0/count_reg[3]/Q
                         net (fo=2, routed)           0.692     6.295    m0/n0/count_reg_n_4_[3]
    SLICE_X60Y19         LUT4 (Prop_lut4_I1_O)        0.124     6.419 f  m0/n0/count[3]_i_6/O
                         net (fo=1, routed)           0.955     7.373    m0/n0/count[3]_i_6_n_4
    SLICE_X60Y22         LUT6 (Prop_lut6_I3_O)        0.124     7.497 r  m0/n0/count[3]_i_2__2/O
                         net (fo=12, routed)          0.902     8.399    m0/n0/i_0
    SLICE_X63Y18         LUT2 (Prop_lut2_I1_O)        0.124     8.523 r  m0/n0/count[0]_i_1/O
                         net (fo=20, routed)          0.955     9.478    m0/n0/count[0]_i_1_n_4
    SLICE_X61Y22         FDRE                                         r  m0/n0/count_reg[12]/R
  -------------------------------------------------------------------    -------------------

                         (clock clk rise edge)       10.000    10.000 r  
    W5                                                0.000    10.000 r  clk (IN)
                         net (fo=0)                   0.000    10.000    clk
    W5                   IBUF (Prop_ibuf_I_O)         1.388    11.388 r  clk_IBUF_inst/O
                         net (fo=1, routed)           1.862    13.250    clk_IBUF
    BUFGCTRL_X0Y0        BUFG (Prop_bufg_I_O)         0.091    13.341 r  clk_IBUF_BUFG_inst/O
                         net (fo=53, routed)          1.504    14.845    m0/n0/CLK
    SLICE_X61Y22         FDRE                                         r  m0/n0/count_reg[12]/C
                         clock pessimism              0.274    15.119    
                         clock uncertainty           -0.035    15.084    
    SLICE_X61Y22         FDRE (Setup_fdre_C_R)       -0.429    14.655    m0/n0/count_reg[12]
  -------------------------------------------------------------------
                         required time                         14.655    
                         arrival time                          -9.478    
  -------------------------------------------------------------------
                         slack                                  5.177    

Slack (MET) :             5.177ns  (required time - arrival time)
  Source:                 m0/n0/count_reg[3]/C
                            (rising edge-triggered cell FDRE clocked by clk  {rise@0.000ns fall@5.000ns period=10.000ns})
  Destination:            m0/n0/count_reg[13]/R
                            (rising edge-triggered cell FDRE clocked by clk  {rise@0.000ns fall@5.000ns period=10.000ns})
  Path Group:             clk
  Path Type:              Setup (Max at Slow Process Corner)
  Requirement:            10.000ns  (clk rise@10.000ns - clk rise@0.000ns)
  Data Path Delay:        4.332ns  (logic 0.828ns (19.115%)  route 3.504ns (80.885%))
  Logic Levels:           3  (LUT2=1 LUT4=1 LUT6=1)
  Clock Path Skew:        -0.027ns (DCD - SCD + CPR)
    Destination Clock Delay (DCD):    4.845ns = ( 14.845 - 10.000 ) 
    Source Clock Delay      (SCD):    5.146ns
    Clock Pessimism Removal (CPR):    0.274ns
  Clock Uncertainty:      0.035ns  ((TSJ^2 + TIJ^2)^1/2 + DJ) / 2 + PE
    Total System Jitter     (TSJ):    0.071ns
    Total Input Jitter      (TIJ):    0.000ns
    Discrete Jitter          (DJ):    0.000ns
    Phase Error              (PE):    0.000ns

    Location             Delay type                Incr(ns)  Path(ns)    Netlist Resource(s)
  -------------------------------------------------------------------    -------------------
                         (clock clk rise edge)        0.000     0.000 r  
    W5                                                0.000     0.000 r  clk (IN)
                         net (fo=0)                   0.000     0.000    clk
    W5                   IBUF (Prop_ibuf_I_O)         1.458     1.458 r  clk_IBUF_inst/O
                         net (fo=1, routed)           1.967     3.425    clk_IBUF
    BUFGCTRL_X0Y0        BUFG (Prop_bufg_I_O)         0.096     3.521 r  clk_IBUF_BUFG_inst/O
                         net (fo=53, routed)          1.625     5.146    m0/n0/CLK
    SLICE_X61Y19         FDRE                                         r  m0/n0/count_reg[3]/C
  -------------------------------------------------------------------    -------------------
    SLICE_X61Y19         FDRE (Prop_fdre_C_Q)         0.456     5.602 r  m0/n0/count_reg[3]/Q
                         net (fo=2, routed)           0.692     6.295    m0/n0/count_reg_n_4_[3]
    SLICE_X60Y19         LUT4 (Prop_lut4_I1_O)        0.124     6.419 f  m0/n0/count[3]_i_6/O
                         net (fo=1, routed)           0.955     7.373    m0/n0/count[3]_i_6_n_4
    SLICE_X60Y22         LUT6 (Prop_lut6_I3_O)        0.124     7.497 r  m0/n0/count[3]_i_2__2/O
                         net (fo=12, routed)          0.902     8.399    m0/n0/i_0
    SLICE_X63Y18         LUT2 (Prop_lut2_I1_O)        0.124     8.523 r  m0/n0/count[0]_i_1/O
                         net (fo=20, routed)          0.955     9.478    m0/n0/count[0]_i_1_n_4
    SLICE_X61Y22         FDRE                                         r  m0/n0/count_reg[13]/R
  -------------------------------------------------------------------    -------------------

                         (clock clk rise edge)       10.000    10.000 r  
    W5                                                0.000    10.000 r  clk (IN)
                         net (fo=0)                   0.000    10.000    clk
    W5                   IBUF (Prop_ibuf_I_O)         1.388    11.388 r  clk_IBUF_inst/O
                         net (fo=1, routed)           1.862    13.250    clk_IBUF
    BUFGCTRL_X0Y0        BUFG (Prop_bufg_I_O)         0.091    13.341 r  clk_IBUF_BUFG_inst/O
                         net (fo=53, routed)          1.504    14.845    m0/n0/CLK
    SLICE_X61Y22         FDRE                                         r  m0/n0/count_reg[13]/C
                         clock pessimism              0.274    15.119    
                         clock uncertainty           -0.035    15.084    
    SLICE_X61Y22         FDRE (Setup_fdre_C_R)       -0.429    14.655    m0/n0/count_reg[13]
  -------------------------------------------------------------------
                         required time                         14.655    
                         arrival time                          -9.478    
  -------------------------------------------------------------------
                         slack                                  5.177    

Slack (MET) :             5.177ns  (required time - arrival time)
  Source:                 m0/n0/count_reg[3]/C
                            (rising edge-triggered cell FDRE clocked by clk  {rise@0.000ns fall@5.000ns period=10.000ns})
  Destination:            m0/n0/count_reg[14]/R
                            (rising edge-triggered cell FDRE clocked by clk  {rise@0.000ns fall@5.000ns period=10.000ns})
  Path Group:             clk
  Path Type:              Setup (Max at Slow Process Corner)
  Requirement:            10.000ns  (clk rise@10.000ns - clk rise@0.000ns)
  Data Path Delay:        4.332ns  (logic 0.828ns (19.115%)  route 3.504ns (80.885%))
  Logic Levels:           3  (LUT2=1 LUT4=1 LUT6=1)
  Clock Path Skew:        -0.027ns (DCD - SCD + CPR)
    Destination Clock Delay (DCD):    4.845ns = ( 14.845 - 10.000 ) 
    Source Clock Delay      (SCD):    5.146ns
    Clock Pessimism Removal (CPR):    0.274ns
  Clock Uncertainty:      0.035ns  ((TSJ^2 + TIJ^2)^1/2 + DJ) / 2 + PE
    Total System Jitter     (TSJ):    0.071ns
    Total Input Jitter      (TIJ):    0.000ns
    Discrete Jitter          (DJ):    0.000ns
    Phase Error              (PE):    0.000ns

    Location             Delay type                Incr(ns)  Path(ns)    Netlist Resource(s)
  -------------------------------------------------------------------    -------------------
                         (clock clk rise edge)        0.000     0.000 r  
    W5                                                0.000     0.000 r  clk (IN)
                         net (fo=0)                   0.000     0.000    clk
    W5                   IBUF (Prop_ibuf_I_O)         1.458     1.458 r  clk_IBUF_inst/O
                         net (fo=1, routed)           1.967     3.425    clk_IBUF
    BUFGCTRL_X0Y0        BUFG (Prop_bufg_I_O)         0.096     3.521 r  clk_IBUF_BUFG_inst/O
                         net (fo=53, routed)          1.625     5.146    m0/n0/CLK
    SLICE_X61Y19         FDRE                                         r  m0/n0/count_reg[3]/C
  -------------------------------------------------------------------    -------------------
    SLICE_X61Y19         FDRE (Prop_fdre_C_Q)         0.456     5.602 r  m0/n0/count_reg[3]/Q
                         net (fo=2, routed)           0.692     6.295    m0/n0/count_reg_n_4_[3]
    SLICE_X60Y19         LUT4 (Prop_lut4_I1_O)        0.124     6.419 f  m0/n0/count[3]_i_6/O
                         net (fo=1, routed)           0.955     7.373    m0/n0/count[3]_i_6_n_4
    SLICE_X60Y22         LUT6 (Prop_lut6_I3_O)        0.124     7.497 r  m0/n0/count[3]_i_2__2/O
                         net (fo=12, routed)          0.902     8.399    m0/n0/i_0
    SLICE_X63Y18         LUT2 (Prop_lut2_I1_O)        0.124     8.523 r  m0/n0/count[0]_i_1/O
                         net (fo=20, routed)          0.955     9.478    m0/n0/count[0]_i_1_n_4
    SLICE_X61Y22         FDRE                                         r  m0/n0/count_reg[14]/R
  -------------------------------------------------------------------    -------------------

                         (clock clk rise edge)       10.000    10.000 r  
    W5                                                0.000    10.000 r  clk (IN)
                         net (fo=0)                   0.000    10.000    clk
    W5                   IBUF (Prop_ibuf_I_O)         1.388    11.388 r  clk_IBUF_inst/O
                         net (fo=1, routed)           1.862    13.250    clk_IBUF
    BUFGCTRL_X0Y0        BUFG (Prop_bufg_I_O)         0.091    13.341 r  clk_IBUF_BUFG_inst/O
                         net (fo=53, routed)          1.504    14.845    m0/n0/CLK
    SLICE_X61Y22         FDRE                                         r  m0/n0/count_reg[14]/C
                         clock pessimism              0.274    15.119    
                         clock uncertainty           -0.035    15.084    
    SLICE_X61Y22         FDRE (Setup_fdre_C_R)       -0.429    14.655    m0/n0/count_reg[14]
  -------------------------------------------------------------------
                         required time                         14.655    
                         arrival time                          -9.478    
  -------------------------------------------------------------------
                         slack                                  5.177    

Slack (MET) :             5.177ns  (required time - arrival time)
  Source:                 m0/n0/count_reg[3]/C
                            (rising edge-triggered cell FDRE clocked by clk  {rise@0.000ns fall@5.000ns period=10.000ns})
  Destination:            m0/n0/count_reg[15]/R
                            (rising edge-triggered cell FDRE clocked by clk  {rise@0.000ns fall@5.000ns period=10.000ns})
  Path Group:             clk
  Path Type:              Setup (Max at Slow Process Corner)
  Requirement:            10.000ns  (clk rise@10.000ns - clk rise@0.000ns)
  Data Path Delay:        4.332ns  (logic 0.828ns (19.115%)  route 3.504ns (80.885%))
  Logic Levels:           3  (LUT2=1 LUT4=1 LUT6=1)
  Clock Path Skew:        -0.027ns (DCD - SCD + CPR)
    Destination Clock Delay (DCD):    4.845ns = ( 14.845 - 10.000 ) 
    Source Clock Delay      (SCD):    5.146ns
    Clock Pessimism Removal (CPR):    0.274ns
  Clock Uncertainty:      0.035ns  ((TSJ^2 + TIJ^2)^1/2 + DJ) / 2 + PE
    Total System Jitter     (TSJ):    0.071ns
    Total Input Jitter      (TIJ):    0.000ns
    Discrete Jitter          (DJ):    0.000ns
    Phase Error              (PE):    0.000ns

    Location             Delay type                Incr(ns)  Path(ns)    Netlist Resource(s)
  -------------------------------------------------------------------    -------------------
                         (clock clk rise edge)        0.000     0.000 r  
    W5                                                0.000     0.000 r  clk (IN)
                         net (fo=0)                   0.000     0.000    clk
    W5                   IBUF (Prop_ibuf_I_O)         1.458     1.458 r  clk_IBUF_inst/O
                         net (fo=1, routed)           1.967     3.425    clk_IBUF
    BUFGCTRL_X0Y0        BUFG (Prop_bufg_I_O)         0.096     3.521 r  clk_IBUF_BUFG_inst/O
                         net (fo=53, routed)          1.625     5.146    m0/n0/CLK
    SLICE_X61Y19         FDRE                                         r  m0/n0/count_reg[3]/C
  -------------------------------------------------------------------    -------------------
    SLICE_X61Y19         FDRE (Prop_fdre_C_Q)         0.456     5.602 r  m0/n0/count_reg[3]/Q
                         net (fo=2, routed)           0.692     6.295    m0/n0/count_reg_n_4_[3]
    SLICE_X60Y19         LUT4 (Prop_lut4_I1_O)        0.124     6.419 f  m0/n0/count[3]_i_6/O
                         net (fo=1, routed)           0.955     7.373    m0/n0/count[3]_i_6_n_4
    SLICE_X60Y22         LUT6 (Prop_lut6_I3_O)        0.124     7.497 r  m0/n0/count[3]_i_2__2/O
                         net (fo=12, routed)          0.902     8.399    m0/n0/i_0
    SLICE_X63Y18         LUT2 (Prop_lut2_I1_O)        0.124     8.523 r  m0/n0/count[0]_i_1/O
                         net (fo=20, routed)          0.955     9.478    m0/n0/count[0]_i_1_n_4
    SLICE_X61Y22         FDRE                                         r  m0/n0/count_reg[15]/R
  -------------------------------------------------------------------    -------------------

                         (clock clk rise edge)       10.000    10.000 r  
    W5                                                0.000    10.000 r  clk (IN)
                         net (fo=0)                   0.000    10.000    clk
    W5                   IBUF (Prop_ibuf_I_O)         1.388    11.388 r  clk_IBUF_inst/O
                         net (fo=1, routed)           1.862    13.250    clk_IBUF
    BUFGCTRL_X0Y0        BUFG (Prop_bufg_I_O)         0.091    13.341 r  clk_IBUF_BUFG_inst/O
                         net (fo=53, routed)          1.504    14.845    m0/n0/CLK
    SLICE_X61Y22         FDRE                                         r  m0/n0/count_reg[15]/C
                         clock pessimism              0.274    15.119    
                         clock uncertainty           -0.035    15.084    
    SLICE_X61Y22         FDRE (Setup_fdre_C_R)       -0.429    14.655    m0/n0/count_reg[15]
  -------------------------------------------------------------------
                         required time                         14.655    
                         arrival time                          -9.478    
  -------------------------------------------------------------------
                         slack                                  5.177    

Slack (MET) :             5.279ns  (required time - arrival time)
  Source:                 m0/n0/count_reg[3]/C
                            (rising edge-triggered cell FDRE clocked by clk  {rise@0.000ns fall@5.000ns period=10.000ns})
  Destination:            m0/m1/count_reg[0]/CE
                            (rising edge-triggered cell FDRE clocked by clk  {rise@0.000ns fall@5.000ns period=10.000ns})
  Path Group:             clk
  Path Type:              Setup (Max at Slow Process Corner)
  Requirement:            10.000ns  (clk rise@10.000ns - clk rise@0.000ns)
  Data Path Delay:        4.236ns  (logic 0.856ns (20.209%)  route 3.380ns (79.791%))
  Logic Levels:           3  (LUT4=1 LUT5=1 LUT6=1)
  Clock Path Skew:        -0.037ns (DCD - SCD + CPR)
    Destination Clock Delay (DCD):    4.849ns = ( 14.849 - 10.000 ) 
    Source Clock Delay      (SCD):    5.146ns
    Clock Pessimism Removal (CPR):    0.260ns
  Clock Uncertainty:      0.035ns  ((TSJ^2 + TIJ^2)^1/2 + DJ) / 2 + PE
    Total System Jitter     (TSJ):    0.071ns
    Total Input Jitter      (TIJ):    0.000ns
    Discrete Jitter          (DJ):    0.000ns
    Phase Error              (PE):    0.000ns

    Location             Delay type                Incr(ns)  Path(ns)    Netlist Resource(s)
  -------------------------------------------------------------------    -------------------
                         (clock clk rise edge)        0.000     0.000 r  
    W5                                                0.000     0.000 r  clk (IN)
                         net (fo=0)                   0.000     0.000    clk
    W5                   IBUF (Prop_ibuf_I_O)         1.458     1.458 r  clk_IBUF_inst/O
                         net (fo=1, routed)           1.967     3.425    clk_IBUF
    BUFGCTRL_X0Y0        BUFG (Prop_bufg_I_O)         0.096     3.521 r  clk_IBUF_BUFG_inst/O
                         net (fo=53, routed)          1.625     5.146    m0/n0/CLK
    SLICE_X61Y19         FDRE                                         r  m0/n0/count_reg[3]/C
  -------------------------------------------------------------------    -------------------
    SLICE_X61Y19         FDRE (Prop_fdre_C_Q)         0.456     5.602 r  m0/n0/count_reg[3]/Q
                         net (fo=2, routed)           0.692     6.295    m0/n0/count_reg_n_4_[3]
    SLICE_X60Y19         LUT4 (Prop_lut4_I1_O)        0.124     6.419 f  m0/n0/count[3]_i_6/O
                         net (fo=1, routed)           0.955     7.373    m0/n0/count[3]_i_6_n_4
    SLICE_X60Y22         LUT6 (Prop_lut6_I3_O)        0.124     7.497 r  m0/n0/count[3]_i_2__2/O
                         net (fo=12, routed)          1.145     8.642    m0/m0/i_0
    SLICE_X63Y19         LUT5 (Prop_lut5_I0_O)        0.152     8.794 r  m0/m0/count[3]_i_2__1/O
                         net (fo=4, routed)           0.588     9.382    m0/m1/count_reg[3]_2[0]
    SLICE_X62Y19         FDRE                                         r  m0/m1/count_reg[0]/CE
  -------------------------------------------------------------------    -------------------

                         (clock clk rise edge)       10.000    10.000 r  
    W5                                                0.000    10.000 r  clk (IN)
                         net (fo=0)                   0.000    10.000    clk
    W5                   IBUF (Prop_ibuf_I_O)         1.388    11.388 r  clk_IBUF_inst/O
                         net (fo=1, routed)           1.862    13.250    clk_IBUF
    BUFGCTRL_X0Y0        BUFG (Prop_bufg_I_O)         0.091    13.341 r  clk_IBUF_BUFG_inst/O
                         net (fo=53, routed)          1.508    14.849    m0/m1/CLK
    SLICE_X62Y19         FDRE                                         r  m0/m1/count_reg[0]/C
                         clock pessimism              0.260    15.109    
                         clock uncertainty           -0.035    15.074    
    SLICE_X62Y19         FDRE (Setup_fdre_C_CE)      -0.413    14.661    m0/m1/count_reg[0]
  -------------------------------------------------------------------
                         required time                         14.661    
                         arrival time                          -9.382    
  -------------------------------------------------------------------
                         slack                                  5.279    

Slack (MET) :             5.321ns  (required time - arrival time)
  Source:                 m0/n0/count_reg[3]/C
                            (rising edge-triggered cell FDRE clocked by clk  {rise@0.000ns fall@5.000ns period=10.000ns})
  Destination:            m0/n0/count_reg[10]/R
                            (rising edge-triggered cell FDRE clocked by clk  {rise@0.000ns fall@5.000ns period=10.000ns})
  Path Group:             clk
  Path Type:              Setup (Max at Slow Process Corner)
  Requirement:            10.000ns  (clk rise@10.000ns - clk rise@0.000ns)
  Data Path Delay:        4.190ns  (logic 0.828ns (19.763%)  route 3.362ns (80.237%))
  Logic Levels:           3  (LUT2=1 LUT4=1 LUT6=1)
  Clock Path Skew:        -0.025ns (DCD - SCD + CPR)
    Destination Clock Delay (DCD):    4.847ns = ( 14.847 - 10.000 ) 
    Source Clock Delay      (SCD):    5.146ns
    Clock Pessimism Removal (CPR):    0.274ns
  Clock Uncertainty:      0.035ns  ((TSJ^2 + TIJ^2)^1/2 + DJ) / 2 + PE
    Total System Jitter     (TSJ):    0.071ns
    Total Input Jitter      (TIJ):    0.000ns
    Discrete Jitter          (DJ):    0.000ns
    Phase Error              (PE):    0.000ns

    Location             Delay type                Incr(ns)  Path(ns)    Netlist Resource(s)
  -------------------------------------------------------------------    -------------------
                         (clock clk rise edge)        0.000     0.000 r  
    W5                                                0.000     0.000 r  clk (IN)
                         net (fo=0)                   0.000     0.000    clk
    W5                   IBUF (Prop_ibuf_I_O)         1.458     1.458 r  clk_IBUF_inst/O
                         net (fo=1, routed)           1.967     3.425    clk_IBUF
    BUFGCTRL_X0Y0        BUFG (Prop_bufg_I_O)         0.096     3.521 r  clk_IBUF_BUFG_inst/O
                         net (fo=53, routed)          1.625     5.146    m0/n0/CLK
    SLICE_X61Y19         FDRE                                         r  m0/n0/count_reg[3]/C
  -------------------------------------------------------------------    -------------------
    SLICE_X61Y19         FDRE (Prop_fdre_C_Q)         0.456     5.602 r  m0/n0/count_reg[3]/Q
                         net (fo=2, routed)           0.692     6.295    m0/n0/count_reg_n_4_[3]
    SLICE_X60Y19         LUT4 (Prop_lut4_I1_O)        0.124     6.419 f  m0/n0/count[3]_i_6/O
                         net (fo=1, routed)           0.955     7.373    m0/n0/count[3]_i_6_n_4
    SLICE_X60Y22         LUT6 (Prop_lut6_I3_O)        0.124     7.497 r  m0/n0/count[3]_i_2__2/O
                         net (fo=12, routed)          0.902     8.399    m0/n0/i_0
    SLICE_X63Y18         LUT2 (Prop_lut2_I1_O)        0.124     8.523 r  m0/n0/count[0]_i_1/O
                         net (fo=20, routed)          0.813     9.336    m0/n0/count[0]_i_1_n_4
    SLICE_X61Y21         FDRE                                         r  m0/n0/count_reg[10]/R
  -------------------------------------------------------------------    -------------------

                         (clock clk rise edge)       10.000    10.000 r  
    W5                                                0.000    10.000 r  clk (IN)
                         net (fo=0)                   0.000    10.000    clk
    W5                   IBUF (Prop_ibuf_I_O)         1.388    11.388 r  clk_IBUF_inst/O
                         net (fo=1, routed)           1.862    13.250    clk_IBUF
    BUFGCTRL_X0Y0        BUFG (Prop_bufg_I_O)         0.091    13.341 r  clk_IBUF_BUFG_inst/O
                         net (fo=53, routed)          1.506    14.847    m0/n0/CLK
    SLICE_X61Y21         FDRE                                         r  m0/n0/count_reg[10]/C
                         clock pessimism              0.274    15.121    
                         clock uncertainty           -0.035    15.086    
    SLICE_X61Y21         FDRE (Setup_fdre_C_R)       -0.429    14.657    m0/n0/count_reg[10]
  -------------------------------------------------------------------
                         required time                         14.657    
                         arrival time                          -9.336    
  -------------------------------------------------------------------
                         slack                                  5.321    





Min Delay Paths
--------------------------------------------------------------------------------------
Slack (MET) :             0.261ns  (arrival time - required time)
  Source:                 m0/m1/count_reg[0]/C
                            (rising edge-triggered cell FDRE clocked by clk  {rise@0.000ns fall@5.000ns period=10.000ns})
  Destination:            m0/m1/count_reg[3]/D
                            (rising edge-triggered cell FDRE clocked by clk  {rise@0.000ns fall@5.000ns period=10.000ns})
  Path Group:             clk
  Path Type:              Hold (Min at Fast Process Corner)
  Requirement:            0.000ns  (clk rise@0.000ns - clk rise@0.000ns)
  Data Path Delay:        0.408ns  (logic 0.188ns (46.079%)  route 0.220ns (53.921%))
  Logic Levels:           1  (LUT4=1)
  Clock Path Skew:        0.014ns (DCD - SCD - CPR)
    Destination Clock Delay (DCD):    1.983ns
    Source Clock Delay      (SCD):    1.470ns
    Clock Pessimism Removal (CPR):    0.499ns

    Location             Delay type                Incr(ns)  Path(ns)    Netlist Resource(s)
  -------------------------------------------------------------------    -------------------
                         (clock clk rise edge)        0.000     0.000 r  
    W5                                                0.000     0.000 r  clk (IN)
                         net (fo=0)                   0.000     0.000    clk
    W5                   IBUF (Prop_ibuf_I_O)         0.226     0.226 r  clk_IBUF_inst/O
                         net (fo=1, routed)           0.631     0.858    clk_IBUF
    BUFGCTRL_X0Y0        BUFG (Prop_bufg_I_O)         0.026     0.884 r  clk_IBUF_BUFG_inst/O
                         net (fo=53, routed)          0.587     1.470    m0/m1/CLK
    SLICE_X62Y19         FDRE                                         r  m0/m1/count_reg[0]/C
  -------------------------------------------------------------------    -------------------
    SLICE_X62Y19         FDRE (Prop_fdre_C_Q)         0.141     1.611 r  m0/m1/count_reg[0]/Q
                         net (fo=6, routed)           0.220     1.831    m0/m1/all[4]
    SLICE_X64Y19         LUT4 (Prop_lut4_I1_O)        0.047     1.878 r  m0/m1/count[3]_i_3__0/O
                         net (fo=1, routed)           0.000     1.878    m0/m1/p_0_in__0[3]
    SLICE_X64Y19         FDRE                                         r  m0/m1/count_reg[3]/D
  -------------------------------------------------------------------    -------------------

                         (clock clk rise edge)        0.000     0.000 r  
    W5                                                0.000     0.000 r  clk (IN)
                         net (fo=0)                   0.000     0.000    clk
    W5                   IBUF (Prop_ibuf_I_O)         0.414     0.414 r  clk_IBUF_inst/O
                         net (fo=1, routed)           0.685     1.099    clk_IBUF
    BUFGCTRL_X0Y0        BUFG (Prop_bufg_I_O)         0.029     1.128 r  clk_IBUF_BUFG_inst/O
                         net (fo=53, routed)          0.856     1.983    m0/m1/CLK
    SLICE_X64Y19         FDRE                                         r  m0/m1/count_reg[3]/C
                         clock pessimism             -0.499     1.484    
    SLICE_X64Y19         FDRE (Hold_fdre_C_D)         0.133     1.617    m0/m1/count_reg[3]
  -------------------------------------------------------------------
                         required time                         -1.617    
                         arrival time                           1.878    
  -------------------------------------------------------------------
                         slack                                  0.261    

Slack (MET) :             0.262ns  (arrival time - required time)
  Source:                 m0/m2/count_reg[0]/C
                            (rising edge-triggered cell FDRE clocked by clk  {rise@0.000ns fall@5.000ns period=10.000ns})
  Destination:            m0/m2/count_reg[2]/D
                            (rising edge-triggered cell FDRE clocked by clk  {rise@0.000ns fall@5.000ns period=10.000ns})
  Path Group:             clk
  Path Type:              Hold (Min at Fast Process Corner)
  Requirement:            0.000ns  (clk rise@0.000ns - clk rise@0.000ns)
  Data Path Delay:        0.407ns  (logic 0.187ns (45.972%)  route 0.220ns (54.028%))
  Logic Levels:           1  (LUT3=1)
  Clock Path Skew:        0.014ns (DCD - SCD - CPR)
    Destination Clock Delay (DCD):    1.984ns
    Source Clock Delay      (SCD):    1.471ns
    Clock Pessimism Removal (CPR):    0.499ns

    Location             Delay type                Incr(ns)  Path(ns)    Netlist Resource(s)
  -------------------------------------------------------------------    -------------------
                         (clock clk rise edge)        0.000     0.000 r  
    W5                                                0.000     0.000 r  clk (IN)
                         net (fo=0)                   0.000     0.000    clk
    W5                   IBUF (Prop_ibuf_I_O)         0.226     0.226 r  clk_IBUF_inst/O
                         net (fo=1, routed)           0.631     0.858    clk_IBUF
    BUFGCTRL_X0Y0        BUFG (Prop_bufg_I_O)         0.026     0.884 r  clk_IBUF_BUFG_inst/O
                         net (fo=53, routed)          0.588     1.471    m0/m2/CLK
    SLICE_X62Y18         FDRE                                         r  m0/m2/count_reg[0]/C
  -------------------------------------------------------------------    -------------------
    SLICE_X62Y18         FDRE (Prop_fdre_C_Q)         0.141     1.612 r  m0/m2/count_reg[0]/Q
                         net (fo=6, routed)           0.220     1.832    m0/m2/Q[0]
    SLICE_X64Y18         LUT3 (Prop_lut3_I0_O)        0.046     1.878 r  m0/m2/count[2]_i_1__1/O
                         net (fo=1, routed)           0.000     1.878    m0/m2/p_0_in__1[2]
    SLICE_X64Y18         FDRE                                         r  m0/m2/count_reg[2]/D
  -------------------------------------------------------------------    -------------------

                         (clock clk rise edge)        0.000     0.000 r  
    W5                                                0.000     0.000 r  clk (IN)
                         net (fo=0)                   0.000     0.000    clk
    W5                   IBUF (Prop_ibuf_I_O)         0.414     0.414 r  clk_IBUF_inst/O
                         net (fo=1, routed)           0.685     1.099    clk_IBUF
    BUFGCTRL_X0Y0        BUFG (Prop_bufg_I_O)         0.029     1.128 r  clk_IBUF_BUFG_inst/O
                         net (fo=53, routed)          0.857     1.984    m0/m2/CLK
    SLICE_X64Y18         FDRE                                         r  m0/m2/count_reg[2]/C
                         clock pessimism             -0.499     1.485    
    SLICE_X64Y18         FDRE (Hold_fdre_C_D)         0.131     1.616    m0/m2/count_reg[2]
  -------------------------------------------------------------------
                         required time                         -1.616    
                         arrival time                           1.878    
  -------------------------------------------------------------------
                         slack                                  0.262    

Slack (MET) :             0.263ns  (arrival time - required time)
  Source:                 m0/m1/count_reg[0]/C
                            (rising edge-triggered cell FDRE clocked by clk  {rise@0.000ns fall@5.000ns period=10.000ns})
  Destination:            m0/m1/count_reg[2]/D
                            (rising edge-triggered cell FDRE clocked by clk  {rise@0.000ns fall@5.000ns period=10.000ns})
  Path Group:             clk
  Path Type:              Hold (Min at Fast Process Corner)
  Requirement:            0.000ns  (clk rise@0.000ns - clk rise@0.000ns)
  Data Path Delay:        0.408ns  (logic 0.187ns (45.834%)  route 0.221ns (54.166%))
  Logic Levels:           1  (LUT3=1)
  Clock Path Skew:        0.014ns (DCD - SCD - CPR)
    Destination Clock Delay (DCD):    1.983ns
    Source Clock Delay      (SCD):    1.470ns
    Clock Pessimism Removal (CPR):    0.499ns

    Location             Delay type                Incr(ns)  Path(ns)    Netlist Resource(s)
  -------------------------------------------------------------------    -------------------
                         (clock clk rise edge)        0.000     0.000 r  
    W5                                                0.000     0.000 r  clk (IN)
                         net (fo=0)                   0.000     0.000    clk
    W5                   IBUF (Prop_ibuf_I_O)         0.226     0.226 r  clk_IBUF_inst/O
                         net (fo=1, routed)           0.631     0.858    clk_IBUF
    BUFGCTRL_X0Y0        BUFG (Prop_bufg_I_O)         0.026     0.884 r  clk_IBUF_BUFG_inst/O
                         net (fo=53, routed)          0.587     1.470    m0/m1/CLK
    SLICE_X62Y19         FDRE                                         r  m0/m1/count_reg[0]/C
  -------------------------------------------------------------------    -------------------
    SLICE_X62Y19         FDRE (Prop_fdre_C_Q)         0.141     1.611 r  m0/m1/count_reg[0]/Q
                         net (fo=6, routed)           0.221     1.832    m0/m1/all[4]
    SLICE_X64Y19         LUT3 (Prop_lut3_I0_O)        0.046     1.878 r  m0/m1/count[2]_i_1__0/O
                         net (fo=1, routed)           0.000     1.878    m0/m1/p_0_in__0[2]
    SLICE_X64Y19         FDRE                                         r  m0/m1/count_reg[2]/D
  -------------------------------------------------------------------    -------------------

                         (clock clk rise edge)        0.000     0.000 r  
    W5                                                0.000     0.000 r  clk (IN)
                         net (fo=0)                   0.000     0.000    clk
    W5                   IBUF (Prop_ibuf_I_O)         0.414     0.414 r  clk_IBUF_inst/O
                         net (fo=1, routed)           0.685     1.099    clk_IBUF
    BUFGCTRL_X0Y0        BUFG (Prop_bufg_I_O)         0.029     1.128 r  clk_IBUF_BUFG_inst/O
                         net (fo=53, routed)          0.856     1.983    m0/m1/CLK
    SLICE_X64Y19         FDRE                                         r  m0/m1/count_reg[2]/C
                         clock pessimism             -0.499     1.484    
    SLICE_X64Y19         FDRE (Hold_fdre_C_D)         0.131     1.615    m0/m1/count_reg[2]
  -------------------------------------------------------------------
                         required time                         -1.615    
                         arrival time                           1.878    
  -------------------------------------------------------------------
                         slack                                  0.263    

Slack (MET) :             0.263ns  (arrival time - required time)
  Source:                 m0/m3/count_reg[0]/C
                            (rising edge-triggered cell FDRE clocked by clk  {rise@0.000ns fall@5.000ns period=10.000ns})
  Destination:            m0/m3/count_reg[0]/D
                            (rising edge-triggered cell FDRE clocked by clk  {rise@0.000ns fall@5.000ns period=10.000ns})
  Path Group:             clk
  Path Type:              Hold (Min at Fast Process Corner)
  Requirement:            0.000ns  (clk rise@0.000ns - clk rise@0.000ns)
  Data Path Delay:        0.354ns  (logic 0.186ns (52.507%)  route 0.168ns (47.493%))
  Logic Levels:           1  (LUT1=1)
  Clock Path Skew:        0.000ns (DCD - SCD - CPR)
    Destination Clock Delay (DCD):    1.984ns
    Source Clock Delay      (SCD):    1.471ns
    Clock Pessimism Removal (CPR):    0.513ns

    Location             Delay type                Incr(ns)  Path(ns)    Netlist Resource(s)
  -------------------------------------------------------------------    -------------------
                         (clock clk rise edge)        0.000     0.000 r  
    W5                                                0.000     0.000 r  clk (IN)
                         net (fo=0)                   0.000     0.000    clk
    W5                   IBUF (Prop_ibuf_I_O)         0.226     0.226 r  clk_IBUF_inst/O
                         net (fo=1, routed)           0.631     0.858    clk_IBUF
    BUFGCTRL_X0Y0        BUFG (Prop_bufg_I_O)         0.026     0.884 r  clk_IBUF_BUFG_inst/O
                         net (fo=53, routed)          0.588     1.471    m0/m3/CLK
    SLICE_X63Y18         FDRE                                         r  m0/m3/count_reg[0]/C
  -------------------------------------------------------------------    -------------------
    SLICE_X63Y18         FDRE (Prop_fdre_C_Q)         0.141     1.612 f  m0/m3/count_reg[0]/Q
                         net (fo=6, routed)           0.168     1.780    m0/m3/Q[0]
    SLICE_X63Y18         LUT1 (Prop_lut1_I0_O)        0.045     1.825 r  m0/m3/count[0]_i_1__3/O
                         net (fo=1, routed)           0.000     1.825    m0/m3/p_0_in__2[0]
    SLICE_X63Y18         FDRE                                         r  m0/m3/count_reg[0]/D
  -------------------------------------------------------------------    -------------------

                         (clock clk rise edge)        0.000     0.000 r  
    W5                                                0.000     0.000 r  clk (IN)
                         net (fo=0)                   0.000     0.000    clk
    W5                   IBUF (Prop_ibuf_I_O)         0.414     0.414 r  clk_IBUF_inst/O
                         net (fo=1, routed)           0.685     1.099    clk_IBUF
    BUFGCTRL_X0Y0        BUFG (Prop_bufg_I_O)         0.029     1.128 r  clk_IBUF_BUFG_inst/O
                         net (fo=53, routed)          0.857     1.984    m0/m3/CLK
    SLICE_X63Y18         FDRE                                         r  m0/m3/count_reg[0]/C
                         clock pessimism             -0.513     1.471    
    SLICE_X63Y18         FDRE (Hold_fdre_C_D)         0.091     1.562    m0/m3/count_reg[0]
  -------------------------------------------------------------------
                         required time                         -1.562    
                         arrival time                           1.825    
  -------------------------------------------------------------------
                         slack                                  0.263    

Slack (MET) :             0.263ns  (arrival time - required time)
  Source:                 m0/n0/count_reg[11]/C
                            (rising edge-triggered cell FDRE clocked by clk  {rise@0.000ns fall@5.000ns period=10.000ns})
  Destination:            m0/n0/count_reg[11]/D
                            (rising edge-triggered cell FDRE clocked by clk  {rise@0.000ns fall@5.000ns period=10.000ns})
  Path Group:             clk
  Path Type:              Hold (Min at Fast Process Corner)
  Requirement:            0.000ns  (clk rise@0.000ns - clk rise@0.000ns)
  Data Path Delay:        0.368ns  (logic 0.249ns (67.612%)  route 0.119ns (32.388%))
  Logic Levels:           1  (CARRY4=1)
  Clock Path Skew:        0.000ns (DCD - SCD - CPR)
    Destination Clock Delay (DCD):    1.979ns
    Source Clock Delay      (SCD):    1.467ns
    Clock Pessimism Removal (CPR):    0.512ns

    Location             Delay type                Incr(ns)  Path(ns)    Netlist Resource(s)
  -------------------------------------------------------------------    -------------------
                         (clock clk rise edge)        0.000     0.000 r  
    W5                                                0.000     0.000 r  clk (IN)
                         net (fo=0)                   0.000     0.000    clk
    W5                   IBUF (Prop_ibuf_I_O)         0.226     0.226 r  clk_IBUF_inst/O
                         net (fo=1, routed)           0.631     0.858    clk_IBUF
    BUFGCTRL_X0Y0        BUFG (Prop_bufg_I_O)         0.026     0.884 r  clk_IBUF_BUFG_inst/O
                         net (fo=53, routed)          0.584     1.467    m0/n0/CLK
    SLICE_X61Y21         FDRE                                         r  m0/n0/count_reg[11]/C
  -------------------------------------------------------------------    -------------------
    SLICE_X61Y21         FDRE (Prop_fdre_C_Q)         0.141     1.608 r  m0/n0/count_reg[11]/Q
                         net (fo=2, routed)           0.119     1.727    m0/n0/count_reg_n_4_[11]
    SLICE_X61Y21         CARRY4 (Prop_carry4_S[3]_O[3])
                                                      0.108     1.835 r  m0/n0/count_reg[8]_i_1/O[3]
                         net (fo=1, routed)           0.000     1.835    m0/n0/count_reg[8]_i_1_n_8
    SLICE_X61Y21         FDRE                                         r  m0/n0/count_reg[11]/D
  -------------------------------------------------------------------    -------------------

                         (clock clk rise edge)        0.000     0.000 r  
    W5                                                0.000     0.000 r  clk (IN)
                         net (fo=0)                   0.000     0.000    clk
    W5                   IBUF (Prop_ibuf_I_O)         0.414     0.414 r  clk_IBUF_inst/O
                         net (fo=1, routed)           0.685     1.099    clk_IBUF
    BUFGCTRL_X0Y0        BUFG (Prop_bufg_I_O)         0.029     1.128 r  clk_IBUF_BUFG_inst/O
                         net (fo=53, routed)          0.852     1.979    m0/n0/CLK
    SLICE_X61Y21         FDRE                                         r  m0/n0/count_reg[11]/C
                         clock pessimism             -0.512     1.467    
    SLICE_X61Y21         FDRE (Hold_fdre_C_D)         0.105     1.572    m0/n0/count_reg[11]
  -------------------------------------------------------------------
                         required time                         -1.572    
                         arrival time                           1.835    
  -------------------------------------------------------------------
                         slack                                  0.263    

Slack (MET) :             0.263ns  (arrival time - required time)
  Source:                 m0/n0/count_reg[15]/C
                            (rising edge-triggered cell FDRE clocked by clk  {rise@0.000ns fall@5.000ns period=10.000ns})
  Destination:            m0/n0/count_reg[15]/D
                            (rising edge-triggered cell FDRE clocked by clk  {rise@0.000ns fall@5.000ns period=10.000ns})
  Path Group:             clk
  Path Type:              Hold (Min at Fast Process Corner)
  Requirement:            0.000ns  (clk rise@0.000ns - clk rise@0.000ns)
  Data Path Delay:        0.368ns  (logic 0.249ns (67.612%)  route 0.119ns (32.388%))
  Logic Levels:           1  (CARRY4=1)
  Clock Path Skew:        0.000ns (DCD - SCD - CPR)
    Destination Clock Delay (DCD):    1.978ns
    Source Clock Delay      (SCD):    1.467ns
    Clock Pessimism Removal (CPR):    0.511ns

    Location             Delay type                Incr(ns)  Path(ns)    Netlist Resource(s)
  -------------------------------------------------------------------    -------------------
                         (clock clk rise edge)        0.000     0.000 r  
    W5                                                0.000     0.000 r  clk (IN)
                         net (fo=0)                   0.000     0.000    clk
    W5                   IBUF (Prop_ibuf_I_O)         0.226     0.226 r  clk_IBUF_inst/O
                         net (fo=1, routed)           0.631     0.858    clk_IBUF
    BUFGCTRL_X0Y0        BUFG (Prop_bufg_I_O)         0.026     0.884 r  clk_IBUF_BUFG_inst/O
                         net (fo=53, routed)          0.584     1.467    m0/n0/CLK
    SLICE_X61Y22         FDRE                                         r  m0/n0/count_reg[15]/C
  -------------------------------------------------------------------    -------------------
    SLICE_X61Y22         FDRE (Prop_fdre_C_Q)         0.141     1.608 r  m0/n0/count_reg[15]/Q
                         net (fo=2, routed)           0.119     1.727    m0/n0/count_reg_n_4_[15]
    SLICE_X61Y22         CARRY4 (Prop_carry4_S[3]_O[3])
                                                      0.108     1.835 r  m0/n0/count_reg[12]_i_1/O[3]
                         net (fo=1, routed)           0.000     1.835    m0/n0/count_reg[12]_i_1_n_8
    SLICE_X61Y22         FDRE                                         r  m0/n0/count_reg[15]/D
  -------------------------------------------------------------------    -------------------

                         (clock clk rise edge)        0.000     0.000 r  
    W5                                                0.000     0.000 r  clk (IN)
                         net (fo=0)                   0.000     0.000    clk
    W5                   IBUF (Prop_ibuf_I_O)         0.414     0.414 r  clk_IBUF_inst/O
                         net (fo=1, routed)           0.685     1.099    clk_IBUF
    BUFGCTRL_X0Y0        BUFG (Prop_bufg_I_O)         0.029     1.128 r  clk_IBUF_BUFG_inst/O
                         net (fo=53, routed)          0.851     1.978    m0/n0/CLK
    SLICE_X61Y22         FDRE                                         r  m0/n0/count_reg[15]/C
                         clock pessimism             -0.511     1.467    
    SLICE_X61Y22         FDRE (Hold_fdre_C_D)         0.105     1.572    m0/n0/count_reg[15]
  -------------------------------------------------------------------
                         required time                         -1.572    
                         arrival time                           1.835    
  -------------------------------------------------------------------
                         slack                                  0.263    

Slack (MET) :             0.263ns  (arrival time - required time)
  Source:                 m0/n0/count_reg[3]/C
                            (rising edge-triggered cell FDRE clocked by clk  {rise@0.000ns fall@5.000ns period=10.000ns})
  Destination:            m0/n0/count_reg[3]/D
                            (rising edge-triggered cell FDRE clocked by clk  {rise@0.000ns fall@5.000ns period=10.000ns})
  Path Group:             clk
  Path Type:              Hold (Min at Fast Process Corner)
  Requirement:            0.000ns  (clk rise@0.000ns - clk rise@0.000ns)
  Data Path Delay:        0.368ns  (logic 0.249ns (67.612%)  route 0.119ns (32.388%))
  Logic Levels:           1  (CARRY4=1)
  Clock Path Skew:        0.000ns (DCD - SCD - CPR)
    Destination Clock Delay (DCD):    1.981ns
    Source Clock Delay      (SCD):    1.469ns
    Clock Pessimism Removal (CPR):    0.512ns

    Location             Delay type                Incr(ns)  Path(ns)    Netlist Resource(s)
  -------------------------------------------------------------------    -------------------
                         (clock clk rise edge)        0.000     0.000 r  
    W5                                                0.000     0.000 r  clk (IN)
                         net (fo=0)                   0.000     0.000    clk
    W5                   IBUF (Prop_ibuf_I_O)         0.226     0.226 r  clk_IBUF_inst/O
                         net (fo=1, routed)           0.631     0.858    clk_IBUF
    BUFGCTRL_X0Y0        BUFG (Prop_bufg_I_O)         0.026     0.884 r  clk_IBUF_BUFG_inst/O
                         net (fo=53, routed)          0.586     1.469    m0/n0/CLK
    SLICE_X61Y19         FDRE                                         r  m0/n0/count_reg[3]/C
  -------------------------------------------------------------------    -------------------
    SLICE_X61Y19         FDRE (Prop_fdre_C_Q)         0.141     1.610 r  m0/n0/count_reg[3]/Q
                         net (fo=2, routed)           0.119     1.729    m0/n0/count_reg_n_4_[3]
    SLICE_X61Y19         CARRY4 (Prop_carry4_S[3]_O[3])
                                                      0.108     1.837 r  m0/n0/count_reg[0]_i_2/O[3]
                         net (fo=1, routed)           0.000     1.837    m0/n0/count_reg[0]_i_2_n_8
    SLICE_X61Y19         FDRE                                         r  m0/n0/count_reg[3]/D
  -------------------------------------------------------------------    -------------------

                         (clock clk rise edge)        0.000     0.000 r  
    W5                                                0.000     0.000 r  clk (IN)
                         net (fo=0)                   0.000     0.000    clk
    W5                   IBUF (Prop_ibuf_I_O)         0.414     0.414 r  clk_IBUF_inst/O
                         net (fo=1, routed)           0.685     1.099    clk_IBUF
    BUFGCTRL_X0Y0        BUFG (Prop_bufg_I_O)         0.029     1.128 r  clk_IBUF_BUFG_inst/O
                         net (fo=53, routed)          0.854     1.981    m0/n0/CLK
    SLICE_X61Y19         FDRE                                         r  m0/n0/count_reg[3]/C
                         clock pessimism             -0.512     1.469    
    SLICE_X61Y19         FDRE (Hold_fdre_C_D)         0.105     1.574    m0/n0/count_reg[3]
  -------------------------------------------------------------------
                         required time                         -1.574    
                         arrival time                           1.837    
  -------------------------------------------------------------------
                         slack                                  0.263    

Slack (MET) :             0.264ns  (arrival time - required time)
  Source:                 m0/n0/count_reg[7]/C
                            (rising edge-triggered cell FDRE clocked by clk  {rise@0.000ns fall@5.000ns period=10.000ns})
  Destination:            m0/n0/count_reg[7]/D
                            (rising edge-triggered cell FDRE clocked by clk  {rise@0.000ns fall@5.000ns period=10.000ns})
  Path Group:             clk
  Path Type:              Hold (Min at Fast Process Corner)
  Requirement:            0.000ns  (clk rise@0.000ns - clk rise@0.000ns)
  Data Path Delay:        0.369ns  (logic 0.249ns (67.424%)  route 0.120ns (32.576%))
  Logic Levels:           1  (CARRY4=1)
  Clock Path Skew:        0.000ns (DCD - SCD - CPR)
    Destination Clock Delay (DCD):    1.980ns
    Source Clock Delay      (SCD):    1.468ns
    Clock Pessimism Removal (CPR):    0.512ns

    Location             Delay type                Incr(ns)  Path(ns)    Netlist Resource(s)
  -------------------------------------------------------------------    -------------------
                         (clock clk rise edge)        0.000     0.000 r  
    W5                                                0.000     0.000 r  clk (IN)
                         net (fo=0)                   0.000     0.000    clk
    W5                   IBUF (Prop_ibuf_I_O)         0.226     0.226 r  clk_IBUF_inst/O
                         net (fo=1, routed)           0.631     0.858    clk_IBUF
    BUFGCTRL_X0Y0        BUFG (Prop_bufg_I_O)         0.026     0.884 r  clk_IBUF_BUFG_inst/O
                         net (fo=53, routed)          0.585     1.468    m0/n0/CLK
    SLICE_X61Y20         FDRE                                         r  m0/n0/count_reg[7]/C
  -------------------------------------------------------------------    -------------------
    SLICE_X61Y20         FDRE (Prop_fdre_C_Q)         0.141     1.609 r  m0/n0/count_reg[7]/Q
                         net (fo=2, routed)           0.120     1.729    m0/n0/count_reg_n_4_[7]
    SLICE_X61Y20         CARRY4 (Prop_carry4_S[3]_O[3])
                                                      0.108     1.837 r  m0/n0/count_reg[4]_i_1/O[3]
                         net (fo=1, routed)           0.000     1.837    m0/n0/count_reg[4]_i_1_n_8
    SLICE_X61Y20         FDRE                                         r  m0/n0/count_reg[7]/D
  -------------------------------------------------------------------    -------------------

                         (clock clk rise edge)        0.000     0.000 r  
    W5                                                0.000     0.000 r  clk (IN)
                         net (fo=0)                   0.000     0.000    clk
    W5                   IBUF (Prop_ibuf_I_O)         0.414     0.414 r  clk_IBUF_inst/O
                         net (fo=1, routed)           0.685     1.099    clk_IBUF
    BUFGCTRL_X0Y0        BUFG (Prop_bufg_I_O)         0.029     1.128 r  clk_IBUF_BUFG_inst/O
                         net (fo=53, routed)          0.853     1.980    m0/n0/CLK
    SLICE_X61Y20         FDRE                                         r  m0/n0/count_reg[7]/C
                         clock pessimism             -0.512     1.468    
    SLICE_X61Y20         FDRE (Hold_fdre_C_D)         0.105     1.573    m0/n0/count_reg[7]
  -------------------------------------------------------------------
                         required time                         -1.573    
                         arrival time                           1.837    
  -------------------------------------------------------------------
                         slack                                  0.264    

Slack (MET) :             0.264ns  (arrival time - required time)
  Source:                 m0/n0/count_reg[19]/C
                            (rising edge-triggered cell FDRE clocked by clk  {rise@0.000ns fall@5.000ns period=10.000ns})
  Destination:            m0/n0/count_reg[19]/D
                            (rising edge-triggered cell FDRE clocked by clk  {rise@0.000ns fall@5.000ns period=10.000ns})
  Path Group:             clk
  Path Type:              Hold (Min at Fast Process Corner)
  Requirement:            0.000ns  (clk rise@0.000ns - clk rise@0.000ns)
  Data Path Delay:        0.369ns  (logic 0.249ns (67.424%)  route 0.120ns (32.576%))
  Logic Levels:           1  (CARRY4=1)
  Clock Path Skew:        0.000ns (DCD - SCD - CPR)
    Destination Clock Delay (DCD):    1.976ns
    Source Clock Delay      (SCD):    1.465ns
    Clock Pessimism Removal (CPR):    0.511ns

    Location             Delay type                Incr(ns)  Path(ns)    Netlist Resource(s)
  -------------------------------------------------------------------    -------------------
                         (clock clk rise edge)        0.000     0.000 r  
    W5                                                0.000     0.000 r  clk (IN)
                         net (fo=0)                   0.000     0.000    clk
    W5                   IBUF (Prop_ibuf_I_O)         0.226     0.226 r  clk_IBUF_inst/O
                         net (fo=1, routed)           0.631     0.858    clk_IBUF
    BUFGCTRL_X0Y0        BUFG (Prop_bufg_I_O)         0.026     0.884 r  clk_IBUF_BUFG_inst/O
                         net (fo=53, routed)          0.582     1.465    m0/n0/CLK
    SLICE_X61Y23         FDRE                                         r  m0/n0/count_reg[19]/C
  -------------------------------------------------------------------    -------------------
    SLICE_X61Y23         FDRE (Prop_fdre_C_Q)         0.141     1.606 r  m0/n0/count_reg[19]/Q
                         net (fo=2, routed)           0.120     1.726    m0/n0/count_reg_n_4_[19]
    SLICE_X61Y23         CARRY4 (Prop_carry4_S[3]_O[3])
                                                      0.108     1.834 r  m0/n0/count_reg[16]_i_1/O[3]
                         net (fo=1, routed)           0.000     1.834    m0/n0/count_reg[16]_i_1_n_8
    SLICE_X61Y23         FDRE                                         r  m0/n0/count_reg[19]/D
  -------------------------------------------------------------------    -------------------

                         (clock clk rise edge)        0.000     0.000 r  
    W5                                                0.000     0.000 r  clk (IN)
                         net (fo=0)                   0.000     0.000    clk
    W5                   IBUF (Prop_ibuf_I_O)         0.414     0.414 r  clk_IBUF_inst/O
                         net (fo=1, routed)           0.685     1.099    clk_IBUF
    BUFGCTRL_X0Y0        BUFG (Prop_bufg_I_O)         0.029     1.128 r  clk_IBUF_BUFG_inst/O
                         net (fo=53, routed)          0.849     1.976    m0/n0/CLK
    SLICE_X61Y23         FDRE                                         r  m0/n0/count_reg[19]/C
                         clock pessimism             -0.511     1.465    
    SLICE_X61Y23         FDRE (Hold_fdre_C_D)         0.105     1.570    m0/n0/count_reg[19]
  -------------------------------------------------------------------
                         required time                         -1.570    
                         arrival time                           1.834    
  -------------------------------------------------------------------
                         slack                                  0.264    

Slack (MET) :             0.267ns  (arrival time - required time)
  Source:                 m0/n0/count_reg[8]/C
                            (rising edge-triggered cell FDRE clocked by clk  {rise@0.000ns fall@5.000ns period=10.000ns})
  Destination:            m0/n0/count_reg[8]/D
                            (rising edge-triggered cell FDRE clocked by clk  {rise@0.000ns fall@5.000ns period=10.000ns})
  Path Group:             clk
  Path Type:              Hold (Min at Fast Process Corner)
  Requirement:            0.000ns  (clk rise@0.000ns - clk rise@0.000ns)
  Data Path Delay:        0.372ns  (logic 0.256ns (68.766%)  route 0.116ns (31.234%))
  Logic Levels:           1  (CARRY4=1)
  Clock Path Skew:        0.000ns (DCD - SCD - CPR)
    Destination Clock Delay (DCD):    1.979ns
    Source Clock Delay      (SCD):    1.467ns
    Clock Pessimism Removal (CPR):    0.512ns

    Location             Delay type                Incr(ns)  Path(ns)    Netlist Resource(s)
  -------------------------------------------------------------------    -------------------
                         (clock clk rise edge)        0.000     0.000 r  
    W5                                                0.000     0.000 r  clk (IN)
                         net (fo=0)                   0.000     0.000    clk
    W5                   IBUF (Prop_ibuf_I_O)         0.226     0.226 r  clk_IBUF_inst/O
                         net (fo=1, routed)           0.631     0.858    clk_IBUF
    BUFGCTRL_X0Y0        BUFG (Prop_bufg_I_O)         0.026     0.884 r  clk_IBUF_BUFG_inst/O
                         net (fo=53, routed)          0.584     1.467    m0/n0/CLK
    SLICE_X61Y21         FDRE                                         r  m0/n0/count_reg[8]/C
  -------------------------------------------------------------------    -------------------
    SLICE_X61Y21         FDRE (Prop_fdre_C_Q)         0.141     1.608 r  m0/n0/count_reg[8]/Q
                         net (fo=2, routed)           0.116     1.724    m0/n0/count_reg_n_4_[8]
    SLICE_X61Y21         CARRY4 (Prop_carry4_S[0]_O[0])
                                                      0.115     1.839 r  m0/n0/count_reg[8]_i_1/O[0]
                         net (fo=1, routed)           0.000     1.839    m0/n0/count_reg[8]_i_1_n_11
    SLICE_X61Y21         FDRE                                         r  m0/n0/count_reg[8]/D
  -------------------------------------------------------------------    -------------------

                         (clock clk rise edge)        0.000     0.000 r  
    W5                                                0.000     0.000 r  clk (IN)
                         net (fo=0)                   0.000     0.000    clk
    W5                   IBUF (Prop_ibuf_I_O)         0.414     0.414 r  clk_IBUF_inst/O
                         net (fo=1, routed)           0.685     1.099    clk_IBUF
    BUFGCTRL_X0Y0        BUFG (Prop_bufg_I_O)         0.029     1.128 r  clk_IBUF_BUFG_inst/O
                         net (fo=53, routed)          0.852     1.979    m0/n0/CLK
    SLICE_X61Y21         FDRE                                         r  m0/n0/count_reg[8]/C
                         clock pessimism             -0.512     1.467    
    SLICE_X61Y21         FDRE (Hold_fdre_C_D)         0.105     1.572    m0/n0/count_reg[8]
  -------------------------------------------------------------------
                         required time                         -1.572    
                         arrival time                           1.839    
  -------------------------------------------------------------------
                         slack                                  0.267    





Pulse Width Checks
--------------------------------------------------------------------------------------
Clock Name:         clk
Waveform(ns):       { 0.000 5.000 }
Period(ns):         10.000
Sources:            { clk }

Check Type        Corner  Lib Pin  Reference Pin  Required(ns)  Actual(ns)  Slack(ns)  Location       Pin
Min Period        n/a     BUFG/I   n/a            2.155         10.000      7.845      BUFGCTRL_X0Y0  clk_IBUF_BUFG_inst/I
Min Period        n/a     FDRE/C   n/a            1.000         10.000      9.000      SLICE_X63Y20   m0/m0/count_reg[0]/C
Min Period        n/a     FDRE/C   n/a            1.000         10.000      9.000      SLICE_X63Y20   m0/m0/count_reg[1]/C
Min Period        n/a     FDRE/C   n/a            1.000         10.000      9.000      SLICE_X63Y19   m0/m0/count_reg[2]/C
Min Period        n/a     FDRE/C   n/a            1.000         10.000      9.000      SLICE_X63Y19   m0/m0/count_reg[3]/C
Min Period        n/a     FDRE/C   n/a            1.000         10.000      9.000      SLICE_X62Y19   m0/m1/count_reg[0]/C
Min Period        n/a     FDRE/C   n/a            1.000         10.000      9.000      SLICE_X64Y19   m0/m1/count_reg[1]/C
Min Period        n/a     FDRE/C   n/a            1.000         10.000      9.000      SLICE_X64Y19   m0/m1/count_reg[2]/C
Min Period        n/a     FDRE/C   n/a            1.000         10.000      9.000      SLICE_X64Y19   m0/m1/count_reg[3]/C
Min Period        n/a     FDRE/C   n/a            1.000         10.000      9.000      SLICE_X62Y18   m0/m2/count_reg[0]/C
Low Pulse Width   Slow    FDRE/C   n/a            0.500         5.000       4.500      SLICE_X61Y19   m0/n0/count_reg[0]/C
Low Pulse Width   Slow    FDRE/C   n/a            0.500         5.000       4.500      SLICE_X61Y19   m0/n0/count_reg[1]/C
Low Pulse Width   Slow    FDRE/C   n/a            0.500         5.000       4.500      SLICE_X61Y19   m0/n0/count_reg[2]/C
Low Pulse Width   Slow    FDRE/C   n/a            0.500         5.000       4.500      SLICE_X61Y19   m0/n0/count_reg[3]/C
Low Pulse Width   Slow    FDRE/C   n/a            0.500         5.000       4.500      SLICE_X61Y20   m0/n0/count_reg[4]/C
Low Pulse Width   Slow    FDRE/C   n/a            0.500         5.000       4.500      SLICE_X61Y20   m0/n0/count_reg[5]/C
Low Pulse Width   Slow    FDRE/C   n/a            0.500         5.000       4.500      SLICE_X61Y20   m0/n0/count_reg[6]/C
Low Pulse Width   Slow    FDRE/C   n/a            0.500         5.000       4.500      SLICE_X61Y20   m0/n0/count_reg[7]/C
Low Pulse Width   Slow    FDRE/C   n/a            0.500         5.000       4.500      SLICE_X63Y20   m0/m0/count_reg[0]/C
Low Pulse Width   Slow    FDRE/C   n/a            0.500         5.000       4.500      SLICE_X63Y20   m0/m0/count_reg[1]/C
High Pulse Width  Slow    FDRE/C   n/a            0.500         5.000       4.500      SLICE_X61Y22   m0/n0/count_reg[12]/C
High Pulse Width  Slow    FDRE/C   n/a            0.500         5.000       4.500      SLICE_X61Y22   m0/n0/count_reg[13]/C
High Pulse Width  Slow    FDRE/C   n/a            0.500         5.000       4.500      SLICE_X61Y22   m0/n0/count_reg[14]/C
High Pulse Width  Slow    FDRE/C   n/a            0.500         5.000       4.500      SLICE_X61Y22   m0/n0/count_reg[15]/C
High Pulse Width  Slow    FDRE/C   n/a            0.500         5.000       4.500      SLICE_X61Y23   m0/n0/count_reg[16]/C
High Pulse Width  Slow    FDRE/C   n/a            0.500         5.000       4.500      SLICE_X61Y23   m0/n0/count_reg[17]/C
High Pulse Width  Slow    FDRE/C   n/a            0.500         5.000       4.500      SLICE_X61Y23   m0/n0/count_reg[18]/C
High Pulse Width  Slow    FDRE/C   n/a            0.500         5.000       4.500      SLICE_X61Y23   m0/n0/count_reg[19]/C
High Pulse Width  Slow    FDRE/C   n/a            0.500         5.000       4.500      SLICE_X62Y22   n0/count_val_reg[10]/C
High Pulse Width  Slow    FDRE/C   n/a            0.500         5.000       4.500      SLICE_X62Y22   n0/count_val_reg[11]/C



