Copyright 1986-2019 Xilinx, Inc. All Rights Reserved.
------------------------------------------------------------------------------------------
| Tool Version : Vivado v.2019.2 (lin64) Build 2708876 Wed Nov  6 21:39:14 MST 2019
| Date         : Tue Oct 25 18:40:02 2022
| Host         : DIGITAL-59 running 64-bit Ubuntu 18.04.6 LTS
| Command      : report_control_sets -verbose -file stopwatch_top_control_sets_placed.rpt
| Design       : stopwatch_top
| Device       : xc7a35t
------------------------------------------------------------------------------------------

Control Set Information

Table of Contents
-----------------
1. Summary
2. Histogram
3. Flip-Flop Distribution
4. Detailed Control Set Information

1. Summary
----------

+----------------------------------------------------------+-------+
|                          Status                          | Count |
+----------------------------------------------------------+-------+
| Total control sets                                       |     6 |
|    Minimum number of control sets                        |     6 |
|    Addition due to synthesis replication                 |     0 |
|    Addition due to physical synthesis replication        |     0 |
| Unused register locations in slices containing registers |    27 |
+----------------------------------------------------------+-------+
* Control sets can be merged at opt_design using control_set_merge or merge_equivalent_drivers
** Run report_qor_suggestions for automated merging and remapping suggestions


2. Histogram
------------

+--------------------+-------+
|       Fanout       | Count |
+--------------------+-------+
| Total control sets |     6 |
| >= 0 to < 4        |     0 |
| >= 4 to < 6        |     4 |
| >= 6 to < 8        |     0 |
| >= 8 to < 10       |     0 |
| >= 10 to < 12      |     0 |
| >= 12 to < 14      |     0 |
| >= 14 to < 16      |     0 |
| >= 16              |     2 |
+--------------------+-------+
* Control sets can be remapped at either synth_design or opt_design


3. Flip-Flop Distribution
-------------------------

+--------------+-----------------------+------------------------+-----------------+--------------+
| Clock Enable | Synchronous Set/Reset | Asynchronous Set/Reset | Total Registers | Total Slices |
+--------------+-----------------------+------------------------+-----------------+--------------+
| No           | No                    | No                     |               0 |            0 |
| No           | No                    | Yes                    |               0 |            0 |
| No           | Yes                   | No                     |              17 |            5 |
| Yes          | No                    | No                     |               0 |            0 |
| Yes          | No                    | Yes                    |               0 |            0 |
| Yes          | Yes                   | No                     |              36 |           13 |
+--------------+-----------------------+------------------------+-----------------+--------------+


4. Detailed Control Set Information
-----------------------------------

+----------------+-------------------------+---------------------------+------------------+----------------+
|  Clock Signal  |      Enable Signal      |      Set/Reset Signal     | Slice Load Count | Bel Load Count |
+----------------+-------------------------+---------------------------+------------------+----------------+
|  clk_IBUF_BUFG | m0/m0/E[0]              | m0/m2/count[3]_i_1__1_n_4 |                2 |              4 |
|  clk_IBUF_BUFG | m0/n0/i_0               | m0/m0/count[3]_i_1_n_4    |                2 |              4 |
|  clk_IBUF_BUFG | m0/m0/count_reg[3]_0[0] | m0/m1/count[3]_i_1__0_n_4 |                2 |              4 |
|  clk_IBUF_BUFG | m0/m1/E[0]              | m0/m3/count[3]_i_1__2_n_4 |                2 |              4 |
|  clk_IBUF_BUFG |                         | btnc_IBUF                 |                5 |             17 |
|  clk_IBUF_BUFG | sw_IBUF                 | m0/n0/count[0]_i_1_n_4    |                5 |             20 |
+----------------+-------------------------+---------------------------+------------------+----------------+


