Copyright 1986-2019 Xilinx, Inc. All Rights Reserved.
-----------------------------------------------------------------------------------------------------------------------------------------------------------------------------------------------------------
| Tool Version : Vivado v.2019.2 (lin64) Build 2708876 Wed Nov  6 21:39:14 MST 2019
| Date         : Tue Nov  1 19:14:58 2022
| Host         : DIGITAL-46 running 64-bit Ubuntu 18.04.6 LTS
| Command      : report_timing_summary -max_paths 10 -file debounce_top_timing_summary_routed.rpt -pb debounce_top_timing_summary_routed.pb -rpx debounce_top_timing_summary_routed.rpx -warn_on_violation
| Design       : debounce_top
| Device       : 7a35t-cpg236
| Speed File   : -1  PRODUCTION 1.23 2018-06-13
-----------------------------------------------------------------------------------------------------------------------------------------------------------------------------------------------------------

Timing Summary Report

------------------------------------------------------------------------------------------------
| Timer Settings
| --------------
------------------------------------------------------------------------------------------------

  Enable Multi Corner Analysis               :  Yes
  Enable Pessimism Removal                   :  Yes
  Pessimism Removal Resolution               :  Nearest Common Node
  Enable Input Delay Default Clock           :  No
  Enable Preset / Clear Arcs                 :  No
  Disable Flight Delays                      :  No
  Ignore I/O Paths                           :  No
  Timing Early Launch at Borrowing Latches   :  No
  Borrow Time for Max Delay Exceptions       :  Yes
  Merge Timing Exceptions                    :  Yes

  Corner  Analyze    Analyze    
  Name    Max Paths  Min Paths  
  ------  ---------  ---------  
  Slow    Yes        Yes        
  Fast    Yes        Yes        



check_timing report

Table of Contents
-----------------
1. checking no_clock
2. checking constant_clock
3. checking pulse_width_clock
4. checking unconstrained_internal_endpoints
5. checking no_input_delay
6. checking no_output_delay
7. checking multiple_clock
8. checking generated_clocks
9. checking loops
10. checking partial_input_delay
11. checking partial_output_delay
12. checking latch_loops

1. checking no_clock
--------------------
 There are 0 register/latch pins with no clock.


2. checking constant_clock
--------------------------
 There are 0 register/latch pins with constant_clock.


3. checking pulse_width_clock
-----------------------------
 There are 0 register/latch pins which need pulse_width check


4. checking unconstrained_internal_endpoints
--------------------------------------------
 There are 0 pins that are not constrained for maximum delay.

 There are 0 pins that are not constrained for maximum delay due to constant clock.


5. checking no_input_delay
--------------------------
 There are 2 input ports with no input delay specified. (HIGH)

 There are 0 input ports with no input delay but user has a false path constraint.


6. checking no_output_delay
---------------------------
 There are 11 ports with no output delay specified. (HIGH)

 There are 0 ports with no output delay but user has a false path constraint

 There are 0 ports with no output delay but with a timing clock defined on it or propagating through it


7. checking multiple_clock
--------------------------
 There are 0 register/latch pins with multiple clocks.


8. checking generated_clocks
----------------------------
 There are 0 generated clocks that are not connected to a clock source.


9. checking loops
-----------------
 There are 0 combinational loops in the design.


10. checking partial_input_delay
--------------------------------
 There are 0 input ports with partial input delay specified.


11. checking partial_output_delay
---------------------------------
 There are 0 ports with partial output delay specified.


12. checking latch_loops
------------------------
 There are 0 combinational latch loops in the design through latch input



------------------------------------------------------------------------------------------------
| Design Timing Summary
| ---------------------
------------------------------------------------------------------------------------------------

    WNS(ns)      TNS(ns)  TNS Failing Endpoints  TNS Total Endpoints      WHS(ns)      THS(ns)  THS Failing Endpoints  THS Total Endpoints     WPWS(ns)     TPWS(ns)  TPWS Failing Endpoints  TPWS Total Endpoints  
    -------      -------  ---------------------  -------------------      -------      -------  ---------------------  -------------------     --------     --------  ----------------------  --------------------  
      6.287        0.000                      0                   94        0.219        0.000                      0                   94        4.500        0.000                       0                    61  


All user specified timing constraints are met.


------------------------------------------------------------------------------------------------
| Clock Summary
| -------------
------------------------------------------------------------------------------------------------

Clock  Waveform(ns)       Period(ns)      Frequency(MHz)
-----  ------------       ----------      --------------
clk    {0.000 5.000}      10.000          100.000         


------------------------------------------------------------------------------------------------
| Intra Clock Table
| -----------------
------------------------------------------------------------------------------------------------

Clock             WNS(ns)      TNS(ns)  TNS Failing Endpoints  TNS Total Endpoints      WHS(ns)      THS(ns)  THS Failing Endpoints  THS Total Endpoints     WPWS(ns)     TPWS(ns)  TPWS Failing Endpoints  TPWS Total Endpoints  
-----             -------      -------  ---------------------  -------------------      -------      -------  ---------------------  -------------------     --------     --------  ----------------------  --------------------  
clk                 6.287        0.000                      0                   94        0.219        0.000                      0                   94        4.500        0.000                       0                    61  


------------------------------------------------------------------------------------------------
| Inter Clock Table
| -----------------
------------------------------------------------------------------------------------------------

From Clock    To Clock          WNS(ns)      TNS(ns)  TNS Failing Endpoints  TNS Total Endpoints      WHS(ns)      THS(ns)  THS Failing Endpoints  THS Total Endpoints  
----------    --------          -------      -------  ---------------------  -------------------      -------      -------  ---------------------  -------------------  


------------------------------------------------------------------------------------------------
| Other Path Groups Table
| -----------------------
------------------------------------------------------------------------------------------------

Path Group    From Clock    To Clock          WNS(ns)      TNS(ns)  TNS Failing Endpoints  TNS Total Endpoints      WHS(ns)      THS(ns)  THS Failing Endpoints  THS Total Endpoints  
----------    ----------    --------          -------      -------  ---------------------  -------------------      -------      -------  ---------------------  -------------------  


------------------------------------------------------------------------------------------------
| Timing Details
| --------------
------------------------------------------------------------------------------------------------


---------------------------------------------------------------------------------------------------
From Clock:  clk
  To Clock:  clk

Setup :            0  Failing Endpoints,  Worst Slack        6.287ns,  Total Violation        0.000ns
Hold  :            0  Failing Endpoints,  Worst Slack        0.219ns,  Total Violation        0.000ns
PW    :            0  Failing Endpoints,  Worst Slack        4.500ns,  Total Violation        0.000ns
---------------------------------------------------------------------------------------------------


Max Delay Paths
--------------------------------------------------------------------------------------
Slack (MET) :             6.287ns  (required time - arrival time)
  Source:                 m1/count_reg[9]/C
                            (rising edge-triggered cell FDRE clocked by clk  {rise@0.000ns fall@5.000ns period=10.000ns})
  Destination:            m1/count_reg[0]/R
                            (rising edge-triggered cell FDRE clocked by clk  {rise@0.000ns fall@5.000ns period=10.000ns})
  Path Group:             clk
  Path Type:              Setup (Max at Slow Process Corner)
  Requirement:            10.000ns  (clk rise@10.000ns - clk rise@0.000ns)
  Data Path Delay:        3.227ns  (logic 0.828ns (25.658%)  route 2.399ns (74.342%))
  Logic Levels:           3  (LUT3=1 LUT4=1 LUT5=1)
  Clock Path Skew:        -0.022ns (DCD - SCD + CPR)
    Destination Clock Delay (DCD):    4.850ns = ( 14.850 - 10.000 ) 
    Source Clock Delay      (SCD):    5.146ns
    Clock Pessimism Removal (CPR):    0.274ns
  Clock Uncertainty:      0.035ns  ((TSJ^2 + TIJ^2)^1/2 + DJ) / 2 + PE
    Total System Jitter     (TSJ):    0.071ns
    Total Input Jitter      (TIJ):    0.000ns
    Discrete Jitter          (DJ):    0.000ns
    Phase Error              (PE):    0.000ns

    Location             Delay type                Incr(ns)  Path(ns)    Netlist Resource(s)
  -------------------------------------------------------------------    -------------------
                         (clock clk rise edge)        0.000     0.000 r  
    W5                                                0.000     0.000 r  clk (IN)
                         net (fo=0)                   0.000     0.000    clk
    W5                   IBUF (Prop_ibuf_I_O)         1.458     1.458 r  clk_IBUF_inst/O
                         net (fo=1, routed)           1.967     3.425    clk_IBUF
    BUFGCTRL_X0Y0        BUFG (Prop_bufg_I_O)         0.096     3.521 r  clk_IBUF_BUFG_inst/O
                         net (fo=60, routed)          1.625     5.146    m1/clk_IBUF_BUFG
    SLICE_X63Y20         FDRE                                         r  m1/count_reg[9]/C
  -------------------------------------------------------------------    -------------------
    SLICE_X63Y20         FDRE (Prop_fdre_C_Q)         0.456     5.602 f  m1/count_reg[9]/Q
                         net (fo=2, routed)           0.875     6.477    m1/count_reg[9]
    SLICE_X62Y19         LUT5 (Prop_lut5_I3_O)        0.124     6.601 f  m1/FSM_sequential_cs[1]_i_3/O
                         net (fo=1, routed)           0.639     7.240    m1/FSM_sequential_cs[1]_i_3_n_0
    SLICE_X62Y20         LUT4 (Prop_lut4_I0_O)        0.124     7.364 r  m1/FSM_sequential_cs[1]_i_2/O
                         net (fo=3, routed)           0.172     7.537    m1/timerDone__17
    SLICE_X62Y20         LUT3 (Prop_lut3_I2_O)        0.124     7.661 r  m1/count[0]_i_1/O
                         net (fo=19, routed)          0.713     8.373    m1/count[0]_i_1_n_0
    SLICE_X63Y18         FDRE                                         r  m1/count_reg[0]/R
  -------------------------------------------------------------------    -------------------

                         (clock clk rise edge)       10.000    10.000 r  
    W5                                                0.000    10.000 r  clk (IN)
                         net (fo=0)                   0.000    10.000    clk
    W5                   IBUF (Prop_ibuf_I_O)         1.388    11.388 r  clk_IBUF_inst/O
                         net (fo=1, routed)           1.862    13.250    clk_IBUF
    BUFGCTRL_X0Y0        BUFG (Prop_bufg_I_O)         0.091    13.341 r  clk_IBUF_BUFG_inst/O
                         net (fo=60, routed)          1.509    14.850    m1/clk_IBUF_BUFG
    SLICE_X63Y18         FDRE                                         r  m1/count_reg[0]/C
                         clock pessimism              0.274    15.124    
                         clock uncertainty           -0.035    15.089    
    SLICE_X63Y18         FDRE (Setup_fdre_C_R)       -0.429    14.660    m1/count_reg[0]
  -------------------------------------------------------------------
                         required time                         14.660    
                         arrival time                          -8.373    
  -------------------------------------------------------------------
                         slack                                  6.287    

Slack (MET) :             6.287ns  (required time - arrival time)
  Source:                 m1/count_reg[9]/C
                            (rising edge-triggered cell FDRE clocked by clk  {rise@0.000ns fall@5.000ns period=10.000ns})
  Destination:            m1/count_reg[1]/R
                            (rising edge-triggered cell FDRE clocked by clk  {rise@0.000ns fall@5.000ns period=10.000ns})
  Path Group:             clk
  Path Type:              Setup (Max at Slow Process Corner)
  Requirement:            10.000ns  (clk rise@10.000ns - clk rise@0.000ns)
  Data Path Delay:        3.227ns  (logic 0.828ns (25.658%)  route 2.399ns (74.342%))
  Logic Levels:           3  (LUT3=1 LUT4=1 LUT5=1)
  Clock Path Skew:        -0.022ns (DCD - SCD + CPR)
    Destination Clock Delay (DCD):    4.850ns = ( 14.850 - 10.000 ) 
    Source Clock Delay      (SCD):    5.146ns
    Clock Pessimism Removal (CPR):    0.274ns
  Clock Uncertainty:      0.035ns  ((TSJ^2 + TIJ^2)^1/2 + DJ) / 2 + PE
    Total System Jitter     (TSJ):    0.071ns
    Total Input Jitter      (TIJ):    0.000ns
    Discrete Jitter          (DJ):    0.000ns
    Phase Error              (PE):    0.000ns

    Location             Delay type                Incr(ns)  Path(ns)    Netlist Resource(s)
  -------------------------------------------------------------------    -------------------
                         (clock clk rise edge)        0.000     0.000 r  
    W5                                                0.000     0.000 r  clk (IN)
                         net (fo=0)                   0.000     0.000    clk
    W5                   IBUF (Prop_ibuf_I_O)         1.458     1.458 r  clk_IBUF_inst/O
                         net (fo=1, routed)           1.967     3.425    clk_IBUF
    BUFGCTRL_X0Y0        BUFG (Prop_bufg_I_O)         0.096     3.521 r  clk_IBUF_BUFG_inst/O
                         net (fo=60, routed)          1.625     5.146    m1/clk_IBUF_BUFG
    SLICE_X63Y20         FDRE                                         r  m1/count_reg[9]/C
  -------------------------------------------------------------------    -------------------
    SLICE_X63Y20         FDRE (Prop_fdre_C_Q)         0.456     5.602 f  m1/count_reg[9]/Q
                         net (fo=2, routed)           0.875     6.477    m1/count_reg[9]
    SLICE_X62Y19         LUT5 (Prop_lut5_I3_O)        0.124     6.601 f  m1/FSM_sequential_cs[1]_i_3/O
                         net (fo=1, routed)           0.639     7.240    m1/FSM_sequential_cs[1]_i_3_n_0
    SLICE_X62Y20         LUT4 (Prop_lut4_I0_O)        0.124     7.364 r  m1/FSM_sequential_cs[1]_i_2/O
                         net (fo=3, routed)           0.172     7.537    m1/timerDone__17
    SLICE_X62Y20         LUT3 (Prop_lut3_I2_O)        0.124     7.661 r  m1/count[0]_i_1/O
                         net (fo=19, routed)          0.713     8.373    m1/count[0]_i_1_n_0
    SLICE_X63Y18         FDRE                                         r  m1/count_reg[1]/R
  -------------------------------------------------------------------    -------------------

                         (clock clk rise edge)       10.000    10.000 r  
    W5                                                0.000    10.000 r  clk (IN)
                         net (fo=0)                   0.000    10.000    clk
    W5                   IBUF (Prop_ibuf_I_O)         1.388    11.388 r  clk_IBUF_inst/O
                         net (fo=1, routed)           1.862    13.250    clk_IBUF
    BUFGCTRL_X0Y0        BUFG (Prop_bufg_I_O)         0.091    13.341 r  clk_IBUF_BUFG_inst/O
                         net (fo=60, routed)          1.509    14.850    m1/clk_IBUF_BUFG
    SLICE_X63Y18         FDRE                                         r  m1/count_reg[1]/C
                         clock pessimism              0.274    15.124    
                         clock uncertainty           -0.035    15.089    
    SLICE_X63Y18         FDRE (Setup_fdre_C_R)       -0.429    14.660    m1/count_reg[1]
  -------------------------------------------------------------------
                         required time                         14.660    
                         arrival time                          -8.373    
  -------------------------------------------------------------------
                         slack                                  6.287    

Slack (MET) :             6.287ns  (required time - arrival time)
  Source:                 m1/count_reg[9]/C
                            (rising edge-triggered cell FDRE clocked by clk  {rise@0.000ns fall@5.000ns period=10.000ns})
  Destination:            m1/count_reg[2]/R
                            (rising edge-triggered cell FDRE clocked by clk  {rise@0.000ns fall@5.000ns period=10.000ns})
  Path Group:             clk
  Path Type:              Setup (Max at Slow Process Corner)
  Requirement:            10.000ns  (clk rise@10.000ns - clk rise@0.000ns)
  Data Path Delay:        3.227ns  (logic 0.828ns (25.658%)  route 2.399ns (74.342%))
  Logic Levels:           3  (LUT3=1 LUT4=1 LUT5=1)
  Clock Path Skew:        -0.022ns (DCD - SCD + CPR)
    Destination Clock Delay (DCD):    4.850ns = ( 14.850 - 10.000 ) 
    Source Clock Delay      (SCD):    5.146ns
    Clock Pessimism Removal (CPR):    0.274ns
  Clock Uncertainty:      0.035ns  ((TSJ^2 + TIJ^2)^1/2 + DJ) / 2 + PE
    Total System Jitter     (TSJ):    0.071ns
    Total Input Jitter      (TIJ):    0.000ns
    Discrete Jitter          (DJ):    0.000ns
    Phase Error              (PE):    0.000ns

    Location             Delay type                Incr(ns)  Path(ns)    Netlist Resource(s)
  -------------------------------------------------------------------    -------------------
                         (clock clk rise edge)        0.000     0.000 r  
    W5                                                0.000     0.000 r  clk (IN)
                         net (fo=0)                   0.000     0.000    clk
    W5                   IBUF (Prop_ibuf_I_O)         1.458     1.458 r  clk_IBUF_inst/O
                         net (fo=1, routed)           1.967     3.425    clk_IBUF
    BUFGCTRL_X0Y0        BUFG (Prop_bufg_I_O)         0.096     3.521 r  clk_IBUF_BUFG_inst/O
                         net (fo=60, routed)          1.625     5.146    m1/clk_IBUF_BUFG
    SLICE_X63Y20         FDRE                                         r  m1/count_reg[9]/C
  -------------------------------------------------------------------    -------------------
    SLICE_X63Y20         FDRE (Prop_fdre_C_Q)         0.456     5.602 f  m1/count_reg[9]/Q
                         net (fo=2, routed)           0.875     6.477    m1/count_reg[9]
    SLICE_X62Y19         LUT5 (Prop_lut5_I3_O)        0.124     6.601 f  m1/FSM_sequential_cs[1]_i_3/O
                         net (fo=1, routed)           0.639     7.240    m1/FSM_sequential_cs[1]_i_3_n_0
    SLICE_X62Y20         LUT4 (Prop_lut4_I0_O)        0.124     7.364 r  m1/FSM_sequential_cs[1]_i_2/O
                         net (fo=3, routed)           0.172     7.537    m1/timerDone__17
    SLICE_X62Y20         LUT3 (Prop_lut3_I2_O)        0.124     7.661 r  m1/count[0]_i_1/O
                         net (fo=19, routed)          0.713     8.373    m1/count[0]_i_1_n_0
    SLICE_X63Y18         FDRE                                         r  m1/count_reg[2]/R
  -------------------------------------------------------------------    -------------------

                         (clock clk rise edge)       10.000    10.000 r  
    W5                                                0.000    10.000 r  clk (IN)
                         net (fo=0)                   0.000    10.000    clk
    W5                   IBUF (Prop_ibuf_I_O)         1.388    11.388 r  clk_IBUF_inst/O
                         net (fo=1, routed)           1.862    13.250    clk_IBUF
    BUFGCTRL_X0Y0        BUFG (Prop_bufg_I_O)         0.091    13.341 r  clk_IBUF_BUFG_inst/O
                         net (fo=60, routed)          1.509    14.850    m1/clk_IBUF_BUFG
    SLICE_X63Y18         FDRE                                         r  m1/count_reg[2]/C
                         clock pessimism              0.274    15.124    
                         clock uncertainty           -0.035    15.089    
    SLICE_X63Y18         FDRE (Setup_fdre_C_R)       -0.429    14.660    m1/count_reg[2]
  -------------------------------------------------------------------
                         required time                         14.660    
                         arrival time                          -8.373    
  -------------------------------------------------------------------
                         slack                                  6.287    

Slack (MET) :             6.287ns  (required time - arrival time)
  Source:                 m1/count_reg[9]/C
                            (rising edge-triggered cell FDRE clocked by clk  {rise@0.000ns fall@5.000ns period=10.000ns})
  Destination:            m1/count_reg[3]/R
                            (rising edge-triggered cell FDRE clocked by clk  {rise@0.000ns fall@5.000ns period=10.000ns})
  Path Group:             clk
  Path Type:              Setup (Max at Slow Process Corner)
  Requirement:            10.000ns  (clk rise@10.000ns - clk rise@0.000ns)
  Data Path Delay:        3.227ns  (logic 0.828ns (25.658%)  route 2.399ns (74.342%))
  Logic Levels:           3  (LUT3=1 LUT4=1 LUT5=1)
  Clock Path Skew:        -0.022ns (DCD - SCD + CPR)
    Destination Clock Delay (DCD):    4.850ns = ( 14.850 - 10.000 ) 
    Source Clock Delay      (SCD):    5.146ns
    Clock Pessimism Removal (CPR):    0.274ns
  Clock Uncertainty:      0.035ns  ((TSJ^2 + TIJ^2)^1/2 + DJ) / 2 + PE
    Total System Jitter     (TSJ):    0.071ns
    Total Input Jitter      (TIJ):    0.000ns
    Discrete Jitter          (DJ):    0.000ns
    Phase Error              (PE):    0.000ns

    Location             Delay type                Incr(ns)  Path(ns)    Netlist Resource(s)
  -------------------------------------------------------------------    -------------------
                         (clock clk rise edge)        0.000     0.000 r  
    W5                                                0.000     0.000 r  clk (IN)
                         net (fo=0)                   0.000     0.000    clk
    W5                   IBUF (Prop_ibuf_I_O)         1.458     1.458 r  clk_IBUF_inst/O
                         net (fo=1, routed)           1.967     3.425    clk_IBUF
    BUFGCTRL_X0Y0        BUFG (Prop_bufg_I_O)         0.096     3.521 r  clk_IBUF_BUFG_inst/O
                         net (fo=60, routed)          1.625     5.146    m1/clk_IBUF_BUFG
    SLICE_X63Y20         FDRE                                         r  m1/count_reg[9]/C
  -------------------------------------------------------------------    -------------------
    SLICE_X63Y20         FDRE (Prop_fdre_C_Q)         0.456     5.602 f  m1/count_reg[9]/Q
                         net (fo=2, routed)           0.875     6.477    m1/count_reg[9]
    SLICE_X62Y19         LUT5 (Prop_lut5_I3_O)        0.124     6.601 f  m1/FSM_sequential_cs[1]_i_3/O
                         net (fo=1, routed)           0.639     7.240    m1/FSM_sequential_cs[1]_i_3_n_0
    SLICE_X62Y20         LUT4 (Prop_lut4_I0_O)        0.124     7.364 r  m1/FSM_sequential_cs[1]_i_2/O
                         net (fo=3, routed)           0.172     7.537    m1/timerDone__17
    SLICE_X62Y20         LUT3 (Prop_lut3_I2_O)        0.124     7.661 r  m1/count[0]_i_1/O
                         net (fo=19, routed)          0.713     8.373    m1/count[0]_i_1_n_0
    SLICE_X63Y18         FDRE                                         r  m1/count_reg[3]/R
  -------------------------------------------------------------------    -------------------

                         (clock clk rise edge)       10.000    10.000 r  
    W5                                                0.000    10.000 r  clk (IN)
                         net (fo=0)                   0.000    10.000    clk
    W5                   IBUF (Prop_ibuf_I_O)         1.388    11.388 r  clk_IBUF_inst/O
                         net (fo=1, routed)           1.862    13.250    clk_IBUF
    BUFGCTRL_X0Y0        BUFG (Prop_bufg_I_O)         0.091    13.341 r  clk_IBUF_BUFG_inst/O
                         net (fo=60, routed)          1.509    14.850    m1/clk_IBUF_BUFG
    SLICE_X63Y18         FDRE                                         r  m1/count_reg[3]/C
                         clock pessimism              0.274    15.124    
                         clock uncertainty           -0.035    15.089    
    SLICE_X63Y18         FDRE (Setup_fdre_C_R)       -0.429    14.660    m1/count_reg[3]
  -------------------------------------------------------------------
                         required time                         14.660    
                         arrival time                          -8.373    
  -------------------------------------------------------------------
                         slack                                  6.287    

Slack (MET) :             6.403ns  (required time - arrival time)
  Source:                 m1/count_reg[6]/C
                            (rising edge-triggered cell FDRE clocked by clk  {rise@0.000ns fall@5.000ns period=10.000ns})
  Destination:            m1/count_reg[10]/R
                            (rising edge-triggered cell FDRE clocked by clk  {rise@0.000ns fall@5.000ns period=10.000ns})
  Path Group:             clk
  Path Type:              Setup (Max at Slow Process Corner)
  Requirement:            10.000ns  (clk rise@10.000ns - clk rise@0.000ns)
  Data Path Delay:        3.109ns  (logic 0.828ns (26.635%)  route 2.281ns (73.365%))
  Logic Levels:           3  (LUT3=1 LUT4=1 LUT5=1)
  Clock Path Skew:        -0.024ns (DCD - SCD + CPR)
    Destination Clock Delay (DCD):    4.849ns = ( 14.849 - 10.000 ) 
    Source Clock Delay      (SCD):    5.147ns
    Clock Pessimism Removal (CPR):    0.274ns
  Clock Uncertainty:      0.035ns  ((TSJ^2 + TIJ^2)^1/2 + DJ) / 2 + PE
    Total System Jitter     (TSJ):    0.071ns
    Total Input Jitter      (TIJ):    0.000ns
    Discrete Jitter          (DJ):    0.000ns
    Phase Error              (PE):    0.000ns

    Location             Delay type                Incr(ns)  Path(ns)    Netlist Resource(s)
  -------------------------------------------------------------------    -------------------
                         (clock clk rise edge)        0.000     0.000 r  
    W5                                                0.000     0.000 r  clk (IN)
                         net (fo=0)                   0.000     0.000    clk
    W5                   IBUF (Prop_ibuf_I_O)         1.458     1.458 r  clk_IBUF_inst/O
                         net (fo=1, routed)           1.967     3.425    clk_IBUF
    BUFGCTRL_X0Y0        BUFG (Prop_bufg_I_O)         0.096     3.521 r  clk_IBUF_BUFG_inst/O
                         net (fo=60, routed)          1.626     5.147    m1/clk_IBUF_BUFG
    SLICE_X63Y19         FDRE                                         r  m1/count_reg[6]/C
  -------------------------------------------------------------------    -------------------
    SLICE_X63Y19         FDRE (Prop_fdre_C_Q)         0.456     5.603 f  m1/count_reg[6]/Q
                         net (fo=2, routed)           0.857     6.460    m1/count_reg[6]
    SLICE_X62Y19         LUT5 (Prop_lut5_I0_O)        0.124     6.584 f  m1/FSM_sequential_cs[1]_i_3/O
                         net (fo=1, routed)           0.639     7.223    m1/FSM_sequential_cs[1]_i_3_n_0
    SLICE_X62Y20         LUT4 (Prop_lut4_I0_O)        0.124     7.347 r  m1/FSM_sequential_cs[1]_i_2/O
                         net (fo=3, routed)           0.172     7.520    m1/timerDone__17
    SLICE_X62Y20         LUT3 (Prop_lut3_I2_O)        0.124     7.644 r  m1/count[0]_i_1/O
                         net (fo=19, routed)          0.612     8.256    m1/count[0]_i_1_n_0
    SLICE_X63Y20         FDRE                                         r  m1/count_reg[10]/R
  -------------------------------------------------------------------    -------------------

                         (clock clk rise edge)       10.000    10.000 r  
    W5                                                0.000    10.000 r  clk (IN)
                         net (fo=0)                   0.000    10.000    clk
    W5                   IBUF (Prop_ibuf_I_O)         1.388    11.388 r  clk_IBUF_inst/O
                         net (fo=1, routed)           1.862    13.250    clk_IBUF
    BUFGCTRL_X0Y0        BUFG (Prop_bufg_I_O)         0.091    13.341 r  clk_IBUF_BUFG_inst/O
                         net (fo=60, routed)          1.508    14.849    m1/clk_IBUF_BUFG
    SLICE_X63Y20         FDRE                                         r  m1/count_reg[10]/C
                         clock pessimism              0.274    15.123    
                         clock uncertainty           -0.035    15.088    
    SLICE_X63Y20         FDRE (Setup_fdre_C_R)       -0.429    14.659    m1/count_reg[10]
  -------------------------------------------------------------------
                         required time                         14.659    
                         arrival time                          -8.256    
  -------------------------------------------------------------------
                         slack                                  6.403    

Slack (MET) :             6.403ns  (required time - arrival time)
  Source:                 m1/count_reg[6]/C
                            (rising edge-triggered cell FDRE clocked by clk  {rise@0.000ns fall@5.000ns period=10.000ns})
  Destination:            m1/count_reg[11]/R
                            (rising edge-triggered cell FDRE clocked by clk  {rise@0.000ns fall@5.000ns period=10.000ns})
  Path Group:             clk
  Path Type:              Setup (Max at Slow Process Corner)
  Requirement:            10.000ns  (clk rise@10.000ns - clk rise@0.000ns)
  Data Path Delay:        3.109ns  (logic 0.828ns (26.635%)  route 2.281ns (73.365%))
  Logic Levels:           3  (LUT3=1 LUT4=1 LUT5=1)
  Clock Path Skew:        -0.024ns (DCD - SCD + CPR)
    Destination Clock Delay (DCD):    4.849ns = ( 14.849 - 10.000 ) 
    Source Clock Delay      (SCD):    5.147ns
    Clock Pessimism Removal (CPR):    0.274ns
  Clock Uncertainty:      0.035ns  ((TSJ^2 + TIJ^2)^1/2 + DJ) / 2 + PE
    Total System Jitter     (TSJ):    0.071ns
    Total Input Jitter      (TIJ):    0.000ns
    Discrete Jitter          (DJ):    0.000ns
    Phase Error              (PE):    0.000ns

    Location             Delay type                Incr(ns)  Path(ns)    Netlist Resource(s)
  -------------------------------------------------------------------    -------------------
                         (clock clk rise edge)        0.000     0.000 r  
    W5                                                0.000     0.000 r  clk (IN)
                         net (fo=0)                   0.000     0.000    clk
    W5                   IBUF (Prop_ibuf_I_O)         1.458     1.458 r  clk_IBUF_inst/O
                         net (fo=1, routed)           1.967     3.425    clk_IBUF
    BUFGCTRL_X0Y0        BUFG (Prop_bufg_I_O)         0.096     3.521 r  clk_IBUF_BUFG_inst/O
                         net (fo=60, routed)          1.626     5.147    m1/clk_IBUF_BUFG
    SLICE_X63Y19         FDRE                                         r  m1/count_reg[6]/C
  -------------------------------------------------------------------    -------------------
    SLICE_X63Y19         FDRE (Prop_fdre_C_Q)         0.456     5.603 f  m1/count_reg[6]/Q
                         net (fo=2, routed)           0.857     6.460    m1/count_reg[6]
    SLICE_X62Y19         LUT5 (Prop_lut5_I0_O)        0.124     6.584 f  m1/FSM_sequential_cs[1]_i_3/O
                         net (fo=1, routed)           0.639     7.223    m1/FSM_sequential_cs[1]_i_3_n_0
    SLICE_X62Y20         LUT4 (Prop_lut4_I0_O)        0.124     7.347 r  m1/FSM_sequential_cs[1]_i_2/O
                         net (fo=3, routed)           0.172     7.520    m1/timerDone__17
    SLICE_X62Y20         LUT3 (Prop_lut3_I2_O)        0.124     7.644 r  m1/count[0]_i_1/O
                         net (fo=19, routed)          0.612     8.256    m1/count[0]_i_1_n_0
    SLICE_X63Y20         FDRE                                         r  m1/count_reg[11]/R
  -------------------------------------------------------------------    -------------------

                         (clock clk rise edge)       10.000    10.000 r  
    W5                                                0.000    10.000 r  clk (IN)
                         net (fo=0)                   0.000    10.000    clk
    W5                   IBUF (Prop_ibuf_I_O)         1.388    11.388 r  clk_IBUF_inst/O
                         net (fo=1, routed)           1.862    13.250    clk_IBUF
    BUFGCTRL_X0Y0        BUFG (Prop_bufg_I_O)         0.091    13.341 r  clk_IBUF_BUFG_inst/O
                         net (fo=60, routed)          1.508    14.849    m1/clk_IBUF_BUFG
    SLICE_X63Y20         FDRE                                         r  m1/count_reg[11]/C
                         clock pessimism              0.274    15.123    
                         clock uncertainty           -0.035    15.088    
    SLICE_X63Y20         FDRE (Setup_fdre_C_R)       -0.429    14.659    m1/count_reg[11]
  -------------------------------------------------------------------
                         required time                         14.659    
                         arrival time                          -8.256    
  -------------------------------------------------------------------
                         slack                                  6.403    

Slack (MET) :             6.403ns  (required time - arrival time)
  Source:                 m1/count_reg[6]/C
                            (rising edge-triggered cell FDRE clocked by clk  {rise@0.000ns fall@5.000ns period=10.000ns})
  Destination:            m1/count_reg[8]/R
                            (rising edge-triggered cell FDRE clocked by clk  {rise@0.000ns fall@5.000ns period=10.000ns})
  Path Group:             clk
  Path Type:              Setup (Max at Slow Process Corner)
  Requirement:            10.000ns  (clk rise@10.000ns - clk rise@0.000ns)
  Data Path Delay:        3.109ns  (logic 0.828ns (26.635%)  route 2.281ns (73.365%))
  Logic Levels:           3  (LUT3=1 LUT4=1 LUT5=1)
  Clock Path Skew:        -0.024ns (DCD - SCD + CPR)
    Destination Clock Delay (DCD):    4.849ns = ( 14.849 - 10.000 ) 
    Source Clock Delay      (SCD):    5.147ns
    Clock Pessimism Removal (CPR):    0.274ns
  Clock Uncertainty:      0.035ns  ((TSJ^2 + TIJ^2)^1/2 + DJ) / 2 + PE
    Total System Jitter     (TSJ):    0.071ns
    Total Input Jitter      (TIJ):    0.000ns
    Discrete Jitter          (DJ):    0.000ns
    Phase Error              (PE):    0.000ns

    Location             Delay type                Incr(ns)  Path(ns)    Netlist Resource(s)
  -------------------------------------------------------------------    -------------------
                         (clock clk rise edge)        0.000     0.000 r  
    W5                                                0.000     0.000 r  clk (IN)
                         net (fo=0)                   0.000     0.000    clk
    W5                   IBUF (Prop_ibuf_I_O)         1.458     1.458 r  clk_IBUF_inst/O
                         net (fo=1, routed)           1.967     3.425    clk_IBUF
    BUFGCTRL_X0Y0        BUFG (Prop_bufg_I_O)         0.096     3.521 r  clk_IBUF_BUFG_inst/O
                         net (fo=60, routed)          1.626     5.147    m1/clk_IBUF_BUFG
    SLICE_X63Y19         FDRE                                         r  m1/count_reg[6]/C
  -------------------------------------------------------------------    -------------------
    SLICE_X63Y19         FDRE (Prop_fdre_C_Q)         0.456     5.603 f  m1/count_reg[6]/Q
                         net (fo=2, routed)           0.857     6.460    m1/count_reg[6]
    SLICE_X62Y19         LUT5 (Prop_lut5_I0_O)        0.124     6.584 f  m1/FSM_sequential_cs[1]_i_3/O
                         net (fo=1, routed)           0.639     7.223    m1/FSM_sequential_cs[1]_i_3_n_0
    SLICE_X62Y20         LUT4 (Prop_lut4_I0_O)        0.124     7.347 r  m1/FSM_sequential_cs[1]_i_2/O
                         net (fo=3, routed)           0.172     7.520    m1/timerDone__17
    SLICE_X62Y20         LUT3 (Prop_lut3_I2_O)        0.124     7.644 r  m1/count[0]_i_1/O
                         net (fo=19, routed)          0.612     8.256    m1/count[0]_i_1_n_0
    SLICE_X63Y20         FDRE                                         r  m1/count_reg[8]/R
  -------------------------------------------------------------------    -------------------

                         (clock clk rise edge)       10.000    10.000 r  
    W5                                                0.000    10.000 r  clk (IN)
                         net (fo=0)                   0.000    10.000    clk
    W5                   IBUF (Prop_ibuf_I_O)         1.388    11.388 r  clk_IBUF_inst/O
                         net (fo=1, routed)           1.862    13.250    clk_IBUF
    BUFGCTRL_X0Y0        BUFG (Prop_bufg_I_O)         0.091    13.341 r  clk_IBUF_BUFG_inst/O
                         net (fo=60, routed)          1.508    14.849    m1/clk_IBUF_BUFG
    SLICE_X63Y20         FDRE                                         r  m1/count_reg[8]/C
                         clock pessimism              0.274    15.123    
                         clock uncertainty           -0.035    15.088    
    SLICE_X63Y20         FDRE (Setup_fdre_C_R)       -0.429    14.659    m1/count_reg[8]
  -------------------------------------------------------------------
                         required time                         14.659    
                         arrival time                          -8.256    
  -------------------------------------------------------------------
                         slack                                  6.403    

Slack (MET) :             6.403ns  (required time - arrival time)
  Source:                 m1/count_reg[6]/C
                            (rising edge-triggered cell FDRE clocked by clk  {rise@0.000ns fall@5.000ns period=10.000ns})
  Destination:            m1/count_reg[9]/R
                            (rising edge-triggered cell FDRE clocked by clk  {rise@0.000ns fall@5.000ns period=10.000ns})
  Path Group:             clk
  Path Type:              Setup (Max at Slow Process Corner)
  Requirement:            10.000ns  (clk rise@10.000ns - clk rise@0.000ns)
  Data Path Delay:        3.109ns  (logic 0.828ns (26.635%)  route 2.281ns (73.365%))
  Logic Levels:           3  (LUT3=1 LUT4=1 LUT5=1)
  Clock Path Skew:        -0.024ns (DCD - SCD + CPR)
    Destination Clock Delay (DCD):    4.849ns = ( 14.849 - 10.000 ) 
    Source Clock Delay      (SCD):    5.147ns
    Clock Pessimism Removal (CPR):    0.274ns
  Clock Uncertainty:      0.035ns  ((TSJ^2 + TIJ^2)^1/2 + DJ) / 2 + PE
    Total System Jitter     (TSJ):    0.071ns
    Total Input Jitter      (TIJ):    0.000ns
    Discrete Jitter          (DJ):    0.000ns
    Phase Error              (PE):    0.000ns

    Location             Delay type                Incr(ns)  Path(ns)    Netlist Resource(s)
  -------------------------------------------------------------------    -------------------
                         (clock clk rise edge)        0.000     0.000 r  
    W5                                                0.000     0.000 r  clk (IN)
                         net (fo=0)                   0.000     0.000    clk
    W5                   IBUF (Prop_ibuf_I_O)         1.458     1.458 r  clk_IBUF_inst/O
                         net (fo=1, routed)           1.967     3.425    clk_IBUF
    BUFGCTRL_X0Y0        BUFG (Prop_bufg_I_O)         0.096     3.521 r  clk_IBUF_BUFG_inst/O
                         net (fo=60, routed)          1.626     5.147    m1/clk_IBUF_BUFG
    SLICE_X63Y19         FDRE                                         r  m1/count_reg[6]/C
  -------------------------------------------------------------------    -------------------
    SLICE_X63Y19         FDRE (Prop_fdre_C_Q)         0.456     5.603 f  m1/count_reg[6]/Q
                         net (fo=2, routed)           0.857     6.460    m1/count_reg[6]
    SLICE_X62Y19         LUT5 (Prop_lut5_I0_O)        0.124     6.584 f  m1/FSM_sequential_cs[1]_i_3/O
                         net (fo=1, routed)           0.639     7.223    m1/FSM_sequential_cs[1]_i_3_n_0
    SLICE_X62Y20         LUT4 (Prop_lut4_I0_O)        0.124     7.347 r  m1/FSM_sequential_cs[1]_i_2/O
                         net (fo=3, routed)           0.172     7.520    m1/timerDone__17
    SLICE_X62Y20         LUT3 (Prop_lut3_I2_O)        0.124     7.644 r  m1/count[0]_i_1/O
                         net (fo=19, routed)          0.612     8.256    m1/count[0]_i_1_n_0
    SLICE_X63Y20         FDRE                                         r  m1/count_reg[9]/R
  -------------------------------------------------------------------    -------------------

                         (clock clk rise edge)       10.000    10.000 r  
    W5                                                0.000    10.000 r  clk (IN)
                         net (fo=0)                   0.000    10.000    clk
    W5                   IBUF (Prop_ibuf_I_O)         1.388    11.388 r  clk_IBUF_inst/O
                         net (fo=1, routed)           1.862    13.250    clk_IBUF
    BUFGCTRL_X0Y0        BUFG (Prop_bufg_I_O)         0.091    13.341 r  clk_IBUF_BUFG_inst/O
                         net (fo=60, routed)          1.508    14.849    m1/clk_IBUF_BUFG
    SLICE_X63Y20         FDRE                                         r  m1/count_reg[9]/C
                         clock pessimism              0.274    15.123    
                         clock uncertainty           -0.035    15.088    
    SLICE_X63Y20         FDRE (Setup_fdre_C_R)       -0.429    14.659    m1/count_reg[9]
  -------------------------------------------------------------------
                         required time                         14.659    
                         arrival time                          -8.256    
  -------------------------------------------------------------------
                         slack                                  6.403    

Slack (MET) :             6.425ns  (required time - arrival time)
  Source:                 m1/count_reg[9]/C
                            (rising edge-triggered cell FDRE clocked by clk  {rise@0.000ns fall@5.000ns period=10.000ns})
  Destination:            m1/count_reg[4]/R
                            (rising edge-triggered cell FDRE clocked by clk  {rise@0.000ns fall@5.000ns period=10.000ns})
  Path Group:             clk
  Path Type:              Setup (Max at Slow Process Corner)
  Requirement:            10.000ns  (clk rise@10.000ns - clk rise@0.000ns)
  Data Path Delay:        3.087ns  (logic 0.828ns (26.820%)  route 2.259ns (73.180%))
  Logic Levels:           3  (LUT3=1 LUT4=1 LUT5=1)
  Clock Path Skew:        -0.023ns (DCD - SCD + CPR)
    Destination Clock Delay (DCD):    4.849ns = ( 14.849 - 10.000 ) 
    Source Clock Delay      (SCD):    5.146ns
    Clock Pessimism Removal (CPR):    0.274ns
  Clock Uncertainty:      0.035ns  ((TSJ^2 + TIJ^2)^1/2 + DJ) / 2 + PE
    Total System Jitter     (TSJ):    0.071ns
    Total Input Jitter      (TIJ):    0.000ns
    Discrete Jitter          (DJ):    0.000ns
    Phase Error              (PE):    0.000ns

    Location             Delay type                Incr(ns)  Path(ns)    Netlist Resource(s)
  -------------------------------------------------------------------    -------------------
                         (clock clk rise edge)        0.000     0.000 r  
    W5                                                0.000     0.000 r  clk (IN)
                         net (fo=0)                   0.000     0.000    clk
    W5                   IBUF (Prop_ibuf_I_O)         1.458     1.458 r  clk_IBUF_inst/O
                         net (fo=1, routed)           1.967     3.425    clk_IBUF
    BUFGCTRL_X0Y0        BUFG (Prop_bufg_I_O)         0.096     3.521 r  clk_IBUF_BUFG_inst/O
                         net (fo=60, routed)          1.625     5.146    m1/clk_IBUF_BUFG
    SLICE_X63Y20         FDRE                                         r  m1/count_reg[9]/C
  -------------------------------------------------------------------    -------------------
    SLICE_X63Y20         FDRE (Prop_fdre_C_Q)         0.456     5.602 f  m1/count_reg[9]/Q
                         net (fo=2, routed)           0.875     6.477    m1/count_reg[9]
    SLICE_X62Y19         LUT5 (Prop_lut5_I3_O)        0.124     6.601 f  m1/FSM_sequential_cs[1]_i_3/O
                         net (fo=1, routed)           0.639     7.240    m1/FSM_sequential_cs[1]_i_3_n_0
    SLICE_X62Y20         LUT4 (Prop_lut4_I0_O)        0.124     7.364 r  m1/FSM_sequential_cs[1]_i_2/O
                         net (fo=3, routed)           0.172     7.537    m1/timerDone__17
    SLICE_X62Y20         LUT3 (Prop_lut3_I2_O)        0.124     7.661 r  m1/count[0]_i_1/O
                         net (fo=19, routed)          0.573     8.233    m1/count[0]_i_1_n_0
    SLICE_X63Y19         FDRE                                         r  m1/count_reg[4]/R
  -------------------------------------------------------------------    -------------------

                         (clock clk rise edge)       10.000    10.000 r  
    W5                                                0.000    10.000 r  clk (IN)
                         net (fo=0)                   0.000    10.000    clk
    W5                   IBUF (Prop_ibuf_I_O)         1.388    11.388 r  clk_IBUF_inst/O
                         net (fo=1, routed)           1.862    13.250    clk_IBUF
    BUFGCTRL_X0Y0        BUFG (Prop_bufg_I_O)         0.091    13.341 r  clk_IBUF_BUFG_inst/O
                         net (fo=60, routed)          1.508    14.849    m1/clk_IBUF_BUFG
    SLICE_X63Y19         FDRE                                         r  m1/count_reg[4]/C
                         clock pessimism              0.274    15.123    
                         clock uncertainty           -0.035    15.088    
    SLICE_X63Y19         FDRE (Setup_fdre_C_R)       -0.429    14.659    m1/count_reg[4]
  -------------------------------------------------------------------
                         required time                         14.659    
                         arrival time                          -8.233    
  -------------------------------------------------------------------
                         slack                                  6.425    

Slack (MET) :             6.425ns  (required time - arrival time)
  Source:                 m1/count_reg[9]/C
                            (rising edge-triggered cell FDRE clocked by clk  {rise@0.000ns fall@5.000ns period=10.000ns})
  Destination:            m1/count_reg[5]/R
                            (rising edge-triggered cell FDRE clocked by clk  {rise@0.000ns fall@5.000ns period=10.000ns})
  Path Group:             clk
  Path Type:              Setup (Max at Slow Process Corner)
  Requirement:            10.000ns  (clk rise@10.000ns - clk rise@0.000ns)
  Data Path Delay:        3.087ns  (logic 0.828ns (26.820%)  route 2.259ns (73.180%))
  Logic Levels:           3  (LUT3=1 LUT4=1 LUT5=1)
  Clock Path Skew:        -0.023ns (DCD - SCD + CPR)
    Destination Clock Delay (DCD):    4.849ns = ( 14.849 - 10.000 ) 
    Source Clock Delay      (SCD):    5.146ns
    Clock Pessimism Removal (CPR):    0.274ns
  Clock Uncertainty:      0.035ns  ((TSJ^2 + TIJ^2)^1/2 + DJ) / 2 + PE
    Total System Jitter     (TSJ):    0.071ns
    Total Input Jitter      (TIJ):    0.000ns
    Discrete Jitter          (DJ):    0.000ns
    Phase Error              (PE):    0.000ns

    Location             Delay type                Incr(ns)  Path(ns)    Netlist Resource(s)
  -------------------------------------------------------------------    -------------------
                         (clock clk rise edge)        0.000     0.000 r  
    W5                                                0.000     0.000 r  clk (IN)
                         net (fo=0)                   0.000     0.000    clk
    W5                   IBUF (Prop_ibuf_I_O)         1.458     1.458 r  clk_IBUF_inst/O
                         net (fo=1, routed)           1.967     3.425    clk_IBUF
    BUFGCTRL_X0Y0        BUFG (Prop_bufg_I_O)         0.096     3.521 r  clk_IBUF_BUFG_inst/O
                         net (fo=60, routed)          1.625     5.146    m1/clk_IBUF_BUFG
    SLICE_X63Y20         FDRE                                         r  m1/count_reg[9]/C
  -------------------------------------------------------------------    -------------------
    SLICE_X63Y20         FDRE (Prop_fdre_C_Q)         0.456     5.602 f  m1/count_reg[9]/Q
                         net (fo=2, routed)           0.875     6.477    m1/count_reg[9]
    SLICE_X62Y19         LUT5 (Prop_lut5_I3_O)        0.124     6.601 f  m1/FSM_sequential_cs[1]_i_3/O
                         net (fo=1, routed)           0.639     7.240    m1/FSM_sequential_cs[1]_i_3_n_0
    SLICE_X62Y20         LUT4 (Prop_lut4_I0_O)        0.124     7.364 r  m1/FSM_sequential_cs[1]_i_2/O
                         net (fo=3, routed)           0.172     7.537    m1/timerDone__17
    SLICE_X62Y20         LUT3 (Prop_lut3_I2_O)        0.124     7.661 r  m1/count[0]_i_1/O
                         net (fo=19, routed)          0.573     8.233    m1/count[0]_i_1_n_0
    SLICE_X63Y19         FDRE                                         r  m1/count_reg[5]/R
  -------------------------------------------------------------------    -------------------

                         (clock clk rise edge)       10.000    10.000 r  
    W5                                                0.000    10.000 r  clk (IN)
                         net (fo=0)                   0.000    10.000    clk
    W5                   IBUF (Prop_ibuf_I_O)         1.388    11.388 r  clk_IBUF_inst/O
                         net (fo=1, routed)           1.862    13.250    clk_IBUF
    BUFGCTRL_X0Y0        BUFG (Prop_bufg_I_O)         0.091    13.341 r  clk_IBUF_BUFG_inst/O
                         net (fo=60, routed)          1.508    14.849    m1/clk_IBUF_BUFG
    SLICE_X63Y19         FDRE                                         r  m1/count_reg[5]/C
                         clock pessimism              0.274    15.123    
                         clock uncertainty           -0.035    15.088    
    SLICE_X63Y19         FDRE (Setup_fdre_C_R)       -0.429    14.659    m1/count_reg[5]
  -------------------------------------------------------------------
                         required time                         14.659    
                         arrival time                          -8.233    
  -------------------------------------------------------------------
                         slack                                  6.425    





Min Delay Paths
--------------------------------------------------------------------------------------
Slack (MET) :             0.219ns  (arrival time - required time)
  Source:                 QDebounced1_reg[1]/C
                            (rising edge-triggered cell FDRE clocked by clk  {rise@0.000ns fall@5.000ns period=10.000ns})
  Destination:            QDebounced1_reg[5]/D
                            (rising edge-triggered cell FDRE clocked by clk  {rise@0.000ns fall@5.000ns period=10.000ns})
  Path Group:             clk
  Path Type:              Hold (Min at Fast Process Corner)
  Requirement:            0.000ns  (clk rise@0.000ns - clk rise@0.000ns)
  Data Path Delay:        0.311ns  (logic 0.186ns (59.901%)  route 0.125ns (40.099%))
  Logic Levels:           1  (LUT6=1)
  Clock Path Skew:        0.000ns (DCD - SCD - CPR)
    Destination Clock Delay (DCD):    1.975ns
    Source Clock Delay      (SCD):    1.464ns
    Clock Pessimism Removal (CPR):    0.511ns

    Location             Delay type                Incr(ns)  Path(ns)    Netlist Resource(s)
  -------------------------------------------------------------------    -------------------
                         (clock clk rise edge)        0.000     0.000 r  
    W5                                                0.000     0.000 r  clk (IN)
                         net (fo=0)                   0.000     0.000    clk
    W5                   IBUF (Prop_ibuf_I_O)         0.226     0.226 r  clk_IBUF_inst/O
                         net (fo=1, routed)           0.631     0.858    clk_IBUF
    BUFGCTRL_X0Y0        BUFG (Prop_bufg_I_O)         0.026     0.884 r  clk_IBUF_BUFG_inst/O
                         net (fo=60, routed)          0.581     1.464    clk_IBUF_BUFG
    SLICE_X59Y24         FDRE                                         r  QDebounced1_reg[1]/C
  -------------------------------------------------------------------    -------------------
    SLICE_X59Y24         FDRE (Prop_fdre_C_Q)         0.141     1.605 r  QDebounced1_reg[1]/Q
                         net (fo=7, routed)           0.125     1.730    QDebounced1_reg[1]
    SLICE_X59Y24         LUT6 (Prop_lut6_I1_O)        0.045     1.775 r  QDebounced1[5]_i_1/O
                         net (fo=1, routed)           0.000     1.775    p_0_in__0[5]
    SLICE_X59Y24         FDRE                                         r  QDebounced1_reg[5]/D
  -------------------------------------------------------------------    -------------------

                         (clock clk rise edge)        0.000     0.000 r  
    W5                                                0.000     0.000 r  clk (IN)
                         net (fo=0)                   0.000     0.000    clk
    W5                   IBUF (Prop_ibuf_I_O)         0.414     0.414 r  clk_IBUF_inst/O
                         net (fo=1, routed)           0.685     1.099    clk_IBUF
    BUFGCTRL_X0Y0        BUFG (Prop_bufg_I_O)         0.029     1.128 r  clk_IBUF_BUFG_inst/O
                         net (fo=60, routed)          0.848     1.975    clk_IBUF_BUFG
    SLICE_X59Y24         FDRE                                         r  QDebounced1_reg[5]/C
                         clock pessimism             -0.511     1.464    
    SLICE_X59Y24         FDRE (Hold_fdre_C_D)         0.092     1.556    QDebounced1_reg[5]
  -------------------------------------------------------------------
                         required time                         -1.556    
                         arrival time                           1.775    
  -------------------------------------------------------------------
                         slack                                  0.219    

Slack (MET) :             0.243ns  (arrival time - required time)
  Source:                 oneshot1_reg/C
                            (rising edge-triggered cell FDRE clocked by clk  {rise@0.000ns fall@5.000ns period=10.000ns})
  Destination:            oneshot2_reg/D
                            (rising edge-triggered cell FDRE clocked by clk  {rise@0.000ns fall@5.000ns period=10.000ns})
  Path Group:             clk
  Path Type:              Hold (Min at Fast Process Corner)
  Requirement:            0.000ns  (clk rise@0.000ns - clk rise@0.000ns)
  Data Path Delay:        0.328ns  (logic 0.141ns (42.989%)  route 0.187ns (57.011%))
  Logic Levels:           0  
  Clock Path Skew:        0.015ns (DCD - SCD - CPR)
    Destination Clock Delay (DCD):    1.983ns
    Source Clock Delay      (SCD):    1.469ns
    Clock Pessimism Removal (CPR):    0.499ns

    Location             Delay type                Incr(ns)  Path(ns)    Netlist Resource(s)
  -------------------------------------------------------------------    -------------------
                         (clock clk rise edge)        0.000     0.000 r  
    W5                                                0.000     0.000 r  clk (IN)
                         net (fo=0)                   0.000     0.000    clk
    W5                   IBUF (Prop_ibuf_I_O)         0.226     0.226 r  clk_IBUF_inst/O
                         net (fo=1, routed)           0.631     0.858    clk_IBUF
    BUFGCTRL_X0Y0        BUFG (Prop_bufg_I_O)         0.026     0.884 r  clk_IBUF_BUFG_inst/O
                         net (fo=60, routed)          0.586     1.469    clk_IBUF_BUFG
    SLICE_X62Y20         FDRE                                         r  oneshot1_reg/C
  -------------------------------------------------------------------    -------------------
    SLICE_X62Y20         FDRE (Prop_fdre_C_Q)         0.141     1.610 r  oneshot1_reg/Q
                         net (fo=2, routed)           0.187     1.797    oneshot1
    SLICE_X62Y19         FDRE                                         r  oneshot2_reg/D
  -------------------------------------------------------------------    -------------------

                         (clock clk rise edge)        0.000     0.000 r  
    W5                                                0.000     0.000 r  clk (IN)
                         net (fo=0)                   0.000     0.000    clk
    W5                   IBUF (Prop_ibuf_I_O)         0.414     0.414 r  clk_IBUF_inst/O
                         net (fo=1, routed)           0.685     1.099    clk_IBUF
    BUFGCTRL_X0Y0        BUFG (Prop_bufg_I_O)         0.029     1.128 r  clk_IBUF_BUFG_inst/O
                         net (fo=60, routed)          0.856     1.983    clk_IBUF_BUFG
    SLICE_X62Y19         FDRE                                         r  oneshot2_reg/C
                         clock pessimism             -0.499     1.484    
    SLICE_X62Y19         FDRE (Hold_fdre_C_D)         0.070     1.554    oneshot2_reg
  -------------------------------------------------------------------
                         required time                         -1.554    
                         arrival time                           1.797    
  -------------------------------------------------------------------
                         slack                                  0.243    

Slack (MET) :             0.249ns  (arrival time - required time)
  Source:                 register1_reg/C
                            (rising edge-triggered cell FDRE clocked by clk  {rise@0.000ns fall@5.000ns period=10.000ns})
  Destination:            register2_reg/D
                            (rising edge-triggered cell FDRE clocked by clk  {rise@0.000ns fall@5.000ns period=10.000ns})
  Path Group:             clk
  Path Type:              Hold (Min at Fast Process Corner)
  Requirement:            0.000ns  (clk rise@0.000ns - clk rise@0.000ns)
  Data Path Delay:        0.315ns  (logic 0.141ns (44.783%)  route 0.174ns (55.217%))
  Logic Levels:           0  
  Clock Path Skew:        0.000ns (DCD - SCD - CPR)
    Destination Clock Delay (DCD):    1.986ns
    Source Clock Delay      (SCD):    1.473ns
    Clock Pessimism Removal (CPR):    0.513ns

    Location             Delay type                Incr(ns)  Path(ns)    Netlist Resource(s)
  -------------------------------------------------------------------    -------------------
                         (clock clk rise edge)        0.000     0.000 r  
    W5                                                0.000     0.000 r  clk (IN)
                         net (fo=0)                   0.000     0.000    clk
    W5                   IBUF (Prop_ibuf_I_O)         0.226     0.226 r  clk_IBUF_inst/O
                         net (fo=1, routed)           0.631     0.858    clk_IBUF
    BUFGCTRL_X0Y0        BUFG (Prop_bufg_I_O)         0.026     0.884 r  clk_IBUF_BUFG_inst/O
                         net (fo=60, routed)          0.590     1.473    clk_IBUF_BUFG
    SLICE_X62Y16         FDRE                                         r  register1_reg/C
  -------------------------------------------------------------------    -------------------
    SLICE_X62Y16         FDRE (Prop_fdre_C_Q)         0.141     1.614 r  register1_reg/Q
                         net (fo=1, routed)           0.174     1.788    register1
    SLICE_X62Y16         FDRE                                         r  register2_reg/D
  -------------------------------------------------------------------    -------------------

                         (clock clk rise edge)        0.000     0.000 r  
    W5                                                0.000     0.000 r  clk (IN)
                         net (fo=0)                   0.000     0.000    clk
    W5                   IBUF (Prop_ibuf_I_O)         0.414     0.414 r  clk_IBUF_inst/O
                         net (fo=1, routed)           0.685     1.099    clk_IBUF
    BUFGCTRL_X0Y0        BUFG (Prop_bufg_I_O)         0.029     1.128 r  clk_IBUF_BUFG_inst/O
                         net (fo=60, routed)          0.859     1.986    clk_IBUF_BUFG
    SLICE_X62Y16         FDRE                                         r  register2_reg/C
                         clock pessimism             -0.513     1.473    
    SLICE_X62Y16         FDRE (Hold_fdre_C_D)         0.066     1.539    register2_reg
  -------------------------------------------------------------------
                         required time                         -1.539    
                         arrival time                           1.788    
  -------------------------------------------------------------------
                         slack                                  0.249    

Slack (MET) :             0.254ns  (arrival time - required time)
  Source:                 m2/count_val_reg[2]/C
                            (rising edge-triggered cell FDRE clocked by clk  {rise@0.000ns fall@5.000ns period=10.000ns})
  Destination:            m2/count_val_reg[2]/D
                            (rising edge-triggered cell FDRE clocked by clk  {rise@0.000ns fall@5.000ns period=10.000ns})
  Path Group:             clk
  Path Type:              Hold (Min at Fast Process Corner)
  Requirement:            0.000ns  (clk rise@0.000ns - clk rise@0.000ns)
  Data Path Delay:        0.388ns  (logic 0.274ns (70.550%)  route 0.114ns (29.450%))
  Logic Levels:           1  (CARRY4=1)
  Clock Path Skew:        0.000ns (DCD - SCD - CPR)
    Destination Clock Delay (DCD):    1.978ns
    Source Clock Delay      (SCD):    1.467ns
    Clock Pessimism Removal (CPR):    0.511ns

    Location             Delay type                Incr(ns)  Path(ns)    Netlist Resource(s)
  -------------------------------------------------------------------    -------------------
                         (clock clk rise edge)        0.000     0.000 r  
    W5                                                0.000     0.000 r  clk (IN)
                         net (fo=0)                   0.000     0.000    clk
    W5                   IBUF (Prop_ibuf_I_O)         0.226     0.226 r  clk_IBUF_inst/O
                         net (fo=1, routed)           0.631     0.858    clk_IBUF
    BUFGCTRL_X0Y0        BUFG (Prop_bufg_I_O)         0.026     0.884 r  clk_IBUF_BUFG_inst/O
                         net (fo=60, routed)          0.584     1.467    m2/clk_IBUF_BUFG
    SLICE_X60Y22         FDRE                                         r  m2/count_val_reg[2]/C
  -------------------------------------------------------------------    -------------------
    SLICE_X60Y22         FDRE (Prop_fdre_C_Q)         0.164     1.631 r  m2/count_val_reg[2]/Q
                         net (fo=1, routed)           0.114     1.746    m2/count_val_reg_n_0_[2]
    SLICE_X60Y22         CARRY4 (Prop_carry4_S[2]_O[2])
                                                      0.110     1.856 r  m2/count_val_reg[0]_i_1/O[2]
                         net (fo=1, routed)           0.000     1.856    m2/count_val_reg[0]_i_1_n_5
    SLICE_X60Y22         FDRE                                         r  m2/count_val_reg[2]/D
  -------------------------------------------------------------------    -------------------

                         (clock clk rise edge)        0.000     0.000 r  
    W5                                                0.000     0.000 r  clk (IN)
                         net (fo=0)                   0.000     0.000    clk
    W5                   IBUF (Prop_ibuf_I_O)         0.414     0.414 r  clk_IBUF_inst/O
                         net (fo=1, routed)           0.685     1.099    clk_IBUF
    BUFGCTRL_X0Y0        BUFG (Prop_bufg_I_O)         0.029     1.128 r  clk_IBUF_BUFG_inst/O
                         net (fo=60, routed)          0.851     1.978    m2/clk_IBUF_BUFG
    SLICE_X60Y22         FDRE                                         r  m2/count_val_reg[2]/C
                         clock pessimism             -0.511     1.467    
    SLICE_X60Y22         FDRE (Hold_fdre_C_D)         0.134     1.601    m2/count_val_reg[2]
  -------------------------------------------------------------------
                         required time                         -1.601    
                         arrival time                           1.856    
  -------------------------------------------------------------------
                         slack                                  0.254    

Slack (MET) :             0.254ns  (arrival time - required time)
  Source:                 m2/count_val_reg[10]/C
                            (rising edge-triggered cell FDRE clocked by clk  {rise@0.000ns fall@5.000ns period=10.000ns})
  Destination:            m2/count_val_reg[10]/D
                            (rising edge-triggered cell FDRE clocked by clk  {rise@0.000ns fall@5.000ns period=10.000ns})
  Path Group:             clk
  Path Type:              Hold (Min at Fast Process Corner)
  Requirement:            0.000ns  (clk rise@0.000ns - clk rise@0.000ns)
  Data Path Delay:        0.388ns  (logic 0.274ns (70.550%)  route 0.114ns (29.450%))
  Logic Levels:           1  (CARRY4=1)
  Clock Path Skew:        0.000ns (DCD - SCD - CPR)
    Destination Clock Delay (DCD):    1.975ns
    Source Clock Delay      (SCD):    1.464ns
    Clock Pessimism Removal (CPR):    0.511ns

    Location             Delay type                Incr(ns)  Path(ns)    Netlist Resource(s)
  -------------------------------------------------------------------    -------------------
                         (clock clk rise edge)        0.000     0.000 r  
    W5                                                0.000     0.000 r  clk (IN)
                         net (fo=0)                   0.000     0.000    clk
    W5                   IBUF (Prop_ibuf_I_O)         0.226     0.226 r  clk_IBUF_inst/O
                         net (fo=1, routed)           0.631     0.858    clk_IBUF
    BUFGCTRL_X0Y0        BUFG (Prop_bufg_I_O)         0.026     0.884 r  clk_IBUF_BUFG_inst/O
                         net (fo=60, routed)          0.581     1.464    m2/clk_IBUF_BUFG
    SLICE_X60Y24         FDRE                                         r  m2/count_val_reg[10]/C
  -------------------------------------------------------------------    -------------------
    SLICE_X60Y24         FDRE (Prop_fdre_C_Q)         0.164     1.628 r  m2/count_val_reg[10]/Q
                         net (fo=1, routed)           0.114     1.743    m2/count_val_reg_n_0_[10]
    SLICE_X60Y24         CARRY4 (Prop_carry4_S[2]_O[2])
                                                      0.110     1.853 r  m2/count_val_reg[8]_i_1/O[2]
                         net (fo=1, routed)           0.000     1.853    m2/count_val_reg[8]_i_1_n_5
    SLICE_X60Y24         FDRE                                         r  m2/count_val_reg[10]/D
  -------------------------------------------------------------------    -------------------

                         (clock clk rise edge)        0.000     0.000 r  
    W5                                                0.000     0.000 r  clk (IN)
                         net (fo=0)                   0.000     0.000    clk
    W5                   IBUF (Prop_ibuf_I_O)         0.414     0.414 r  clk_IBUF_inst/O
                         net (fo=1, routed)           0.685     1.099    clk_IBUF
    BUFGCTRL_X0Y0        BUFG (Prop_bufg_I_O)         0.029     1.128 r  clk_IBUF_BUFG_inst/O
                         net (fo=60, routed)          0.848     1.975    m2/clk_IBUF_BUFG
    SLICE_X60Y24         FDRE                                         r  m2/count_val_reg[10]/C
                         clock pessimism             -0.511     1.464    
    SLICE_X60Y24         FDRE (Hold_fdre_C_D)         0.134     1.598    m2/count_val_reg[10]
  -------------------------------------------------------------------
                         required time                         -1.598    
                         arrival time                           1.853    
  -------------------------------------------------------------------
                         slack                                  0.254    

Slack (MET) :             0.254ns  (arrival time - required time)
  Source:                 m2/count_val_reg[14]/C
                            (rising edge-triggered cell FDRE clocked by clk  {rise@0.000ns fall@5.000ns period=10.000ns})
  Destination:            m2/count_val_reg[14]/D
                            (rising edge-triggered cell FDRE clocked by clk  {rise@0.000ns fall@5.000ns period=10.000ns})
  Path Group:             clk
  Path Type:              Hold (Min at Fast Process Corner)
  Requirement:            0.000ns  (clk rise@0.000ns - clk rise@0.000ns)
  Data Path Delay:        0.388ns  (logic 0.274ns (70.550%)  route 0.114ns (29.450%))
  Logic Levels:           1  (CARRY4=1)
  Clock Path Skew:        0.000ns (DCD - SCD - CPR)
    Destination Clock Delay (DCD):    1.975ns
    Source Clock Delay      (SCD):    1.464ns
    Clock Pessimism Removal (CPR):    0.511ns

    Location             Delay type                Incr(ns)  Path(ns)    Netlist Resource(s)
  -------------------------------------------------------------------    -------------------
                         (clock clk rise edge)        0.000     0.000 r  
    W5                                                0.000     0.000 r  clk (IN)
                         net (fo=0)                   0.000     0.000    clk
    W5                   IBUF (Prop_ibuf_I_O)         0.226     0.226 r  clk_IBUF_inst/O
                         net (fo=1, routed)           0.631     0.858    clk_IBUF
    BUFGCTRL_X0Y0        BUFG (Prop_bufg_I_O)         0.026     0.884 r  clk_IBUF_BUFG_inst/O
                         net (fo=60, routed)          0.581     1.464    m2/clk_IBUF_BUFG
    SLICE_X60Y25         FDRE                                         r  m2/count_val_reg[14]/C
  -------------------------------------------------------------------    -------------------
    SLICE_X60Y25         FDRE (Prop_fdre_C_Q)         0.164     1.628 r  m2/count_val_reg[14]/Q
                         net (fo=1, routed)           0.114     1.743    m2/count_val_reg_n_0_[14]
    SLICE_X60Y25         CARRY4 (Prop_carry4_S[2]_O[2])
                                                      0.110     1.853 r  m2/count_val_reg[12]_i_1/O[2]
                         net (fo=1, routed)           0.000     1.853    m2/count_val_reg[12]_i_1_n_5
    SLICE_X60Y25         FDRE                                         r  m2/count_val_reg[14]/D
  -------------------------------------------------------------------    -------------------

                         (clock clk rise edge)        0.000     0.000 r  
    W5                                                0.000     0.000 r  clk (IN)
                         net (fo=0)                   0.000     0.000    clk
    W5                   IBUF (Prop_ibuf_I_O)         0.414     0.414 r  clk_IBUF_inst/O
                         net (fo=1, routed)           0.685     1.099    clk_IBUF
    BUFGCTRL_X0Y0        BUFG (Prop_bufg_I_O)         0.029     1.128 r  clk_IBUF_BUFG_inst/O
                         net (fo=60, routed)          0.848     1.975    m2/clk_IBUF_BUFG
    SLICE_X60Y25         FDRE                                         r  m2/count_val_reg[14]/C
                         clock pessimism             -0.511     1.464    
    SLICE_X60Y25         FDRE (Hold_fdre_C_D)         0.134     1.598    m2/count_val_reg[14]
  -------------------------------------------------------------------
                         required time                         -1.598    
                         arrival time                           1.853    
  -------------------------------------------------------------------
                         slack                                  0.254    

Slack (MET) :             0.261ns  (arrival time - required time)
  Source:                 m1/count_reg[15]/C
                            (rising edge-triggered cell FDRE clocked by clk  {rise@0.000ns fall@5.000ns period=10.000ns})
  Destination:            m1/count_reg[15]/D
                            (rising edge-triggered cell FDRE clocked by clk  {rise@0.000ns fall@5.000ns period=10.000ns})
  Path Group:             clk
  Path Type:              Hold (Min at Fast Process Corner)
  Requirement:            0.000ns  (clk rise@0.000ns - clk rise@0.000ns)
  Data Path Delay:        0.366ns  (logic 0.249ns (67.994%)  route 0.117ns (32.006%))
  Logic Levels:           1  (CARRY4=1)
  Clock Path Skew:        0.000ns (DCD - SCD - CPR)
    Destination Clock Delay (DCD):    1.981ns
    Source Clock Delay      (SCD):    1.468ns
    Clock Pessimism Removal (CPR):    0.513ns

    Location             Delay type                Incr(ns)  Path(ns)    Netlist Resource(s)
  -------------------------------------------------------------------    -------------------
                         (clock clk rise edge)        0.000     0.000 r  
    W5                                                0.000     0.000 r  clk (IN)
                         net (fo=0)                   0.000     0.000    clk
    W5                   IBUF (Prop_ibuf_I_O)         0.226     0.226 r  clk_IBUF_inst/O
                         net (fo=1, routed)           0.631     0.858    clk_IBUF
    BUFGCTRL_X0Y0        BUFG (Prop_bufg_I_O)         0.026     0.884 r  clk_IBUF_BUFG_inst/O
                         net (fo=60, routed)          0.585     1.468    m1/clk_IBUF_BUFG
    SLICE_X63Y21         FDRE                                         r  m1/count_reg[15]/C
  -------------------------------------------------------------------    -------------------
    SLICE_X63Y21         FDRE (Prop_fdre_C_Q)         0.141     1.609 r  m1/count_reg[15]/Q
                         net (fo=2, routed)           0.117     1.726    m1/count_reg[15]
    SLICE_X63Y21         CARRY4 (Prop_carry4_S[3]_O[3])
                                                      0.108     1.834 r  m1/count_reg[12]_i_1/O[3]
                         net (fo=1, routed)           0.000     1.834    m1/count_reg[12]_i_1_n_4
    SLICE_X63Y21         FDRE                                         r  m1/count_reg[15]/D
  -------------------------------------------------------------------    -------------------

                         (clock clk rise edge)        0.000     0.000 r  
    W5                                                0.000     0.000 r  clk (IN)
                         net (fo=0)                   0.000     0.000    clk
    W5                   IBUF (Prop_ibuf_I_O)         0.414     0.414 r  clk_IBUF_inst/O
                         net (fo=1, routed)           0.685     1.099    clk_IBUF
    BUFGCTRL_X0Y0        BUFG (Prop_bufg_I_O)         0.029     1.128 r  clk_IBUF_BUFG_inst/O
                         net (fo=60, routed)          0.854     1.981    m1/clk_IBUF_BUFG
    SLICE_X63Y21         FDRE                                         r  m1/count_reg[15]/C
                         clock pessimism             -0.513     1.468    
    SLICE_X63Y21         FDRE (Hold_fdre_C_D)         0.105     1.573    m1/count_reg[15]
  -------------------------------------------------------------------
                         required time                         -1.573    
                         arrival time                           1.834    
  -------------------------------------------------------------------
                         slack                                  0.261    

Slack (MET) :             0.261ns  (arrival time - required time)
  Source:                 m1/count_reg[7]/C
                            (rising edge-triggered cell FDRE clocked by clk  {rise@0.000ns fall@5.000ns period=10.000ns})
  Destination:            m1/count_reg[7]/D
                            (rising edge-triggered cell FDRE clocked by clk  {rise@0.000ns fall@5.000ns period=10.000ns})
  Path Group:             clk
  Path Type:              Hold (Min at Fast Process Corner)
  Requirement:            0.000ns  (clk rise@0.000ns - clk rise@0.000ns)
  Data Path Delay:        0.366ns  (logic 0.249ns (67.994%)  route 0.117ns (32.006%))
  Logic Levels:           1  (CARRY4=1)
  Clock Path Skew:        0.000ns (DCD - SCD - CPR)
    Destination Clock Delay (DCD):    1.983ns
    Source Clock Delay      (SCD):    1.470ns
    Clock Pessimism Removal (CPR):    0.513ns

    Location             Delay type                Incr(ns)  Path(ns)    Netlist Resource(s)
  -------------------------------------------------------------------    -------------------
                         (clock clk rise edge)        0.000     0.000 r  
    W5                                                0.000     0.000 r  clk (IN)
                         net (fo=0)                   0.000     0.000    clk
    W5                   IBUF (Prop_ibuf_I_O)         0.226     0.226 r  clk_IBUF_inst/O
                         net (fo=1, routed)           0.631     0.858    clk_IBUF
    BUFGCTRL_X0Y0        BUFG (Prop_bufg_I_O)         0.026     0.884 r  clk_IBUF_BUFG_inst/O
                         net (fo=60, routed)          0.587     1.470    m1/clk_IBUF_BUFG
    SLICE_X63Y19         FDRE                                         r  m1/count_reg[7]/C
  -------------------------------------------------------------------    -------------------
    SLICE_X63Y19         FDRE (Prop_fdre_C_Q)         0.141     1.611 r  m1/count_reg[7]/Q
                         net (fo=2, routed)           0.117     1.728    m1/count_reg[7]
    SLICE_X63Y19         CARRY4 (Prop_carry4_S[3]_O[3])
                                                      0.108     1.836 r  m1/count_reg[4]_i_1/O[3]
                         net (fo=1, routed)           0.000     1.836    m1/count_reg[4]_i_1_n_4
    SLICE_X63Y19         FDRE                                         r  m1/count_reg[7]/D
  -------------------------------------------------------------------    -------------------

                         (clock clk rise edge)        0.000     0.000 r  
    W5                                                0.000     0.000 r  clk (IN)
                         net (fo=0)                   0.000     0.000    clk
    W5                   IBUF (Prop_ibuf_I_O)         0.414     0.414 r  clk_IBUF_inst/O
                         net (fo=1, routed)           0.685     1.099    clk_IBUF
    BUFGCTRL_X0Y0        BUFG (Prop_bufg_I_O)         0.029     1.128 r  clk_IBUF_BUFG_inst/O
                         net (fo=60, routed)          0.856     1.983    m1/clk_IBUF_BUFG
    SLICE_X63Y19         FDRE                                         r  m1/count_reg[7]/C
                         clock pessimism             -0.513     1.470    
    SLICE_X63Y19         FDRE (Hold_fdre_C_D)         0.105     1.575    m1/count_reg[7]
  -------------------------------------------------------------------
                         required time                         -1.575    
                         arrival time                           1.836    
  -------------------------------------------------------------------
                         slack                                  0.261    

Slack (MET) :             0.262ns  (arrival time - required time)
  Source:                 QDebounced_reg[3]/C
                            (rising edge-triggered cell FDRE clocked by clk  {rise@0.000ns fall@5.000ns period=10.000ns})
  Destination:            QDebounced_reg[5]/D
                            (rising edge-triggered cell FDRE clocked by clk  {rise@0.000ns fall@5.000ns period=10.000ns})
  Path Group:             clk
  Path Type:              Hold (Min at Fast Process Corner)
  Requirement:            0.000ns  (clk rise@0.000ns - clk rise@0.000ns)
  Data Path Delay:        0.385ns  (logic 0.186ns (48.349%)  route 0.199ns (51.651%))
  Logic Levels:           1  (LUT6=1)
  Clock Path Skew:        0.031ns (DCD - SCD - CPR)
    Destination Clock Delay (DCD):    1.975ns
    Source Clock Delay      (SCD):    1.466ns
    Clock Pessimism Removal (CPR):    0.478ns

    Location             Delay type                Incr(ns)  Path(ns)    Netlist Resource(s)
  -------------------------------------------------------------------    -------------------
                         (clock clk rise edge)        0.000     0.000 r  
    W5                                                0.000     0.000 r  clk (IN)
                         net (fo=0)                   0.000     0.000    clk
    W5                   IBUF (Prop_ibuf_I_O)         0.226     0.226 r  clk_IBUF_inst/O
                         net (fo=1, routed)           0.631     0.858    clk_IBUF
    BUFGCTRL_X0Y0        BUFG (Prop_bufg_I_O)         0.026     0.884 r  clk_IBUF_BUFG_inst/O
                         net (fo=60, routed)          0.583     1.466    clk_IBUF_BUFG
    SLICE_X62Y23         FDRE                                         r  QDebounced_reg[3]/C
  -------------------------------------------------------------------    -------------------
    SLICE_X62Y23         FDRE (Prop_fdre_C_Q)         0.141     1.607 r  QDebounced_reg[3]/Q
                         net (fo=5, routed)           0.199     1.806    QDebounced_reg[3]
    SLICE_X61Y24         LUT6 (Prop_lut6_I0_O)        0.045     1.851 r  QDebounced[5]_i_1/O
                         net (fo=1, routed)           0.000     1.851    p_0_in[5]
    SLICE_X61Y24         FDRE                                         r  QDebounced_reg[5]/D
  -------------------------------------------------------------------    -------------------

                         (clock clk rise edge)        0.000     0.000 r  
    W5                                                0.000     0.000 r  clk (IN)
                         net (fo=0)                   0.000     0.000    clk
    W5                   IBUF (Prop_ibuf_I_O)         0.414     0.414 r  clk_IBUF_inst/O
                         net (fo=1, routed)           0.685     1.099    clk_IBUF
    BUFGCTRL_X0Y0        BUFG (Prop_bufg_I_O)         0.029     1.128 r  clk_IBUF_BUFG_inst/O
                         net (fo=60, routed)          0.848     1.975    clk_IBUF_BUFG
    SLICE_X61Y24         FDRE                                         r  QDebounced_reg[5]/C
                         clock pessimism             -0.478     1.497    
    SLICE_X61Y24         FDRE (Hold_fdre_C_D)         0.092     1.589    QDebounced_reg[5]
  -------------------------------------------------------------------
                         required time                         -1.589    
                         arrival time                           1.851    
  -------------------------------------------------------------------
                         slack                                  0.262    

Slack (MET) :             0.263ns  (arrival time - required time)
  Source:                 m1/count_reg[3]/C
                            (rising edge-triggered cell FDRE clocked by clk  {rise@0.000ns fall@5.000ns period=10.000ns})
  Destination:            m1/count_reg[3]/D
                            (rising edge-triggered cell FDRE clocked by clk  {rise@0.000ns fall@5.000ns period=10.000ns})
  Path Group:             clk
  Path Type:              Hold (Min at Fast Process Corner)
  Requirement:            0.000ns  (clk rise@0.000ns - clk rise@0.000ns)
  Data Path Delay:        0.368ns  (logic 0.249ns (67.612%)  route 0.119ns (32.388%))
  Logic Levels:           1  (CARRY4=1)
  Clock Path Skew:        0.000ns (DCD - SCD - CPR)
    Destination Clock Delay (DCD):    1.984ns
    Source Clock Delay      (SCD):    1.471ns
    Clock Pessimism Removal (CPR):    0.513ns

    Location             Delay type                Incr(ns)  Path(ns)    Netlist Resource(s)
  -------------------------------------------------------------------    -------------------
                         (clock clk rise edge)        0.000     0.000 r  
    W5                                                0.000     0.000 r  clk (IN)
                         net (fo=0)                   0.000     0.000    clk
    W5                   IBUF (Prop_ibuf_I_O)         0.226     0.226 r  clk_IBUF_inst/O
                         net (fo=1, routed)           0.631     0.858    clk_IBUF
    BUFGCTRL_X0Y0        BUFG (Prop_bufg_I_O)         0.026     0.884 r  clk_IBUF_BUFG_inst/O
                         net (fo=60, routed)          0.588     1.471    m1/clk_IBUF_BUFG
    SLICE_X63Y18         FDRE                                         r  m1/count_reg[3]/C
  -------------------------------------------------------------------    -------------------
    SLICE_X63Y18         FDRE (Prop_fdre_C_Q)         0.141     1.612 r  m1/count_reg[3]/Q
                         net (fo=2, routed)           0.119     1.731    m1/count_reg[3]
    SLICE_X63Y18         CARRY4 (Prop_carry4_S[3]_O[3])
                                                      0.108     1.839 r  m1/count_reg[0]_i_2/O[3]
                         net (fo=1, routed)           0.000     1.839    m1/count_reg[0]_i_2_n_4
    SLICE_X63Y18         FDRE                                         r  m1/count_reg[3]/D
  -------------------------------------------------------------------    -------------------

                         (clock clk rise edge)        0.000     0.000 r  
    W5                                                0.000     0.000 r  clk (IN)
                         net (fo=0)                   0.000     0.000    clk
    W5                   IBUF (Prop_ibuf_I_O)         0.414     0.414 r  clk_IBUF_inst/O
                         net (fo=1, routed)           0.685     1.099    clk_IBUF
    BUFGCTRL_X0Y0        BUFG (Prop_bufg_I_O)         0.029     1.128 r  clk_IBUF_BUFG_inst/O
                         net (fo=60, routed)          0.857     1.984    m1/clk_IBUF_BUFG
    SLICE_X63Y18         FDRE                                         r  m1/count_reg[3]/C
                         clock pessimism             -0.513     1.471    
    SLICE_X63Y18         FDRE (Hold_fdre_C_D)         0.105     1.576    m1/count_reg[3]
  -------------------------------------------------------------------
                         required time                         -1.576    
                         arrival time                           1.839    
  -------------------------------------------------------------------
                         slack                                  0.263    





Pulse Width Checks
--------------------------------------------------------------------------------------
Clock Name:         clk
Waveform(ns):       { 0.000 5.000 }
Period(ns):         10.000
Sources:            { clk }

Check Type        Corner  Lib Pin  Reference Pin  Required(ns)  Actual(ns)  Slack(ns)  Location       Pin
Min Period        n/a     BUFG/I   n/a            2.155         10.000      7.845      BUFGCTRL_X0Y0  clk_IBUF_BUFG_inst/I
Min Period        n/a     FDRE/C   n/a            1.000         10.000      9.000      SLICE_X59Y24   QDebounced1_reg[0]/C
Min Period        n/a     FDRE/C   n/a            1.000         10.000      9.000      SLICE_X59Y24   QDebounced1_reg[1]/C
Min Period        n/a     FDRE/C   n/a            1.000         10.000      9.000      SLICE_X59Y24   QDebounced1_reg[2]/C
Min Period        n/a     FDRE/C   n/a            1.000         10.000      9.000      SLICE_X59Y24   QDebounced1_reg[3]/C
Min Period        n/a     FDRE/C   n/a            1.000         10.000      9.000      SLICE_X59Y24   QDebounced1_reg[4]/C
Min Period        n/a     FDRE/C   n/a            1.000         10.000      9.000      SLICE_X59Y24   QDebounced1_reg[5]/C
Min Period        n/a     FDRE/C   n/a            1.000         10.000      9.000      SLICE_X61Y23   QDebounced1_reg[6]/C
Min Period        n/a     FDRE/C   n/a            1.000         10.000      9.000      SLICE_X61Y23   QDebounced1_reg[7]/C
Min Period        n/a     FDRE/C   n/a            1.000         10.000      9.000      SLICE_X62Y23   QDebounced_reg[0]/C
Low Pulse Width   Fast    FDRE/C   n/a            0.500         5.000       4.500      SLICE_X61Y23   QDebounced1_reg[6]/C
Low Pulse Width   Fast    FDRE/C   n/a            0.500         5.000       4.500      SLICE_X61Y23   QDebounced1_reg[7]/C
Low Pulse Width   Fast    FDRE/C   n/a            0.500         5.000       4.500      SLICE_X62Y23   QDebounced_reg[0]/C
Low Pulse Width   Fast    FDRE/C   n/a            0.500         5.000       4.500      SLICE_X62Y23   QDebounced_reg[3]/C
Low Pulse Width   Fast    FDRE/C   n/a            0.500         5.000       4.500      SLICE_X62Y23   QDebounced_reg[4]/C
Low Pulse Width   Fast    FDRE/C   n/a            0.500         5.000       4.500      SLICE_X62Y23   QDebounced_reg[6]/C
Low Pulse Width   Fast    FDRE/C   n/a            0.500         5.000       4.500      SLICE_X62Y23   QDebounced_reg[7]/C
Low Pulse Width   Slow    FDRE/C   n/a            0.500         5.000       4.500      SLICE_X62Y20   m1/FSM_sequential_cs_reg[0]/C
Low Pulse Width   Slow    FDRE/C   n/a            0.500         5.000       4.500      SLICE_X62Y20   m1/FSM_sequential_cs_reg[1]/C
Low Pulse Width   Slow    FDRE/C   n/a            0.500         5.000       4.500      SLICE_X63Y18   m1/count_reg[0]/C
High Pulse Width  Slow    FDRE/C   n/a            0.500         5.000       4.500      SLICE_X59Y24   QDebounced1_reg[0]/C
High Pulse Width  Fast    FDRE/C   n/a            0.500         5.000       4.500      SLICE_X59Y24   QDebounced1_reg[0]/C
High Pulse Width  Slow    FDRE/C   n/a            0.500         5.000       4.500      SLICE_X59Y24   QDebounced1_reg[1]/C
High Pulse Width  Fast    FDRE/C   n/a            0.500         5.000       4.500      SLICE_X59Y24   QDebounced1_reg[1]/C
High Pulse Width  Slow    FDRE/C   n/a            0.500         5.000       4.500      SLICE_X59Y24   QDebounced1_reg[2]/C
High Pulse Width  Fast    FDRE/C   n/a            0.500         5.000       4.500      SLICE_X59Y24   QDebounced1_reg[2]/C
High Pulse Width  Slow    FDRE/C   n/a            0.500         5.000       4.500      SLICE_X59Y24   QDebounced1_reg[3]/C
High Pulse Width  Fast    FDRE/C   n/a            0.500         5.000       4.500      SLICE_X59Y24   QDebounced1_reg[3]/C
High Pulse Width  Slow    FDRE/C   n/a            0.500         5.000       4.500      SLICE_X59Y24   QDebounced1_reg[4]/C
High Pulse Width  Fast    FDRE/C   n/a            0.500         5.000       4.500      SLICE_X59Y24   QDebounced1_reg[4]/C



